

================================================================
== Vitis HLS Report for 'Block_entry322_proc'
================================================================
* Date:           Sun Mar  3 13:24:52 2024

* Version:        2022.1 (Build 3526262 on Mon Apr 18 15:47:01 MDT 2022)
* Project:        gemmhls_int
* Solution:       opt_1 (Vivado IP Flow Target)
* Product family: zynq
* Target device:  xc7z020-clg400-1


================================================================
== Performance Estimates
================================================================
+ Timing: 
    * Summary: 
    +--------+----------+----------+------------+
    |  Clock |  Target  | Estimated| Uncertainty|
    +--------+----------+----------+------------+
    |ap_clk  |  10.00 ns|  2.322 ns|     2.70 ns|
    +--------+----------+----------+------------+

+ Latency: 
    * Summary: 
    +---------+---------+-----------+-----------+-----+-----+---------+
    |  Latency (cycles) |   Latency (absolute)  |  Interval | Pipeline|
    |   min   |   max   |    min    |    max    | min | max |   Type  |
    +---------+---------+-----------+-----------+-----+-----+---------+
    |        8|        8|  80.000 ns|  80.000 ns|    8|    8|       no|
    +---------+---------+-----------+-----------+-----+-----+---------+

    + Detail: 
        * Instance: 
        N/A

        * Loop: 
        N/A



================================================================
== Utilization Estimates
================================================================
* Summary: 
+-----------------+---------+-----+--------+-------+-----+
|       Name      | BRAM_18K| DSP |   FF   |  LUT  | URAM|
+-----------------+---------+-----+--------+-------+-----+
|DSP              |        -|    -|       -|      -|    -|
|Expression       |        -|    -|       0|      2|    -|
|FIFO             |        -|    -|       -|      -|    -|
|Instance         |        -|    -|       -|      -|    -|
|Memory           |        -|    -|       -|      -|    -|
|Multiplexer      |        -|    -|       -|   1598|    -|
|Register         |        -|    -|    1802|      -|    -|
+-----------------+---------+-----+--------+-------+-----+
|Total            |        0|    0|    1802|   1600|    0|
+-----------------+---------+-----+--------+-------+-----+
|Available        |      280|  220|  106400|  53200|    0|
+-----------------+---------+-----+--------+-------+-----+
|Utilization (%)  |        0|    0|       1|      3|    0|
+-----------------+---------+-----+--------+-------+-----+

+ Detail: 
    * Instance: 
    N/A

    * DSP: 
    N/A

    * Memory: 
    N/A

    * FIFO: 
    N/A

    * Expression: 
    +-----------------+----------+----+---+----+------------+------------+
    |  Variable Name  | Operation| DSP| FF| LUT| Bitwidth P0| Bitwidth P1|
    +-----------------+----------+----+---+----+------------+------------+
    |ap_block_state1  |        or|   0|  0|   2|           1|           1|
    +-----------------+----------+----+---+----+------------+------------+
    |Total            |          |   0|  0|   2|           1|           1|
    +-----------------+----------+----+---+----+------------+------------+

    * Multiplexer: 
    +---------------+----+-----------+-----+-----------+
    |      Name     | LUT| Input Size| Bits| Total Bits|
    +---------------+----+-----------+-----+-----------+
    |ap_NS_fsm      |  53|         10|    1|         10|
    |ap_done        |   9|          2|    1|          2|
    |b_0_address0   |  48|          9|    4|         36|
    |b_0_address1   |  48|          9|    4|         36|
    |b_10_address0  |  48|          9|    4|         36|
    |b_10_address1  |  48|          9|    4|         36|
    |b_11_address0  |  48|          9|    4|         36|
    |b_11_address1  |  48|          9|    4|         36|
    |b_12_address0  |  48|          9|    4|         36|
    |b_12_address1  |  48|          9|    4|         36|
    |b_13_address0  |  48|          9|    4|         36|
    |b_13_address1  |  48|          9|    4|         36|
    |b_14_address0  |  48|          9|    4|         36|
    |b_14_address1  |  48|          9|    4|         36|
    |b_15_address0  |  48|          9|    4|         36|
    |b_15_address1  |  48|          9|    4|         36|
    |b_1_address0   |  48|          9|    4|         36|
    |b_1_address1   |  48|          9|    4|         36|
    |b_2_address0   |  48|          9|    4|         36|
    |b_2_address1   |  48|          9|    4|         36|
    |b_3_address0   |  48|          9|    4|         36|
    |b_3_address1   |  48|          9|    4|         36|
    |b_4_address0   |  48|          9|    4|         36|
    |b_4_address1   |  48|          9|    4|         36|
    |b_5_address0   |  48|          9|    4|         36|
    |b_5_address1   |  48|          9|    4|         36|
    |b_6_address0   |  48|          9|    4|         36|
    |b_6_address1   |  48|          9|    4|         36|
    |b_7_address0   |  48|          9|    4|         36|
    |b_7_address1   |  48|          9|    4|         36|
    |b_8_address0   |  48|          9|    4|         36|
    |b_8_address1   |  48|          9|    4|         36|
    |b_9_address0   |  48|          9|    4|         36|
    |b_9_address1   |  48|          9|    4|         36|
    +---------------+----+-----------+-----+-----------+
    |Total          |1598|        300|  130|       1164|
    +---------------+----+-----------+-----+-----------+

    * Register: 
    +-----------------------+----+----+-----+-----------+
    |          Name         | FF | LUT| Bits| Const Bits|
    +-----------------------+----+----+-----+-----------+
    |ap_CS_fsm              |   9|   0|    9|          0|
    |ap_done_reg            |   1|   0|    1|          0|
    |b_0_load_10_reg_6620   |   8|   0|    8|          0|
    |b_0_load_11_reg_6700   |   8|   0|    8|          0|
    |b_0_load_12_reg_6940   |   8|   0|    8|          0|
    |b_0_load_13_reg_7020   |   8|   0|    8|          0|
    |b_0_load_1_reg_5100    |   8|   0|    8|          0|
    |b_0_load_2_reg_5340    |   8|   0|    8|          0|
    |b_0_load_3_reg_5420    |   8|   0|    8|          0|
    |b_0_load_4_reg_5660    |   8|   0|    8|          0|
    |b_0_load_5_reg_5740    |   8|   0|    8|          0|
    |b_0_load_6_reg_5980    |   8|   0|    8|          0|
    |b_0_load_7_reg_6060    |   8|   0|    8|          0|
    |b_0_load_8_reg_6300    |   8|   0|    8|          0|
    |b_0_load_9_reg_6380    |   8|   0|    8|          0|
    |b_0_load_reg_5020      |   8|   0|    8|          0|
    |b_10_load_10_reg_6670  |   8|   0|    8|          0|
    |b_10_load_11_reg_6750  |   8|   0|    8|          0|
    |b_10_load_12_reg_6990  |   8|   0|    8|          0|
    |b_10_load_13_reg_7070  |   8|   0|    8|          0|
    |b_10_load_1_reg_5150   |   8|   0|    8|          0|
    |b_10_load_2_reg_5390   |   8|   0|    8|          0|
    |b_10_load_3_reg_5470   |   8|   0|    8|          0|
    |b_10_load_4_reg_5710   |   8|   0|    8|          0|
    |b_10_load_5_reg_5790   |   8|   0|    8|          0|
    |b_10_load_6_reg_6030   |   8|   0|    8|          0|
    |b_10_load_7_reg_6110   |   8|   0|    8|          0|
    |b_10_load_8_reg_6350   |   8|   0|    8|          0|
    |b_10_load_9_reg_6430   |   8|   0|    8|          0|
    |b_10_load_reg_5070     |   8|   0|    8|          0|
    |b_11_load_10_reg_6675  |   8|   0|    8|          0|
    |b_11_load_11_reg_6755  |   8|   0|    8|          0|
    |b_11_load_12_reg_6995  |   8|   0|    8|          0|
    |b_11_load_13_reg_7075  |   8|   0|    8|          0|
    |b_11_load_1_reg_5155   |   8|   0|    8|          0|
    |b_11_load_2_reg_5395   |   8|   0|    8|          0|
    |b_11_load_3_reg_5475   |   8|   0|    8|          0|
    |b_11_load_4_reg_5715   |   8|   0|    8|          0|
    |b_11_load_5_reg_5795   |   8|   0|    8|          0|
    |b_11_load_6_reg_6035   |   8|   0|    8|          0|
    |b_11_load_7_reg_6115   |   8|   0|    8|          0|
    |b_11_load_8_reg_6355   |   8|   0|    8|          0|
    |b_11_load_9_reg_6435   |   8|   0|    8|          0|
    |b_11_load_reg_5075     |   8|   0|    8|          0|
    |b_12_load_10_reg_6680  |   8|   0|    8|          0|
    |b_12_load_11_reg_6760  |   8|   0|    8|          0|
    |b_12_load_12_reg_7000  |   8|   0|    8|          0|
    |b_12_load_13_reg_7080  |   8|   0|    8|          0|
    |b_12_load_1_reg_5160   |   8|   0|    8|          0|
    |b_12_load_2_reg_5400   |   8|   0|    8|          0|
    |b_12_load_3_reg_5480   |   8|   0|    8|          0|
    |b_12_load_4_reg_5720   |   8|   0|    8|          0|
    |b_12_load_5_reg_5800   |   8|   0|    8|          0|
    |b_12_load_6_reg_6040   |   8|   0|    8|          0|
    |b_12_load_7_reg_6120   |   8|   0|    8|          0|
    |b_12_load_8_reg_6360   |   8|   0|    8|          0|
    |b_12_load_9_reg_6440   |   8|   0|    8|          0|
    |b_12_load_reg_5080     |   8|   0|    8|          0|
    |b_13_load_10_reg_6685  |   8|   0|    8|          0|
    |b_13_load_11_reg_6765  |   8|   0|    8|          0|
    |b_13_load_12_reg_7005  |   8|   0|    8|          0|
    |b_13_load_13_reg_7085  |   8|   0|    8|          0|
    |b_13_load_1_reg_5165   |   8|   0|    8|          0|
    |b_13_load_2_reg_5405   |   8|   0|    8|          0|
    |b_13_load_3_reg_5485   |   8|   0|    8|          0|
    |b_13_load_4_reg_5725   |   8|   0|    8|          0|
    |b_13_load_5_reg_5805   |   8|   0|    8|          0|
    |b_13_load_6_reg_6045   |   8|   0|    8|          0|
    |b_13_load_7_reg_6125   |   8|   0|    8|          0|
    |b_13_load_8_reg_6365   |   8|   0|    8|          0|
    |b_13_load_9_reg_6445   |   8|   0|    8|          0|
    |b_13_load_reg_5085     |   8|   0|    8|          0|
    |b_14_load_10_reg_6690  |   8|   0|    8|          0|
    |b_14_load_11_reg_6770  |   8|   0|    8|          0|
    |b_14_load_12_reg_7010  |   8|   0|    8|          0|
    |b_14_load_13_reg_7090  |   8|   0|    8|          0|
    |b_14_load_1_reg_5170   |   8|   0|    8|          0|
    |b_14_load_2_reg_5410   |   8|   0|    8|          0|
    |b_14_load_3_reg_5490   |   8|   0|    8|          0|
    |b_14_load_4_reg_5730   |   8|   0|    8|          0|
    |b_14_load_5_reg_5810   |   8|   0|    8|          0|
    |b_14_load_6_reg_6050   |   8|   0|    8|          0|
    |b_14_load_7_reg_6130   |   8|   0|    8|          0|
    |b_14_load_8_reg_6370   |   8|   0|    8|          0|
    |b_14_load_9_reg_6450   |   8|   0|    8|          0|
    |b_14_load_reg_5090     |   8|   0|    8|          0|
    |b_15_load_10_reg_6695  |   8|   0|    8|          0|
    |b_15_load_11_reg_6775  |   8|   0|    8|          0|
    |b_15_load_12_reg_7015  |   8|   0|    8|          0|
    |b_15_load_13_reg_7095  |   8|   0|    8|          0|
    |b_15_load_1_reg_5175   |   8|   0|    8|          0|
    |b_15_load_2_reg_5415   |   8|   0|    8|          0|
    |b_15_load_3_reg_5495   |   8|   0|    8|          0|
    |b_15_load_4_reg_5735   |   8|   0|    8|          0|
    |b_15_load_5_reg_5815   |   8|   0|    8|          0|
    |b_15_load_6_reg_6055   |   8|   0|    8|          0|
    |b_15_load_7_reg_6135   |   8|   0|    8|          0|
    |b_15_load_8_reg_6375   |   8|   0|    8|          0|
    |b_15_load_9_reg_6455   |   8|   0|    8|          0|
    |b_15_load_reg_5095     |   8|   0|    8|          0|
    |b_1_load_10_reg_6625   |   8|   0|    8|          0|
    |b_1_load_11_reg_6705   |   8|   0|    8|          0|
    |b_1_load_12_reg_6945   |   8|   0|    8|          0|
    |b_1_load_13_reg_7025   |   8|   0|    8|          0|
    |b_1_load_1_reg_5105    |   8|   0|    8|          0|
    |b_1_load_2_reg_5345    |   8|   0|    8|          0|
    |b_1_load_3_reg_5425    |   8|   0|    8|          0|
    |b_1_load_4_reg_5665    |   8|   0|    8|          0|
    |b_1_load_5_reg_5745    |   8|   0|    8|          0|
    |b_1_load_6_reg_5985    |   8|   0|    8|          0|
    |b_1_load_7_reg_6065    |   8|   0|    8|          0|
    |b_1_load_8_reg_6305    |   8|   0|    8|          0|
    |b_1_load_9_reg_6385    |   8|   0|    8|          0|
    |b_1_load_reg_5025      |   8|   0|    8|          0|
    |b_2_load_10_reg_6630   |   8|   0|    8|          0|
    |b_2_load_11_reg_6710   |   8|   0|    8|          0|
    |b_2_load_12_reg_6950   |   8|   0|    8|          0|
    |b_2_load_13_reg_7030   |   8|   0|    8|          0|
    |b_2_load_1_reg_5110    |   8|   0|    8|          0|
    |b_2_load_2_reg_5350    |   8|   0|    8|          0|
    |b_2_load_3_reg_5430    |   8|   0|    8|          0|
    |b_2_load_4_reg_5670    |   8|   0|    8|          0|
    |b_2_load_5_reg_5750    |   8|   0|    8|          0|
    |b_2_load_6_reg_5990    |   8|   0|    8|          0|
    |b_2_load_7_reg_6070    |   8|   0|    8|          0|
    |b_2_load_8_reg_6310    |   8|   0|    8|          0|
    |b_2_load_9_reg_6390    |   8|   0|    8|          0|
    |b_2_load_reg_5030      |   8|   0|    8|          0|
    |b_3_load_10_reg_6635   |   8|   0|    8|          0|
    |b_3_load_11_reg_6715   |   8|   0|    8|          0|
    |b_3_load_12_reg_6955   |   8|   0|    8|          0|
    |b_3_load_13_reg_7035   |   8|   0|    8|          0|
    |b_3_load_1_reg_5115    |   8|   0|    8|          0|
    |b_3_load_2_reg_5355    |   8|   0|    8|          0|
    |b_3_load_3_reg_5435    |   8|   0|    8|          0|
    |b_3_load_4_reg_5675    |   8|   0|    8|          0|
    |b_3_load_5_reg_5755    |   8|   0|    8|          0|
    |b_3_load_6_reg_5995    |   8|   0|    8|          0|
    |b_3_load_7_reg_6075    |   8|   0|    8|          0|
    |b_3_load_8_reg_6315    |   8|   0|    8|          0|
    |b_3_load_9_reg_6395    |   8|   0|    8|          0|
    |b_3_load_reg_5035      |   8|   0|    8|          0|
    |b_4_load_10_reg_6640   |   8|   0|    8|          0|
    |b_4_load_11_reg_6720   |   8|   0|    8|          0|
    |b_4_load_12_reg_6960   |   8|   0|    8|          0|
    |b_4_load_13_reg_7040   |   8|   0|    8|          0|
    |b_4_load_1_reg_5120    |   8|   0|    8|          0|
    |b_4_load_2_reg_5360    |   8|   0|    8|          0|
    |b_4_load_3_reg_5440    |   8|   0|    8|          0|
    |b_4_load_4_reg_5680    |   8|   0|    8|          0|
    |b_4_load_5_reg_5760    |   8|   0|    8|          0|
    |b_4_load_6_reg_6000    |   8|   0|    8|          0|
    |b_4_load_7_reg_6080    |   8|   0|    8|          0|
    |b_4_load_8_reg_6320    |   8|   0|    8|          0|
    |b_4_load_9_reg_6400    |   8|   0|    8|          0|
    |b_4_load_reg_5040      |   8|   0|    8|          0|
    |b_5_load_10_reg_6645   |   8|   0|    8|          0|
    |b_5_load_11_reg_6725   |   8|   0|    8|          0|
    |b_5_load_12_reg_6965   |   8|   0|    8|          0|
    |b_5_load_13_reg_7045   |   8|   0|    8|          0|
    |b_5_load_1_reg_5125    |   8|   0|    8|          0|
    |b_5_load_2_reg_5365    |   8|   0|    8|          0|
    |b_5_load_3_reg_5445    |   8|   0|    8|          0|
    |b_5_load_4_reg_5685    |   8|   0|    8|          0|
    |b_5_load_5_reg_5765    |   8|   0|    8|          0|
    |b_5_load_6_reg_6005    |   8|   0|    8|          0|
    |b_5_load_7_reg_6085    |   8|   0|    8|          0|
    |b_5_load_8_reg_6325    |   8|   0|    8|          0|
    |b_5_load_9_reg_6405    |   8|   0|    8|          0|
    |b_5_load_reg_5045      |   8|   0|    8|          0|
    |b_6_load_10_reg_6650   |   8|   0|    8|          0|
    |b_6_load_11_reg_6730   |   8|   0|    8|          0|
    |b_6_load_12_reg_6970   |   8|   0|    8|          0|
    |b_6_load_13_reg_7050   |   8|   0|    8|          0|
    |b_6_load_1_reg_5130    |   8|   0|    8|          0|
    |b_6_load_2_reg_5370    |   8|   0|    8|          0|
    |b_6_load_3_reg_5450    |   8|   0|    8|          0|
    |b_6_load_4_reg_5690    |   8|   0|    8|          0|
    |b_6_load_5_reg_5770    |   8|   0|    8|          0|
    |b_6_load_6_reg_6010    |   8|   0|    8|          0|
    |b_6_load_7_reg_6090    |   8|   0|    8|          0|
    |b_6_load_8_reg_6330    |   8|   0|    8|          0|
    |b_6_load_9_reg_6410    |   8|   0|    8|          0|
    |b_6_load_reg_5050      |   8|   0|    8|          0|
    |b_7_load_10_reg_6655   |   8|   0|    8|          0|
    |b_7_load_11_reg_6735   |   8|   0|    8|          0|
    |b_7_load_12_reg_6975   |   8|   0|    8|          0|
    |b_7_load_13_reg_7055   |   8|   0|    8|          0|
    |b_7_load_1_reg_5135    |   8|   0|    8|          0|
    |b_7_load_2_reg_5375    |   8|   0|    8|          0|
    |b_7_load_3_reg_5455    |   8|   0|    8|          0|
    |b_7_load_4_reg_5695    |   8|   0|    8|          0|
    |b_7_load_5_reg_5775    |   8|   0|    8|          0|
    |b_7_load_6_reg_6015    |   8|   0|    8|          0|
    |b_7_load_7_reg_6095    |   8|   0|    8|          0|
    |b_7_load_8_reg_6335    |   8|   0|    8|          0|
    |b_7_load_9_reg_6415    |   8|   0|    8|          0|
    |b_7_load_reg_5055      |   8|   0|    8|          0|
    |b_8_load_10_reg_6660   |   8|   0|    8|          0|
    |b_8_load_11_reg_6740   |   8|   0|    8|          0|
    |b_8_load_12_reg_6980   |   8|   0|    8|          0|
    |b_8_load_13_reg_7060   |   8|   0|    8|          0|
    |b_8_load_1_reg_5140    |   8|   0|    8|          0|
    |b_8_load_2_reg_5380    |   8|   0|    8|          0|
    |b_8_load_3_reg_5460    |   8|   0|    8|          0|
    |b_8_load_4_reg_5700    |   8|   0|    8|          0|
    |b_8_load_5_reg_5780    |   8|   0|    8|          0|
    |b_8_load_6_reg_6020    |   8|   0|    8|          0|
    |b_8_load_7_reg_6100    |   8|   0|    8|          0|
    |b_8_load_8_reg_6340    |   8|   0|    8|          0|
    |b_8_load_9_reg_6420    |   8|   0|    8|          0|
    |b_8_load_reg_5060      |   8|   0|    8|          0|
    |b_9_load_10_reg_6665   |   8|   0|    8|          0|
    |b_9_load_11_reg_6745   |   8|   0|    8|          0|
    |b_9_load_12_reg_6985   |   8|   0|    8|          0|
    |b_9_load_13_reg_7065   |   8|   0|    8|          0|
    |b_9_load_1_reg_5145    |   8|   0|    8|          0|
    |b_9_load_2_reg_5385    |   8|   0|    8|          0|
    |b_9_load_3_reg_5465    |   8|   0|    8|          0|
    |b_9_load_4_reg_5705    |   8|   0|    8|          0|
    |b_9_load_5_reg_5785    |   8|   0|    8|          0|
    |b_9_load_6_reg_6025    |   8|   0|    8|          0|
    |b_9_load_7_reg_6105    |   8|   0|    8|          0|
    |b_9_load_8_reg_6345    |   8|   0|    8|          0|
    |b_9_load_9_reg_6425    |   8|   0|    8|          0|
    |b_9_load_reg_5065      |   8|   0|    8|          0|
    +-----------------------+----+----+-----+-----------+
    |Total                  |1802|   0| 1802|          0|
    +-----------------------+----+----+-----+-----------+



================================================================
== Interface
================================================================
* Summary: 
+---------------+-----+-----+------------+---------------------+--------------+
|   RTL Ports   | Dir | Bits|  Protocol  |    Source Object    |    C Type    |
+---------------+-----+-----+------------+---------------------+--------------+
|ap_clk         |   in|    1|  ap_ctrl_hs|  Block_entry322_proc|  return value|
|ap_rst         |   in|    1|  ap_ctrl_hs|  Block_entry322_proc|  return value|
|ap_start       |   in|    1|  ap_ctrl_hs|  Block_entry322_proc|  return value|
|ap_done        |  out|    1|  ap_ctrl_hs|  Block_entry322_proc|  return value|
|ap_continue    |   in|    1|  ap_ctrl_hs|  Block_entry322_proc|  return value|
|ap_idle        |  out|    1|  ap_ctrl_hs|  Block_entry322_proc|  return value|
|ap_ready       |  out|    1|  ap_ctrl_hs|  Block_entry322_proc|  return value|
|ap_return_0    |  out|   16|  ap_ctrl_hs|  Block_entry322_proc|  return value|
|ap_return_1    |  out|   16|  ap_ctrl_hs|  Block_entry322_proc|  return value|
|ap_return_2    |  out|   16|  ap_ctrl_hs|  Block_entry322_proc|  return value|
|ap_return_3    |  out|   16|  ap_ctrl_hs|  Block_entry322_proc|  return value|
|ap_return_4    |  out|   16|  ap_ctrl_hs|  Block_entry322_proc|  return value|
|ap_return_5    |  out|   16|  ap_ctrl_hs|  Block_entry322_proc|  return value|
|ap_return_6    |  out|   16|  ap_ctrl_hs|  Block_entry322_proc|  return value|
|ap_return_7    |  out|   16|  ap_ctrl_hs|  Block_entry322_proc|  return value|
|ap_return_8    |  out|   16|  ap_ctrl_hs|  Block_entry322_proc|  return value|
|ap_return_9    |  out|   16|  ap_ctrl_hs|  Block_entry322_proc|  return value|
|ap_return_10   |  out|   16|  ap_ctrl_hs|  Block_entry322_proc|  return value|
|ap_return_11   |  out|   16|  ap_ctrl_hs|  Block_entry322_proc|  return value|
|ap_return_12   |  out|   16|  ap_ctrl_hs|  Block_entry322_proc|  return value|
|ap_return_13   |  out|   16|  ap_ctrl_hs|  Block_entry322_proc|  return value|
|ap_return_14   |  out|   16|  ap_ctrl_hs|  Block_entry322_proc|  return value|
|ap_return_15   |  out|   16|  ap_ctrl_hs|  Block_entry322_proc|  return value|
|ap_return_16   |  out|   16|  ap_ctrl_hs|  Block_entry322_proc|  return value|
|ap_return_17   |  out|   16|  ap_ctrl_hs|  Block_entry322_proc|  return value|
|ap_return_18   |  out|   16|  ap_ctrl_hs|  Block_entry322_proc|  return value|
|ap_return_19   |  out|   16|  ap_ctrl_hs|  Block_entry322_proc|  return value|
|ap_return_20   |  out|   16|  ap_ctrl_hs|  Block_entry322_proc|  return value|
|ap_return_21   |  out|   16|  ap_ctrl_hs|  Block_entry322_proc|  return value|
|ap_return_22   |  out|   16|  ap_ctrl_hs|  Block_entry322_proc|  return value|
|ap_return_23   |  out|   16|  ap_ctrl_hs|  Block_entry322_proc|  return value|
|ap_return_24   |  out|   16|  ap_ctrl_hs|  Block_entry322_proc|  return value|
|ap_return_25   |  out|   16|  ap_ctrl_hs|  Block_entry322_proc|  return value|
|ap_return_26   |  out|   16|  ap_ctrl_hs|  Block_entry322_proc|  return value|
|ap_return_27   |  out|   16|  ap_ctrl_hs|  Block_entry322_proc|  return value|
|ap_return_28   |  out|   16|  ap_ctrl_hs|  Block_entry322_proc|  return value|
|ap_return_29   |  out|   16|  ap_ctrl_hs|  Block_entry322_proc|  return value|
|ap_return_30   |  out|   16|  ap_ctrl_hs|  Block_entry322_proc|  return value|
|ap_return_31   |  out|   16|  ap_ctrl_hs|  Block_entry322_proc|  return value|
|ap_return_32   |  out|   16|  ap_ctrl_hs|  Block_entry322_proc|  return value|
|ap_return_33   |  out|   16|  ap_ctrl_hs|  Block_entry322_proc|  return value|
|ap_return_34   |  out|   16|  ap_ctrl_hs|  Block_entry322_proc|  return value|
|ap_return_35   |  out|   16|  ap_ctrl_hs|  Block_entry322_proc|  return value|
|ap_return_36   |  out|   16|  ap_ctrl_hs|  Block_entry322_proc|  return value|
|ap_return_37   |  out|   16|  ap_ctrl_hs|  Block_entry322_proc|  return value|
|ap_return_38   |  out|   16|  ap_ctrl_hs|  Block_entry322_proc|  return value|
|ap_return_39   |  out|   16|  ap_ctrl_hs|  Block_entry322_proc|  return value|
|ap_return_40   |  out|   16|  ap_ctrl_hs|  Block_entry322_proc|  return value|
|ap_return_41   |  out|   16|  ap_ctrl_hs|  Block_entry322_proc|  return value|
|ap_return_42   |  out|   16|  ap_ctrl_hs|  Block_entry322_proc|  return value|
|ap_return_43   |  out|   16|  ap_ctrl_hs|  Block_entry322_proc|  return value|
|ap_return_44   |  out|   16|  ap_ctrl_hs|  Block_entry322_proc|  return value|
|ap_return_45   |  out|   16|  ap_ctrl_hs|  Block_entry322_proc|  return value|
|ap_return_46   |  out|   16|  ap_ctrl_hs|  Block_entry322_proc|  return value|
|ap_return_47   |  out|   16|  ap_ctrl_hs|  Block_entry322_proc|  return value|
|ap_return_48   |  out|   16|  ap_ctrl_hs|  Block_entry322_proc|  return value|
|ap_return_49   |  out|   16|  ap_ctrl_hs|  Block_entry322_proc|  return value|
|ap_return_50   |  out|   16|  ap_ctrl_hs|  Block_entry322_proc|  return value|
|ap_return_51   |  out|   16|  ap_ctrl_hs|  Block_entry322_proc|  return value|
|ap_return_52   |  out|   16|  ap_ctrl_hs|  Block_entry322_proc|  return value|
|ap_return_53   |  out|   16|  ap_ctrl_hs|  Block_entry322_proc|  return value|
|ap_return_54   |  out|   16|  ap_ctrl_hs|  Block_entry322_proc|  return value|
|ap_return_55   |  out|   16|  ap_ctrl_hs|  Block_entry322_proc|  return value|
|ap_return_56   |  out|   16|  ap_ctrl_hs|  Block_entry322_proc|  return value|
|ap_return_57   |  out|   16|  ap_ctrl_hs|  Block_entry322_proc|  return value|
|ap_return_58   |  out|   16|  ap_ctrl_hs|  Block_entry322_proc|  return value|
|ap_return_59   |  out|   16|  ap_ctrl_hs|  Block_entry322_proc|  return value|
|ap_return_60   |  out|   16|  ap_ctrl_hs|  Block_entry322_proc|  return value|
|ap_return_61   |  out|   16|  ap_ctrl_hs|  Block_entry322_proc|  return value|
|ap_return_62   |  out|   16|  ap_ctrl_hs|  Block_entry322_proc|  return value|
|ap_return_63   |  out|   16|  ap_ctrl_hs|  Block_entry322_proc|  return value|
|ap_return_64   |  out|   16|  ap_ctrl_hs|  Block_entry322_proc|  return value|
|ap_return_65   |  out|   16|  ap_ctrl_hs|  Block_entry322_proc|  return value|
|ap_return_66   |  out|   16|  ap_ctrl_hs|  Block_entry322_proc|  return value|
|ap_return_67   |  out|   16|  ap_ctrl_hs|  Block_entry322_proc|  return value|
|ap_return_68   |  out|   16|  ap_ctrl_hs|  Block_entry322_proc|  return value|
|ap_return_69   |  out|   16|  ap_ctrl_hs|  Block_entry322_proc|  return value|
|ap_return_70   |  out|   16|  ap_ctrl_hs|  Block_entry322_proc|  return value|
|ap_return_71   |  out|   16|  ap_ctrl_hs|  Block_entry322_proc|  return value|
|ap_return_72   |  out|   16|  ap_ctrl_hs|  Block_entry322_proc|  return value|
|ap_return_73   |  out|   16|  ap_ctrl_hs|  Block_entry322_proc|  return value|
|ap_return_74   |  out|   16|  ap_ctrl_hs|  Block_entry322_proc|  return value|
|ap_return_75   |  out|   16|  ap_ctrl_hs|  Block_entry322_proc|  return value|
|ap_return_76   |  out|   16|  ap_ctrl_hs|  Block_entry322_proc|  return value|
|ap_return_77   |  out|   16|  ap_ctrl_hs|  Block_entry322_proc|  return value|
|ap_return_78   |  out|   16|  ap_ctrl_hs|  Block_entry322_proc|  return value|
|ap_return_79   |  out|   16|  ap_ctrl_hs|  Block_entry322_proc|  return value|
|ap_return_80   |  out|   16|  ap_ctrl_hs|  Block_entry322_proc|  return value|
|ap_return_81   |  out|   16|  ap_ctrl_hs|  Block_entry322_proc|  return value|
|ap_return_82   |  out|   16|  ap_ctrl_hs|  Block_entry322_proc|  return value|
|ap_return_83   |  out|   16|  ap_ctrl_hs|  Block_entry322_proc|  return value|
|ap_return_84   |  out|   16|  ap_ctrl_hs|  Block_entry322_proc|  return value|
|ap_return_85   |  out|   16|  ap_ctrl_hs|  Block_entry322_proc|  return value|
|ap_return_86   |  out|   16|  ap_ctrl_hs|  Block_entry322_proc|  return value|
|ap_return_87   |  out|   16|  ap_ctrl_hs|  Block_entry322_proc|  return value|
|ap_return_88   |  out|   16|  ap_ctrl_hs|  Block_entry322_proc|  return value|
|ap_return_89   |  out|   16|  ap_ctrl_hs|  Block_entry322_proc|  return value|
|ap_return_90   |  out|   16|  ap_ctrl_hs|  Block_entry322_proc|  return value|
|ap_return_91   |  out|   16|  ap_ctrl_hs|  Block_entry322_proc|  return value|
|ap_return_92   |  out|   16|  ap_ctrl_hs|  Block_entry322_proc|  return value|
|ap_return_93   |  out|   16|  ap_ctrl_hs|  Block_entry322_proc|  return value|
|ap_return_94   |  out|   16|  ap_ctrl_hs|  Block_entry322_proc|  return value|
|ap_return_95   |  out|   16|  ap_ctrl_hs|  Block_entry322_proc|  return value|
|ap_return_96   |  out|   16|  ap_ctrl_hs|  Block_entry322_proc|  return value|
|ap_return_97   |  out|   16|  ap_ctrl_hs|  Block_entry322_proc|  return value|
|ap_return_98   |  out|   16|  ap_ctrl_hs|  Block_entry322_proc|  return value|
|ap_return_99   |  out|   16|  ap_ctrl_hs|  Block_entry322_proc|  return value|
|ap_return_100  |  out|   16|  ap_ctrl_hs|  Block_entry322_proc|  return value|
|ap_return_101  |  out|   16|  ap_ctrl_hs|  Block_entry322_proc|  return value|
|ap_return_102  |  out|   16|  ap_ctrl_hs|  Block_entry322_proc|  return value|
|ap_return_103  |  out|   16|  ap_ctrl_hs|  Block_entry322_proc|  return value|
|ap_return_104  |  out|   16|  ap_ctrl_hs|  Block_entry322_proc|  return value|
|ap_return_105  |  out|   16|  ap_ctrl_hs|  Block_entry322_proc|  return value|
|ap_return_106  |  out|   16|  ap_ctrl_hs|  Block_entry322_proc|  return value|
|ap_return_107  |  out|   16|  ap_ctrl_hs|  Block_entry322_proc|  return value|
|ap_return_108  |  out|   16|  ap_ctrl_hs|  Block_entry322_proc|  return value|
|ap_return_109  |  out|   16|  ap_ctrl_hs|  Block_entry322_proc|  return value|
|ap_return_110  |  out|   16|  ap_ctrl_hs|  Block_entry322_proc|  return value|
|ap_return_111  |  out|   16|  ap_ctrl_hs|  Block_entry322_proc|  return value|
|ap_return_112  |  out|   16|  ap_ctrl_hs|  Block_entry322_proc|  return value|
|ap_return_113  |  out|   16|  ap_ctrl_hs|  Block_entry322_proc|  return value|
|ap_return_114  |  out|   16|  ap_ctrl_hs|  Block_entry322_proc|  return value|
|ap_return_115  |  out|   16|  ap_ctrl_hs|  Block_entry322_proc|  return value|
|ap_return_116  |  out|   16|  ap_ctrl_hs|  Block_entry322_proc|  return value|
|ap_return_117  |  out|   16|  ap_ctrl_hs|  Block_entry322_proc|  return value|
|ap_return_118  |  out|   16|  ap_ctrl_hs|  Block_entry322_proc|  return value|
|ap_return_119  |  out|   16|  ap_ctrl_hs|  Block_entry322_proc|  return value|
|ap_return_120  |  out|   16|  ap_ctrl_hs|  Block_entry322_proc|  return value|
|ap_return_121  |  out|   16|  ap_ctrl_hs|  Block_entry322_proc|  return value|
|ap_return_122  |  out|   16|  ap_ctrl_hs|  Block_entry322_proc|  return value|
|ap_return_123  |  out|   16|  ap_ctrl_hs|  Block_entry322_proc|  return value|
|ap_return_124  |  out|   16|  ap_ctrl_hs|  Block_entry322_proc|  return value|
|ap_return_125  |  out|   16|  ap_ctrl_hs|  Block_entry322_proc|  return value|
|ap_return_126  |  out|   16|  ap_ctrl_hs|  Block_entry322_proc|  return value|
|ap_return_127  |  out|   16|  ap_ctrl_hs|  Block_entry322_proc|  return value|
|ap_return_128  |  out|   16|  ap_ctrl_hs|  Block_entry322_proc|  return value|
|ap_return_129  |  out|   16|  ap_ctrl_hs|  Block_entry322_proc|  return value|
|ap_return_130  |  out|   16|  ap_ctrl_hs|  Block_entry322_proc|  return value|
|ap_return_131  |  out|   16|  ap_ctrl_hs|  Block_entry322_proc|  return value|
|ap_return_132  |  out|   16|  ap_ctrl_hs|  Block_entry322_proc|  return value|
|ap_return_133  |  out|   16|  ap_ctrl_hs|  Block_entry322_proc|  return value|
|ap_return_134  |  out|   16|  ap_ctrl_hs|  Block_entry322_proc|  return value|
|ap_return_135  |  out|   16|  ap_ctrl_hs|  Block_entry322_proc|  return value|
|ap_return_136  |  out|   16|  ap_ctrl_hs|  Block_entry322_proc|  return value|
|ap_return_137  |  out|   16|  ap_ctrl_hs|  Block_entry322_proc|  return value|
|ap_return_138  |  out|   16|  ap_ctrl_hs|  Block_entry322_proc|  return value|
|ap_return_139  |  out|   16|  ap_ctrl_hs|  Block_entry322_proc|  return value|
|ap_return_140  |  out|   16|  ap_ctrl_hs|  Block_entry322_proc|  return value|
|ap_return_141  |  out|   16|  ap_ctrl_hs|  Block_entry322_proc|  return value|
|ap_return_142  |  out|   16|  ap_ctrl_hs|  Block_entry322_proc|  return value|
|ap_return_143  |  out|   16|  ap_ctrl_hs|  Block_entry322_proc|  return value|
|ap_return_144  |  out|   16|  ap_ctrl_hs|  Block_entry322_proc|  return value|
|ap_return_145  |  out|   16|  ap_ctrl_hs|  Block_entry322_proc|  return value|
|ap_return_146  |  out|   16|  ap_ctrl_hs|  Block_entry322_proc|  return value|
|ap_return_147  |  out|   16|  ap_ctrl_hs|  Block_entry322_proc|  return value|
|ap_return_148  |  out|   16|  ap_ctrl_hs|  Block_entry322_proc|  return value|
|ap_return_149  |  out|   16|  ap_ctrl_hs|  Block_entry322_proc|  return value|
|ap_return_150  |  out|   16|  ap_ctrl_hs|  Block_entry322_proc|  return value|
|ap_return_151  |  out|   16|  ap_ctrl_hs|  Block_entry322_proc|  return value|
|ap_return_152  |  out|   16|  ap_ctrl_hs|  Block_entry322_proc|  return value|
|ap_return_153  |  out|   16|  ap_ctrl_hs|  Block_entry322_proc|  return value|
|ap_return_154  |  out|   16|  ap_ctrl_hs|  Block_entry322_proc|  return value|
|ap_return_155  |  out|   16|  ap_ctrl_hs|  Block_entry322_proc|  return value|
|ap_return_156  |  out|   16|  ap_ctrl_hs|  Block_entry322_proc|  return value|
|ap_return_157  |  out|   16|  ap_ctrl_hs|  Block_entry322_proc|  return value|
|ap_return_158  |  out|   16|  ap_ctrl_hs|  Block_entry322_proc|  return value|
|ap_return_159  |  out|   16|  ap_ctrl_hs|  Block_entry322_proc|  return value|
|ap_return_160  |  out|   16|  ap_ctrl_hs|  Block_entry322_proc|  return value|
|ap_return_161  |  out|   16|  ap_ctrl_hs|  Block_entry322_proc|  return value|
|ap_return_162  |  out|   16|  ap_ctrl_hs|  Block_entry322_proc|  return value|
|ap_return_163  |  out|   16|  ap_ctrl_hs|  Block_entry322_proc|  return value|
|ap_return_164  |  out|   16|  ap_ctrl_hs|  Block_entry322_proc|  return value|
|ap_return_165  |  out|   16|  ap_ctrl_hs|  Block_entry322_proc|  return value|
|ap_return_166  |  out|   16|  ap_ctrl_hs|  Block_entry322_proc|  return value|
|ap_return_167  |  out|   16|  ap_ctrl_hs|  Block_entry322_proc|  return value|
|ap_return_168  |  out|   16|  ap_ctrl_hs|  Block_entry322_proc|  return value|
|ap_return_169  |  out|   16|  ap_ctrl_hs|  Block_entry322_proc|  return value|
|ap_return_170  |  out|   16|  ap_ctrl_hs|  Block_entry322_proc|  return value|
|ap_return_171  |  out|   16|  ap_ctrl_hs|  Block_entry322_proc|  return value|
|ap_return_172  |  out|   16|  ap_ctrl_hs|  Block_entry322_proc|  return value|
|ap_return_173  |  out|   16|  ap_ctrl_hs|  Block_entry322_proc|  return value|
|ap_return_174  |  out|   16|  ap_ctrl_hs|  Block_entry322_proc|  return value|
|ap_return_175  |  out|   16|  ap_ctrl_hs|  Block_entry322_proc|  return value|
|ap_return_176  |  out|   16|  ap_ctrl_hs|  Block_entry322_proc|  return value|
|ap_return_177  |  out|   16|  ap_ctrl_hs|  Block_entry322_proc|  return value|
|ap_return_178  |  out|   16|  ap_ctrl_hs|  Block_entry322_proc|  return value|
|ap_return_179  |  out|   16|  ap_ctrl_hs|  Block_entry322_proc|  return value|
|ap_return_180  |  out|   16|  ap_ctrl_hs|  Block_entry322_proc|  return value|
|ap_return_181  |  out|   16|  ap_ctrl_hs|  Block_entry322_proc|  return value|
|ap_return_182  |  out|   16|  ap_ctrl_hs|  Block_entry322_proc|  return value|
|ap_return_183  |  out|   16|  ap_ctrl_hs|  Block_entry322_proc|  return value|
|ap_return_184  |  out|   16|  ap_ctrl_hs|  Block_entry322_proc|  return value|
|ap_return_185  |  out|   16|  ap_ctrl_hs|  Block_entry322_proc|  return value|
|ap_return_186  |  out|   16|  ap_ctrl_hs|  Block_entry322_proc|  return value|
|ap_return_187  |  out|   16|  ap_ctrl_hs|  Block_entry322_proc|  return value|
|ap_return_188  |  out|   16|  ap_ctrl_hs|  Block_entry322_proc|  return value|
|ap_return_189  |  out|   16|  ap_ctrl_hs|  Block_entry322_proc|  return value|
|ap_return_190  |  out|   16|  ap_ctrl_hs|  Block_entry322_proc|  return value|
|ap_return_191  |  out|   16|  ap_ctrl_hs|  Block_entry322_proc|  return value|
|ap_return_192  |  out|   16|  ap_ctrl_hs|  Block_entry322_proc|  return value|
|ap_return_193  |  out|   16|  ap_ctrl_hs|  Block_entry322_proc|  return value|
|ap_return_194  |  out|   16|  ap_ctrl_hs|  Block_entry322_proc|  return value|
|ap_return_195  |  out|   16|  ap_ctrl_hs|  Block_entry322_proc|  return value|
|ap_return_196  |  out|   16|  ap_ctrl_hs|  Block_entry322_proc|  return value|
|ap_return_197  |  out|   16|  ap_ctrl_hs|  Block_entry322_proc|  return value|
|ap_return_198  |  out|   16|  ap_ctrl_hs|  Block_entry322_proc|  return value|
|ap_return_199  |  out|   16|  ap_ctrl_hs|  Block_entry322_proc|  return value|
|ap_return_200  |  out|   16|  ap_ctrl_hs|  Block_entry322_proc|  return value|
|ap_return_201  |  out|   16|  ap_ctrl_hs|  Block_entry322_proc|  return value|
|ap_return_202  |  out|   16|  ap_ctrl_hs|  Block_entry322_proc|  return value|
|ap_return_203  |  out|   16|  ap_ctrl_hs|  Block_entry322_proc|  return value|
|ap_return_204  |  out|   16|  ap_ctrl_hs|  Block_entry322_proc|  return value|
|ap_return_205  |  out|   16|  ap_ctrl_hs|  Block_entry322_proc|  return value|
|ap_return_206  |  out|   16|  ap_ctrl_hs|  Block_entry322_proc|  return value|
|ap_return_207  |  out|   16|  ap_ctrl_hs|  Block_entry322_proc|  return value|
|ap_return_208  |  out|   16|  ap_ctrl_hs|  Block_entry322_proc|  return value|
|ap_return_209  |  out|   16|  ap_ctrl_hs|  Block_entry322_proc|  return value|
|ap_return_210  |  out|   16|  ap_ctrl_hs|  Block_entry322_proc|  return value|
|ap_return_211  |  out|   16|  ap_ctrl_hs|  Block_entry322_proc|  return value|
|ap_return_212  |  out|   16|  ap_ctrl_hs|  Block_entry322_proc|  return value|
|ap_return_213  |  out|   16|  ap_ctrl_hs|  Block_entry322_proc|  return value|
|ap_return_214  |  out|   16|  ap_ctrl_hs|  Block_entry322_proc|  return value|
|ap_return_215  |  out|   16|  ap_ctrl_hs|  Block_entry322_proc|  return value|
|ap_return_216  |  out|   16|  ap_ctrl_hs|  Block_entry322_proc|  return value|
|ap_return_217  |  out|   16|  ap_ctrl_hs|  Block_entry322_proc|  return value|
|ap_return_218  |  out|   16|  ap_ctrl_hs|  Block_entry322_proc|  return value|
|ap_return_219  |  out|   16|  ap_ctrl_hs|  Block_entry322_proc|  return value|
|ap_return_220  |  out|   16|  ap_ctrl_hs|  Block_entry322_proc|  return value|
|ap_return_221  |  out|   16|  ap_ctrl_hs|  Block_entry322_proc|  return value|
|ap_return_222  |  out|   16|  ap_ctrl_hs|  Block_entry322_proc|  return value|
|ap_return_223  |  out|   16|  ap_ctrl_hs|  Block_entry322_proc|  return value|
|ap_return_224  |  out|   16|  ap_ctrl_hs|  Block_entry322_proc|  return value|
|ap_return_225  |  out|   16|  ap_ctrl_hs|  Block_entry322_proc|  return value|
|ap_return_226  |  out|   16|  ap_ctrl_hs|  Block_entry322_proc|  return value|
|ap_return_227  |  out|   16|  ap_ctrl_hs|  Block_entry322_proc|  return value|
|ap_return_228  |  out|   16|  ap_ctrl_hs|  Block_entry322_proc|  return value|
|ap_return_229  |  out|   16|  ap_ctrl_hs|  Block_entry322_proc|  return value|
|ap_return_230  |  out|   16|  ap_ctrl_hs|  Block_entry322_proc|  return value|
|ap_return_231  |  out|   16|  ap_ctrl_hs|  Block_entry322_proc|  return value|
|ap_return_232  |  out|   16|  ap_ctrl_hs|  Block_entry322_proc|  return value|
|ap_return_233  |  out|   16|  ap_ctrl_hs|  Block_entry322_proc|  return value|
|ap_return_234  |  out|   16|  ap_ctrl_hs|  Block_entry322_proc|  return value|
|ap_return_235  |  out|   16|  ap_ctrl_hs|  Block_entry322_proc|  return value|
|ap_return_236  |  out|   16|  ap_ctrl_hs|  Block_entry322_proc|  return value|
|ap_return_237  |  out|   16|  ap_ctrl_hs|  Block_entry322_proc|  return value|
|ap_return_238  |  out|   16|  ap_ctrl_hs|  Block_entry322_proc|  return value|
|ap_return_239  |  out|   16|  ap_ctrl_hs|  Block_entry322_proc|  return value|
|ap_return_240  |  out|   16|  ap_ctrl_hs|  Block_entry322_proc|  return value|
|ap_return_241  |  out|   16|  ap_ctrl_hs|  Block_entry322_proc|  return value|
|ap_return_242  |  out|   16|  ap_ctrl_hs|  Block_entry322_proc|  return value|
|ap_return_243  |  out|   16|  ap_ctrl_hs|  Block_entry322_proc|  return value|
|ap_return_244  |  out|   16|  ap_ctrl_hs|  Block_entry322_proc|  return value|
|ap_return_245  |  out|   16|  ap_ctrl_hs|  Block_entry322_proc|  return value|
|ap_return_246  |  out|   16|  ap_ctrl_hs|  Block_entry322_proc|  return value|
|ap_return_247  |  out|   16|  ap_ctrl_hs|  Block_entry322_proc|  return value|
|ap_return_248  |  out|   16|  ap_ctrl_hs|  Block_entry322_proc|  return value|
|ap_return_249  |  out|   16|  ap_ctrl_hs|  Block_entry322_proc|  return value|
|ap_return_250  |  out|   16|  ap_ctrl_hs|  Block_entry322_proc|  return value|
|ap_return_251  |  out|   16|  ap_ctrl_hs|  Block_entry322_proc|  return value|
|ap_return_252  |  out|   16|  ap_ctrl_hs|  Block_entry322_proc|  return value|
|ap_return_253  |  out|   16|  ap_ctrl_hs|  Block_entry322_proc|  return value|
|ap_return_254  |  out|   16|  ap_ctrl_hs|  Block_entry322_proc|  return value|
|ap_return_255  |  out|   16|  ap_ctrl_hs|  Block_entry322_proc|  return value|
|b_0_address0   |  out|    4|   ap_memory|                  b_0|         array|
|b_0_ce0        |  out|    1|   ap_memory|                  b_0|         array|
|b_0_q0         |   in|    8|   ap_memory|                  b_0|         array|
|b_0_address1   |  out|    4|   ap_memory|                  b_0|         array|
|b_0_ce1        |  out|    1|   ap_memory|                  b_0|         array|
|b_0_q1         |   in|    8|   ap_memory|                  b_0|         array|
|b_1_address0   |  out|    4|   ap_memory|                  b_1|         array|
|b_1_ce0        |  out|    1|   ap_memory|                  b_1|         array|
|b_1_q0         |   in|    8|   ap_memory|                  b_1|         array|
|b_1_address1   |  out|    4|   ap_memory|                  b_1|         array|
|b_1_ce1        |  out|    1|   ap_memory|                  b_1|         array|
|b_1_q1         |   in|    8|   ap_memory|                  b_1|         array|
|b_2_address0   |  out|    4|   ap_memory|                  b_2|         array|
|b_2_ce0        |  out|    1|   ap_memory|                  b_2|         array|
|b_2_q0         |   in|    8|   ap_memory|                  b_2|         array|
|b_2_address1   |  out|    4|   ap_memory|                  b_2|         array|
|b_2_ce1        |  out|    1|   ap_memory|                  b_2|         array|
|b_2_q1         |   in|    8|   ap_memory|                  b_2|         array|
|b_3_address0   |  out|    4|   ap_memory|                  b_3|         array|
|b_3_ce0        |  out|    1|   ap_memory|                  b_3|         array|
|b_3_q0         |   in|    8|   ap_memory|                  b_3|         array|
|b_3_address1   |  out|    4|   ap_memory|                  b_3|         array|
|b_3_ce1        |  out|    1|   ap_memory|                  b_3|         array|
|b_3_q1         |   in|    8|   ap_memory|                  b_3|         array|
|b_4_address0   |  out|    4|   ap_memory|                  b_4|         array|
|b_4_ce0        |  out|    1|   ap_memory|                  b_4|         array|
|b_4_q0         |   in|    8|   ap_memory|                  b_4|         array|
|b_4_address1   |  out|    4|   ap_memory|                  b_4|         array|
|b_4_ce1        |  out|    1|   ap_memory|                  b_4|         array|
|b_4_q1         |   in|    8|   ap_memory|                  b_4|         array|
|b_5_address0   |  out|    4|   ap_memory|                  b_5|         array|
|b_5_ce0        |  out|    1|   ap_memory|                  b_5|         array|
|b_5_q0         |   in|    8|   ap_memory|                  b_5|         array|
|b_5_address1   |  out|    4|   ap_memory|                  b_5|         array|
|b_5_ce1        |  out|    1|   ap_memory|                  b_5|         array|
|b_5_q1         |   in|    8|   ap_memory|                  b_5|         array|
|b_6_address0   |  out|    4|   ap_memory|                  b_6|         array|
|b_6_ce0        |  out|    1|   ap_memory|                  b_6|         array|
|b_6_q0         |   in|    8|   ap_memory|                  b_6|         array|
|b_6_address1   |  out|    4|   ap_memory|                  b_6|         array|
|b_6_ce1        |  out|    1|   ap_memory|                  b_6|         array|
|b_6_q1         |   in|    8|   ap_memory|                  b_6|         array|
|b_7_address0   |  out|    4|   ap_memory|                  b_7|         array|
|b_7_ce0        |  out|    1|   ap_memory|                  b_7|         array|
|b_7_q0         |   in|    8|   ap_memory|                  b_7|         array|
|b_7_address1   |  out|    4|   ap_memory|                  b_7|         array|
|b_7_ce1        |  out|    1|   ap_memory|                  b_7|         array|
|b_7_q1         |   in|    8|   ap_memory|                  b_7|         array|
|b_8_address0   |  out|    4|   ap_memory|                  b_8|         array|
|b_8_ce0        |  out|    1|   ap_memory|                  b_8|         array|
|b_8_q0         |   in|    8|   ap_memory|                  b_8|         array|
|b_8_address1   |  out|    4|   ap_memory|                  b_8|         array|
|b_8_ce1        |  out|    1|   ap_memory|                  b_8|         array|
|b_8_q1         |   in|    8|   ap_memory|                  b_8|         array|
|b_9_address0   |  out|    4|   ap_memory|                  b_9|         array|
|b_9_ce0        |  out|    1|   ap_memory|                  b_9|         array|
|b_9_q0         |   in|    8|   ap_memory|                  b_9|         array|
|b_9_address1   |  out|    4|   ap_memory|                  b_9|         array|
|b_9_ce1        |  out|    1|   ap_memory|                  b_9|         array|
|b_9_q1         |   in|    8|   ap_memory|                  b_9|         array|
|b_10_address0  |  out|    4|   ap_memory|                 b_10|         array|
|b_10_ce0       |  out|    1|   ap_memory|                 b_10|         array|
|b_10_q0        |   in|    8|   ap_memory|                 b_10|         array|
|b_10_address1  |  out|    4|   ap_memory|                 b_10|         array|
|b_10_ce1       |  out|    1|   ap_memory|                 b_10|         array|
|b_10_q1        |   in|    8|   ap_memory|                 b_10|         array|
|b_11_address0  |  out|    4|   ap_memory|                 b_11|         array|
|b_11_ce0       |  out|    1|   ap_memory|                 b_11|         array|
|b_11_q0        |   in|    8|   ap_memory|                 b_11|         array|
|b_11_address1  |  out|    4|   ap_memory|                 b_11|         array|
|b_11_ce1       |  out|    1|   ap_memory|                 b_11|         array|
|b_11_q1        |   in|    8|   ap_memory|                 b_11|         array|
|b_12_address0  |  out|    4|   ap_memory|                 b_12|         array|
|b_12_ce0       |  out|    1|   ap_memory|                 b_12|         array|
|b_12_q0        |   in|    8|   ap_memory|                 b_12|         array|
|b_12_address1  |  out|    4|   ap_memory|                 b_12|         array|
|b_12_ce1       |  out|    1|   ap_memory|                 b_12|         array|
|b_12_q1        |   in|    8|   ap_memory|                 b_12|         array|
|b_13_address0  |  out|    4|   ap_memory|                 b_13|         array|
|b_13_ce0       |  out|    1|   ap_memory|                 b_13|         array|
|b_13_q0        |   in|    8|   ap_memory|                 b_13|         array|
|b_13_address1  |  out|    4|   ap_memory|                 b_13|         array|
|b_13_ce1       |  out|    1|   ap_memory|                 b_13|         array|
|b_13_q1        |   in|    8|   ap_memory|                 b_13|         array|
|b_14_address0  |  out|    4|   ap_memory|                 b_14|         array|
|b_14_ce0       |  out|    1|   ap_memory|                 b_14|         array|
|b_14_q0        |   in|    8|   ap_memory|                 b_14|         array|
|b_14_address1  |  out|    4|   ap_memory|                 b_14|         array|
|b_14_ce1       |  out|    1|   ap_memory|                 b_14|         array|
|b_14_q1        |   in|    8|   ap_memory|                 b_14|         array|
|b_15_address0  |  out|    4|   ap_memory|                 b_15|         array|
|b_15_ce0       |  out|    1|   ap_memory|                 b_15|         array|
|b_15_q0        |   in|    8|   ap_memory|                 b_15|         array|
|b_15_address1  |  out|    4|   ap_memory|                 b_15|         array|
|b_15_ce1       |  out|    1|   ap_memory|                 b_15|         array|
|b_15_q1        |   in|    8|   ap_memory|                 b_15|         array|
+---------------+-----+-----+------------+---------------------+--------------+

