

================================================================
== Vitis HLS Report for 'matrix_mult'
================================================================
* Date:           Wed Feb 28 20:22:22 2024

* Version:        2022.1 (Build 3526262 on Mon Apr 18 15:47:01 MDT 2022)
* Project:        gemmhls_int
* Solution:       day2_opt1 (Vivado IP Flow Target)
* Product family: zynq
* Target device:  xc7z020-clg400-1


================================================================
== Performance Estimates
================================================================
+ Timing: 
    * Summary: 
    +--------+----------+----------+------------+
    |  Clock |  Target  | Estimated| Uncertainty|
    +--------+----------+----------+------------+
    |ap_clk  |  10.00 ns|  6.343 ns|     2.70 ns|
    +--------+----------+----------+------------+

+ Latency: 
    * Summary: 
    +---------+---------+----------+----------+-----+-----+---------+
    |  Latency (cycles) |  Latency (absolute) |  Interval | Pipeline|
    |   min   |   max   |    min   |    max   | min | max |   Type  |
    +---------+---------+----------+----------+-----+-----+---------+
    |       30|       30|  0.300 us|  0.300 us|   31|   31|       no|
    +---------+---------+----------+----------+-----+-----+---------+

    + Detail: 
        * Instance: 
        +--------------------------------------+--------------------------+---------+---------+----------+----------+-----+-----+---------+
        |                                      |                          |  Latency (cycles) |  Latency (absolute) |  Interval | Pipeline|
        |               Instance               |          Module          |   min   |   max   |    min   |    max   | min | max |   Type  |
        +--------------------------------------+--------------------------+---------+---------+----------+----------+-----+-----+---------+
        |grp_matrix_mult_Pipeline_Row_fu_5042  |matrix_mult_Pipeline_Row  |       21|       21|  0.210 us|  0.210 us|   21|   21|       no|
        +--------------------------------------+--------------------------+---------+---------+----------+----------+-----+-----+---------+

        * Loop: 
        N/A



================================================================
== Utilization Estimates
================================================================
* Summary: 
+-----------------+---------+-----+--------+-------+-----+
|       Name      | BRAM_18K| DSP |   FF   |  LUT  | URAM|
+-----------------+---------+-----+--------+-------+-----+
|DSP              |        -|    -|       -|      -|    -|
|Expression       |        -|    -|       -|      -|    -|
|FIFO             |        -|    -|       -|      -|    -|
|Instance         |        -|  128|    1843|   9245|    -|
|Memory           |        -|    -|       -|      -|    -|
|Multiplexer      |        -|    -|       -|   3131|    -|
|Register         |        -|    -|    4107|      -|    -|
+-----------------+---------+-----+--------+-------+-----+
|Total            |        0|  128|    5950|  12376|    0|
+-----------------+---------+-----+--------+-------+-----+
|Available        |      280|  220|  106400|  53200|    0|
+-----------------+---------+-----+--------+-------+-----+
|Utilization (%)  |        0|   58|       5|     23|    0|
+-----------------+---------+-----+--------+-------+-----+

+ Detail: 
    * Instance: 
    +--------------------------------------+--------------------------+---------+-----+------+------+-----+
    |               Instance               |          Module          | BRAM_18K| DSP |  FF  |  LUT | URAM|
    +--------------------------------------+--------------------------+---------+-----+------+------+-----+
    |grp_matrix_mult_Pipeline_Row_fu_5042  |matrix_mult_Pipeline_Row  |        0|  128|  1843|  9245|    0|
    +--------------------------------------+--------------------------+---------+-----+------+------+-----+
    |Total                                 |                          |        0|  128|  1843|  9245|    0|
    +--------------------------------------+--------------------------+---------+-----+------+------+-----+

    * DSP: 
    N/A

    * Memory: 
    N/A

    * FIFO: 
    N/A

    * Expression: 
    N/A

    * Multiplexer: 
    +---------------+----+-----------+-----+-----------+
    |      Name     | LUT| Input Size| Bits| Total Bits|
    +---------------+----+-----------+-----+-----------+
    |a_0_address0   |  48|          9|    4|         36|
    |a_0_address1   |  48|          9|    4|         36|
    |a_10_address0  |  48|          9|    4|         36|
    |a_10_address1  |  48|          9|    4|         36|
    |a_11_address0  |  48|          9|    4|         36|
    |a_11_address1  |  48|          9|    4|         36|
    |a_12_address0  |  48|          9|    4|         36|
    |a_12_address1  |  48|          9|    4|         36|
    |a_13_address0  |  48|          9|    4|         36|
    |a_13_address1  |  48|          9|    4|         36|
    |a_14_address0  |  48|          9|    4|         36|
    |a_14_address1  |  48|          9|    4|         36|
    |a_15_address0  |  48|          9|    4|         36|
    |a_15_address1  |  48|          9|    4|         36|
    |a_1_address0   |  48|          9|    4|         36|
    |a_1_address1   |  48|          9|    4|         36|
    |a_2_address0   |  48|          9|    4|         36|
    |a_2_address1   |  48|          9|    4|         36|
    |a_3_address0   |  48|          9|    4|         36|
    |a_3_address1   |  48|          9|    4|         36|
    |a_4_address0   |  48|          9|    4|         36|
    |a_4_address1   |  48|          9|    4|         36|
    |a_5_address0   |  48|          9|    4|         36|
    |a_5_address1   |  48|          9|    4|         36|
    |a_6_address0   |  48|          9|    4|         36|
    |a_6_address1   |  48|          9|    4|         36|
    |a_7_address0   |  48|          9|    4|         36|
    |a_7_address1   |  48|          9|    4|         36|
    |a_8_address0   |  48|          9|    4|         36|
    |a_8_address1   |  48|          9|    4|         36|
    |a_9_address0   |  48|          9|    4|         36|
    |a_9_address1   |  48|          9|    4|         36|
    |ap_NS_fsm      |  59|         11|    1|         11|
    |b_0_address0   |  48|          9|    4|         36|
    |b_0_address1   |  48|          9|    4|         36|
    |b_10_address0  |  48|          9|    4|         36|
    |b_10_address1  |  48|          9|    4|         36|
    |b_11_address0  |  48|          9|    4|         36|
    |b_11_address1  |  48|          9|    4|         36|
    |b_12_address0  |  48|          9|    4|         36|
    |b_12_address1  |  48|          9|    4|         36|
    |b_13_address0  |  48|          9|    4|         36|
    |b_13_address1  |  48|          9|    4|         36|
    |b_14_address0  |  48|          9|    4|         36|
    |b_14_address1  |  48|          9|    4|         36|
    |b_15_address0  |  48|          9|    4|         36|
    |b_15_address1  |  48|          9|    4|         36|
    |b_1_address0   |  48|          9|    4|         36|
    |b_1_address1   |  48|          9|    4|         36|
    |b_2_address0   |  48|          9|    4|         36|
    |b_2_address1   |  48|          9|    4|         36|
    |b_3_address0   |  48|          9|    4|         36|
    |b_3_address1   |  48|          9|    4|         36|
    |b_4_address0   |  48|          9|    4|         36|
    |b_4_address1   |  48|          9|    4|         36|
    |b_5_address0   |  48|          9|    4|         36|
    |b_5_address1   |  48|          9|    4|         36|
    |b_6_address0   |  48|          9|    4|         36|
    |b_6_address1   |  48|          9|    4|         36|
    |b_7_address0   |  48|          9|    4|         36|
    |b_7_address1   |  48|          9|    4|         36|
    |b_8_address0   |  48|          9|    4|         36|
    |b_8_address1   |  48|          9|    4|         36|
    |b_9_address0   |  48|          9|    4|         36|
    |b_9_address1   |  48|          9|    4|         36|
    +---------------+----+-----------+-----+-----------+
    |Total          |3131|        587|  257|       2315|
    +---------------+----+-----------+-----+-----------+

    * Register: 
    +---------------------------------------------------+----+----+-----+-----------+
    |                        Name                       | FF | LUT| Bits| Const Bits|
    +---------------------------------------------------+----+----+-----+-----------+
    |a_0_load_10_reg_9494                               |   8|   0|    8|          0|
    |a_0_load_11_reg_9574                               |   8|   0|    8|          0|
    |a_0_load_12_reg_10134                              |   8|   0|    8|          0|
    |a_0_load_13_reg_10214                              |   8|   0|    8|          0|
    |a_0_load_14_reg_10614                              |   8|   0|    8|          0|
    |a_0_load_15_reg_10694                              |   8|   0|    8|          0|
    |a_0_load_1_reg_6374                                |   8|   0|    8|          0|
    |a_0_load_2_reg_6934                                |   8|   0|    8|          0|
    |a_0_load_3_reg_7014                                |   8|   0|    8|          0|
    |a_0_load_4_reg_7574                                |   8|   0|    8|          0|
    |a_0_load_5_reg_7654                                |   8|   0|    8|          0|
    |a_0_load_6_reg_8214                                |   8|   0|    8|          0|
    |a_0_load_7_reg_8294                                |   8|   0|    8|          0|
    |a_0_load_8_reg_8854                                |   8|   0|    8|          0|
    |a_0_load_9_reg_8934                                |   8|   0|    8|          0|
    |a_0_load_reg_6294                                  |   8|   0|    8|          0|
    |a_10_load_10_reg_9544                              |   8|   0|    8|          0|
    |a_10_load_11_reg_9624                              |   8|   0|    8|          0|
    |a_10_load_12_reg_10184                             |   8|   0|    8|          0|
    |a_10_load_13_reg_10264                             |   8|   0|    8|          0|
    |a_10_load_14_reg_10664                             |   8|   0|    8|          0|
    |a_10_load_15_reg_10744                             |   8|   0|    8|          0|
    |a_10_load_1_reg_6424                               |   8|   0|    8|          0|
    |a_10_load_2_reg_6984                               |   8|   0|    8|          0|
    |a_10_load_3_reg_7064                               |   8|   0|    8|          0|
    |a_10_load_4_reg_7624                               |   8|   0|    8|          0|
    |a_10_load_5_reg_7704                               |   8|   0|    8|          0|
    |a_10_load_6_reg_8264                               |   8|   0|    8|          0|
    |a_10_load_7_reg_8344                               |   8|   0|    8|          0|
    |a_10_load_8_reg_8904                               |   8|   0|    8|          0|
    |a_10_load_9_reg_8984                               |   8|   0|    8|          0|
    |a_10_load_reg_6344                                 |   8|   0|    8|          0|
    |a_11_load_10_reg_9549                              |   8|   0|    8|          0|
    |a_11_load_11_reg_9629                              |   8|   0|    8|          0|
    |a_11_load_12_reg_10189                             |   8|   0|    8|          0|
    |a_11_load_13_reg_10269                             |   8|   0|    8|          0|
    |a_11_load_14_reg_10669                             |   8|   0|    8|          0|
    |a_11_load_15_reg_10749                             |   8|   0|    8|          0|
    |a_11_load_1_reg_6429                               |   8|   0|    8|          0|
    |a_11_load_2_reg_6989                               |   8|   0|    8|          0|
    |a_11_load_3_reg_7069                               |   8|   0|    8|          0|
    |a_11_load_4_reg_7629                               |   8|   0|    8|          0|
    |a_11_load_5_reg_7709                               |   8|   0|    8|          0|
    |a_11_load_6_reg_8269                               |   8|   0|    8|          0|
    |a_11_load_7_reg_8349                               |   8|   0|    8|          0|
    |a_11_load_8_reg_8909                               |   8|   0|    8|          0|
    |a_11_load_9_reg_8989                               |   8|   0|    8|          0|
    |a_11_load_reg_6349                                 |   8|   0|    8|          0|
    |a_12_load_10_reg_9554                              |   8|   0|    8|          0|
    |a_12_load_11_reg_9634                              |   8|   0|    8|          0|
    |a_12_load_12_reg_10194                             |   8|   0|    8|          0|
    |a_12_load_13_reg_10274                             |   8|   0|    8|          0|
    |a_12_load_14_reg_10674                             |   8|   0|    8|          0|
    |a_12_load_15_reg_10754                             |   8|   0|    8|          0|
    |a_12_load_1_reg_6434                               |   8|   0|    8|          0|
    |a_12_load_2_reg_6994                               |   8|   0|    8|          0|
    |a_12_load_3_reg_7074                               |   8|   0|    8|          0|
    |a_12_load_4_reg_7634                               |   8|   0|    8|          0|
    |a_12_load_5_reg_7714                               |   8|   0|    8|          0|
    |a_12_load_6_reg_8274                               |   8|   0|    8|          0|
    |a_12_load_7_reg_8354                               |   8|   0|    8|          0|
    |a_12_load_8_reg_8914                               |   8|   0|    8|          0|
    |a_12_load_9_reg_8994                               |   8|   0|    8|          0|
    |a_12_load_reg_6354                                 |   8|   0|    8|          0|
    |a_13_load_10_reg_9559                              |   8|   0|    8|          0|
    |a_13_load_11_reg_9639                              |   8|   0|    8|          0|
    |a_13_load_12_reg_10199                             |   8|   0|    8|          0|
    |a_13_load_13_reg_10279                             |   8|   0|    8|          0|
    |a_13_load_14_reg_10679                             |   8|   0|    8|          0|
    |a_13_load_15_reg_10759                             |   8|   0|    8|          0|
    |a_13_load_1_reg_6439                               |   8|   0|    8|          0|
    |a_13_load_2_reg_6999                               |   8|   0|    8|          0|
    |a_13_load_3_reg_7079                               |   8|   0|    8|          0|
    |a_13_load_4_reg_7639                               |   8|   0|    8|          0|
    |a_13_load_5_reg_7719                               |   8|   0|    8|          0|
    |a_13_load_6_reg_8279                               |   8|   0|    8|          0|
    |a_13_load_7_reg_8359                               |   8|   0|    8|          0|
    |a_13_load_8_reg_8919                               |   8|   0|    8|          0|
    |a_13_load_9_reg_8999                               |   8|   0|    8|          0|
    |a_13_load_reg_6359                                 |   8|   0|    8|          0|
    |a_14_load_10_reg_9564                              |   8|   0|    8|          0|
    |a_14_load_11_reg_9644                              |   8|   0|    8|          0|
    |a_14_load_12_reg_10204                             |   8|   0|    8|          0|
    |a_14_load_13_reg_10284                             |   8|   0|    8|          0|
    |a_14_load_14_reg_10684                             |   8|   0|    8|          0|
    |a_14_load_15_reg_10764                             |   8|   0|    8|          0|
    |a_14_load_1_reg_6444                               |   8|   0|    8|          0|
    |a_14_load_2_reg_7004                               |   8|   0|    8|          0|
    |a_14_load_3_reg_7084                               |   8|   0|    8|          0|
    |a_14_load_4_reg_7644                               |   8|   0|    8|          0|
    |a_14_load_5_reg_7724                               |   8|   0|    8|          0|
    |a_14_load_6_reg_8284                               |   8|   0|    8|          0|
    |a_14_load_7_reg_8364                               |   8|   0|    8|          0|
    |a_14_load_8_reg_8924                               |   8|   0|    8|          0|
    |a_14_load_9_reg_9004                               |   8|   0|    8|          0|
    |a_14_load_reg_6364                                 |   8|   0|    8|          0|
    |a_15_load_10_reg_9569                              |   8|   0|    8|          0|
    |a_15_load_11_reg_9649                              |   8|   0|    8|          0|
    |a_15_load_12_reg_10209                             |   8|   0|    8|          0|
    |a_15_load_13_reg_10289                             |   8|   0|    8|          0|
    |a_15_load_14_reg_10689                             |   8|   0|    8|          0|
    |a_15_load_15_reg_10769                             |   8|   0|    8|          0|
    |a_15_load_1_reg_6449                               |   8|   0|    8|          0|
    |a_15_load_2_reg_7009                               |   8|   0|    8|          0|
    |a_15_load_3_reg_7089                               |   8|   0|    8|          0|
    |a_15_load_4_reg_7649                               |   8|   0|    8|          0|
    |a_15_load_5_reg_7729                               |   8|   0|    8|          0|
    |a_15_load_6_reg_8289                               |   8|   0|    8|          0|
    |a_15_load_7_reg_8369                               |   8|   0|    8|          0|
    |a_15_load_8_reg_8929                               |   8|   0|    8|          0|
    |a_15_load_9_reg_9009                               |   8|   0|    8|          0|
    |a_15_load_reg_6369                                 |   8|   0|    8|          0|
    |a_1_load_10_reg_9499                               |   8|   0|    8|          0|
    |a_1_load_11_reg_9579                               |   8|   0|    8|          0|
    |a_1_load_12_reg_10139                              |   8|   0|    8|          0|
    |a_1_load_13_reg_10219                              |   8|   0|    8|          0|
    |a_1_load_14_reg_10619                              |   8|   0|    8|          0|
    |a_1_load_15_reg_10699                              |   8|   0|    8|          0|
    |a_1_load_1_reg_6379                                |   8|   0|    8|          0|
    |a_1_load_2_reg_6939                                |   8|   0|    8|          0|
    |a_1_load_3_reg_7019                                |   8|   0|    8|          0|
    |a_1_load_4_reg_7579                                |   8|   0|    8|          0|
    |a_1_load_5_reg_7659                                |   8|   0|    8|          0|
    |a_1_load_6_reg_8219                                |   8|   0|    8|          0|
    |a_1_load_7_reg_8299                                |   8|   0|    8|          0|
    |a_1_load_8_reg_8859                                |   8|   0|    8|          0|
    |a_1_load_9_reg_8939                                |   8|   0|    8|          0|
    |a_1_load_reg_6299                                  |   8|   0|    8|          0|
    |a_2_load_10_reg_9504                               |   8|   0|    8|          0|
    |a_2_load_11_reg_9584                               |   8|   0|    8|          0|
    |a_2_load_12_reg_10144                              |   8|   0|    8|          0|
    |a_2_load_13_reg_10224                              |   8|   0|    8|          0|
    |a_2_load_14_reg_10624                              |   8|   0|    8|          0|
    |a_2_load_15_reg_10704                              |   8|   0|    8|          0|
    |a_2_load_1_reg_6384                                |   8|   0|    8|          0|
    |a_2_load_2_reg_6944                                |   8|   0|    8|          0|
    |a_2_load_3_reg_7024                                |   8|   0|    8|          0|
    |a_2_load_4_reg_7584                                |   8|   0|    8|          0|
    |a_2_load_5_reg_7664                                |   8|   0|    8|          0|
    |a_2_load_6_reg_8224                                |   8|   0|    8|          0|
    |a_2_load_7_reg_8304                                |   8|   0|    8|          0|
    |a_2_load_8_reg_8864                                |   8|   0|    8|          0|
    |a_2_load_9_reg_8944                                |   8|   0|    8|          0|
    |a_2_load_reg_6304                                  |   8|   0|    8|          0|
    |a_3_load_10_reg_9509                               |   8|   0|    8|          0|
    |a_3_load_11_reg_9589                               |   8|   0|    8|          0|
    |a_3_load_12_reg_10149                              |   8|   0|    8|          0|
    |a_3_load_13_reg_10229                              |   8|   0|    8|          0|
    |a_3_load_14_reg_10629                              |   8|   0|    8|          0|
    |a_3_load_15_reg_10709                              |   8|   0|    8|          0|
    |a_3_load_1_reg_6389                                |   8|   0|    8|          0|
    |a_3_load_2_reg_6949                                |   8|   0|    8|          0|
    |a_3_load_3_reg_7029                                |   8|   0|    8|          0|
    |a_3_load_4_reg_7589                                |   8|   0|    8|          0|
    |a_3_load_5_reg_7669                                |   8|   0|    8|          0|
    |a_3_load_6_reg_8229                                |   8|   0|    8|          0|
    |a_3_load_7_reg_8309                                |   8|   0|    8|          0|
    |a_3_load_8_reg_8869                                |   8|   0|    8|          0|
    |a_3_load_9_reg_8949                                |   8|   0|    8|          0|
    |a_3_load_reg_6309                                  |   8|   0|    8|          0|
    |a_4_load_10_reg_9514                               |   8|   0|    8|          0|
    |a_4_load_11_reg_9594                               |   8|   0|    8|          0|
    |a_4_load_12_reg_10154                              |   8|   0|    8|          0|
    |a_4_load_13_reg_10234                              |   8|   0|    8|          0|
    |a_4_load_14_reg_10634                              |   8|   0|    8|          0|
    |a_4_load_15_reg_10714                              |   8|   0|    8|          0|
    |a_4_load_1_reg_6394                                |   8|   0|    8|          0|
    |a_4_load_2_reg_6954                                |   8|   0|    8|          0|
    |a_4_load_3_reg_7034                                |   8|   0|    8|          0|
    |a_4_load_4_reg_7594                                |   8|   0|    8|          0|
    |a_4_load_5_reg_7674                                |   8|   0|    8|          0|
    |a_4_load_6_reg_8234                                |   8|   0|    8|          0|
    |a_4_load_7_reg_8314                                |   8|   0|    8|          0|
    |a_4_load_8_reg_8874                                |   8|   0|    8|          0|
    |a_4_load_9_reg_8954                                |   8|   0|    8|          0|
    |a_4_load_reg_6314                                  |   8|   0|    8|          0|
    |a_5_load_10_reg_9519                               |   8|   0|    8|          0|
    |a_5_load_11_reg_9599                               |   8|   0|    8|          0|
    |a_5_load_12_reg_10159                              |   8|   0|    8|          0|
    |a_5_load_13_reg_10239                              |   8|   0|    8|          0|
    |a_5_load_14_reg_10639                              |   8|   0|    8|          0|
    |a_5_load_15_reg_10719                              |   8|   0|    8|          0|
    |a_5_load_1_reg_6399                                |   8|   0|    8|          0|
    |a_5_load_2_reg_6959                                |   8|   0|    8|          0|
    |a_5_load_3_reg_7039                                |   8|   0|    8|          0|
    |a_5_load_4_reg_7599                                |   8|   0|    8|          0|
    |a_5_load_5_reg_7679                                |   8|   0|    8|          0|
    |a_5_load_6_reg_8239                                |   8|   0|    8|          0|
    |a_5_load_7_reg_8319                                |   8|   0|    8|          0|
    |a_5_load_8_reg_8879                                |   8|   0|    8|          0|
    |a_5_load_9_reg_8959                                |   8|   0|    8|          0|
    |a_5_load_reg_6319                                  |   8|   0|    8|          0|
    |a_6_load_10_reg_9524                               |   8|   0|    8|          0|
    |a_6_load_11_reg_9604                               |   8|   0|    8|          0|
    |a_6_load_12_reg_10164                              |   8|   0|    8|          0|
    |a_6_load_13_reg_10244                              |   8|   0|    8|          0|
    |a_6_load_14_reg_10644                              |   8|   0|    8|          0|
    |a_6_load_15_reg_10724                              |   8|   0|    8|          0|
    |a_6_load_1_reg_6404                                |   8|   0|    8|          0|
    |a_6_load_2_reg_6964                                |   8|   0|    8|          0|
    |a_6_load_3_reg_7044                                |   8|   0|    8|          0|
    |a_6_load_4_reg_7604                                |   8|   0|    8|          0|
    |a_6_load_5_reg_7684                                |   8|   0|    8|          0|
    |a_6_load_6_reg_8244                                |   8|   0|    8|          0|
    |a_6_load_7_reg_8324                                |   8|   0|    8|          0|
    |a_6_load_8_reg_8884                                |   8|   0|    8|          0|
    |a_6_load_9_reg_8964                                |   8|   0|    8|          0|
    |a_6_load_reg_6324                                  |   8|   0|    8|          0|
    |a_7_load_10_reg_9529                               |   8|   0|    8|          0|
    |a_7_load_11_reg_9609                               |   8|   0|    8|          0|
    |a_7_load_12_reg_10169                              |   8|   0|    8|          0|
    |a_7_load_13_reg_10249                              |   8|   0|    8|          0|
    |a_7_load_14_reg_10649                              |   8|   0|    8|          0|
    |a_7_load_15_reg_10729                              |   8|   0|    8|          0|
    |a_7_load_1_reg_6409                                |   8|   0|    8|          0|
    |a_7_load_2_reg_6969                                |   8|   0|    8|          0|
    |a_7_load_3_reg_7049                                |   8|   0|    8|          0|
    |a_7_load_4_reg_7609                                |   8|   0|    8|          0|
    |a_7_load_5_reg_7689                                |   8|   0|    8|          0|
    |a_7_load_6_reg_8249                                |   8|   0|    8|          0|
    |a_7_load_7_reg_8329                                |   8|   0|    8|          0|
    |a_7_load_8_reg_8889                                |   8|   0|    8|          0|
    |a_7_load_9_reg_8969                                |   8|   0|    8|          0|
    |a_7_load_reg_6329                                  |   8|   0|    8|          0|
    |a_8_load_10_reg_9534                               |   8|   0|    8|          0|
    |a_8_load_11_reg_9614                               |   8|   0|    8|          0|
    |a_8_load_12_reg_10174                              |   8|   0|    8|          0|
    |a_8_load_13_reg_10254                              |   8|   0|    8|          0|
    |a_8_load_14_reg_10654                              |   8|   0|    8|          0|
    |a_8_load_15_reg_10734                              |   8|   0|    8|          0|
    |a_8_load_1_reg_6414                                |   8|   0|    8|          0|
    |a_8_load_2_reg_6974                                |   8|   0|    8|          0|
    |a_8_load_3_reg_7054                                |   8|   0|    8|          0|
    |a_8_load_4_reg_7614                                |   8|   0|    8|          0|
    |a_8_load_5_reg_7694                                |   8|   0|    8|          0|
    |a_8_load_6_reg_8254                                |   8|   0|    8|          0|
    |a_8_load_7_reg_8334                                |   8|   0|    8|          0|
    |a_8_load_8_reg_8894                                |   8|   0|    8|          0|
    |a_8_load_9_reg_8974                                |   8|   0|    8|          0|
    |a_8_load_reg_6334                                  |   8|   0|    8|          0|
    |a_9_load_10_reg_9539                               |   8|   0|    8|          0|
    |a_9_load_11_reg_9619                               |   8|   0|    8|          0|
    |a_9_load_12_reg_10179                              |   8|   0|    8|          0|
    |a_9_load_13_reg_10259                              |   8|   0|    8|          0|
    |a_9_load_14_reg_10659                              |   8|   0|    8|          0|
    |a_9_load_15_reg_10739                              |   8|   0|    8|          0|
    |a_9_load_1_reg_6419                                |   8|   0|    8|          0|
    |a_9_load_2_reg_6979                                |   8|   0|    8|          0|
    |a_9_load_3_reg_7059                                |   8|   0|    8|          0|
    |a_9_load_4_reg_7619                                |   8|   0|    8|          0|
    |a_9_load_5_reg_7699                                |   8|   0|    8|          0|
    |a_9_load_6_reg_8259                                |   8|   0|    8|          0|
    |a_9_load_7_reg_8339                                |   8|   0|    8|          0|
    |a_9_load_8_reg_8899                                |   8|   0|    8|          0|
    |a_9_load_9_reg_8979                                |   8|   0|    8|          0|
    |a_9_load_reg_6339                                  |   8|   0|    8|          0|
    |ap_CS_fsm                                          |  10|   0|   10|          0|
    |b_0_load_10_reg_9174                               |   8|   0|    8|          0|
    |b_0_load_11_reg_9179                               |   8|   0|    8|          0|
    |b_0_load_12_reg_9814                               |   8|   0|    8|          0|
    |b_0_load_13_reg_9819                               |   8|   0|    8|          0|
    |b_0_load_14_reg_10454                              |   8|   0|    8|          0|
    |b_0_load_15_reg_10459                              |   8|   0|    8|          0|
    |b_0_load_1_reg_5979                                |   8|   0|    8|          0|
    |b_0_load_2_reg_6614                                |   8|   0|    8|          0|
    |b_0_load_3_reg_6619                                |   8|   0|    8|          0|
    |b_0_load_4_reg_7254                                |   8|   0|    8|          0|
    |b_0_load_5_reg_7259                                |   8|   0|    8|          0|
    |b_0_load_6_reg_7894                                |   8|   0|    8|          0|
    |b_0_load_7_reg_7899                                |   8|   0|    8|          0|
    |b_0_load_8_reg_8534                                |   8|   0|    8|          0|
    |b_0_load_9_reg_8539                                |   8|   0|    8|          0|
    |b_0_load_reg_5974                                  |   8|   0|    8|          0|
    |b_10_load_10_reg_9374                              |   8|   0|    8|          0|
    |b_10_load_11_reg_9379                              |   8|   0|    8|          0|
    |b_10_load_12_reg_10014                             |   8|   0|    8|          0|
    |b_10_load_13_reg_10019                             |   8|   0|    8|          0|
    |b_10_load_14_reg_10554                             |   8|   0|    8|          0|
    |b_10_load_15_reg_10559                             |   8|   0|    8|          0|
    |b_10_load_1_reg_6179                               |   8|   0|    8|          0|
    |b_10_load_2_reg_6814                               |   8|   0|    8|          0|
    |b_10_load_3_reg_6819                               |   8|   0|    8|          0|
    |b_10_load_4_reg_7454                               |   8|   0|    8|          0|
    |b_10_load_5_reg_7459                               |   8|   0|    8|          0|
    |b_10_load_6_reg_8094                               |   8|   0|    8|          0|
    |b_10_load_7_reg_8099                               |   8|   0|    8|          0|
    |b_10_load_8_reg_8734                               |   8|   0|    8|          0|
    |b_10_load_9_reg_8739                               |   8|   0|    8|          0|
    |b_10_load_reg_6174                                 |   8|   0|    8|          0|
    |b_11_load_10_reg_9394                              |   8|   0|    8|          0|
    |b_11_load_11_reg_9399                              |   8|   0|    8|          0|
    |b_11_load_12_reg_10034                             |   8|   0|    8|          0|
    |b_11_load_13_reg_10039                             |   8|   0|    8|          0|
    |b_11_load_14_reg_10564                             |   8|   0|    8|          0|
    |b_11_load_15_reg_10569                             |   8|   0|    8|          0|
    |b_11_load_1_reg_6199                               |   8|   0|    8|          0|
    |b_11_load_2_reg_6834                               |   8|   0|    8|          0|
    |b_11_load_3_reg_6839                               |   8|   0|    8|          0|
    |b_11_load_4_reg_7474                               |   8|   0|    8|          0|
    |b_11_load_5_reg_7479                               |   8|   0|    8|          0|
    |b_11_load_6_reg_8114                               |   8|   0|    8|          0|
    |b_11_load_7_reg_8119                               |   8|   0|    8|          0|
    |b_11_load_8_reg_8754                               |   8|   0|    8|          0|
    |b_11_load_9_reg_8759                               |   8|   0|    8|          0|
    |b_11_load_reg_6194                                 |   8|   0|    8|          0|
    |b_12_load_10_reg_9414                              |   8|   0|    8|          0|
    |b_12_load_11_reg_9419                              |   8|   0|    8|          0|
    |b_12_load_12_reg_10054                             |   8|   0|    8|          0|
    |b_12_load_13_reg_10059                             |   8|   0|    8|          0|
    |b_12_load_14_reg_10574                             |   8|   0|    8|          0|
    |b_12_load_15_reg_10579                             |   8|   0|    8|          0|
    |b_12_load_1_reg_6219                               |   8|   0|    8|          0|
    |b_12_load_2_reg_6854                               |   8|   0|    8|          0|
    |b_12_load_3_reg_6859                               |   8|   0|    8|          0|
    |b_12_load_4_reg_7494                               |   8|   0|    8|          0|
    |b_12_load_5_reg_7499                               |   8|   0|    8|          0|
    |b_12_load_6_reg_8134                               |   8|   0|    8|          0|
    |b_12_load_7_reg_8139                               |   8|   0|    8|          0|
    |b_12_load_8_reg_8774                               |   8|   0|    8|          0|
    |b_12_load_9_reg_8779                               |   8|   0|    8|          0|
    |b_12_load_reg_6214                                 |   8|   0|    8|          0|
    |b_13_load_10_reg_9434                              |   8|   0|    8|          0|
    |b_13_load_11_reg_9439                              |   8|   0|    8|          0|
    |b_13_load_12_reg_10074                             |   8|   0|    8|          0|
    |b_13_load_13_reg_10079                             |   8|   0|    8|          0|
    |b_13_load_14_reg_10584                             |   8|   0|    8|          0|
    |b_13_load_15_reg_10589                             |   8|   0|    8|          0|
    |b_13_load_1_reg_6239                               |   8|   0|    8|          0|
    |b_13_load_2_reg_6874                               |   8|   0|    8|          0|
    |b_13_load_3_reg_6879                               |   8|   0|    8|          0|
    |b_13_load_4_reg_7514                               |   8|   0|    8|          0|
    |b_13_load_5_reg_7519                               |   8|   0|    8|          0|
    |b_13_load_6_reg_8154                               |   8|   0|    8|          0|
    |b_13_load_7_reg_8159                               |   8|   0|    8|          0|
    |b_13_load_8_reg_8794                               |   8|   0|    8|          0|
    |b_13_load_9_reg_8799                               |   8|   0|    8|          0|
    |b_13_load_reg_6234                                 |   8|   0|    8|          0|
    |b_14_load_10_reg_9454                              |   8|   0|    8|          0|
    |b_14_load_11_reg_9459                              |   8|   0|    8|          0|
    |b_14_load_12_reg_10094                             |   8|   0|    8|          0|
    |b_14_load_13_reg_10099                             |   8|   0|    8|          0|
    |b_14_load_14_reg_10594                             |   8|   0|    8|          0|
    |b_14_load_15_reg_10599                             |   8|   0|    8|          0|
    |b_14_load_1_reg_6259                               |   8|   0|    8|          0|
    |b_14_load_2_reg_6894                               |   8|   0|    8|          0|
    |b_14_load_3_reg_6899                               |   8|   0|    8|          0|
    |b_14_load_4_reg_7534                               |   8|   0|    8|          0|
    |b_14_load_5_reg_7539                               |   8|   0|    8|          0|
    |b_14_load_6_reg_8174                               |   8|   0|    8|          0|
    |b_14_load_7_reg_8179                               |   8|   0|    8|          0|
    |b_14_load_8_reg_8814                               |   8|   0|    8|          0|
    |b_14_load_9_reg_8819                               |   8|   0|    8|          0|
    |b_14_load_reg_6254                                 |   8|   0|    8|          0|
    |b_15_load_10_reg_9474                              |   8|   0|    8|          0|
    |b_15_load_11_reg_9479                              |   8|   0|    8|          0|
    |b_15_load_12_reg_10114                             |   8|   0|    8|          0|
    |b_15_load_13_reg_10119                             |   8|   0|    8|          0|
    |b_15_load_14_reg_10604                             |   8|   0|    8|          0|
    |b_15_load_15_reg_10609                             |   8|   0|    8|          0|
    |b_15_load_1_reg_6279                               |   8|   0|    8|          0|
    |b_15_load_2_reg_6914                               |   8|   0|    8|          0|
    |b_15_load_3_reg_6919                               |   8|   0|    8|          0|
    |b_15_load_4_reg_7554                               |   8|   0|    8|          0|
    |b_15_load_5_reg_7559                               |   8|   0|    8|          0|
    |b_15_load_6_reg_8194                               |   8|   0|    8|          0|
    |b_15_load_7_reg_8199                               |   8|   0|    8|          0|
    |b_15_load_8_reg_8834                               |   8|   0|    8|          0|
    |b_15_load_9_reg_8839                               |   8|   0|    8|          0|
    |b_15_load_reg_6274                                 |   8|   0|    8|          0|
    |b_1_load_10_reg_9194                               |   8|   0|    8|          0|
    |b_1_load_11_reg_9199                               |   8|   0|    8|          0|
    |b_1_load_12_reg_9834                               |   8|   0|    8|          0|
    |b_1_load_13_reg_9839                               |   8|   0|    8|          0|
    |b_1_load_14_reg_10464                              |   8|   0|    8|          0|
    |b_1_load_15_reg_10469                              |   8|   0|    8|          0|
    |b_1_load_1_reg_5999                                |   8|   0|    8|          0|
    |b_1_load_2_reg_6634                                |   8|   0|    8|          0|
    |b_1_load_3_reg_6639                                |   8|   0|    8|          0|
    |b_1_load_4_reg_7274                                |   8|   0|    8|          0|
    |b_1_load_5_reg_7279                                |   8|   0|    8|          0|
    |b_1_load_6_reg_7914                                |   8|   0|    8|          0|
    |b_1_load_7_reg_7919                                |   8|   0|    8|          0|
    |b_1_load_8_reg_8554                                |   8|   0|    8|          0|
    |b_1_load_9_reg_8559                                |   8|   0|    8|          0|
    |b_1_load_reg_5994                                  |   8|   0|    8|          0|
    |b_2_load_10_reg_9214                               |   8|   0|    8|          0|
    |b_2_load_11_reg_9219                               |   8|   0|    8|          0|
    |b_2_load_12_reg_9854                               |   8|   0|    8|          0|
    |b_2_load_13_reg_9859                               |   8|   0|    8|          0|
    |b_2_load_14_reg_10474                              |   8|   0|    8|          0|
    |b_2_load_15_reg_10479                              |   8|   0|    8|          0|
    |b_2_load_1_reg_6019                                |   8|   0|    8|          0|
    |b_2_load_2_reg_6654                                |   8|   0|    8|          0|
    |b_2_load_3_reg_6659                                |   8|   0|    8|          0|
    |b_2_load_4_reg_7294                                |   8|   0|    8|          0|
    |b_2_load_5_reg_7299                                |   8|   0|    8|          0|
    |b_2_load_6_reg_7934                                |   8|   0|    8|          0|
    |b_2_load_7_reg_7939                                |   8|   0|    8|          0|
    |b_2_load_8_reg_8574                                |   8|   0|    8|          0|
    |b_2_load_9_reg_8579                                |   8|   0|    8|          0|
    |b_2_load_reg_6014                                  |   8|   0|    8|          0|
    |b_3_load_10_reg_9234                               |   8|   0|    8|          0|
    |b_3_load_11_reg_9239                               |   8|   0|    8|          0|
    |b_3_load_12_reg_9874                               |   8|   0|    8|          0|
    |b_3_load_13_reg_9879                               |   8|   0|    8|          0|
    |b_3_load_14_reg_10484                              |   8|   0|    8|          0|
    |b_3_load_15_reg_10489                              |   8|   0|    8|          0|
    |b_3_load_1_reg_6039                                |   8|   0|    8|          0|
    |b_3_load_2_reg_6674                                |   8|   0|    8|          0|
    |b_3_load_3_reg_6679                                |   8|   0|    8|          0|
    |b_3_load_4_reg_7314                                |   8|   0|    8|          0|
    |b_3_load_5_reg_7319                                |   8|   0|    8|          0|
    |b_3_load_6_reg_7954                                |   8|   0|    8|          0|
    |b_3_load_7_reg_7959                                |   8|   0|    8|          0|
    |b_3_load_8_reg_8594                                |   8|   0|    8|          0|
    |b_3_load_9_reg_8599                                |   8|   0|    8|          0|
    |b_3_load_reg_6034                                  |   8|   0|    8|          0|
    |b_4_load_10_reg_9254                               |   8|   0|    8|          0|
    |b_4_load_11_reg_9259                               |   8|   0|    8|          0|
    |b_4_load_12_reg_9894                               |   8|   0|    8|          0|
    |b_4_load_13_reg_9899                               |   8|   0|    8|          0|
    |b_4_load_14_reg_10494                              |   8|   0|    8|          0|
    |b_4_load_15_reg_10499                              |   8|   0|    8|          0|
    |b_4_load_1_reg_6059                                |   8|   0|    8|          0|
    |b_4_load_2_reg_6694                                |   8|   0|    8|          0|
    |b_4_load_3_reg_6699                                |   8|   0|    8|          0|
    |b_4_load_4_reg_7334                                |   8|   0|    8|          0|
    |b_4_load_5_reg_7339                                |   8|   0|    8|          0|
    |b_4_load_6_reg_7974                                |   8|   0|    8|          0|
    |b_4_load_7_reg_7979                                |   8|   0|    8|          0|
    |b_4_load_8_reg_8614                                |   8|   0|    8|          0|
    |b_4_load_9_reg_8619                                |   8|   0|    8|          0|
    |b_4_load_reg_6054                                  |   8|   0|    8|          0|
    |b_5_load_10_reg_9274                               |   8|   0|    8|          0|
    |b_5_load_11_reg_9279                               |   8|   0|    8|          0|
    |b_5_load_12_reg_9914                               |   8|   0|    8|          0|
    |b_5_load_13_reg_9919                               |   8|   0|    8|          0|
    |b_5_load_14_reg_10504                              |   8|   0|    8|          0|
    |b_5_load_15_reg_10509                              |   8|   0|    8|          0|
    |b_5_load_1_reg_6079                                |   8|   0|    8|          0|
    |b_5_load_2_reg_6714                                |   8|   0|    8|          0|
    |b_5_load_3_reg_6719                                |   8|   0|    8|          0|
    |b_5_load_4_reg_7354                                |   8|   0|    8|          0|
    |b_5_load_5_reg_7359                                |   8|   0|    8|          0|
    |b_5_load_6_reg_7994                                |   8|   0|    8|          0|
    |b_5_load_7_reg_7999                                |   8|   0|    8|          0|
    |b_5_load_8_reg_8634                                |   8|   0|    8|          0|
    |b_5_load_9_reg_8639                                |   8|   0|    8|          0|
    |b_5_load_reg_6074                                  |   8|   0|    8|          0|
    |b_6_load_10_reg_9294                               |   8|   0|    8|          0|
    |b_6_load_11_reg_9299                               |   8|   0|    8|          0|
    |b_6_load_12_reg_9934                               |   8|   0|    8|          0|
    |b_6_load_13_reg_9939                               |   8|   0|    8|          0|
    |b_6_load_14_reg_10514                              |   8|   0|    8|          0|
    |b_6_load_15_reg_10519                              |   8|   0|    8|          0|
    |b_6_load_1_reg_6099                                |   8|   0|    8|          0|
    |b_6_load_2_reg_6734                                |   8|   0|    8|          0|
    |b_6_load_3_reg_6739                                |   8|   0|    8|          0|
    |b_6_load_4_reg_7374                                |   8|   0|    8|          0|
    |b_6_load_5_reg_7379                                |   8|   0|    8|          0|
    |b_6_load_6_reg_8014                                |   8|   0|    8|          0|
    |b_6_load_7_reg_8019                                |   8|   0|    8|          0|
    |b_6_load_8_reg_8654                                |   8|   0|    8|          0|
    |b_6_load_9_reg_8659                                |   8|   0|    8|          0|
    |b_6_load_reg_6094                                  |   8|   0|    8|          0|
    |b_7_load_10_reg_9314                               |   8|   0|    8|          0|
    |b_7_load_11_reg_9319                               |   8|   0|    8|          0|
    |b_7_load_12_reg_9954                               |   8|   0|    8|          0|
    |b_7_load_13_reg_9959                               |   8|   0|    8|          0|
    |b_7_load_14_reg_10524                              |   8|   0|    8|          0|
    |b_7_load_15_reg_10529                              |   8|   0|    8|          0|
    |b_7_load_1_reg_6119                                |   8|   0|    8|          0|
    |b_7_load_2_reg_6754                                |   8|   0|    8|          0|
    |b_7_load_3_reg_6759                                |   8|   0|    8|          0|
    |b_7_load_4_reg_7394                                |   8|   0|    8|          0|
    |b_7_load_5_reg_7399                                |   8|   0|    8|          0|
    |b_7_load_6_reg_8034                                |   8|   0|    8|          0|
    |b_7_load_7_reg_8039                                |   8|   0|    8|          0|
    |b_7_load_8_reg_8674                                |   8|   0|    8|          0|
    |b_7_load_9_reg_8679                                |   8|   0|    8|          0|
    |b_7_load_reg_6114                                  |   8|   0|    8|          0|
    |b_8_load_10_reg_9334                               |   8|   0|    8|          0|
    |b_8_load_11_reg_9339                               |   8|   0|    8|          0|
    |b_8_load_12_reg_9974                               |   8|   0|    8|          0|
    |b_8_load_13_reg_9979                               |   8|   0|    8|          0|
    |b_8_load_14_reg_10534                              |   8|   0|    8|          0|
    |b_8_load_15_reg_10539                              |   8|   0|    8|          0|
    |b_8_load_1_reg_6139                                |   8|   0|    8|          0|
    |b_8_load_2_reg_6774                                |   8|   0|    8|          0|
    |b_8_load_3_reg_6779                                |   8|   0|    8|          0|
    |b_8_load_4_reg_7414                                |   8|   0|    8|          0|
    |b_8_load_5_reg_7419                                |   8|   0|    8|          0|
    |b_8_load_6_reg_8054                                |   8|   0|    8|          0|
    |b_8_load_7_reg_8059                                |   8|   0|    8|          0|
    |b_8_load_8_reg_8694                                |   8|   0|    8|          0|
    |b_8_load_9_reg_8699                                |   8|   0|    8|          0|
    |b_8_load_reg_6134                                  |   8|   0|    8|          0|
    |b_9_load_10_reg_9354                               |   8|   0|    8|          0|
    |b_9_load_11_reg_9359                               |   8|   0|    8|          0|
    |b_9_load_12_reg_9994                               |   8|   0|    8|          0|
    |b_9_load_13_reg_9999                               |   8|   0|    8|          0|
    |b_9_load_14_reg_10544                              |   8|   0|    8|          0|
    |b_9_load_15_reg_10549                              |   8|   0|    8|          0|
    |b_9_load_1_reg_6159                                |   8|   0|    8|          0|
    |b_9_load_2_reg_6794                                |   8|   0|    8|          0|
    |b_9_load_3_reg_6799                                |   8|   0|    8|          0|
    |b_9_load_4_reg_7434                                |   8|   0|    8|          0|
    |b_9_load_5_reg_7439                                |   8|   0|    8|          0|
    |b_9_load_6_reg_8074                                |   8|   0|    8|          0|
    |b_9_load_7_reg_8079                                |   8|   0|    8|          0|
    |b_9_load_8_reg_8714                                |   8|   0|    8|          0|
    |b_9_load_9_reg_8719                                |   8|   0|    8|          0|
    |b_9_load_reg_6154                                  |   8|   0|    8|          0|
    |grp_matrix_mult_Pipeline_Row_fu_5042_ap_start_reg  |   1|   0|    1|          0|
    +---------------------------------------------------+----+----+-----+-----------+
    |Total                                              |4107|   0| 4107|          0|
    +---------------------------------------------------+----+----+-----+-----------+



================================================================
== Interface
================================================================
* Summary: 
+------------------+-----+-----+------------+--------------+--------------+
|     RTL Ports    | Dir | Bits|  Protocol  | Source Object|    C Type    |
+------------------+-----+-----+------------+--------------+--------------+
|ap_clk            |   in|    1|  ap_ctrl_hs|   matrix_mult|  return value|
|ap_rst            |   in|    1|  ap_ctrl_hs|   matrix_mult|  return value|
|ap_start          |   in|    1|  ap_ctrl_hs|   matrix_mult|  return value|
|ap_done           |  out|    1|  ap_ctrl_hs|   matrix_mult|  return value|
|ap_idle           |  out|    1|  ap_ctrl_hs|   matrix_mult|  return value|
|ap_ready          |  out|    1|  ap_ctrl_hs|   matrix_mult|  return value|
|a_0_address0      |  out|    4|   ap_memory|           a_0|         array|
|a_0_ce0           |  out|    1|   ap_memory|           a_0|         array|
|a_0_q0            |   in|    8|   ap_memory|           a_0|         array|
|a_0_address1      |  out|    4|   ap_memory|           a_0|         array|
|a_0_ce1           |  out|    1|   ap_memory|           a_0|         array|
|a_0_q1            |   in|    8|   ap_memory|           a_0|         array|
|a_1_address0      |  out|    4|   ap_memory|           a_1|         array|
|a_1_ce0           |  out|    1|   ap_memory|           a_1|         array|
|a_1_q0            |   in|    8|   ap_memory|           a_1|         array|
|a_1_address1      |  out|    4|   ap_memory|           a_1|         array|
|a_1_ce1           |  out|    1|   ap_memory|           a_1|         array|
|a_1_q1            |   in|    8|   ap_memory|           a_1|         array|
|a_2_address0      |  out|    4|   ap_memory|           a_2|         array|
|a_2_ce0           |  out|    1|   ap_memory|           a_2|         array|
|a_2_q0            |   in|    8|   ap_memory|           a_2|         array|
|a_2_address1      |  out|    4|   ap_memory|           a_2|         array|
|a_2_ce1           |  out|    1|   ap_memory|           a_2|         array|
|a_2_q1            |   in|    8|   ap_memory|           a_2|         array|
|a_3_address0      |  out|    4|   ap_memory|           a_3|         array|
|a_3_ce0           |  out|    1|   ap_memory|           a_3|         array|
|a_3_q0            |   in|    8|   ap_memory|           a_3|         array|
|a_3_address1      |  out|    4|   ap_memory|           a_3|         array|
|a_3_ce1           |  out|    1|   ap_memory|           a_3|         array|
|a_3_q1            |   in|    8|   ap_memory|           a_3|         array|
|a_4_address0      |  out|    4|   ap_memory|           a_4|         array|
|a_4_ce0           |  out|    1|   ap_memory|           a_4|         array|
|a_4_q0            |   in|    8|   ap_memory|           a_4|         array|
|a_4_address1      |  out|    4|   ap_memory|           a_4|         array|
|a_4_ce1           |  out|    1|   ap_memory|           a_4|         array|
|a_4_q1            |   in|    8|   ap_memory|           a_4|         array|
|a_5_address0      |  out|    4|   ap_memory|           a_5|         array|
|a_5_ce0           |  out|    1|   ap_memory|           a_5|         array|
|a_5_q0            |   in|    8|   ap_memory|           a_5|         array|
|a_5_address1      |  out|    4|   ap_memory|           a_5|         array|
|a_5_ce1           |  out|    1|   ap_memory|           a_5|         array|
|a_5_q1            |   in|    8|   ap_memory|           a_5|         array|
|a_6_address0      |  out|    4|   ap_memory|           a_6|         array|
|a_6_ce0           |  out|    1|   ap_memory|           a_6|         array|
|a_6_q0            |   in|    8|   ap_memory|           a_6|         array|
|a_6_address1      |  out|    4|   ap_memory|           a_6|         array|
|a_6_ce1           |  out|    1|   ap_memory|           a_6|         array|
|a_6_q1            |   in|    8|   ap_memory|           a_6|         array|
|a_7_address0      |  out|    4|   ap_memory|           a_7|         array|
|a_7_ce0           |  out|    1|   ap_memory|           a_7|         array|
|a_7_q0            |   in|    8|   ap_memory|           a_7|         array|
|a_7_address1      |  out|    4|   ap_memory|           a_7|         array|
|a_7_ce1           |  out|    1|   ap_memory|           a_7|         array|
|a_7_q1            |   in|    8|   ap_memory|           a_7|         array|
|a_8_address0      |  out|    4|   ap_memory|           a_8|         array|
|a_8_ce0           |  out|    1|   ap_memory|           a_8|         array|
|a_8_q0            |   in|    8|   ap_memory|           a_8|         array|
|a_8_address1      |  out|    4|   ap_memory|           a_8|         array|
|a_8_ce1           |  out|    1|   ap_memory|           a_8|         array|
|a_8_q1            |   in|    8|   ap_memory|           a_8|         array|
|a_9_address0      |  out|    4|   ap_memory|           a_9|         array|
|a_9_ce0           |  out|    1|   ap_memory|           a_9|         array|
|a_9_q0            |   in|    8|   ap_memory|           a_9|         array|
|a_9_address1      |  out|    4|   ap_memory|           a_9|         array|
|a_9_ce1           |  out|    1|   ap_memory|           a_9|         array|
|a_9_q1            |   in|    8|   ap_memory|           a_9|         array|
|a_10_address0     |  out|    4|   ap_memory|          a_10|         array|
|a_10_ce0          |  out|    1|   ap_memory|          a_10|         array|
|a_10_q0           |   in|    8|   ap_memory|          a_10|         array|
|a_10_address1     |  out|    4|   ap_memory|          a_10|         array|
|a_10_ce1          |  out|    1|   ap_memory|          a_10|         array|
|a_10_q1           |   in|    8|   ap_memory|          a_10|         array|
|a_11_address0     |  out|    4|   ap_memory|          a_11|         array|
|a_11_ce0          |  out|    1|   ap_memory|          a_11|         array|
|a_11_q0           |   in|    8|   ap_memory|          a_11|         array|
|a_11_address1     |  out|    4|   ap_memory|          a_11|         array|
|a_11_ce1          |  out|    1|   ap_memory|          a_11|         array|
|a_11_q1           |   in|    8|   ap_memory|          a_11|         array|
|a_12_address0     |  out|    4|   ap_memory|          a_12|         array|
|a_12_ce0          |  out|    1|   ap_memory|          a_12|         array|
|a_12_q0           |   in|    8|   ap_memory|          a_12|         array|
|a_12_address1     |  out|    4|   ap_memory|          a_12|         array|
|a_12_ce1          |  out|    1|   ap_memory|          a_12|         array|
|a_12_q1           |   in|    8|   ap_memory|          a_12|         array|
|a_13_address0     |  out|    4|   ap_memory|          a_13|         array|
|a_13_ce0          |  out|    1|   ap_memory|          a_13|         array|
|a_13_q0           |   in|    8|   ap_memory|          a_13|         array|
|a_13_address1     |  out|    4|   ap_memory|          a_13|         array|
|a_13_ce1          |  out|    1|   ap_memory|          a_13|         array|
|a_13_q1           |   in|    8|   ap_memory|          a_13|         array|
|a_14_address0     |  out|    4|   ap_memory|          a_14|         array|
|a_14_ce0          |  out|    1|   ap_memory|          a_14|         array|
|a_14_q0           |   in|    8|   ap_memory|          a_14|         array|
|a_14_address1     |  out|    4|   ap_memory|          a_14|         array|
|a_14_ce1          |  out|    1|   ap_memory|          a_14|         array|
|a_14_q1           |   in|    8|   ap_memory|          a_14|         array|
|a_15_address0     |  out|    4|   ap_memory|          a_15|         array|
|a_15_ce0          |  out|    1|   ap_memory|          a_15|         array|
|a_15_q0           |   in|    8|   ap_memory|          a_15|         array|
|a_15_address1     |  out|    4|   ap_memory|          a_15|         array|
|a_15_ce1          |  out|    1|   ap_memory|          a_15|         array|
|a_15_q1           |   in|    8|   ap_memory|          a_15|         array|
|b_0_address0      |  out|    4|   ap_memory|           b_0|         array|
|b_0_ce0           |  out|    1|   ap_memory|           b_0|         array|
|b_0_q0            |   in|    8|   ap_memory|           b_0|         array|
|b_0_address1      |  out|    4|   ap_memory|           b_0|         array|
|b_0_ce1           |  out|    1|   ap_memory|           b_0|         array|
|b_0_q1            |   in|    8|   ap_memory|           b_0|         array|
|b_1_address0      |  out|    4|   ap_memory|           b_1|         array|
|b_1_ce0           |  out|    1|   ap_memory|           b_1|         array|
|b_1_q0            |   in|    8|   ap_memory|           b_1|         array|
|b_1_address1      |  out|    4|   ap_memory|           b_1|         array|
|b_1_ce1           |  out|    1|   ap_memory|           b_1|         array|
|b_1_q1            |   in|    8|   ap_memory|           b_1|         array|
|b_2_address0      |  out|    4|   ap_memory|           b_2|         array|
|b_2_ce0           |  out|    1|   ap_memory|           b_2|         array|
|b_2_q0            |   in|    8|   ap_memory|           b_2|         array|
|b_2_address1      |  out|    4|   ap_memory|           b_2|         array|
|b_2_ce1           |  out|    1|   ap_memory|           b_2|         array|
|b_2_q1            |   in|    8|   ap_memory|           b_2|         array|
|b_3_address0      |  out|    4|   ap_memory|           b_3|         array|
|b_3_ce0           |  out|    1|   ap_memory|           b_3|         array|
|b_3_q0            |   in|    8|   ap_memory|           b_3|         array|
|b_3_address1      |  out|    4|   ap_memory|           b_3|         array|
|b_3_ce1           |  out|    1|   ap_memory|           b_3|         array|
|b_3_q1            |   in|    8|   ap_memory|           b_3|         array|
|b_4_address0      |  out|    4|   ap_memory|           b_4|         array|
|b_4_ce0           |  out|    1|   ap_memory|           b_4|         array|
|b_4_q0            |   in|    8|   ap_memory|           b_4|         array|
|b_4_address1      |  out|    4|   ap_memory|           b_4|         array|
|b_4_ce1           |  out|    1|   ap_memory|           b_4|         array|
|b_4_q1            |   in|    8|   ap_memory|           b_4|         array|
|b_5_address0      |  out|    4|   ap_memory|           b_5|         array|
|b_5_ce0           |  out|    1|   ap_memory|           b_5|         array|
|b_5_q0            |   in|    8|   ap_memory|           b_5|         array|
|b_5_address1      |  out|    4|   ap_memory|           b_5|         array|
|b_5_ce1           |  out|    1|   ap_memory|           b_5|         array|
|b_5_q1            |   in|    8|   ap_memory|           b_5|         array|
|b_6_address0      |  out|    4|   ap_memory|           b_6|         array|
|b_6_ce0           |  out|    1|   ap_memory|           b_6|         array|
|b_6_q0            |   in|    8|   ap_memory|           b_6|         array|
|b_6_address1      |  out|    4|   ap_memory|           b_6|         array|
|b_6_ce1           |  out|    1|   ap_memory|           b_6|         array|
|b_6_q1            |   in|    8|   ap_memory|           b_6|         array|
|b_7_address0      |  out|    4|   ap_memory|           b_7|         array|
|b_7_ce0           |  out|    1|   ap_memory|           b_7|         array|
|b_7_q0            |   in|    8|   ap_memory|           b_7|         array|
|b_7_address1      |  out|    4|   ap_memory|           b_7|         array|
|b_7_ce1           |  out|    1|   ap_memory|           b_7|         array|
|b_7_q1            |   in|    8|   ap_memory|           b_7|         array|
|b_8_address0      |  out|    4|   ap_memory|           b_8|         array|
|b_8_ce0           |  out|    1|   ap_memory|           b_8|         array|
|b_8_q0            |   in|    8|   ap_memory|           b_8|         array|
|b_8_address1      |  out|    4|   ap_memory|           b_8|         array|
|b_8_ce1           |  out|    1|   ap_memory|           b_8|         array|
|b_8_q1            |   in|    8|   ap_memory|           b_8|         array|
|b_9_address0      |  out|    4|   ap_memory|           b_9|         array|
|b_9_ce0           |  out|    1|   ap_memory|           b_9|         array|
|b_9_q0            |   in|    8|   ap_memory|           b_9|         array|
|b_9_address1      |  out|    4|   ap_memory|           b_9|         array|
|b_9_ce1           |  out|    1|   ap_memory|           b_9|         array|
|b_9_q1            |   in|    8|   ap_memory|           b_9|         array|
|b_10_address0     |  out|    4|   ap_memory|          b_10|         array|
|b_10_ce0          |  out|    1|   ap_memory|          b_10|         array|
|b_10_q0           |   in|    8|   ap_memory|          b_10|         array|
|b_10_address1     |  out|    4|   ap_memory|          b_10|         array|
|b_10_ce1          |  out|    1|   ap_memory|          b_10|         array|
|b_10_q1           |   in|    8|   ap_memory|          b_10|         array|
|b_11_address0     |  out|    4|   ap_memory|          b_11|         array|
|b_11_ce0          |  out|    1|   ap_memory|          b_11|         array|
|b_11_q0           |   in|    8|   ap_memory|          b_11|         array|
|b_11_address1     |  out|    4|   ap_memory|          b_11|         array|
|b_11_ce1          |  out|    1|   ap_memory|          b_11|         array|
|b_11_q1           |   in|    8|   ap_memory|          b_11|         array|
|b_12_address0     |  out|    4|   ap_memory|          b_12|         array|
|b_12_ce0          |  out|    1|   ap_memory|          b_12|         array|
|b_12_q0           |   in|    8|   ap_memory|          b_12|         array|
|b_12_address1     |  out|    4|   ap_memory|          b_12|         array|
|b_12_ce1          |  out|    1|   ap_memory|          b_12|         array|
|b_12_q1           |   in|    8|   ap_memory|          b_12|         array|
|b_13_address0     |  out|    4|   ap_memory|          b_13|         array|
|b_13_ce0          |  out|    1|   ap_memory|          b_13|         array|
|b_13_q0           |   in|    8|   ap_memory|          b_13|         array|
|b_13_address1     |  out|    4|   ap_memory|          b_13|         array|
|b_13_ce1          |  out|    1|   ap_memory|          b_13|         array|
|b_13_q1           |   in|    8|   ap_memory|          b_13|         array|
|b_14_address0     |  out|    4|   ap_memory|          b_14|         array|
|b_14_ce0          |  out|    1|   ap_memory|          b_14|         array|
|b_14_q0           |   in|    8|   ap_memory|          b_14|         array|
|b_14_address1     |  out|    4|   ap_memory|          b_14|         array|
|b_14_ce1          |  out|    1|   ap_memory|          b_14|         array|
|b_14_q1           |   in|    8|   ap_memory|          b_14|         array|
|b_15_address0     |  out|    4|   ap_memory|          b_15|         array|
|b_15_ce0          |  out|    1|   ap_memory|          b_15|         array|
|b_15_q0           |   in|    8|   ap_memory|          b_15|         array|
|b_15_address1     |  out|    4|   ap_memory|          b_15|         array|
|b_15_ce1          |  out|    1|   ap_memory|          b_15|         array|
|b_15_q1           |   in|    8|   ap_memory|          b_15|         array|
|prod_0_address0   |  out|    4|   ap_memory|        prod_0|         array|
|prod_0_ce0        |  out|    1|   ap_memory|        prod_0|         array|
|prod_0_we0        |  out|    1|   ap_memory|        prod_0|         array|
|prod_0_d0         |  out|   32|   ap_memory|        prod_0|         array|
|prod_1_address0   |  out|    4|   ap_memory|        prod_1|         array|
|prod_1_ce0        |  out|    1|   ap_memory|        prod_1|         array|
|prod_1_we0        |  out|    1|   ap_memory|        prod_1|         array|
|prod_1_d0         |  out|   32|   ap_memory|        prod_1|         array|
|prod_2_address0   |  out|    4|   ap_memory|        prod_2|         array|
|prod_2_ce0        |  out|    1|   ap_memory|        prod_2|         array|
|prod_2_we0        |  out|    1|   ap_memory|        prod_2|         array|
|prod_2_d0         |  out|   32|   ap_memory|        prod_2|         array|
|prod_3_address0   |  out|    4|   ap_memory|        prod_3|         array|
|prod_3_ce0        |  out|    1|   ap_memory|        prod_3|         array|
|prod_3_we0        |  out|    1|   ap_memory|        prod_3|         array|
|prod_3_d0         |  out|   32|   ap_memory|        prod_3|         array|
|prod_4_address0   |  out|    4|   ap_memory|        prod_4|         array|
|prod_4_ce0        |  out|    1|   ap_memory|        prod_4|         array|
|prod_4_we0        |  out|    1|   ap_memory|        prod_4|         array|
|prod_4_d0         |  out|   32|   ap_memory|        prod_4|         array|
|prod_5_address0   |  out|    4|   ap_memory|        prod_5|         array|
|prod_5_ce0        |  out|    1|   ap_memory|        prod_5|         array|
|prod_5_we0        |  out|    1|   ap_memory|        prod_5|         array|
|prod_5_d0         |  out|   32|   ap_memory|        prod_5|         array|
|prod_6_address0   |  out|    4|   ap_memory|        prod_6|         array|
|prod_6_ce0        |  out|    1|   ap_memory|        prod_6|         array|
|prod_6_we0        |  out|    1|   ap_memory|        prod_6|         array|
|prod_6_d0         |  out|   32|   ap_memory|        prod_6|         array|
|prod_7_address0   |  out|    4|   ap_memory|        prod_7|         array|
|prod_7_ce0        |  out|    1|   ap_memory|        prod_7|         array|
|prod_7_we0        |  out|    1|   ap_memory|        prod_7|         array|
|prod_7_d0         |  out|   32|   ap_memory|        prod_7|         array|
|prod_8_address0   |  out|    4|   ap_memory|        prod_8|         array|
|prod_8_ce0        |  out|    1|   ap_memory|        prod_8|         array|
|prod_8_we0        |  out|    1|   ap_memory|        prod_8|         array|
|prod_8_d0         |  out|   32|   ap_memory|        prod_8|         array|
|prod_9_address0   |  out|    4|   ap_memory|        prod_9|         array|
|prod_9_ce0        |  out|    1|   ap_memory|        prod_9|         array|
|prod_9_we0        |  out|    1|   ap_memory|        prod_9|         array|
|prod_9_d0         |  out|   32|   ap_memory|        prod_9|         array|
|prod_10_address0  |  out|    4|   ap_memory|       prod_10|         array|
|prod_10_ce0       |  out|    1|   ap_memory|       prod_10|         array|
|prod_10_we0       |  out|    1|   ap_memory|       prod_10|         array|
|prod_10_d0        |  out|   32|   ap_memory|       prod_10|         array|
|prod_11_address0  |  out|    4|   ap_memory|       prod_11|         array|
|prod_11_ce0       |  out|    1|   ap_memory|       prod_11|         array|
|prod_11_we0       |  out|    1|   ap_memory|       prod_11|         array|
|prod_11_d0        |  out|   32|   ap_memory|       prod_11|         array|
|prod_12_address0  |  out|    4|   ap_memory|       prod_12|         array|
|prod_12_ce0       |  out|    1|   ap_memory|       prod_12|         array|
|prod_12_we0       |  out|    1|   ap_memory|       prod_12|         array|
|prod_12_d0        |  out|   32|   ap_memory|       prod_12|         array|
|prod_13_address0  |  out|    4|   ap_memory|       prod_13|         array|
|prod_13_ce0       |  out|    1|   ap_memory|       prod_13|         array|
|prod_13_we0       |  out|    1|   ap_memory|       prod_13|         array|
|prod_13_d0        |  out|   32|   ap_memory|       prod_13|         array|
|prod_14_address0  |  out|    4|   ap_memory|       prod_14|         array|
|prod_14_ce0       |  out|    1|   ap_memory|       prod_14|         array|
|prod_14_we0       |  out|    1|   ap_memory|       prod_14|         array|
|prod_14_d0        |  out|   32|   ap_memory|       prod_14|         array|
|prod_15_address0  |  out|    4|   ap_memory|       prod_15|         array|
|prod_15_ce0       |  out|    1|   ap_memory|       prod_15|         array|
|prod_15_we0       |  out|    1|   ap_memory|       prod_15|         array|
|prod_15_d0        |  out|   32|   ap_memory|       prod_15|         array|
+------------------+-----+-----+------------+--------------+--------------+

