

================================================================
== Vitis HLS Report for 'matrix_mult_Pipeline_Product'
================================================================
* Date:           Sat Feb 17 04:35:55 2024

* Version:        2022.1 (Build 3526262 on Mon Apr 18 15:47:01 MDT 2022)
* Project:        gemmhls_int
* Solution:       pipeline_II_3 (Vivado IP Flow Target)
* Product family: zynq
* Target device:  xc7z020-clg400-1


================================================================
== Performance Estimates
================================================================
+ Timing: 
    * Summary: 
    +--------+----------+----------+------------+
    |  Clock |  Target  | Estimated| Uncertainty|
    +--------+----------+----------+------------+
    |ap_clk  |  10.00 ns|  5.169 ns|     2.70 ns|
    +--------+----------+----------+------------+

+ Latency: 
    * Summary: 
    +---------+---------+----------+----------+-----+-----+---------+
    |  Latency (cycles) |  Latency (absolute) |  Interval | Pipeline|
    |   min   |   max   |    min   |    max   | min | max |   Type  |
    +---------+---------+----------+----------+-----+-----+---------+
    |       51|       51|  0.510 us|  0.510 us|   51|   51|       no|
    +---------+---------+----------+----------+-----+-----+---------+

    + Detail: 
        * Instance: 
        N/A

        * Loop: 
        +-----------+---------+---------+----------+-----------+-----------+------+----------+
        |           |  Latency (cycles) | Iteration|  Initiation Interval  | Trip |          |
        | Loop Name |   min   |   max   |  Latency |  achieved |   target  | Count| Pipelined|
        +-----------+---------+---------+----------+-----------+-----------+------+----------+
        |- Product  |       49|       49|         5|          3|          3|    16|       yes|
        +-----------+---------+---------+----------+-----------+-----------+------+----------+



================================================================
== Utilization Estimates
================================================================
* Summary: 
+-----------------+---------+-----+--------+-------+-----+
|       Name      | BRAM_18K| DSP |   FF   |  LUT  | URAM|
+-----------------+---------+-----+--------+-------+-----+
|DSP              |        -|    1|       -|      -|    -|
|Expression       |        -|    -|       0|     55|    -|
|FIFO             |        -|    -|       -|      -|    -|
|Instance         |        -|    -|       -|      -|    -|
|Memory           |        -|    -|       -|      -|    -|
|Multiplexer      |        -|    -|       -|     83|    -|
|Register         |        -|    -|      32|      -|    -|
+-----------------+---------+-----+--------+-------+-----+
|Total            |        0|    1|      32|    138|    0|
+-----------------+---------+-----+--------+-------+-----+
|Available        |      280|  220|  106400|  53200|    0|
+-----------------+---------+-----+--------+-------+-----+
|Utilization (%)  |        0|   ~0|      ~0|     ~0|    0|
+-----------------+---------+-----+--------+-------+-----+

+ Detail: 
    * Instance: 
    N/A

    * DSP: 
    +-----------------------------------+--------------------------------+--------------+
    |              Instance             |             Module             |  Expression  |
    +-----------------------------------+--------------------------------+--------------+
    |mac_muladd_8ns_8ns_20ns_20_4_1_U1  |mac_muladd_8ns_8ns_20ns_20_4_1  |  i0 * i1 + i2|
    +-----------------------------------+--------------------------------+--------------+

    * Memory: 
    N/A

    * FIFO: 
    N/A

    * Expression: 
    +-----------------------+----------+----+---+----+------------+------------+
    |     Variable Name     | Operation| DSP| FF| LUT| Bitwidth P0| Bitwidth P1|
    +-----------------------+----------+----+---+----+------------+------------+
    |add_ln15_fu_134_p2     |         +|   0|  0|  13|           5|           1|
    |add_ln232_1_fu_163_p2  |         +|   0|  0|  15|           8|           8|
    |add_ln232_fu_144_p2    |         +|   0|  0|  15|           8|           8|
    |icmp_ln15_fu_128_p2    |      icmp|   0|  0|  10|           5|           6|
    |ap_enable_pp0          |       xor|   0|  0|   2|           1|           2|
    +-----------------------+----------+----+---+----+------------+------------+
    |Total                  |          |   0|  0|  55|          27|          25|
    +-----------------------+----------+----+---+----+------------+------------+

    * Multiplexer: 
    +-----------------------------+----+-----------+-----+-----------+
    |             Name            | LUT| Input Size| Bits| Total Bits|
    +-----------------------------+----+-----------+-----+-----------+
    |ap_NS_fsm                    |  20|          4|    1|          4|
    |ap_done_int                  |   9|          2|    1|          2|
    |ap_enable_reg_pp0_iter0      |   9|          2|    1|          2|
    |ap_enable_reg_pp0_iter0_reg  |   9|          2|    1|          2|
    |ap_enable_reg_pp0_iter1      |   9|          2|    1|          2|
    |ap_sig_allocacmp_k_1         |   9|          2|    5|         10|
    |empty_fu_54                  |   9|          2|   20|         40|
    |k_fu_58                      |   9|          2|    5|         10|
    +-----------------------------+----+-----------+-----+-----------+
    |Total                        |  83|         18|   35|         72|
    +-----------------------------+----+-----------+-----+-----------+

    * Register: 
    +-----------------------------+----+----+-----+-----------+
    |             Name            | FF | LUT| Bits| Const Bits|
    +-----------------------------+----+----+-----+-----------+
    |ap_CS_fsm                    |   3|   0|    3|          0|
    |ap_done_reg                  |   1|   0|    1|          0|
    |ap_enable_reg_pp0_iter0_reg  |   1|   0|    1|          0|
    |ap_enable_reg_pp0_iter1      |   1|   0|    1|          0|
    |empty_fu_54                  |  20|   0|   20|          0|
    |icmp_ln15_reg_222            |   1|   0|    1|          0|
    |k_fu_58                      |   5|   0|    5|          0|
    +-----------------------------+----+----+-----+-----------+
    |Total                        |  32|   0|   32|          0|
    +-----------------------------+----+----+-----+-----------+



================================================================
== Interface
================================================================
* Summary: 
+--------------+-----+-----+------------+------------------------------+--------------+
|   RTL Ports  | Dir | Bits|  Protocol  |         Source Object        |    C Type    |
+--------------+-----+-----+------------+------------------------------+--------------+
|ap_clk        |   in|    1|  ap_ctrl_hs|  matrix_mult_Pipeline_Product|  return value|
|ap_rst        |   in|    1|  ap_ctrl_hs|  matrix_mult_Pipeline_Product|  return value|
|ap_start      |   in|    1|  ap_ctrl_hs|  matrix_mult_Pipeline_Product|  return value|
|ap_done       |  out|    1|  ap_ctrl_hs|  matrix_mult_Pipeline_Product|  return value|
|ap_idle       |  out|    1|  ap_ctrl_hs|  matrix_mult_Pipeline_Product|  return value|
|ap_ready      |  out|    1|  ap_ctrl_hs|  matrix_mult_Pipeline_Product|  return value|
|zext_ln232_2  |   in|    8|     ap_none|                  zext_ln232_2|        scalar|
|a_address0    |  out|    8|   ap_memory|                             a|         array|
|a_ce0         |  out|    1|   ap_memory|                             a|         array|
|a_q0          |   in|    8|   ap_memory|                             a|         array|
|zext_ln12     |   in|    5|     ap_none|                     zext_ln12|        scalar|
|b_address0    |  out|    8|   ap_memory|                             b|         array|
|b_ce0         |  out|    1|   ap_memory|                             b|         array|
|b_q0          |   in|    8|   ap_memory|                             b|         array|
|p_out         |  out|   20|      ap_vld|                         p_out|       pointer|
|p_out_ap_vld  |  out|    1|      ap_vld|                         p_out|       pointer|
+--------------+-----+-----+------------+------------------------------+--------------+

