Hold Summary report for lab1
Wed Feb  7 02:46:27 2024
Quartus Prime Version 23.4.0 Build 79 11/22/2023 SC Pro Edition


---------------------
; Table of Contents ;
---------------------
  1. Legal Notice
  2. Hold Summary



----------------
; Legal Notice ;
----------------
Copyright (C) 2023  Intel Corporation. All rights reserved.
Your use of Intel Corporation's design tools, logic functions 
and other software and tools, and any partner logic 
functions, and any output files from any of the foregoing 
(including device programming or simulation files), and any 
associated documentation or information are expressly subject 
to the terms and conditions of the Intel Program License 
Subscription Agreement, the Intel Quartus Prime License Agreement,
the Intel FPGA IP License Agreement, or other applicable license
agreement, including, without limitation, that your use is for
the sole purpose of programming logic devices manufactured by
Intel and sold by Intel or its authorized distributors.  Please
refer to the Intel FPGA Software License Subscription Agreements 
on the Quartus Prime software download page.



+--------------------------------------------------------------------------------------+
; Hold Summary                                                                         ;
+-------+-------+---------------+--------------------+---------------------------------+
; Clock ; Slack ; End Point TNS ; Failing End Points ; Worst-Case Operating Conditions ;
+-------+-------+---------------+--------------------+---------------------------------+
; clk   ; 0.079 ; 0.000         ; 0                  ; Fast 900mV -40C Model           ;
+-------+-------+---------------+--------------------+---------------------------------+
Delay Models:
Slow 900mV 100C Model
Slow 900mV -40C Model
Fast 900mV 100C Model
Fast 900mV -40C Model


