On-Chip Power Dissipation by Block Type report for lab1
Wed Feb  7 02:45:50 2024
Quartus Prime Version 23.4.0 Build 79 11/22/2023 SC Pro Edition


---------------------
; Table of Contents ;
---------------------
  1. Legal Notice
  2. On-Chip Power Dissipation by Block Type



----------------
; Legal Notice ;
----------------
Copyright (C) 2023  Intel Corporation. All rights reserved.
Your use of Intel Corporation's design tools, logic functions 
and other software and tools, and any partner logic 
functions, and any output files from any of the foregoing 
(including device programming or simulation files), and any 
associated documentation or information are expressly subject 
to the terms and conditions of the Intel Program License 
Subscription Agreement, the Intel Quartus Prime License Agreement,
the Intel FPGA IP License Agreement, or other applicable license
agreement, including, without limitation, that your use is for
the sole purpose of programming logic devices manufactured by
Intel and sold by Intel or its authorized distributors.  Please
refer to the Intel FPGA Software License Subscription Agreements 
on the Quartus Prime software download page.



+----------------------------------------------------------------------------------------------------------------------------------------------------+
; On-Chip Power Dissipation by Block Type                                                                                                            ;
+--------------------+-----------------------------------+-----------------------------+-----------------------------+-------------------------------+
; Block Type         ; Total On-Chip Power by Block Type ; Block On-Chip Dynamic Power ; Block On-Chip Standby Power ; Routing On-Chip Dynamic Power ;
+--------------------+-----------------------------------+-----------------------------+-----------------------------+-------------------------------+
; DSP                ; 0.80 mW                           ; 0.66 mW                     ; 0.00 mW                     ; 0.14 mW                       ;
; Combinational cell ; 0.15 mW                           ; 0.04 mW                     ; 0.00 mW                     ; 0.11 mW                       ;
; Register cell      ; 0.03 mW                           ; 0.01 mW                     ; 0.00 mW                     ; 0.02 mW                       ;
; IO Analog          ; 0.14 mW                           ; 0.13 mW                     ; 0.01 mW                     ; 0.00 mW                       ;
; IO Digital         ; 0.05 mW                           ; 0.00 mW                     ; 0.05 mW                     ; 0.00 mW                       ;
; Clock Network      ; 2.52 mW                           ; 0.04 mW                     ; 0.00 mW                     ; 2.48 mW                       ;
+--------------------+-----------------------------------+-----------------------------+-----------------------------+-------------------------------+


