

================================================================
== Vitis HLS Report for 'matrix_mult'
================================================================
* Date:           Fri Mar  1 20:54:40 2024

* Version:        2022.1 (Build 3526262 on Mon Apr 18 15:47:01 MDT 2022)
* Project:        gemmhls_int
* Solution:       day2_opt2 (Vivado IP Flow Target)
* Product family: zynq
* Target device:  xc7z020-clg400-1


================================================================
== Performance Estimates
================================================================
+ Timing: 
    * Summary: 
    +--------+----------+----------+------------+
    |  Clock |  Target  | Estimated| Uncertainty|
    +--------+----------+----------+------------+
    |ap_clk  |  10.00 ns|  6.343 ns|     2.70 ns|
    +--------+----------+----------+------------+

+ Latency: 
    * Summary: 
    +---------+---------+----------+----------+-----+-----+---------+
    |  Latency (cycles) |  Latency (absolute) |  Interval | Pipeline|
    |   min   |   max   |    min   |    max   | min | max |   Type  |
    +---------+---------+----------+----------+-----+-----+---------+
    |       38|       38|  0.380 us|  0.380 us|   39|   39|       no|
    +---------+---------+----------+----------+-----+-----+---------+

    + Detail: 
        * Instance: 
        +--------------------------------------+--------------------------+---------+---------+----------+----------+-----+-----+---------+
        |                                      |                          |  Latency (cycles) |  Latency (absolute) |  Interval | Pipeline|
        |               Instance               |          Module          |   min   |   max   |    min   |    max   | min | max |   Type  |
        +--------------------------------------+--------------------------+---------+---------+----------+----------+-----+-----+---------+
        |grp_matrix_mult_Pipeline_Row_fu_4926  |matrix_mult_Pipeline_Row  |       21|       21|  0.210 us|  0.210 us|   21|   21|       no|
        +--------------------------------------+--------------------------+---------+---------+----------+----------+-----+-----+---------+

        * Loop: 
        N/A



================================================================
== Utilization Estimates
================================================================
* Summary: 
+-----------------+---------+-----+--------+-------+-----+
|       Name      | BRAM_18K| DSP |   FF   |  LUT  | URAM|
+-----------------+---------+-----+--------+-------+-----+
|DSP              |        -|    -|       -|      -|    -|
|Expression       |        -|    -|       -|      -|    -|
|FIFO             |        -|    -|       -|      -|    -|
|Instance         |        0|  128|    1879|   9429|    -|
|Memory           |        -|    -|       -|      -|    -|
|Multiplexer      |        -|    -|       -|   2685|    -|
|Register         |        -|    -|    4115|      -|    -|
+-----------------+---------+-----+--------+-------+-----+
|Total            |        0|  128|    5994|  12114|    0|
+-----------------+---------+-----+--------+-------+-----+
|Available        |      280|  220|  106400|  53200|    0|
+-----------------+---------+-----+--------+-------+-----+
|Utilization (%)  |        0|   58|       5|     22|    0|
+-----------------+---------+-----+--------+-------+-----+

+ Detail: 
    * Instance: 
    +--------------------------------------+--------------------------+---------+-----+------+------+-----+
    |               Instance               |          Module          | BRAM_18K| DSP |  FF  |  LUT | URAM|
    +--------------------------------------+--------------------------+---------+-----+------+------+-----+
    |control_s_axi_U                       |control_s_axi             |        0|    0|    36|    40|    0|
    |grp_matrix_mult_Pipeline_Row_fu_4926  |matrix_mult_Pipeline_Row  |        0|  128|  1843|  9389|    0|
    +--------------------------------------+--------------------------+---------+-----+------+------+-----+
    |Total                                 |                          |        0|  128|  1879|  9429|    0|
    +--------------------------------------+--------------------------+---------+-----+------+------+-----+

    * DSP: 
    N/A

    * Memory: 
    N/A

    * FIFO: 
    N/A

    * Expression: 
    N/A

    * Multiplexer: 
    +------------------+----+-----------+-----+-----------+
    |       Name       | LUT| Input Size| Bits| Total Bits|
    +------------------+----+-----------+-----+-----------+
    |a_0_Addr_A_orig   |  81|         17|   32|        544|
    |a_10_Addr_A_orig  |  81|         17|   32|        544|
    |a_11_Addr_A_orig  |  81|         17|   32|        544|
    |a_12_Addr_A_orig  |  81|         17|   32|        544|
    |a_13_Addr_A_orig  |  81|         17|   32|        544|
    |a_14_Addr_A_orig  |  81|         17|   32|        544|
    |a_15_Addr_A_orig  |  81|         17|   32|        544|
    |a_1_Addr_A_orig   |  81|         17|   32|        544|
    |a_2_Addr_A_orig   |  81|         17|   32|        544|
    |a_3_Addr_A_orig   |  81|         17|   32|        544|
    |a_4_Addr_A_orig   |  81|         17|   32|        544|
    |a_5_Addr_A_orig   |  81|         17|   32|        544|
    |a_6_Addr_A_orig   |  81|         17|   32|        544|
    |a_7_Addr_A_orig   |  81|         17|   32|        544|
    |a_8_Addr_A_orig   |  81|         17|   32|        544|
    |a_9_Addr_A_orig   |  81|         17|   32|        544|
    |ap_NS_fsm         |  93|         19|    1|         19|
    |b_0_Addr_A_orig   |  81|         17|   32|        544|
    |b_10_Addr_A_orig  |  81|         17|   32|        544|
    |b_11_Addr_A_orig  |  81|         17|   32|        544|
    |b_12_Addr_A_orig  |  81|         17|   32|        544|
    |b_13_Addr_A_orig  |  81|         17|   32|        544|
    |b_14_Addr_A_orig  |  81|         17|   32|        544|
    |b_15_Addr_A_orig  |  81|         17|   32|        544|
    |b_1_Addr_A_orig   |  81|         17|   32|        544|
    |b_2_Addr_A_orig   |  81|         17|   32|        544|
    |b_3_Addr_A_orig   |  81|         17|   32|        544|
    |b_4_Addr_A_orig   |  81|         17|   32|        544|
    |b_5_Addr_A_orig   |  81|         17|   32|        544|
    |b_6_Addr_A_orig   |  81|         17|   32|        544|
    |b_7_Addr_A_orig   |  81|         17|   32|        544|
    |b_8_Addr_A_orig   |  81|         17|   32|        544|
    |b_9_Addr_A_orig   |  81|         17|   32|        544|
    +------------------+----+-----------+-----+-----------+
    |Total             |2685|        563| 1025|      17427|
    +------------------+----+-----------+-----+-----------+

    * Register: 
    +---------------------------------------------------+----+----+-----+-----------+
    |                        Name                       | FF | LUT| Bits| Const Bits|
    +---------------------------------------------------+----+----+-----+-----------+
    |a_0_load_10_reg_9026                               |   8|   0|    8|          0|
    |a_0_load_11_reg_9346                               |   8|   0|    8|          0|
    |a_0_load_12_reg_9666                               |   8|   0|    8|          0|
    |a_0_load_13_reg_9986                               |   8|   0|    8|          0|
    |a_0_load_14_reg_10306                              |   8|   0|    8|          0|
    |a_0_load_15_reg_10546                              |   8|   0|    8|          0|
    |a_0_load_1_reg_6146                                |   8|   0|    8|          0|
    |a_0_load_2_reg_6466                                |   8|   0|    8|          0|
    |a_0_load_3_reg_6786                                |   8|   0|    8|          0|
    |a_0_load_4_reg_7106                                |   8|   0|    8|          0|
    |a_0_load_5_reg_7426                                |   8|   0|    8|          0|
    |a_0_load_6_reg_7746                                |   8|   0|    8|          0|
    |a_0_load_7_reg_8066                                |   8|   0|    8|          0|
    |a_0_load_8_reg_8386                                |   8|   0|    8|          0|
    |a_0_load_9_reg_8706                                |   8|   0|    8|          0|
    |a_0_load_reg_5826                                  |   8|   0|    8|          0|
    |a_10_load_10_reg_9076                              |   8|   0|    8|          0|
    |a_10_load_11_reg_9396                              |   8|   0|    8|          0|
    |a_10_load_12_reg_9716                              |   8|   0|    8|          0|
    |a_10_load_13_reg_10036                             |   8|   0|    8|          0|
    |a_10_load_14_reg_10356                             |   8|   0|    8|          0|
    |a_10_load_15_reg_10596                             |   8|   0|    8|          0|
    |a_10_load_1_reg_6196                               |   8|   0|    8|          0|
    |a_10_load_2_reg_6516                               |   8|   0|    8|          0|
    |a_10_load_3_reg_6836                               |   8|   0|    8|          0|
    |a_10_load_4_reg_7156                               |   8|   0|    8|          0|
    |a_10_load_5_reg_7476                               |   8|   0|    8|          0|
    |a_10_load_6_reg_7796                               |   8|   0|    8|          0|
    |a_10_load_7_reg_8116                               |   8|   0|    8|          0|
    |a_10_load_8_reg_8436                               |   8|   0|    8|          0|
    |a_10_load_9_reg_8756                               |   8|   0|    8|          0|
    |a_10_load_reg_5876                                 |   8|   0|    8|          0|
    |a_11_load_10_reg_9081                              |   8|   0|    8|          0|
    |a_11_load_11_reg_9401                              |   8|   0|    8|          0|
    |a_11_load_12_reg_9721                              |   8|   0|    8|          0|
    |a_11_load_13_reg_10041                             |   8|   0|    8|          0|
    |a_11_load_14_reg_10361                             |   8|   0|    8|          0|
    |a_11_load_15_reg_10601                             |   8|   0|    8|          0|
    |a_11_load_1_reg_6201                               |   8|   0|    8|          0|
    |a_11_load_2_reg_6521                               |   8|   0|    8|          0|
    |a_11_load_3_reg_6841                               |   8|   0|    8|          0|
    |a_11_load_4_reg_7161                               |   8|   0|    8|          0|
    |a_11_load_5_reg_7481                               |   8|   0|    8|          0|
    |a_11_load_6_reg_7801                               |   8|   0|    8|          0|
    |a_11_load_7_reg_8121                               |   8|   0|    8|          0|
    |a_11_load_8_reg_8441                               |   8|   0|    8|          0|
    |a_11_load_9_reg_8761                               |   8|   0|    8|          0|
    |a_11_load_reg_5881                                 |   8|   0|    8|          0|
    |a_12_load_10_reg_9086                              |   8|   0|    8|          0|
    |a_12_load_11_reg_9406                              |   8|   0|    8|          0|
    |a_12_load_12_reg_9726                              |   8|   0|    8|          0|
    |a_12_load_13_reg_10046                             |   8|   0|    8|          0|
    |a_12_load_14_reg_10366                             |   8|   0|    8|          0|
    |a_12_load_15_reg_10606                             |   8|   0|    8|          0|
    |a_12_load_1_reg_6206                               |   8|   0|    8|          0|
    |a_12_load_2_reg_6526                               |   8|   0|    8|          0|
    |a_12_load_3_reg_6846                               |   8|   0|    8|          0|
    |a_12_load_4_reg_7166                               |   8|   0|    8|          0|
    |a_12_load_5_reg_7486                               |   8|   0|    8|          0|
    |a_12_load_6_reg_7806                               |   8|   0|    8|          0|
    |a_12_load_7_reg_8126                               |   8|   0|    8|          0|
    |a_12_load_8_reg_8446                               |   8|   0|    8|          0|
    |a_12_load_9_reg_8766                               |   8|   0|    8|          0|
    |a_12_load_reg_5886                                 |   8|   0|    8|          0|
    |a_13_load_10_reg_9091                              |   8|   0|    8|          0|
    |a_13_load_11_reg_9411                              |   8|   0|    8|          0|
    |a_13_load_12_reg_9731                              |   8|   0|    8|          0|
    |a_13_load_13_reg_10051                             |   8|   0|    8|          0|
    |a_13_load_14_reg_10371                             |   8|   0|    8|          0|
    |a_13_load_15_reg_10611                             |   8|   0|    8|          0|
    |a_13_load_1_reg_6211                               |   8|   0|    8|          0|
    |a_13_load_2_reg_6531                               |   8|   0|    8|          0|
    |a_13_load_3_reg_6851                               |   8|   0|    8|          0|
    |a_13_load_4_reg_7171                               |   8|   0|    8|          0|
    |a_13_load_5_reg_7491                               |   8|   0|    8|          0|
    |a_13_load_6_reg_7811                               |   8|   0|    8|          0|
    |a_13_load_7_reg_8131                               |   8|   0|    8|          0|
    |a_13_load_8_reg_8451                               |   8|   0|    8|          0|
    |a_13_load_9_reg_8771                               |   8|   0|    8|          0|
    |a_13_load_reg_5891                                 |   8|   0|    8|          0|
    |a_14_load_10_reg_9096                              |   8|   0|    8|          0|
    |a_14_load_11_reg_9416                              |   8|   0|    8|          0|
    |a_14_load_12_reg_9736                              |   8|   0|    8|          0|
    |a_14_load_13_reg_10056                             |   8|   0|    8|          0|
    |a_14_load_14_reg_10376                             |   8|   0|    8|          0|
    |a_14_load_15_reg_10616                             |   8|   0|    8|          0|
    |a_14_load_1_reg_6216                               |   8|   0|    8|          0|
    |a_14_load_2_reg_6536                               |   8|   0|    8|          0|
    |a_14_load_3_reg_6856                               |   8|   0|    8|          0|
    |a_14_load_4_reg_7176                               |   8|   0|    8|          0|
    |a_14_load_5_reg_7496                               |   8|   0|    8|          0|
    |a_14_load_6_reg_7816                               |   8|   0|    8|          0|
    |a_14_load_7_reg_8136                               |   8|   0|    8|          0|
    |a_14_load_8_reg_8456                               |   8|   0|    8|          0|
    |a_14_load_9_reg_8776                               |   8|   0|    8|          0|
    |a_14_load_reg_5896                                 |   8|   0|    8|          0|
    |a_15_load_10_reg_9101                              |   8|   0|    8|          0|
    |a_15_load_11_reg_9421                              |   8|   0|    8|          0|
    |a_15_load_12_reg_9741                              |   8|   0|    8|          0|
    |a_15_load_13_reg_10061                             |   8|   0|    8|          0|
    |a_15_load_14_reg_10381                             |   8|   0|    8|          0|
    |a_15_load_15_reg_10621                             |   8|   0|    8|          0|
    |a_15_load_1_reg_6221                               |   8|   0|    8|          0|
    |a_15_load_2_reg_6541                               |   8|   0|    8|          0|
    |a_15_load_3_reg_6861                               |   8|   0|    8|          0|
    |a_15_load_4_reg_7181                               |   8|   0|    8|          0|
    |a_15_load_5_reg_7501                               |   8|   0|    8|          0|
    |a_15_load_6_reg_7821                               |   8|   0|    8|          0|
    |a_15_load_7_reg_8141                               |   8|   0|    8|          0|
    |a_15_load_8_reg_8461                               |   8|   0|    8|          0|
    |a_15_load_9_reg_8781                               |   8|   0|    8|          0|
    |a_15_load_reg_5901                                 |   8|   0|    8|          0|
    |a_1_load_10_reg_9031                               |   8|   0|    8|          0|
    |a_1_load_11_reg_9351                               |   8|   0|    8|          0|
    |a_1_load_12_reg_9671                               |   8|   0|    8|          0|
    |a_1_load_13_reg_9991                               |   8|   0|    8|          0|
    |a_1_load_14_reg_10311                              |   8|   0|    8|          0|
    |a_1_load_15_reg_10551                              |   8|   0|    8|          0|
    |a_1_load_1_reg_6151                                |   8|   0|    8|          0|
    |a_1_load_2_reg_6471                                |   8|   0|    8|          0|
    |a_1_load_3_reg_6791                                |   8|   0|    8|          0|
    |a_1_load_4_reg_7111                                |   8|   0|    8|          0|
    |a_1_load_5_reg_7431                                |   8|   0|    8|          0|
    |a_1_load_6_reg_7751                                |   8|   0|    8|          0|
    |a_1_load_7_reg_8071                                |   8|   0|    8|          0|
    |a_1_load_8_reg_8391                                |   8|   0|    8|          0|
    |a_1_load_9_reg_8711                                |   8|   0|    8|          0|
    |a_1_load_reg_5831                                  |   8|   0|    8|          0|
    |a_2_load_10_reg_9036                               |   8|   0|    8|          0|
    |a_2_load_11_reg_9356                               |   8|   0|    8|          0|
    |a_2_load_12_reg_9676                               |   8|   0|    8|          0|
    |a_2_load_13_reg_9996                               |   8|   0|    8|          0|
    |a_2_load_14_reg_10316                              |   8|   0|    8|          0|
    |a_2_load_15_reg_10556                              |   8|   0|    8|          0|
    |a_2_load_1_reg_6156                                |   8|   0|    8|          0|
    |a_2_load_2_reg_6476                                |   8|   0|    8|          0|
    |a_2_load_3_reg_6796                                |   8|   0|    8|          0|
    |a_2_load_4_reg_7116                                |   8|   0|    8|          0|
    |a_2_load_5_reg_7436                                |   8|   0|    8|          0|
    |a_2_load_6_reg_7756                                |   8|   0|    8|          0|
    |a_2_load_7_reg_8076                                |   8|   0|    8|          0|
    |a_2_load_8_reg_8396                                |   8|   0|    8|          0|
    |a_2_load_9_reg_8716                                |   8|   0|    8|          0|
    |a_2_load_reg_5836                                  |   8|   0|    8|          0|
    |a_3_load_10_reg_9041                               |   8|   0|    8|          0|
    |a_3_load_11_reg_9361                               |   8|   0|    8|          0|
    |a_3_load_12_reg_9681                               |   8|   0|    8|          0|
    |a_3_load_13_reg_10001                              |   8|   0|    8|          0|
    |a_3_load_14_reg_10321                              |   8|   0|    8|          0|
    |a_3_load_15_reg_10561                              |   8|   0|    8|          0|
    |a_3_load_1_reg_6161                                |   8|   0|    8|          0|
    |a_3_load_2_reg_6481                                |   8|   0|    8|          0|
    |a_3_load_3_reg_6801                                |   8|   0|    8|          0|
    |a_3_load_4_reg_7121                                |   8|   0|    8|          0|
    |a_3_load_5_reg_7441                                |   8|   0|    8|          0|
    |a_3_load_6_reg_7761                                |   8|   0|    8|          0|
    |a_3_load_7_reg_8081                                |   8|   0|    8|          0|
    |a_3_load_8_reg_8401                                |   8|   0|    8|          0|
    |a_3_load_9_reg_8721                                |   8|   0|    8|          0|
    |a_3_load_reg_5841                                  |   8|   0|    8|          0|
    |a_4_load_10_reg_9046                               |   8|   0|    8|          0|
    |a_4_load_11_reg_9366                               |   8|   0|    8|          0|
    |a_4_load_12_reg_9686                               |   8|   0|    8|          0|
    |a_4_load_13_reg_10006                              |   8|   0|    8|          0|
    |a_4_load_14_reg_10326                              |   8|   0|    8|          0|
    |a_4_load_15_reg_10566                              |   8|   0|    8|          0|
    |a_4_load_1_reg_6166                                |   8|   0|    8|          0|
    |a_4_load_2_reg_6486                                |   8|   0|    8|          0|
    |a_4_load_3_reg_6806                                |   8|   0|    8|          0|
    |a_4_load_4_reg_7126                                |   8|   0|    8|          0|
    |a_4_load_5_reg_7446                                |   8|   0|    8|          0|
    |a_4_load_6_reg_7766                                |   8|   0|    8|          0|
    |a_4_load_7_reg_8086                                |   8|   0|    8|          0|
    |a_4_load_8_reg_8406                                |   8|   0|    8|          0|
    |a_4_load_9_reg_8726                                |   8|   0|    8|          0|
    |a_4_load_reg_5846                                  |   8|   0|    8|          0|
    |a_5_load_10_reg_9051                               |   8|   0|    8|          0|
    |a_5_load_11_reg_9371                               |   8|   0|    8|          0|
    |a_5_load_12_reg_9691                               |   8|   0|    8|          0|
    |a_5_load_13_reg_10011                              |   8|   0|    8|          0|
    |a_5_load_14_reg_10331                              |   8|   0|    8|          0|
    |a_5_load_15_reg_10571                              |   8|   0|    8|          0|
    |a_5_load_1_reg_6171                                |   8|   0|    8|          0|
    |a_5_load_2_reg_6491                                |   8|   0|    8|          0|
    |a_5_load_3_reg_6811                                |   8|   0|    8|          0|
    |a_5_load_4_reg_7131                                |   8|   0|    8|          0|
    |a_5_load_5_reg_7451                                |   8|   0|    8|          0|
    |a_5_load_6_reg_7771                                |   8|   0|    8|          0|
    |a_5_load_7_reg_8091                                |   8|   0|    8|          0|
    |a_5_load_8_reg_8411                                |   8|   0|    8|          0|
    |a_5_load_9_reg_8731                                |   8|   0|    8|          0|
    |a_5_load_reg_5851                                  |   8|   0|    8|          0|
    |a_6_load_10_reg_9056                               |   8|   0|    8|          0|
    |a_6_load_11_reg_9376                               |   8|   0|    8|          0|
    |a_6_load_12_reg_9696                               |   8|   0|    8|          0|
    |a_6_load_13_reg_10016                              |   8|   0|    8|          0|
    |a_6_load_14_reg_10336                              |   8|   0|    8|          0|
    |a_6_load_15_reg_10576                              |   8|   0|    8|          0|
    |a_6_load_1_reg_6176                                |   8|   0|    8|          0|
    |a_6_load_2_reg_6496                                |   8|   0|    8|          0|
    |a_6_load_3_reg_6816                                |   8|   0|    8|          0|
    |a_6_load_4_reg_7136                                |   8|   0|    8|          0|
    |a_6_load_5_reg_7456                                |   8|   0|    8|          0|
    |a_6_load_6_reg_7776                                |   8|   0|    8|          0|
    |a_6_load_7_reg_8096                                |   8|   0|    8|          0|
    |a_6_load_8_reg_8416                                |   8|   0|    8|          0|
    |a_6_load_9_reg_8736                                |   8|   0|    8|          0|
    |a_6_load_reg_5856                                  |   8|   0|    8|          0|
    |a_7_load_10_reg_9061                               |   8|   0|    8|          0|
    |a_7_load_11_reg_9381                               |   8|   0|    8|          0|
    |a_7_load_12_reg_9701                               |   8|   0|    8|          0|
    |a_7_load_13_reg_10021                              |   8|   0|    8|          0|
    |a_7_load_14_reg_10341                              |   8|   0|    8|          0|
    |a_7_load_15_reg_10581                              |   8|   0|    8|          0|
    |a_7_load_1_reg_6181                                |   8|   0|    8|          0|
    |a_7_load_2_reg_6501                                |   8|   0|    8|          0|
    |a_7_load_3_reg_6821                                |   8|   0|    8|          0|
    |a_7_load_4_reg_7141                                |   8|   0|    8|          0|
    |a_7_load_5_reg_7461                                |   8|   0|    8|          0|
    |a_7_load_6_reg_7781                                |   8|   0|    8|          0|
    |a_7_load_7_reg_8101                                |   8|   0|    8|          0|
    |a_7_load_8_reg_8421                                |   8|   0|    8|          0|
    |a_7_load_9_reg_8741                                |   8|   0|    8|          0|
    |a_7_load_reg_5861                                  |   8|   0|    8|          0|
    |a_8_load_10_reg_9066                               |   8|   0|    8|          0|
    |a_8_load_11_reg_9386                               |   8|   0|    8|          0|
    |a_8_load_12_reg_9706                               |   8|   0|    8|          0|
    |a_8_load_13_reg_10026                              |   8|   0|    8|          0|
    |a_8_load_14_reg_10346                              |   8|   0|    8|          0|
    |a_8_load_15_reg_10586                              |   8|   0|    8|          0|
    |a_8_load_1_reg_6186                                |   8|   0|    8|          0|
    |a_8_load_2_reg_6506                                |   8|   0|    8|          0|
    |a_8_load_3_reg_6826                                |   8|   0|    8|          0|
    |a_8_load_4_reg_7146                                |   8|   0|    8|          0|
    |a_8_load_5_reg_7466                                |   8|   0|    8|          0|
    |a_8_load_6_reg_7786                                |   8|   0|    8|          0|
    |a_8_load_7_reg_8106                                |   8|   0|    8|          0|
    |a_8_load_8_reg_8426                                |   8|   0|    8|          0|
    |a_8_load_9_reg_8746                                |   8|   0|    8|          0|
    |a_8_load_reg_5866                                  |   8|   0|    8|          0|
    |a_9_load_10_reg_9071                               |   8|   0|    8|          0|
    |a_9_load_11_reg_9391                               |   8|   0|    8|          0|
    |a_9_load_12_reg_9711                               |   8|   0|    8|          0|
    |a_9_load_13_reg_10031                              |   8|   0|    8|          0|
    |a_9_load_14_reg_10351                              |   8|   0|    8|          0|
    |a_9_load_15_reg_10591                              |   8|   0|    8|          0|
    |a_9_load_1_reg_6191                                |   8|   0|    8|          0|
    |a_9_load_2_reg_6511                                |   8|   0|    8|          0|
    |a_9_load_3_reg_6831                                |   8|   0|    8|          0|
    |a_9_load_4_reg_7151                                |   8|   0|    8|          0|
    |a_9_load_5_reg_7471                                |   8|   0|    8|          0|
    |a_9_load_6_reg_7791                                |   8|   0|    8|          0|
    |a_9_load_7_reg_8111                                |   8|   0|    8|          0|
    |a_9_load_8_reg_8431                                |   8|   0|    8|          0|
    |a_9_load_9_reg_8751                                |   8|   0|    8|          0|
    |a_9_load_reg_5871                                  |   8|   0|    8|          0|
    |ap_CS_fsm                                          |  18|   0|   18|          0|
    |b_0_load_10_reg_8866                               |   8|   0|    8|          0|
    |b_0_load_11_reg_9186                               |   8|   0|    8|          0|
    |b_0_load_12_reg_9506                               |   8|   0|    8|          0|
    |b_0_load_13_reg_9826                               |   8|   0|    8|          0|
    |b_0_load_14_reg_10146                              |   8|   0|    8|          0|
    |b_0_load_15_reg_10466                              |   8|   0|    8|          0|
    |b_0_load_1_reg_5986                                |   8|   0|    8|          0|
    |b_0_load_2_reg_6306                                |   8|   0|    8|          0|
    |b_0_load_3_reg_6626                                |   8|   0|    8|          0|
    |b_0_load_4_reg_6946                                |   8|   0|    8|          0|
    |b_0_load_5_reg_7266                                |   8|   0|    8|          0|
    |b_0_load_6_reg_7586                                |   8|   0|    8|          0|
    |b_0_load_7_reg_7906                                |   8|   0|    8|          0|
    |b_0_load_8_reg_8226                                |   8|   0|    8|          0|
    |b_0_load_9_reg_8546                                |   8|   0|    8|          0|
    |b_0_load_reg_5666                                  |   8|   0|    8|          0|
    |b_10_load_10_reg_8966                              |   8|   0|    8|          0|
    |b_10_load_11_reg_9286                              |   8|   0|    8|          0|
    |b_10_load_12_reg_9606                              |   8|   0|    8|          0|
    |b_10_load_13_reg_9926                              |   8|   0|    8|          0|
    |b_10_load_14_reg_10246                             |   8|   0|    8|          0|
    |b_10_load_15_reg_10516                             |   8|   0|    8|          0|
    |b_10_load_1_reg_6086                               |   8|   0|    8|          0|
    |b_10_load_2_reg_6406                               |   8|   0|    8|          0|
    |b_10_load_3_reg_6726                               |   8|   0|    8|          0|
    |b_10_load_4_reg_7046                               |   8|   0|    8|          0|
    |b_10_load_5_reg_7366                               |   8|   0|    8|          0|
    |b_10_load_6_reg_7686                               |   8|   0|    8|          0|
    |b_10_load_7_reg_8006                               |   8|   0|    8|          0|
    |b_10_load_8_reg_8326                               |   8|   0|    8|          0|
    |b_10_load_9_reg_8646                               |   8|   0|    8|          0|
    |b_10_load_reg_5766                                 |   8|   0|    8|          0|
    |b_11_load_10_reg_8976                              |   8|   0|    8|          0|
    |b_11_load_11_reg_9296                              |   8|   0|    8|          0|
    |b_11_load_12_reg_9616                              |   8|   0|    8|          0|
    |b_11_load_13_reg_9936                              |   8|   0|    8|          0|
    |b_11_load_14_reg_10256                             |   8|   0|    8|          0|
    |b_11_load_15_reg_10521                             |   8|   0|    8|          0|
    |b_11_load_1_reg_6096                               |   8|   0|    8|          0|
    |b_11_load_2_reg_6416                               |   8|   0|    8|          0|
    |b_11_load_3_reg_6736                               |   8|   0|    8|          0|
    |b_11_load_4_reg_7056                               |   8|   0|    8|          0|
    |b_11_load_5_reg_7376                               |   8|   0|    8|          0|
    |b_11_load_6_reg_7696                               |   8|   0|    8|          0|
    |b_11_load_7_reg_8016                               |   8|   0|    8|          0|
    |b_11_load_8_reg_8336                               |   8|   0|    8|          0|
    |b_11_load_9_reg_8656                               |   8|   0|    8|          0|
    |b_11_load_reg_5776                                 |   8|   0|    8|          0|
    |b_12_load_10_reg_8986                              |   8|   0|    8|          0|
    |b_12_load_11_reg_9306                              |   8|   0|    8|          0|
    |b_12_load_12_reg_9626                              |   8|   0|    8|          0|
    |b_12_load_13_reg_9946                              |   8|   0|    8|          0|
    |b_12_load_14_reg_10266                             |   8|   0|    8|          0|
    |b_12_load_15_reg_10526                             |   8|   0|    8|          0|
    |b_12_load_1_reg_6106                               |   8|   0|    8|          0|
    |b_12_load_2_reg_6426                               |   8|   0|    8|          0|
    |b_12_load_3_reg_6746                               |   8|   0|    8|          0|
    |b_12_load_4_reg_7066                               |   8|   0|    8|          0|
    |b_12_load_5_reg_7386                               |   8|   0|    8|          0|
    |b_12_load_6_reg_7706                               |   8|   0|    8|          0|
    |b_12_load_7_reg_8026                               |   8|   0|    8|          0|
    |b_12_load_8_reg_8346                               |   8|   0|    8|          0|
    |b_12_load_9_reg_8666                               |   8|   0|    8|          0|
    |b_12_load_reg_5786                                 |   8|   0|    8|          0|
    |b_13_load_10_reg_8996                              |   8|   0|    8|          0|
    |b_13_load_11_reg_9316                              |   8|   0|    8|          0|
    |b_13_load_12_reg_9636                              |   8|   0|    8|          0|
    |b_13_load_13_reg_9956                              |   8|   0|    8|          0|
    |b_13_load_14_reg_10276                             |   8|   0|    8|          0|
    |b_13_load_15_reg_10531                             |   8|   0|    8|          0|
    |b_13_load_1_reg_6116                               |   8|   0|    8|          0|
    |b_13_load_2_reg_6436                               |   8|   0|    8|          0|
    |b_13_load_3_reg_6756                               |   8|   0|    8|          0|
    |b_13_load_4_reg_7076                               |   8|   0|    8|          0|
    |b_13_load_5_reg_7396                               |   8|   0|    8|          0|
    |b_13_load_6_reg_7716                               |   8|   0|    8|          0|
    |b_13_load_7_reg_8036                               |   8|   0|    8|          0|
    |b_13_load_8_reg_8356                               |   8|   0|    8|          0|
    |b_13_load_9_reg_8676                               |   8|   0|    8|          0|
    |b_13_load_reg_5796                                 |   8|   0|    8|          0|
    |b_14_load_10_reg_9006                              |   8|   0|    8|          0|
    |b_14_load_11_reg_9326                              |   8|   0|    8|          0|
    |b_14_load_12_reg_9646                              |   8|   0|    8|          0|
    |b_14_load_13_reg_9966                              |   8|   0|    8|          0|
    |b_14_load_14_reg_10286                             |   8|   0|    8|          0|
    |b_14_load_15_reg_10536                             |   8|   0|    8|          0|
    |b_14_load_1_reg_6126                               |   8|   0|    8|          0|
    |b_14_load_2_reg_6446                               |   8|   0|    8|          0|
    |b_14_load_3_reg_6766                               |   8|   0|    8|          0|
    |b_14_load_4_reg_7086                               |   8|   0|    8|          0|
    |b_14_load_5_reg_7406                               |   8|   0|    8|          0|
    |b_14_load_6_reg_7726                               |   8|   0|    8|          0|
    |b_14_load_7_reg_8046                               |   8|   0|    8|          0|
    |b_14_load_8_reg_8366                               |   8|   0|    8|          0|
    |b_14_load_9_reg_8686                               |   8|   0|    8|          0|
    |b_14_load_reg_5806                                 |   8|   0|    8|          0|
    |b_15_load_10_reg_9016                              |   8|   0|    8|          0|
    |b_15_load_11_reg_9336                              |   8|   0|    8|          0|
    |b_15_load_12_reg_9656                              |   8|   0|    8|          0|
    |b_15_load_13_reg_9976                              |   8|   0|    8|          0|
    |b_15_load_14_reg_10296                             |   8|   0|    8|          0|
    |b_15_load_15_reg_10541                             |   8|   0|    8|          0|
    |b_15_load_1_reg_6136                               |   8|   0|    8|          0|
    |b_15_load_2_reg_6456                               |   8|   0|    8|          0|
    |b_15_load_3_reg_6776                               |   8|   0|    8|          0|
    |b_15_load_4_reg_7096                               |   8|   0|    8|          0|
    |b_15_load_5_reg_7416                               |   8|   0|    8|          0|
    |b_15_load_6_reg_7736                               |   8|   0|    8|          0|
    |b_15_load_7_reg_8056                               |   8|   0|    8|          0|
    |b_15_load_8_reg_8376                               |   8|   0|    8|          0|
    |b_15_load_9_reg_8696                               |   8|   0|    8|          0|
    |b_15_load_reg_5816                                 |   8|   0|    8|          0|
    |b_1_load_10_reg_8876                               |   8|   0|    8|          0|
    |b_1_load_11_reg_9196                               |   8|   0|    8|          0|
    |b_1_load_12_reg_9516                               |   8|   0|    8|          0|
    |b_1_load_13_reg_9836                               |   8|   0|    8|          0|
    |b_1_load_14_reg_10156                              |   8|   0|    8|          0|
    |b_1_load_15_reg_10471                              |   8|   0|    8|          0|
    |b_1_load_1_reg_5996                                |   8|   0|    8|          0|
    |b_1_load_2_reg_6316                                |   8|   0|    8|          0|
    |b_1_load_3_reg_6636                                |   8|   0|    8|          0|
    |b_1_load_4_reg_6956                                |   8|   0|    8|          0|
    |b_1_load_5_reg_7276                                |   8|   0|    8|          0|
    |b_1_load_6_reg_7596                                |   8|   0|    8|          0|
    |b_1_load_7_reg_7916                                |   8|   0|    8|          0|
    |b_1_load_8_reg_8236                                |   8|   0|    8|          0|
    |b_1_load_9_reg_8556                                |   8|   0|    8|          0|
    |b_1_load_reg_5676                                  |   8|   0|    8|          0|
    |b_2_load_10_reg_8886                               |   8|   0|    8|          0|
    |b_2_load_11_reg_9206                               |   8|   0|    8|          0|
    |b_2_load_12_reg_9526                               |   8|   0|    8|          0|
    |b_2_load_13_reg_9846                               |   8|   0|    8|          0|
    |b_2_load_14_reg_10166                              |   8|   0|    8|          0|
    |b_2_load_15_reg_10476                              |   8|   0|    8|          0|
    |b_2_load_1_reg_6006                                |   8|   0|    8|          0|
    |b_2_load_2_reg_6326                                |   8|   0|    8|          0|
    |b_2_load_3_reg_6646                                |   8|   0|    8|          0|
    |b_2_load_4_reg_6966                                |   8|   0|    8|          0|
    |b_2_load_5_reg_7286                                |   8|   0|    8|          0|
    |b_2_load_6_reg_7606                                |   8|   0|    8|          0|
    |b_2_load_7_reg_7926                                |   8|   0|    8|          0|
    |b_2_load_8_reg_8246                                |   8|   0|    8|          0|
    |b_2_load_9_reg_8566                                |   8|   0|    8|          0|
    |b_2_load_reg_5686                                  |   8|   0|    8|          0|
    |b_3_load_10_reg_8896                               |   8|   0|    8|          0|
    |b_3_load_11_reg_9216                               |   8|   0|    8|          0|
    |b_3_load_12_reg_9536                               |   8|   0|    8|          0|
    |b_3_load_13_reg_9856                               |   8|   0|    8|          0|
    |b_3_load_14_reg_10176                              |   8|   0|    8|          0|
    |b_3_load_15_reg_10481                              |   8|   0|    8|          0|
    |b_3_load_1_reg_6016                                |   8|   0|    8|          0|
    |b_3_load_2_reg_6336                                |   8|   0|    8|          0|
    |b_3_load_3_reg_6656                                |   8|   0|    8|          0|
    |b_3_load_4_reg_6976                                |   8|   0|    8|          0|
    |b_3_load_5_reg_7296                                |   8|   0|    8|          0|
    |b_3_load_6_reg_7616                                |   8|   0|    8|          0|
    |b_3_load_7_reg_7936                                |   8|   0|    8|          0|
    |b_3_load_8_reg_8256                                |   8|   0|    8|          0|
    |b_3_load_9_reg_8576                                |   8|   0|    8|          0|
    |b_3_load_reg_5696                                  |   8|   0|    8|          0|
    |b_4_load_10_reg_8906                               |   8|   0|    8|          0|
    |b_4_load_11_reg_9226                               |   8|   0|    8|          0|
    |b_4_load_12_reg_9546                               |   8|   0|    8|          0|
    |b_4_load_13_reg_9866                               |   8|   0|    8|          0|
    |b_4_load_14_reg_10186                              |   8|   0|    8|          0|
    |b_4_load_15_reg_10486                              |   8|   0|    8|          0|
    |b_4_load_1_reg_6026                                |   8|   0|    8|          0|
    |b_4_load_2_reg_6346                                |   8|   0|    8|          0|
    |b_4_load_3_reg_6666                                |   8|   0|    8|          0|
    |b_4_load_4_reg_6986                                |   8|   0|    8|          0|
    |b_4_load_5_reg_7306                                |   8|   0|    8|          0|
    |b_4_load_6_reg_7626                                |   8|   0|    8|          0|
    |b_4_load_7_reg_7946                                |   8|   0|    8|          0|
    |b_4_load_8_reg_8266                                |   8|   0|    8|          0|
    |b_4_load_9_reg_8586                                |   8|   0|    8|          0|
    |b_4_load_reg_5706                                  |   8|   0|    8|          0|
    |b_5_load_10_reg_8916                               |   8|   0|    8|          0|
    |b_5_load_11_reg_9236                               |   8|   0|    8|          0|
    |b_5_load_12_reg_9556                               |   8|   0|    8|          0|
    |b_5_load_13_reg_9876                               |   8|   0|    8|          0|
    |b_5_load_14_reg_10196                              |   8|   0|    8|          0|
    |b_5_load_15_reg_10491                              |   8|   0|    8|          0|
    |b_5_load_1_reg_6036                                |   8|   0|    8|          0|
    |b_5_load_2_reg_6356                                |   8|   0|    8|          0|
    |b_5_load_3_reg_6676                                |   8|   0|    8|          0|
    |b_5_load_4_reg_6996                                |   8|   0|    8|          0|
    |b_5_load_5_reg_7316                                |   8|   0|    8|          0|
    |b_5_load_6_reg_7636                                |   8|   0|    8|          0|
    |b_5_load_7_reg_7956                                |   8|   0|    8|          0|
    |b_5_load_8_reg_8276                                |   8|   0|    8|          0|
    |b_5_load_9_reg_8596                                |   8|   0|    8|          0|
    |b_5_load_reg_5716                                  |   8|   0|    8|          0|
    |b_6_load_10_reg_8926                               |   8|   0|    8|          0|
    |b_6_load_11_reg_9246                               |   8|   0|    8|          0|
    |b_6_load_12_reg_9566                               |   8|   0|    8|          0|
    |b_6_load_13_reg_9886                               |   8|   0|    8|          0|
    |b_6_load_14_reg_10206                              |   8|   0|    8|          0|
    |b_6_load_15_reg_10496                              |   8|   0|    8|          0|
    |b_6_load_1_reg_6046                                |   8|   0|    8|          0|
    |b_6_load_2_reg_6366                                |   8|   0|    8|          0|
    |b_6_load_3_reg_6686                                |   8|   0|    8|          0|
    |b_6_load_4_reg_7006                                |   8|   0|    8|          0|
    |b_6_load_5_reg_7326                                |   8|   0|    8|          0|
    |b_6_load_6_reg_7646                                |   8|   0|    8|          0|
    |b_6_load_7_reg_7966                                |   8|   0|    8|          0|
    |b_6_load_8_reg_8286                                |   8|   0|    8|          0|
    |b_6_load_9_reg_8606                                |   8|   0|    8|          0|
    |b_6_load_reg_5726                                  |   8|   0|    8|          0|
    |b_7_load_10_reg_8936                               |   8|   0|    8|          0|
    |b_7_load_11_reg_9256                               |   8|   0|    8|          0|
    |b_7_load_12_reg_9576                               |   8|   0|    8|          0|
    |b_7_load_13_reg_9896                               |   8|   0|    8|          0|
    |b_7_load_14_reg_10216                              |   8|   0|    8|          0|
    |b_7_load_15_reg_10501                              |   8|   0|    8|          0|
    |b_7_load_1_reg_6056                                |   8|   0|    8|          0|
    |b_7_load_2_reg_6376                                |   8|   0|    8|          0|
    |b_7_load_3_reg_6696                                |   8|   0|    8|          0|
    |b_7_load_4_reg_7016                                |   8|   0|    8|          0|
    |b_7_load_5_reg_7336                                |   8|   0|    8|          0|
    |b_7_load_6_reg_7656                                |   8|   0|    8|          0|
    |b_7_load_7_reg_7976                                |   8|   0|    8|          0|
    |b_7_load_8_reg_8296                                |   8|   0|    8|          0|
    |b_7_load_9_reg_8616                                |   8|   0|    8|          0|
    |b_7_load_reg_5736                                  |   8|   0|    8|          0|
    |b_8_load_10_reg_8946                               |   8|   0|    8|          0|
    |b_8_load_11_reg_9266                               |   8|   0|    8|          0|
    |b_8_load_12_reg_9586                               |   8|   0|    8|          0|
    |b_8_load_13_reg_9906                               |   8|   0|    8|          0|
    |b_8_load_14_reg_10226                              |   8|   0|    8|          0|
    |b_8_load_15_reg_10506                              |   8|   0|    8|          0|
    |b_8_load_1_reg_6066                                |   8|   0|    8|          0|
    |b_8_load_2_reg_6386                                |   8|   0|    8|          0|
    |b_8_load_3_reg_6706                                |   8|   0|    8|          0|
    |b_8_load_4_reg_7026                                |   8|   0|    8|          0|
    |b_8_load_5_reg_7346                                |   8|   0|    8|          0|
    |b_8_load_6_reg_7666                                |   8|   0|    8|          0|
    |b_8_load_7_reg_7986                                |   8|   0|    8|          0|
    |b_8_load_8_reg_8306                                |   8|   0|    8|          0|
    |b_8_load_9_reg_8626                                |   8|   0|    8|          0|
    |b_8_load_reg_5746                                  |   8|   0|    8|          0|
    |b_9_load_10_reg_8956                               |   8|   0|    8|          0|
    |b_9_load_11_reg_9276                               |   8|   0|    8|          0|
    |b_9_load_12_reg_9596                               |   8|   0|    8|          0|
    |b_9_load_13_reg_9916                               |   8|   0|    8|          0|
    |b_9_load_14_reg_10236                              |   8|   0|    8|          0|
    |b_9_load_15_reg_10511                              |   8|   0|    8|          0|
    |b_9_load_1_reg_6076                                |   8|   0|    8|          0|
    |b_9_load_2_reg_6396                                |   8|   0|    8|          0|
    |b_9_load_3_reg_6716                                |   8|   0|    8|          0|
    |b_9_load_4_reg_7036                                |   8|   0|    8|          0|
    |b_9_load_5_reg_7356                                |   8|   0|    8|          0|
    |b_9_load_6_reg_7676                                |   8|   0|    8|          0|
    |b_9_load_7_reg_7996                                |   8|   0|    8|          0|
    |b_9_load_8_reg_8316                                |   8|   0|    8|          0|
    |b_9_load_9_reg_8636                                |   8|   0|    8|          0|
    |b_9_load_reg_5756                                  |   8|   0|    8|          0|
    |grp_matrix_mult_Pipeline_Row_fu_4926_ap_start_reg  |   1|   0|    1|          0|
    +---------------------------------------------------+----+----+-----+-----------+
    |Total                                              |4115|   0| 4115|          0|
    +---------------------------------------------------+----+----+-----+-----------+



================================================================
== Interface
================================================================
* Summary: 
+-----------------------+-----+-----+------------+--------------+--------------+
|       RTL Ports       | Dir | Bits|  Protocol  | Source Object|    C Type    |
+-----------------------+-----+-----+------------+--------------+--------------+
|s_axi_control_AWVALID  |   in|    1|       s_axi|       control|   return void|
|s_axi_control_AWREADY  |  out|    1|       s_axi|       control|   return void|
|s_axi_control_AWADDR   |   in|    4|       s_axi|       control|   return void|
|s_axi_control_WVALID   |   in|    1|       s_axi|       control|   return void|
|s_axi_control_WREADY   |  out|    1|       s_axi|       control|   return void|
|s_axi_control_WDATA    |   in|   32|       s_axi|       control|   return void|
|s_axi_control_WSTRB    |   in|    4|       s_axi|       control|   return void|
|s_axi_control_ARVALID  |   in|    1|       s_axi|       control|   return void|
|s_axi_control_ARREADY  |  out|    1|       s_axi|       control|   return void|
|s_axi_control_ARADDR   |   in|    4|       s_axi|       control|   return void|
|s_axi_control_RVALID   |  out|    1|       s_axi|       control|   return void|
|s_axi_control_RREADY   |   in|    1|       s_axi|       control|   return void|
|s_axi_control_RDATA    |  out|   32|       s_axi|       control|   return void|
|s_axi_control_RRESP    |  out|    2|       s_axi|       control|   return void|
|s_axi_control_BVALID   |  out|    1|       s_axi|       control|   return void|
|s_axi_control_BREADY   |   in|    1|       s_axi|       control|   return void|
|s_axi_control_BRESP    |  out|    2|       s_axi|       control|   return void|
|ap_clk                 |   in|    1|  ap_ctrl_hs|   matrix_mult|  return value|
|ap_rst_n               |   in|    1|  ap_ctrl_hs|   matrix_mult|  return value|
|interrupt              |  out|    1|  ap_ctrl_hs|   matrix_mult|  return value|
|a_0_Addr_A             |  out|   32|        bram|           a_0|         array|
|a_0_EN_A               |  out|    1|        bram|           a_0|         array|
|a_0_WEN_A              |  out|    1|        bram|           a_0|         array|
|a_0_Din_A              |  out|    8|        bram|           a_0|         array|
|a_0_Dout_A             |   in|    8|        bram|           a_0|         array|
|a_0_Clk_A              |  out|    1|        bram|           a_0|         array|
|a_0_Rst_A              |  out|    1|        bram|           a_0|         array|
|a_1_Addr_A             |  out|   32|        bram|           a_1|         array|
|a_1_EN_A               |  out|    1|        bram|           a_1|         array|
|a_1_WEN_A              |  out|    1|        bram|           a_1|         array|
|a_1_Din_A              |  out|    8|        bram|           a_1|         array|
|a_1_Dout_A             |   in|    8|        bram|           a_1|         array|
|a_1_Clk_A              |  out|    1|        bram|           a_1|         array|
|a_1_Rst_A              |  out|    1|        bram|           a_1|         array|
|a_2_Addr_A             |  out|   32|        bram|           a_2|         array|
|a_2_EN_A               |  out|    1|        bram|           a_2|         array|
|a_2_WEN_A              |  out|    1|        bram|           a_2|         array|
|a_2_Din_A              |  out|    8|        bram|           a_2|         array|
|a_2_Dout_A             |   in|    8|        bram|           a_2|         array|
|a_2_Clk_A              |  out|    1|        bram|           a_2|         array|
|a_2_Rst_A              |  out|    1|        bram|           a_2|         array|
|a_3_Addr_A             |  out|   32|        bram|           a_3|         array|
|a_3_EN_A               |  out|    1|        bram|           a_3|         array|
|a_3_WEN_A              |  out|    1|        bram|           a_3|         array|
|a_3_Din_A              |  out|    8|        bram|           a_3|         array|
|a_3_Dout_A             |   in|    8|        bram|           a_3|         array|
|a_3_Clk_A              |  out|    1|        bram|           a_3|         array|
|a_3_Rst_A              |  out|    1|        bram|           a_3|         array|
|a_4_Addr_A             |  out|   32|        bram|           a_4|         array|
|a_4_EN_A               |  out|    1|        bram|           a_4|         array|
|a_4_WEN_A              |  out|    1|        bram|           a_4|         array|
|a_4_Din_A              |  out|    8|        bram|           a_4|         array|
|a_4_Dout_A             |   in|    8|        bram|           a_4|         array|
|a_4_Clk_A              |  out|    1|        bram|           a_4|         array|
|a_4_Rst_A              |  out|    1|        bram|           a_4|         array|
|a_5_Addr_A             |  out|   32|        bram|           a_5|         array|
|a_5_EN_A               |  out|    1|        bram|           a_5|         array|
|a_5_WEN_A              |  out|    1|        bram|           a_5|         array|
|a_5_Din_A              |  out|    8|        bram|           a_5|         array|
|a_5_Dout_A             |   in|    8|        bram|           a_5|         array|
|a_5_Clk_A              |  out|    1|        bram|           a_5|         array|
|a_5_Rst_A              |  out|    1|        bram|           a_5|         array|
|a_6_Addr_A             |  out|   32|        bram|           a_6|         array|
|a_6_EN_A               |  out|    1|        bram|           a_6|         array|
|a_6_WEN_A              |  out|    1|        bram|           a_6|         array|
|a_6_Din_A              |  out|    8|        bram|           a_6|         array|
|a_6_Dout_A             |   in|    8|        bram|           a_6|         array|
|a_6_Clk_A              |  out|    1|        bram|           a_6|         array|
|a_6_Rst_A              |  out|    1|        bram|           a_6|         array|
|a_7_Addr_A             |  out|   32|        bram|           a_7|         array|
|a_7_EN_A               |  out|    1|        bram|           a_7|         array|
|a_7_WEN_A              |  out|    1|        bram|           a_7|         array|
|a_7_Din_A              |  out|    8|        bram|           a_7|         array|
|a_7_Dout_A             |   in|    8|        bram|           a_7|         array|
|a_7_Clk_A              |  out|    1|        bram|           a_7|         array|
|a_7_Rst_A              |  out|    1|        bram|           a_7|         array|
|a_8_Addr_A             |  out|   32|        bram|           a_8|         array|
|a_8_EN_A               |  out|    1|        bram|           a_8|         array|
|a_8_WEN_A              |  out|    1|        bram|           a_8|         array|
|a_8_Din_A              |  out|    8|        bram|           a_8|         array|
|a_8_Dout_A             |   in|    8|        bram|           a_8|         array|
|a_8_Clk_A              |  out|    1|        bram|           a_8|         array|
|a_8_Rst_A              |  out|    1|        bram|           a_8|         array|
|a_9_Addr_A             |  out|   32|        bram|           a_9|         array|
|a_9_EN_A               |  out|    1|        bram|           a_9|         array|
|a_9_WEN_A              |  out|    1|        bram|           a_9|         array|
|a_9_Din_A              |  out|    8|        bram|           a_9|         array|
|a_9_Dout_A             |   in|    8|        bram|           a_9|         array|
|a_9_Clk_A              |  out|    1|        bram|           a_9|         array|
|a_9_Rst_A              |  out|    1|        bram|           a_9|         array|
|a_10_Addr_A            |  out|   32|        bram|          a_10|         array|
|a_10_EN_A              |  out|    1|        bram|          a_10|         array|
|a_10_WEN_A             |  out|    1|        bram|          a_10|         array|
|a_10_Din_A             |  out|    8|        bram|          a_10|         array|
|a_10_Dout_A            |   in|    8|        bram|          a_10|         array|
|a_10_Clk_A             |  out|    1|        bram|          a_10|         array|
|a_10_Rst_A             |  out|    1|        bram|          a_10|         array|
|a_11_Addr_A            |  out|   32|        bram|          a_11|         array|
|a_11_EN_A              |  out|    1|        bram|          a_11|         array|
|a_11_WEN_A             |  out|    1|        bram|          a_11|         array|
|a_11_Din_A             |  out|    8|        bram|          a_11|         array|
|a_11_Dout_A            |   in|    8|        bram|          a_11|         array|
|a_11_Clk_A             |  out|    1|        bram|          a_11|         array|
|a_11_Rst_A             |  out|    1|        bram|          a_11|         array|
|a_12_Addr_A            |  out|   32|        bram|          a_12|         array|
|a_12_EN_A              |  out|    1|        bram|          a_12|         array|
|a_12_WEN_A             |  out|    1|        bram|          a_12|         array|
|a_12_Din_A             |  out|    8|        bram|          a_12|         array|
|a_12_Dout_A            |   in|    8|        bram|          a_12|         array|
|a_12_Clk_A             |  out|    1|        bram|          a_12|         array|
|a_12_Rst_A             |  out|    1|        bram|          a_12|         array|
|a_13_Addr_A            |  out|   32|        bram|          a_13|         array|
|a_13_EN_A              |  out|    1|        bram|          a_13|         array|
|a_13_WEN_A             |  out|    1|        bram|          a_13|         array|
|a_13_Din_A             |  out|    8|        bram|          a_13|         array|
|a_13_Dout_A            |   in|    8|        bram|          a_13|         array|
|a_13_Clk_A             |  out|    1|        bram|          a_13|         array|
|a_13_Rst_A             |  out|    1|        bram|          a_13|         array|
|a_14_Addr_A            |  out|   32|        bram|          a_14|         array|
|a_14_EN_A              |  out|    1|        bram|          a_14|         array|
|a_14_WEN_A             |  out|    1|        bram|          a_14|         array|
|a_14_Din_A             |  out|    8|        bram|          a_14|         array|
|a_14_Dout_A            |   in|    8|        bram|          a_14|         array|
|a_14_Clk_A             |  out|    1|        bram|          a_14|         array|
|a_14_Rst_A             |  out|    1|        bram|          a_14|         array|
|a_15_Addr_A            |  out|   32|        bram|          a_15|         array|
|a_15_EN_A              |  out|    1|        bram|          a_15|         array|
|a_15_WEN_A             |  out|    1|        bram|          a_15|         array|
|a_15_Din_A             |  out|    8|        bram|          a_15|         array|
|a_15_Dout_A            |   in|    8|        bram|          a_15|         array|
|a_15_Clk_A             |  out|    1|        bram|          a_15|         array|
|a_15_Rst_A             |  out|    1|        bram|          a_15|         array|
|b_0_Addr_A             |  out|   32|        bram|           b_0|         array|
|b_0_EN_A               |  out|    1|        bram|           b_0|         array|
|b_0_WEN_A              |  out|    1|        bram|           b_0|         array|
|b_0_Din_A              |  out|    8|        bram|           b_0|         array|
|b_0_Dout_A             |   in|    8|        bram|           b_0|         array|
|b_0_Clk_A              |  out|    1|        bram|           b_0|         array|
|b_0_Rst_A              |  out|    1|        bram|           b_0|         array|
|b_1_Addr_A             |  out|   32|        bram|           b_1|         array|
|b_1_EN_A               |  out|    1|        bram|           b_1|         array|
|b_1_WEN_A              |  out|    1|        bram|           b_1|         array|
|b_1_Din_A              |  out|    8|        bram|           b_1|         array|
|b_1_Dout_A             |   in|    8|        bram|           b_1|         array|
|b_1_Clk_A              |  out|    1|        bram|           b_1|         array|
|b_1_Rst_A              |  out|    1|        bram|           b_1|         array|
|b_2_Addr_A             |  out|   32|        bram|           b_2|         array|
|b_2_EN_A               |  out|    1|        bram|           b_2|         array|
|b_2_WEN_A              |  out|    1|        bram|           b_2|         array|
|b_2_Din_A              |  out|    8|        bram|           b_2|         array|
|b_2_Dout_A             |   in|    8|        bram|           b_2|         array|
|b_2_Clk_A              |  out|    1|        bram|           b_2|         array|
|b_2_Rst_A              |  out|    1|        bram|           b_2|         array|
|b_3_Addr_A             |  out|   32|        bram|           b_3|         array|
|b_3_EN_A               |  out|    1|        bram|           b_3|         array|
|b_3_WEN_A              |  out|    1|        bram|           b_3|         array|
|b_3_Din_A              |  out|    8|        bram|           b_3|         array|
|b_3_Dout_A             |   in|    8|        bram|           b_3|         array|
|b_3_Clk_A              |  out|    1|        bram|           b_3|         array|
|b_3_Rst_A              |  out|    1|        bram|           b_3|         array|
|b_4_Addr_A             |  out|   32|        bram|           b_4|         array|
|b_4_EN_A               |  out|    1|        bram|           b_4|         array|
|b_4_WEN_A              |  out|    1|        bram|           b_4|         array|
|b_4_Din_A              |  out|    8|        bram|           b_4|         array|
|b_4_Dout_A             |   in|    8|        bram|           b_4|         array|
|b_4_Clk_A              |  out|    1|        bram|           b_4|         array|
|b_4_Rst_A              |  out|    1|        bram|           b_4|         array|
|b_5_Addr_A             |  out|   32|        bram|           b_5|         array|
|b_5_EN_A               |  out|    1|        bram|           b_5|         array|
|b_5_WEN_A              |  out|    1|        bram|           b_5|         array|
|b_5_Din_A              |  out|    8|        bram|           b_5|         array|
|b_5_Dout_A             |   in|    8|        bram|           b_5|         array|
|b_5_Clk_A              |  out|    1|        bram|           b_5|         array|
|b_5_Rst_A              |  out|    1|        bram|           b_5|         array|
|b_6_Addr_A             |  out|   32|        bram|           b_6|         array|
|b_6_EN_A               |  out|    1|        bram|           b_6|         array|
|b_6_WEN_A              |  out|    1|        bram|           b_6|         array|
|b_6_Din_A              |  out|    8|        bram|           b_6|         array|
|b_6_Dout_A             |   in|    8|        bram|           b_6|         array|
|b_6_Clk_A              |  out|    1|        bram|           b_6|         array|
|b_6_Rst_A              |  out|    1|        bram|           b_6|         array|
|b_7_Addr_A             |  out|   32|        bram|           b_7|         array|
|b_7_EN_A               |  out|    1|        bram|           b_7|         array|
|b_7_WEN_A              |  out|    1|        bram|           b_7|         array|
|b_7_Din_A              |  out|    8|        bram|           b_7|         array|
|b_7_Dout_A             |   in|    8|        bram|           b_7|         array|
|b_7_Clk_A              |  out|    1|        bram|           b_7|         array|
|b_7_Rst_A              |  out|    1|        bram|           b_7|         array|
|b_8_Addr_A             |  out|   32|        bram|           b_8|         array|
|b_8_EN_A               |  out|    1|        bram|           b_8|         array|
|b_8_WEN_A              |  out|    1|        bram|           b_8|         array|
|b_8_Din_A              |  out|    8|        bram|           b_8|         array|
|b_8_Dout_A             |   in|    8|        bram|           b_8|         array|
|b_8_Clk_A              |  out|    1|        bram|           b_8|         array|
|b_8_Rst_A              |  out|    1|        bram|           b_8|         array|
|b_9_Addr_A             |  out|   32|        bram|           b_9|         array|
|b_9_EN_A               |  out|    1|        bram|           b_9|         array|
|b_9_WEN_A              |  out|    1|        bram|           b_9|         array|
|b_9_Din_A              |  out|    8|        bram|           b_9|         array|
|b_9_Dout_A             |   in|    8|        bram|           b_9|         array|
|b_9_Clk_A              |  out|    1|        bram|           b_9|         array|
|b_9_Rst_A              |  out|    1|        bram|           b_9|         array|
|b_10_Addr_A            |  out|   32|        bram|          b_10|         array|
|b_10_EN_A              |  out|    1|        bram|          b_10|         array|
|b_10_WEN_A             |  out|    1|        bram|          b_10|         array|
|b_10_Din_A             |  out|    8|        bram|          b_10|         array|
|b_10_Dout_A            |   in|    8|        bram|          b_10|         array|
|b_10_Clk_A             |  out|    1|        bram|          b_10|         array|
|b_10_Rst_A             |  out|    1|        bram|          b_10|         array|
|b_11_Addr_A            |  out|   32|        bram|          b_11|         array|
|b_11_EN_A              |  out|    1|        bram|          b_11|         array|
|b_11_WEN_A             |  out|    1|        bram|          b_11|         array|
|b_11_Din_A             |  out|    8|        bram|          b_11|         array|
|b_11_Dout_A            |   in|    8|        bram|          b_11|         array|
|b_11_Clk_A             |  out|    1|        bram|          b_11|         array|
|b_11_Rst_A             |  out|    1|        bram|          b_11|         array|
|b_12_Addr_A            |  out|   32|        bram|          b_12|         array|
|b_12_EN_A              |  out|    1|        bram|          b_12|         array|
|b_12_WEN_A             |  out|    1|        bram|          b_12|         array|
|b_12_Din_A             |  out|    8|        bram|          b_12|         array|
|b_12_Dout_A            |   in|    8|        bram|          b_12|         array|
|b_12_Clk_A             |  out|    1|        bram|          b_12|         array|
|b_12_Rst_A             |  out|    1|        bram|          b_12|         array|
|b_13_Addr_A            |  out|   32|        bram|          b_13|         array|
|b_13_EN_A              |  out|    1|        bram|          b_13|         array|
|b_13_WEN_A             |  out|    1|        bram|          b_13|         array|
|b_13_Din_A             |  out|    8|        bram|          b_13|         array|
|b_13_Dout_A            |   in|    8|        bram|          b_13|         array|
|b_13_Clk_A             |  out|    1|        bram|          b_13|         array|
|b_13_Rst_A             |  out|    1|        bram|          b_13|         array|
|b_14_Addr_A            |  out|   32|        bram|          b_14|         array|
|b_14_EN_A              |  out|    1|        bram|          b_14|         array|
|b_14_WEN_A             |  out|    1|        bram|          b_14|         array|
|b_14_Din_A             |  out|    8|        bram|          b_14|         array|
|b_14_Dout_A            |   in|    8|        bram|          b_14|         array|
|b_14_Clk_A             |  out|    1|        bram|          b_14|         array|
|b_14_Rst_A             |  out|    1|        bram|          b_14|         array|
|b_15_Addr_A            |  out|   32|        bram|          b_15|         array|
|b_15_EN_A              |  out|    1|        bram|          b_15|         array|
|b_15_WEN_A             |  out|    1|        bram|          b_15|         array|
|b_15_Din_A             |  out|    8|        bram|          b_15|         array|
|b_15_Dout_A            |   in|    8|        bram|          b_15|         array|
|b_15_Clk_A             |  out|    1|        bram|          b_15|         array|
|b_15_Rst_A             |  out|    1|        bram|          b_15|         array|
|prod_0_Addr_A          |  out|   32|        bram|        prod_0|         array|
|prod_0_EN_A            |  out|    1|        bram|        prod_0|         array|
|prod_0_WEN_A           |  out|    4|        bram|        prod_0|         array|
|prod_0_Din_A           |  out|   32|        bram|        prod_0|         array|
|prod_0_Dout_A          |   in|   32|        bram|        prod_0|         array|
|prod_0_Clk_A           |  out|    1|        bram|        prod_0|         array|
|prod_0_Rst_A           |  out|    1|        bram|        prod_0|         array|
|prod_1_Addr_A          |  out|   32|        bram|        prod_1|         array|
|prod_1_EN_A            |  out|    1|        bram|        prod_1|         array|
|prod_1_WEN_A           |  out|    4|        bram|        prod_1|         array|
|prod_1_Din_A           |  out|   32|        bram|        prod_1|         array|
|prod_1_Dout_A          |   in|   32|        bram|        prod_1|         array|
|prod_1_Clk_A           |  out|    1|        bram|        prod_1|         array|
|prod_1_Rst_A           |  out|    1|        bram|        prod_1|         array|
|prod_2_Addr_A          |  out|   32|        bram|        prod_2|         array|
|prod_2_EN_A            |  out|    1|        bram|        prod_2|         array|
|prod_2_WEN_A           |  out|    4|        bram|        prod_2|         array|
|prod_2_Din_A           |  out|   32|        bram|        prod_2|         array|
|prod_2_Dout_A          |   in|   32|        bram|        prod_2|         array|
|prod_2_Clk_A           |  out|    1|        bram|        prod_2|         array|
|prod_2_Rst_A           |  out|    1|        bram|        prod_2|         array|
|prod_3_Addr_A          |  out|   32|        bram|        prod_3|         array|
|prod_3_EN_A            |  out|    1|        bram|        prod_3|         array|
|prod_3_WEN_A           |  out|    4|        bram|        prod_3|         array|
|prod_3_Din_A           |  out|   32|        bram|        prod_3|         array|
|prod_3_Dout_A          |   in|   32|        bram|        prod_3|         array|
|prod_3_Clk_A           |  out|    1|        bram|        prod_3|         array|
|prod_3_Rst_A           |  out|    1|        bram|        prod_3|         array|
|prod_4_Addr_A          |  out|   32|        bram|        prod_4|         array|
|prod_4_EN_A            |  out|    1|        bram|        prod_4|         array|
|prod_4_WEN_A           |  out|    4|        bram|        prod_4|         array|
|prod_4_Din_A           |  out|   32|        bram|        prod_4|         array|
|prod_4_Dout_A          |   in|   32|        bram|        prod_4|         array|
|prod_4_Clk_A           |  out|    1|        bram|        prod_4|         array|
|prod_4_Rst_A           |  out|    1|        bram|        prod_4|         array|
|prod_5_Addr_A          |  out|   32|        bram|        prod_5|         array|
|prod_5_EN_A            |  out|    1|        bram|        prod_5|         array|
|prod_5_WEN_A           |  out|    4|        bram|        prod_5|         array|
|prod_5_Din_A           |  out|   32|        bram|        prod_5|         array|
|prod_5_Dout_A          |   in|   32|        bram|        prod_5|         array|
|prod_5_Clk_A           |  out|    1|        bram|        prod_5|         array|
|prod_5_Rst_A           |  out|    1|        bram|        prod_5|         array|
|prod_6_Addr_A          |  out|   32|        bram|        prod_6|         array|
|prod_6_EN_A            |  out|    1|        bram|        prod_6|         array|
|prod_6_WEN_A           |  out|    4|        bram|        prod_6|         array|
|prod_6_Din_A           |  out|   32|        bram|        prod_6|         array|
|prod_6_Dout_A          |   in|   32|        bram|        prod_6|         array|
|prod_6_Clk_A           |  out|    1|        bram|        prod_6|         array|
|prod_6_Rst_A           |  out|    1|        bram|        prod_6|         array|
|prod_7_Addr_A          |  out|   32|        bram|        prod_7|         array|
|prod_7_EN_A            |  out|    1|        bram|        prod_7|         array|
|prod_7_WEN_A           |  out|    4|        bram|        prod_7|         array|
|prod_7_Din_A           |  out|   32|        bram|        prod_7|         array|
|prod_7_Dout_A          |   in|   32|        bram|        prod_7|         array|
|prod_7_Clk_A           |  out|    1|        bram|        prod_7|         array|
|prod_7_Rst_A           |  out|    1|        bram|        prod_7|         array|
|prod_8_Addr_A          |  out|   32|        bram|        prod_8|         array|
|prod_8_EN_A            |  out|    1|        bram|        prod_8|         array|
|prod_8_WEN_A           |  out|    4|        bram|        prod_8|         array|
|prod_8_Din_A           |  out|   32|        bram|        prod_8|         array|
|prod_8_Dout_A          |   in|   32|        bram|        prod_8|         array|
|prod_8_Clk_A           |  out|    1|        bram|        prod_8|         array|
|prod_8_Rst_A           |  out|    1|        bram|        prod_8|         array|
|prod_9_Addr_A          |  out|   32|        bram|        prod_9|         array|
|prod_9_EN_A            |  out|    1|        bram|        prod_9|         array|
|prod_9_WEN_A           |  out|    4|        bram|        prod_9|         array|
|prod_9_Din_A           |  out|   32|        bram|        prod_9|         array|
|prod_9_Dout_A          |   in|   32|        bram|        prod_9|         array|
|prod_9_Clk_A           |  out|    1|        bram|        prod_9|         array|
|prod_9_Rst_A           |  out|    1|        bram|        prod_9|         array|
|prod_10_Addr_A         |  out|   32|        bram|       prod_10|         array|
|prod_10_EN_A           |  out|    1|        bram|       prod_10|         array|
|prod_10_WEN_A          |  out|    4|        bram|       prod_10|         array|
|prod_10_Din_A          |  out|   32|        bram|       prod_10|         array|
|prod_10_Dout_A         |   in|   32|        bram|       prod_10|         array|
|prod_10_Clk_A          |  out|    1|        bram|       prod_10|         array|
|prod_10_Rst_A          |  out|    1|        bram|       prod_10|         array|
|prod_11_Addr_A         |  out|   32|        bram|       prod_11|         array|
|prod_11_EN_A           |  out|    1|        bram|       prod_11|         array|
|prod_11_WEN_A          |  out|    4|        bram|       prod_11|         array|
|prod_11_Din_A          |  out|   32|        bram|       prod_11|         array|
|prod_11_Dout_A         |   in|   32|        bram|       prod_11|         array|
|prod_11_Clk_A          |  out|    1|        bram|       prod_11|         array|
|prod_11_Rst_A          |  out|    1|        bram|       prod_11|         array|
|prod_12_Addr_A         |  out|   32|        bram|       prod_12|         array|
|prod_12_EN_A           |  out|    1|        bram|       prod_12|         array|
|prod_12_WEN_A          |  out|    4|        bram|       prod_12|         array|
|prod_12_Din_A          |  out|   32|        bram|       prod_12|         array|
|prod_12_Dout_A         |   in|   32|        bram|       prod_12|         array|
|prod_12_Clk_A          |  out|    1|        bram|       prod_12|         array|
|prod_12_Rst_A          |  out|    1|        bram|       prod_12|         array|
|prod_13_Addr_A         |  out|   32|        bram|       prod_13|         array|
|prod_13_EN_A           |  out|    1|        bram|       prod_13|         array|
|prod_13_WEN_A          |  out|    4|        bram|       prod_13|         array|
|prod_13_Din_A          |  out|   32|        bram|       prod_13|         array|
|prod_13_Dout_A         |   in|   32|        bram|       prod_13|         array|
|prod_13_Clk_A          |  out|    1|        bram|       prod_13|         array|
|prod_13_Rst_A          |  out|    1|        bram|       prod_13|         array|
|prod_14_Addr_A         |  out|   32|        bram|       prod_14|         array|
|prod_14_EN_A           |  out|    1|        bram|       prod_14|         array|
|prod_14_WEN_A          |  out|    4|        bram|       prod_14|         array|
|prod_14_Din_A          |  out|   32|        bram|       prod_14|         array|
|prod_14_Dout_A         |   in|   32|        bram|       prod_14|         array|
|prod_14_Clk_A          |  out|    1|        bram|       prod_14|         array|
|prod_14_Rst_A          |  out|    1|        bram|       prod_14|         array|
|prod_15_Addr_A         |  out|   32|        bram|       prod_15|         array|
|prod_15_EN_A           |  out|    1|        bram|       prod_15|         array|
|prod_15_WEN_A          |  out|    4|        bram|       prod_15|         array|
|prod_15_Din_A          |  out|   32|        bram|       prod_15|         array|
|prod_15_Dout_A         |   in|   32|        bram|       prod_15|         array|
|prod_15_Clk_A          |  out|    1|        bram|       prod_15|         array|
|prod_15_Rst_A          |  out|    1|        bram|       prod_15|         array|
+-----------------------+-----+-----+------------+--------------+--------------+

