

================================================================
== Synthesis Summary Report of 'matrix_mult'
================================================================
+ General Information: 
    * Date:           Sat Feb 17 04:31:18 2024
    * Version:        2022.1 (Build 3526262 on Mon Apr 18 15:47:01 MDT 2022)
    * Project:        gemmhls_int
    * Solution:       pipeline_II_2 (Vivado IP Flow Target)
    * Product family: zynq
    * Target device:  xc7z020-clg400-1
    

+ Performance & Resource Estimates: 
    
    PS: '+' for module; 'o' for loop; '*' for dataflow
    +----------------------------------+------+------+---------+-----------+----------+---------+------+----------+------+---------+----------+-----------+-----+
    |              Modules             | Issue|      | Latency |  Latency  | Iteration|         | Trip |          |      |         |          |           |     |
    |              & Loops             | Type | Slack| (cycles)|    (ns)   |  Latency | Interval| Count| Pipelined| BRAM |   DSP   |    FF    |    LUT    | URAM|
    +----------------------------------+------+------+---------+-----------+----------+---------+------+----------+------+---------+----------+-----------+-----+
    |+ matrix_mult                     |     -|  1.35|    10241|  1.024e+05|         -|    10242|     -|        no|     -|  1 (~0%)|  79 (~0%)|  285 (~0%)|    -|
    | o Row_Col                        |     -|  7.30|    10240|  1.024e+05|        40|        -|   256|        no|     -|        -|         -|          -|    -|
    |  + matrix_mult_Pipeline_Product  |     -|  2.13|       36|    360.000|         -|       36|     -|        no|     -|  1 (~0%)|  33 (~0%)|  141 (~0%)|    -|
    |   o Product                      |     -|  7.30|       34|    340.000|         5|        2|    16|       yes|     -|        -|         -|          -|    -|
    +----------------------------------+------+------+---------+-----------+----------+---------+------+----------+------+---------+----------+-----------+-----+


================================================================
== HW Interfaces
================================================================
* AP_MEMORY
+---------------+----------+
| Interface     | Bitwidth |
+---------------+----------+
| a_address0    | 8        |
| a_q0          | 8        |
| b_address0    | 8        |
| b_q0          | 8        |
| prod_address0 | 8        |
| prod_d0       | 32       |
+---------------+----------+

* TOP LEVEL CONTROL
+-----------+------------+-----------------------------------+
| Interface | Type       | Ports                             |
+-----------+------------+-----------------------------------+
| ap_clk    | clock      | ap_clk                            |
| ap_rst    | reset      | ap_rst                            |
| ap_ctrl   | ap_ctrl_hs | ap_done ap_idle ap_ready ap_start |
+-----------+------------+-----------------------------------+


================================================================
== SW I/O Information
================================================================
* Top Function Arguments
+----------+-----------+--------------+
| Argument | Direction | Datatype     |
+----------+-----------+--------------+
| a        | in        | ap_uint<8>*  |
| b        | in        | ap_uint<8>*  |
| prod     | out       | ap_uint<32>* |
+----------+-----------+--------------+

* SW-to-HW Mapping
+----------+---------------+---------+----------+
| Argument | HW Interface  | HW Type | HW Usage |
+----------+---------------+---------+----------+
| a        | a_address0    | port    | offset   |
| a        | a_ce0         | port    |          |
| a        | a_q0          | port    |          |
| b        | b_address0    | port    | offset   |
| b        | b_ce0         | port    |          |
| b        | b_q0          | port    |          |
| prod     | prod_address0 | port    | offset   |
| prod     | prod_ce0      | port    |          |
| prod     | prod_we0      | port    |          |
| prod     | prod_d0       | port    |          |
+----------+---------------+---------+----------+


================================================================
== Bind Op Report
================================================================
+--------------------------------------+-----+--------+-------------+-----+--------+---------+
| Name                                 | DSP | Pragma | Variable    | Op  | Impl   | Latency |
+--------------------------------------+-----+--------+-------------+-----+--------+---------+
| + matrix_mult                        | 1   |        |             |     |        |         |
|   add_ln10_1_fu_120_p2               | -   |        | add_ln10_1  | add | fabric | 0       |
|   add_ln10_fu_132_p2                 | -   |        | add_ln10    | add | fabric | 0       |
|   add_ln13_fu_196_p2                 | -   |        | add_ln13    | add | fabric | 0       |
|   add_ln12_fu_164_p2                 | -   |        | add_ln12    | add | fabric | 0       |
|  + matrix_mult_Pipeline_Product      | 1   |        |             |     |        |         |
|    add_ln15_fu_134_p2                | -   |        | add_ln15    | add | fabric | 0       |
|    add_ln232_fu_144_p2               | -   |        | add_ln232   | add | fabric | 0       |
|    add_ln232_1_fu_163_p2             | -   |        | add_ln232_1 | add | fabric | 0       |
|    mac_muladd_8ns_8ns_20ns_20_4_1_U1 | 1   |        | ret_V       | mul | dsp48  | 3       |
|    mac_muladd_8ns_8ns_20ns_20_4_1_U1 | 1   |        | add_ln886   | add | dsp48  | 3       |
+--------------------------------------+-----+--------+-------------+-----+--------+---------+


================================================================
== Bind Storage Report
================================================================
  No bind storage info in design

================================================================
== Pragma Report
================================================================
* Valid Pragma Syntax
+----------+---------+-----------------------------------------------------------+
| Type     | Options | Location                                                  |
+----------+---------+-----------------------------------------------------------+
| pipeline | II=2    | gemmhls_int/pipeline_II_2/directives.tcl:7 in matrix_mult |
+----------+---------+-----------------------------------------------------------+


