

================================================================
== Vitis HLS Report for 'matrix_mult_Pipeline_Row'
================================================================
* Date:           Sat Feb 17 07:06:17 2024

* Version:        2022.1 (Build 3526262 on Mon Apr 18 15:47:01 MDT 2022)
* Project:        gemmhls_int
* Solution:       opt_3 (Vivado IP Flow Target)
* Product family: zynq
* Target device:  xc7z020-clg400-1


================================================================
== Performance Estimates
================================================================
+ Timing: 
    * Summary: 
    +--------+----------+----------+------------+
    |  Clock |  Target  | Estimated| Uncertainty|
    +--------+----------+----------+------------+
    |ap_clk  |  10.00 ns|  6.343 ns|     2.70 ns|
    +--------+----------+----------+------------+

+ Latency: 
    * Summary: 
    +---------+---------+----------+----------+-----+-----+---------+
    |  Latency (cycles) |  Latency (absolute) |  Interval | Pipeline|
    |   min   |   max   |    min   |    max   | min | max |   Type  |
    +---------+---------+----------+----------+-----+-----+---------+
    |       22|       22|  0.220 us|  0.220 us|   22|   22|       no|
    +---------+---------+----------+----------+-----+-----+---------+

    + Detail: 
        * Instance: 
        N/A

        * Loop: 
        +----------+---------+---------+----------+-----------+-----------+------+----------+
        |          |  Latency (cycles) | Iteration|  Initiation Interval  | Trip |          |
        | Loop Name|   min   |   max   |  Latency |  achieved |   target  | Count| Pipelined|
        +----------+---------+---------+----------+-----------+-----------+------+----------+
        |- Row     |       20|       20|         6|          1|          1|    16|       yes|
        +----------+---------+---------+----------+-----------+-----------+------+----------+



================================================================
== Utilization Estimates
================================================================
* Summary: 
+-----------------+---------+-----+--------+-------+-----+
|       Name      | BRAM_18K| DSP |   FF   |  LUT  | URAM|
+-----------------+---------+-----+--------+-------+-----+
|DSP              |        -|  128|       -|      -|    -|
|Expression       |        -|    -|       0|   2889|    -|
|FIFO             |        -|    -|       -|      -|    -|
|Instance         |        -|    0|       0|   5248|    -|
|Memory           |        -|    -|       -|      -|    -|
|Multiplexer      |        -|    -|       -|     36|    -|
|Register         |        -|    -|    2805|     32|    -|
+-----------------+---------+-----+--------+-------+-----+
|Total            |        0|  128|    2805|   8205|    0|
+-----------------+---------+-----+--------+-------+-----+
|Available        |      280|  220|  106400|  53200|    0|
+-----------------+---------+-----+--------+-------+-----+
|Utilization (%)  |        0|   58|       2|     15|    0|
+-----------------+---------+-----+--------+-------+-----+

+ Detail: 
    * Instance: 
    +-------------------------+--------------------+---------+----+---+----+-----+
    |         Instance        |       Module       | BRAM_18K| DSP| FF| LUT| URAM|
    +-------------------------+--------------------+---------+----+---+----+-----+
    |mul_8ns_8ns_16_1_1_U1    |mul_8ns_8ns_16_1_1  |        0|   0|  0|  41|    0|
    |mul_8ns_8ns_16_1_1_U2    |mul_8ns_8ns_16_1_1  |        0|   0|  0|  41|    0|
    |mul_8ns_8ns_16_1_1_U3    |mul_8ns_8ns_16_1_1  |        0|   0|  0|  41|    0|
    |mul_8ns_8ns_16_1_1_U4    |mul_8ns_8ns_16_1_1  |        0|   0|  0|  41|    0|
    |mul_8ns_8ns_16_1_1_U5    |mul_8ns_8ns_16_1_1  |        0|   0|  0|  41|    0|
    |mul_8ns_8ns_16_1_1_U6    |mul_8ns_8ns_16_1_1  |        0|   0|  0|  41|    0|
    |mul_8ns_8ns_16_1_1_U7    |mul_8ns_8ns_16_1_1  |        0|   0|  0|  41|    0|
    |mul_8ns_8ns_16_1_1_U8    |mul_8ns_8ns_16_1_1  |        0|   0|  0|  41|    0|
    |mul_8ns_8ns_16_1_1_U9    |mul_8ns_8ns_16_1_1  |        0|   0|  0|  41|    0|
    |mul_8ns_8ns_16_1_1_U10   |mul_8ns_8ns_16_1_1  |        0|   0|  0|  41|    0|
    |mul_8ns_8ns_16_1_1_U11   |mul_8ns_8ns_16_1_1  |        0|   0|  0|  41|    0|
    |mul_8ns_8ns_16_1_1_U12   |mul_8ns_8ns_16_1_1  |        0|   0|  0|  41|    0|
    |mul_8ns_8ns_16_1_1_U13   |mul_8ns_8ns_16_1_1  |        0|   0|  0|  41|    0|
    |mul_8ns_8ns_16_1_1_U14   |mul_8ns_8ns_16_1_1  |        0|   0|  0|  41|    0|
    |mul_8ns_8ns_16_1_1_U15   |mul_8ns_8ns_16_1_1  |        0|   0|  0|  41|    0|
    |mul_8ns_8ns_16_1_1_U16   |mul_8ns_8ns_16_1_1  |        0|   0|  0|  41|    0|
    |mul_8ns_8ns_16_1_1_U17   |mul_8ns_8ns_16_1_1  |        0|   0|  0|  41|    0|
    |mul_8ns_8ns_16_1_1_U18   |mul_8ns_8ns_16_1_1  |        0|   0|  0|  41|    0|
    |mul_8ns_8ns_16_1_1_U19   |mul_8ns_8ns_16_1_1  |        0|   0|  0|  41|    0|
    |mul_8ns_8ns_16_1_1_U20   |mul_8ns_8ns_16_1_1  |        0|   0|  0|  41|    0|
    |mul_8ns_8ns_16_1_1_U21   |mul_8ns_8ns_16_1_1  |        0|   0|  0|  41|    0|
    |mul_8ns_8ns_16_1_1_U22   |mul_8ns_8ns_16_1_1  |        0|   0|  0|  41|    0|
    |mul_8ns_8ns_16_1_1_U23   |mul_8ns_8ns_16_1_1  |        0|   0|  0|  41|    0|
    |mul_8ns_8ns_16_1_1_U24   |mul_8ns_8ns_16_1_1  |        0|   0|  0|  41|    0|
    |mul_8ns_8ns_16_1_1_U25   |mul_8ns_8ns_16_1_1  |        0|   0|  0|  41|    0|
    |mul_8ns_8ns_16_1_1_U26   |mul_8ns_8ns_16_1_1  |        0|   0|  0|  41|    0|
    |mul_8ns_8ns_16_1_1_U27   |mul_8ns_8ns_16_1_1  |        0|   0|  0|  41|    0|
    |mul_8ns_8ns_16_1_1_U28   |mul_8ns_8ns_16_1_1  |        0|   0|  0|  41|    0|
    |mul_8ns_8ns_16_1_1_U29   |mul_8ns_8ns_16_1_1  |        0|   0|  0|  41|    0|
    |mul_8ns_8ns_16_1_1_U30   |mul_8ns_8ns_16_1_1  |        0|   0|  0|  41|    0|
    |mul_8ns_8ns_16_1_1_U31   |mul_8ns_8ns_16_1_1  |        0|   0|  0|  41|    0|
    |mul_8ns_8ns_16_1_1_U32   |mul_8ns_8ns_16_1_1  |        0|   0|  0|  41|    0|
    |mul_8ns_8ns_16_1_1_U33   |mul_8ns_8ns_16_1_1  |        0|   0|  0|  41|    0|
    |mul_8ns_8ns_16_1_1_U34   |mul_8ns_8ns_16_1_1  |        0|   0|  0|  41|    0|
    |mul_8ns_8ns_16_1_1_U35   |mul_8ns_8ns_16_1_1  |        0|   0|  0|  41|    0|
    |mul_8ns_8ns_16_1_1_U36   |mul_8ns_8ns_16_1_1  |        0|   0|  0|  41|    0|
    |mul_8ns_8ns_16_1_1_U37   |mul_8ns_8ns_16_1_1  |        0|   0|  0|  41|    0|
    |mul_8ns_8ns_16_1_1_U38   |mul_8ns_8ns_16_1_1  |        0|   0|  0|  41|    0|
    |mul_8ns_8ns_16_1_1_U39   |mul_8ns_8ns_16_1_1  |        0|   0|  0|  41|    0|
    |mul_8ns_8ns_16_1_1_U40   |mul_8ns_8ns_16_1_1  |        0|   0|  0|  41|    0|
    |mul_8ns_8ns_16_1_1_U41   |mul_8ns_8ns_16_1_1  |        0|   0|  0|  41|    0|
    |mul_8ns_8ns_16_1_1_U42   |mul_8ns_8ns_16_1_1  |        0|   0|  0|  41|    0|
    |mul_8ns_8ns_16_1_1_U43   |mul_8ns_8ns_16_1_1  |        0|   0|  0|  41|    0|
    |mul_8ns_8ns_16_1_1_U44   |mul_8ns_8ns_16_1_1  |        0|   0|  0|  41|    0|
    |mul_8ns_8ns_16_1_1_U45   |mul_8ns_8ns_16_1_1  |        0|   0|  0|  41|    0|
    |mul_8ns_8ns_16_1_1_U46   |mul_8ns_8ns_16_1_1  |        0|   0|  0|  41|    0|
    |mul_8ns_8ns_16_1_1_U47   |mul_8ns_8ns_16_1_1  |        0|   0|  0|  41|    0|
    |mul_8ns_8ns_16_1_1_U48   |mul_8ns_8ns_16_1_1  |        0|   0|  0|  41|    0|
    |mul_8ns_8ns_16_1_1_U49   |mul_8ns_8ns_16_1_1  |        0|   0|  0|  41|    0|
    |mul_8ns_8ns_16_1_1_U50   |mul_8ns_8ns_16_1_1  |        0|   0|  0|  41|    0|
    |mul_8ns_8ns_16_1_1_U51   |mul_8ns_8ns_16_1_1  |        0|   0|  0|  41|    0|
    |mul_8ns_8ns_16_1_1_U52   |mul_8ns_8ns_16_1_1  |        0|   0|  0|  41|    0|
    |mul_8ns_8ns_16_1_1_U53   |mul_8ns_8ns_16_1_1  |        0|   0|  0|  41|    0|
    |mul_8ns_8ns_16_1_1_U54   |mul_8ns_8ns_16_1_1  |        0|   0|  0|  41|    0|
    |mul_8ns_8ns_16_1_1_U55   |mul_8ns_8ns_16_1_1  |        0|   0|  0|  41|    0|
    |mul_8ns_8ns_16_1_1_U56   |mul_8ns_8ns_16_1_1  |        0|   0|  0|  41|    0|
    |mul_8ns_8ns_16_1_1_U57   |mul_8ns_8ns_16_1_1  |        0|   0|  0|  41|    0|
    |mul_8ns_8ns_16_1_1_U58   |mul_8ns_8ns_16_1_1  |        0|   0|  0|  41|    0|
    |mul_8ns_8ns_16_1_1_U59   |mul_8ns_8ns_16_1_1  |        0|   0|  0|  41|    0|
    |mul_8ns_8ns_16_1_1_U60   |mul_8ns_8ns_16_1_1  |        0|   0|  0|  41|    0|
    |mul_8ns_8ns_16_1_1_U61   |mul_8ns_8ns_16_1_1  |        0|   0|  0|  41|    0|
    |mul_8ns_8ns_16_1_1_U62   |mul_8ns_8ns_16_1_1  |        0|   0|  0|  41|    0|
    |mul_8ns_8ns_16_1_1_U63   |mul_8ns_8ns_16_1_1  |        0|   0|  0|  41|    0|
    |mul_8ns_8ns_16_1_1_U64   |mul_8ns_8ns_16_1_1  |        0|   0|  0|  41|    0|
    |mul_8ns_8ns_16_1_1_U65   |mul_8ns_8ns_16_1_1  |        0|   0|  0|  41|    0|
    |mul_8ns_8ns_16_1_1_U66   |mul_8ns_8ns_16_1_1  |        0|   0|  0|  41|    0|
    |mul_8ns_8ns_16_1_1_U67   |mul_8ns_8ns_16_1_1  |        0|   0|  0|  41|    0|
    |mul_8ns_8ns_16_1_1_U68   |mul_8ns_8ns_16_1_1  |        0|   0|  0|  41|    0|
    |mul_8ns_8ns_16_1_1_U69   |mul_8ns_8ns_16_1_1  |        0|   0|  0|  41|    0|
    |mul_8ns_8ns_16_1_1_U70   |mul_8ns_8ns_16_1_1  |        0|   0|  0|  41|    0|
    |mul_8ns_8ns_16_1_1_U71   |mul_8ns_8ns_16_1_1  |        0|   0|  0|  41|    0|
    |mul_8ns_8ns_16_1_1_U72   |mul_8ns_8ns_16_1_1  |        0|   0|  0|  41|    0|
    |mul_8ns_8ns_16_1_1_U73   |mul_8ns_8ns_16_1_1  |        0|   0|  0|  41|    0|
    |mul_8ns_8ns_16_1_1_U74   |mul_8ns_8ns_16_1_1  |        0|   0|  0|  41|    0|
    |mul_8ns_8ns_16_1_1_U75   |mul_8ns_8ns_16_1_1  |        0|   0|  0|  41|    0|
    |mul_8ns_8ns_16_1_1_U76   |mul_8ns_8ns_16_1_1  |        0|   0|  0|  41|    0|
    |mul_8ns_8ns_16_1_1_U77   |mul_8ns_8ns_16_1_1  |        0|   0|  0|  41|    0|
    |mul_8ns_8ns_16_1_1_U78   |mul_8ns_8ns_16_1_1  |        0|   0|  0|  41|    0|
    |mul_8ns_8ns_16_1_1_U79   |mul_8ns_8ns_16_1_1  |        0|   0|  0|  41|    0|
    |mul_8ns_8ns_16_1_1_U80   |mul_8ns_8ns_16_1_1  |        0|   0|  0|  41|    0|
    |mul_8ns_8ns_16_1_1_U81   |mul_8ns_8ns_16_1_1  |        0|   0|  0|  41|    0|
    |mul_8ns_8ns_16_1_1_U82   |mul_8ns_8ns_16_1_1  |        0|   0|  0|  41|    0|
    |mul_8ns_8ns_16_1_1_U83   |mul_8ns_8ns_16_1_1  |        0|   0|  0|  41|    0|
    |mul_8ns_8ns_16_1_1_U84   |mul_8ns_8ns_16_1_1  |        0|   0|  0|  41|    0|
    |mul_8ns_8ns_16_1_1_U85   |mul_8ns_8ns_16_1_1  |        0|   0|  0|  41|    0|
    |mul_8ns_8ns_16_1_1_U86   |mul_8ns_8ns_16_1_1  |        0|   0|  0|  41|    0|
    |mul_8ns_8ns_16_1_1_U87   |mul_8ns_8ns_16_1_1  |        0|   0|  0|  41|    0|
    |mul_8ns_8ns_16_1_1_U88   |mul_8ns_8ns_16_1_1  |        0|   0|  0|  41|    0|
    |mul_8ns_8ns_16_1_1_U89   |mul_8ns_8ns_16_1_1  |        0|   0|  0|  41|    0|
    |mul_8ns_8ns_16_1_1_U90   |mul_8ns_8ns_16_1_1  |        0|   0|  0|  41|    0|
    |mul_8ns_8ns_16_1_1_U91   |mul_8ns_8ns_16_1_1  |        0|   0|  0|  41|    0|
    |mul_8ns_8ns_16_1_1_U92   |mul_8ns_8ns_16_1_1  |        0|   0|  0|  41|    0|
    |mul_8ns_8ns_16_1_1_U93   |mul_8ns_8ns_16_1_1  |        0|   0|  0|  41|    0|
    |mul_8ns_8ns_16_1_1_U94   |mul_8ns_8ns_16_1_1  |        0|   0|  0|  41|    0|
    |mul_8ns_8ns_16_1_1_U95   |mul_8ns_8ns_16_1_1  |        0|   0|  0|  41|    0|
    |mul_8ns_8ns_16_1_1_U96   |mul_8ns_8ns_16_1_1  |        0|   0|  0|  41|    0|
    |mul_8ns_8ns_16_1_1_U97   |mul_8ns_8ns_16_1_1  |        0|   0|  0|  41|    0|
    |mul_8ns_8ns_16_1_1_U98   |mul_8ns_8ns_16_1_1  |        0|   0|  0|  41|    0|
    |mul_8ns_8ns_16_1_1_U99   |mul_8ns_8ns_16_1_1  |        0|   0|  0|  41|    0|
    |mul_8ns_8ns_16_1_1_U100  |mul_8ns_8ns_16_1_1  |        0|   0|  0|  41|    0|
    |mul_8ns_8ns_16_1_1_U101  |mul_8ns_8ns_16_1_1  |        0|   0|  0|  41|    0|
    |mul_8ns_8ns_16_1_1_U102  |mul_8ns_8ns_16_1_1  |        0|   0|  0|  41|    0|
    |mul_8ns_8ns_16_1_1_U103  |mul_8ns_8ns_16_1_1  |        0|   0|  0|  41|    0|
    |mul_8ns_8ns_16_1_1_U104  |mul_8ns_8ns_16_1_1  |        0|   0|  0|  41|    0|
    |mul_8ns_8ns_16_1_1_U105  |mul_8ns_8ns_16_1_1  |        0|   0|  0|  41|    0|
    |mul_8ns_8ns_16_1_1_U106  |mul_8ns_8ns_16_1_1  |        0|   0|  0|  41|    0|
    |mul_8ns_8ns_16_1_1_U107  |mul_8ns_8ns_16_1_1  |        0|   0|  0|  41|    0|
    |mul_8ns_8ns_16_1_1_U108  |mul_8ns_8ns_16_1_1  |        0|   0|  0|  41|    0|
    |mul_8ns_8ns_16_1_1_U109  |mul_8ns_8ns_16_1_1  |        0|   0|  0|  41|    0|
    |mul_8ns_8ns_16_1_1_U110  |mul_8ns_8ns_16_1_1  |        0|   0|  0|  41|    0|
    |mul_8ns_8ns_16_1_1_U111  |mul_8ns_8ns_16_1_1  |        0|   0|  0|  41|    0|
    |mul_8ns_8ns_16_1_1_U112  |mul_8ns_8ns_16_1_1  |        0|   0|  0|  41|    0|
    |mul_8ns_8ns_16_1_1_U113  |mul_8ns_8ns_16_1_1  |        0|   0|  0|  41|    0|
    |mul_8ns_8ns_16_1_1_U114  |mul_8ns_8ns_16_1_1  |        0|   0|  0|  41|    0|
    |mul_8ns_8ns_16_1_1_U115  |mul_8ns_8ns_16_1_1  |        0|   0|  0|  41|    0|
    |mul_8ns_8ns_16_1_1_U116  |mul_8ns_8ns_16_1_1  |        0|   0|  0|  41|    0|
    |mul_8ns_8ns_16_1_1_U117  |mul_8ns_8ns_16_1_1  |        0|   0|  0|  41|    0|
    |mul_8ns_8ns_16_1_1_U118  |mul_8ns_8ns_16_1_1  |        0|   0|  0|  41|    0|
    |mul_8ns_8ns_16_1_1_U119  |mul_8ns_8ns_16_1_1  |        0|   0|  0|  41|    0|
    |mul_8ns_8ns_16_1_1_U120  |mul_8ns_8ns_16_1_1  |        0|   0|  0|  41|    0|
    |mul_8ns_8ns_16_1_1_U121  |mul_8ns_8ns_16_1_1  |        0|   0|  0|  41|    0|
    |mul_8ns_8ns_16_1_1_U122  |mul_8ns_8ns_16_1_1  |        0|   0|  0|  41|    0|
    |mul_8ns_8ns_16_1_1_U123  |mul_8ns_8ns_16_1_1  |        0|   0|  0|  41|    0|
    |mul_8ns_8ns_16_1_1_U124  |mul_8ns_8ns_16_1_1  |        0|   0|  0|  41|    0|
    |mul_8ns_8ns_16_1_1_U125  |mul_8ns_8ns_16_1_1  |        0|   0|  0|  41|    0|
    |mul_8ns_8ns_16_1_1_U126  |mul_8ns_8ns_16_1_1  |        0|   0|  0|  41|    0|
    |mul_8ns_8ns_16_1_1_U127  |mul_8ns_8ns_16_1_1  |        0|   0|  0|  41|    0|
    |mul_8ns_8ns_16_1_1_U128  |mul_8ns_8ns_16_1_1  |        0|   0|  0|  41|    0|
    +-------------------------+--------------------+---------+----+---+----+-----+
    |Total                    |                    |        0|   0|  0|5248|    0|
    +-------------------------+--------------------+---------+----+---+----+-----+

    * DSP: 
    +-------------------------------------+--------------------------------+--------------+
    |               Instance              |             Module             |  Expression  |
    +-------------------------------------+--------------------------------+--------------+
    |mac_muladd_8ns_8ns_16ns_17_4_1_U129  |mac_muladd_8ns_8ns_16ns_17_4_1  |  i0 + i1 * i2|
    |mac_muladd_8ns_8ns_16ns_17_4_1_U130  |mac_muladd_8ns_8ns_16ns_17_4_1  |  i0 + i1 * i2|
    |mac_muladd_8ns_8ns_16ns_17_4_1_U131  |mac_muladd_8ns_8ns_16ns_17_4_1  |  i0 + i1 * i2|
    |mac_muladd_8ns_8ns_16ns_17_4_1_U132  |mac_muladd_8ns_8ns_16ns_17_4_1  |  i0 + i1 * i2|
    |mac_muladd_8ns_8ns_16ns_17_4_1_U133  |mac_muladd_8ns_8ns_16ns_17_4_1  |  i0 + i1 * i2|
    |mac_muladd_8ns_8ns_16ns_17_4_1_U134  |mac_muladd_8ns_8ns_16ns_17_4_1  |  i0 + i1 * i2|
    |mac_muladd_8ns_8ns_16ns_17_4_1_U135  |mac_muladd_8ns_8ns_16ns_17_4_1  |  i0 + i1 * i2|
    |mac_muladd_8ns_8ns_16ns_17_4_1_U136  |mac_muladd_8ns_8ns_16ns_17_4_1  |  i0 + i1 * i2|
    |mac_muladd_8ns_8ns_16ns_17_4_1_U137  |mac_muladd_8ns_8ns_16ns_17_4_1  |  i0 + i1 * i2|
    |mac_muladd_8ns_8ns_16ns_17_4_1_U138  |mac_muladd_8ns_8ns_16ns_17_4_1  |  i0 + i1 * i2|
    |mac_muladd_8ns_8ns_16ns_17_4_1_U139  |mac_muladd_8ns_8ns_16ns_17_4_1  |  i0 + i1 * i2|
    |mac_muladd_8ns_8ns_16ns_17_4_1_U140  |mac_muladd_8ns_8ns_16ns_17_4_1  |  i0 + i1 * i2|
    |mac_muladd_8ns_8ns_16ns_17_4_1_U141  |mac_muladd_8ns_8ns_16ns_17_4_1  |  i0 + i1 * i2|
    |mac_muladd_8ns_8ns_16ns_17_4_1_U142  |mac_muladd_8ns_8ns_16ns_17_4_1  |  i0 + i1 * i2|
    |mac_muladd_8ns_8ns_16ns_17_4_1_U143  |mac_muladd_8ns_8ns_16ns_17_4_1  |  i0 + i1 * i2|
    |mac_muladd_8ns_8ns_16ns_17_4_1_U144  |mac_muladd_8ns_8ns_16ns_17_4_1  |  i0 + i1 * i2|
    |mac_muladd_8ns_8ns_16ns_17_4_1_U145  |mac_muladd_8ns_8ns_16ns_17_4_1  |  i0 + i1 * i2|
    |mac_muladd_8ns_8ns_16ns_17_4_1_U146  |mac_muladd_8ns_8ns_16ns_17_4_1  |  i0 + i1 * i2|
    |mac_muladd_8ns_8ns_16ns_17_4_1_U147  |mac_muladd_8ns_8ns_16ns_17_4_1  |  i0 + i1 * i2|
    |mac_muladd_8ns_8ns_16ns_17_4_1_U148  |mac_muladd_8ns_8ns_16ns_17_4_1  |  i0 + i1 * i2|
    |mac_muladd_8ns_8ns_16ns_17_4_1_U149  |mac_muladd_8ns_8ns_16ns_17_4_1  |  i0 + i1 * i2|
    |mac_muladd_8ns_8ns_16ns_17_4_1_U150  |mac_muladd_8ns_8ns_16ns_17_4_1  |  i0 + i1 * i2|
    |mac_muladd_8ns_8ns_16ns_17_4_1_U151  |mac_muladd_8ns_8ns_16ns_17_4_1  |  i0 + i1 * i2|
    |mac_muladd_8ns_8ns_16ns_17_4_1_U152  |mac_muladd_8ns_8ns_16ns_17_4_1  |  i0 + i1 * i2|
    |mac_muladd_8ns_8ns_16ns_17_4_1_U153  |mac_muladd_8ns_8ns_16ns_17_4_1  |  i0 + i1 * i2|
    |mac_muladd_8ns_8ns_16ns_17_4_1_U154  |mac_muladd_8ns_8ns_16ns_17_4_1  |  i0 + i1 * i2|
    |mac_muladd_8ns_8ns_16ns_17_4_1_U155  |mac_muladd_8ns_8ns_16ns_17_4_1  |  i0 + i1 * i2|
    |mac_muladd_8ns_8ns_16ns_17_4_1_U156  |mac_muladd_8ns_8ns_16ns_17_4_1  |  i0 + i1 * i2|
    |mac_muladd_8ns_8ns_16ns_17_4_1_U157  |mac_muladd_8ns_8ns_16ns_17_4_1  |  i0 + i1 * i2|
    |mac_muladd_8ns_8ns_16ns_17_4_1_U158  |mac_muladd_8ns_8ns_16ns_17_4_1  |  i0 + i1 * i2|
    |mac_muladd_8ns_8ns_16ns_17_4_1_U159  |mac_muladd_8ns_8ns_16ns_17_4_1  |  i0 + i1 * i2|
    |mac_muladd_8ns_8ns_16ns_17_4_1_U160  |mac_muladd_8ns_8ns_16ns_17_4_1  |  i0 + i1 * i2|
    |mac_muladd_8ns_8ns_16ns_17_4_1_U161  |mac_muladd_8ns_8ns_16ns_17_4_1  |  i0 + i1 * i2|
    |mac_muladd_8ns_8ns_16ns_17_4_1_U162  |mac_muladd_8ns_8ns_16ns_17_4_1  |  i0 + i1 * i2|
    |mac_muladd_8ns_8ns_16ns_17_4_1_U163  |mac_muladd_8ns_8ns_16ns_17_4_1  |  i0 + i1 * i2|
    |mac_muladd_8ns_8ns_16ns_17_4_1_U164  |mac_muladd_8ns_8ns_16ns_17_4_1  |  i0 + i1 * i2|
    |mac_muladd_8ns_8ns_16ns_17_4_1_U165  |mac_muladd_8ns_8ns_16ns_17_4_1  |  i0 + i1 * i2|
    |mac_muladd_8ns_8ns_16ns_17_4_1_U166  |mac_muladd_8ns_8ns_16ns_17_4_1  |  i0 + i1 * i2|
    |mac_muladd_8ns_8ns_16ns_17_4_1_U167  |mac_muladd_8ns_8ns_16ns_17_4_1  |  i0 + i1 * i2|
    |mac_muladd_8ns_8ns_16ns_17_4_1_U168  |mac_muladd_8ns_8ns_16ns_17_4_1  |  i0 + i1 * i2|
    |mac_muladd_8ns_8ns_16ns_17_4_1_U169  |mac_muladd_8ns_8ns_16ns_17_4_1  |  i0 + i1 * i2|
    |mac_muladd_8ns_8ns_16ns_17_4_1_U170  |mac_muladd_8ns_8ns_16ns_17_4_1  |  i0 + i1 * i2|
    |mac_muladd_8ns_8ns_16ns_17_4_1_U171  |mac_muladd_8ns_8ns_16ns_17_4_1  |  i0 + i1 * i2|
    |mac_muladd_8ns_8ns_16ns_17_4_1_U172  |mac_muladd_8ns_8ns_16ns_17_4_1  |  i0 + i1 * i2|
    |mac_muladd_8ns_8ns_16ns_17_4_1_U173  |mac_muladd_8ns_8ns_16ns_17_4_1  |  i0 + i1 * i2|
    |mac_muladd_8ns_8ns_16ns_17_4_1_U174  |mac_muladd_8ns_8ns_16ns_17_4_1  |  i0 + i1 * i2|
    |mac_muladd_8ns_8ns_16ns_17_4_1_U175  |mac_muladd_8ns_8ns_16ns_17_4_1  |  i0 + i1 * i2|
    |mac_muladd_8ns_8ns_16ns_17_4_1_U176  |mac_muladd_8ns_8ns_16ns_17_4_1  |  i0 + i1 * i2|
    |mac_muladd_8ns_8ns_16ns_17_4_1_U177  |mac_muladd_8ns_8ns_16ns_17_4_1  |  i0 + i1 * i2|
    |mac_muladd_8ns_8ns_16ns_17_4_1_U178  |mac_muladd_8ns_8ns_16ns_17_4_1  |  i0 + i1 * i2|
    |mac_muladd_8ns_8ns_16ns_17_4_1_U179  |mac_muladd_8ns_8ns_16ns_17_4_1  |  i0 + i1 * i2|
    |mac_muladd_8ns_8ns_16ns_17_4_1_U180  |mac_muladd_8ns_8ns_16ns_17_4_1  |  i0 + i1 * i2|
    |mac_muladd_8ns_8ns_16ns_17_4_1_U181  |mac_muladd_8ns_8ns_16ns_17_4_1  |  i0 + i1 * i2|
    |mac_muladd_8ns_8ns_16ns_17_4_1_U182  |mac_muladd_8ns_8ns_16ns_17_4_1  |  i0 + i1 * i2|
    |mac_muladd_8ns_8ns_16ns_17_4_1_U183  |mac_muladd_8ns_8ns_16ns_17_4_1  |  i0 + i1 * i2|
    |mac_muladd_8ns_8ns_16ns_17_4_1_U184  |mac_muladd_8ns_8ns_16ns_17_4_1  |  i0 + i1 * i2|
    |mac_muladd_8ns_8ns_16ns_17_4_1_U185  |mac_muladd_8ns_8ns_16ns_17_4_1  |  i0 + i1 * i2|
    |mac_muladd_8ns_8ns_16ns_17_4_1_U186  |mac_muladd_8ns_8ns_16ns_17_4_1  |  i0 + i1 * i2|
    |mac_muladd_8ns_8ns_16ns_17_4_1_U187  |mac_muladd_8ns_8ns_16ns_17_4_1  |  i0 + i1 * i2|
    |mac_muladd_8ns_8ns_16ns_17_4_1_U188  |mac_muladd_8ns_8ns_16ns_17_4_1  |  i0 + i1 * i2|
    |mac_muladd_8ns_8ns_16ns_17_4_1_U189  |mac_muladd_8ns_8ns_16ns_17_4_1  |  i0 + i1 * i2|
    |mac_muladd_8ns_8ns_16ns_17_4_1_U190  |mac_muladd_8ns_8ns_16ns_17_4_1  |  i0 + i1 * i2|
    |mac_muladd_8ns_8ns_16ns_17_4_1_U191  |mac_muladd_8ns_8ns_16ns_17_4_1  |  i0 + i1 * i2|
    |mac_muladd_8ns_8ns_16ns_17_4_1_U192  |mac_muladd_8ns_8ns_16ns_17_4_1  |  i0 + i1 * i2|
    |mac_muladd_8ns_8ns_16ns_17_4_1_U193  |mac_muladd_8ns_8ns_16ns_17_4_1  |  i0 + i1 * i2|
    |mac_muladd_8ns_8ns_16ns_17_4_1_U194  |mac_muladd_8ns_8ns_16ns_17_4_1  |  i0 + i1 * i2|
    |mac_muladd_8ns_8ns_16ns_17_4_1_U195  |mac_muladd_8ns_8ns_16ns_17_4_1  |  i0 + i1 * i2|
    |mac_muladd_8ns_8ns_16ns_17_4_1_U196  |mac_muladd_8ns_8ns_16ns_17_4_1  |  i0 + i1 * i2|
    |mac_muladd_8ns_8ns_16ns_17_4_1_U197  |mac_muladd_8ns_8ns_16ns_17_4_1  |  i0 + i1 * i2|
    |mac_muladd_8ns_8ns_16ns_17_4_1_U198  |mac_muladd_8ns_8ns_16ns_17_4_1  |  i0 + i1 * i2|
    |mac_muladd_8ns_8ns_16ns_17_4_1_U199  |mac_muladd_8ns_8ns_16ns_17_4_1  |  i0 + i1 * i2|
    |mac_muladd_8ns_8ns_16ns_17_4_1_U200  |mac_muladd_8ns_8ns_16ns_17_4_1  |  i0 + i1 * i2|
    |mac_muladd_8ns_8ns_16ns_17_4_1_U201  |mac_muladd_8ns_8ns_16ns_17_4_1  |  i0 + i1 * i2|
    |mac_muladd_8ns_8ns_16ns_17_4_1_U202  |mac_muladd_8ns_8ns_16ns_17_4_1  |  i0 + i1 * i2|
    |mac_muladd_8ns_8ns_16ns_17_4_1_U203  |mac_muladd_8ns_8ns_16ns_17_4_1  |  i0 + i1 * i2|
    |mac_muladd_8ns_8ns_16ns_17_4_1_U204  |mac_muladd_8ns_8ns_16ns_17_4_1  |  i0 + i1 * i2|
    |mac_muladd_8ns_8ns_16ns_17_4_1_U205  |mac_muladd_8ns_8ns_16ns_17_4_1  |  i0 + i1 * i2|
    |mac_muladd_8ns_8ns_16ns_17_4_1_U206  |mac_muladd_8ns_8ns_16ns_17_4_1  |  i0 + i1 * i2|
    |mac_muladd_8ns_8ns_16ns_17_4_1_U207  |mac_muladd_8ns_8ns_16ns_17_4_1  |  i0 + i1 * i2|
    |mac_muladd_8ns_8ns_16ns_17_4_1_U208  |mac_muladd_8ns_8ns_16ns_17_4_1  |  i0 + i1 * i2|
    |mac_muladd_8ns_8ns_16ns_17_4_1_U209  |mac_muladd_8ns_8ns_16ns_17_4_1  |  i0 + i1 * i2|
    |mac_muladd_8ns_8ns_16ns_17_4_1_U210  |mac_muladd_8ns_8ns_16ns_17_4_1  |  i0 + i1 * i2|
    |mac_muladd_8ns_8ns_16ns_17_4_1_U211  |mac_muladd_8ns_8ns_16ns_17_4_1  |  i0 + i1 * i2|
    |mac_muladd_8ns_8ns_16ns_17_4_1_U212  |mac_muladd_8ns_8ns_16ns_17_4_1  |  i0 + i1 * i2|
    |mac_muladd_8ns_8ns_16ns_17_4_1_U213  |mac_muladd_8ns_8ns_16ns_17_4_1  |  i0 + i1 * i2|
    |mac_muladd_8ns_8ns_16ns_17_4_1_U214  |mac_muladd_8ns_8ns_16ns_17_4_1  |  i0 + i1 * i2|
    |mac_muladd_8ns_8ns_16ns_17_4_1_U215  |mac_muladd_8ns_8ns_16ns_17_4_1  |  i0 + i1 * i2|
    |mac_muladd_8ns_8ns_16ns_17_4_1_U216  |mac_muladd_8ns_8ns_16ns_17_4_1  |  i0 + i1 * i2|
    |mac_muladd_8ns_8ns_16ns_17_4_1_U217  |mac_muladd_8ns_8ns_16ns_17_4_1  |  i0 + i1 * i2|
    |mac_muladd_8ns_8ns_16ns_17_4_1_U218  |mac_muladd_8ns_8ns_16ns_17_4_1  |  i0 + i1 * i2|
    |mac_muladd_8ns_8ns_16ns_17_4_1_U219  |mac_muladd_8ns_8ns_16ns_17_4_1  |  i0 + i1 * i2|
    |mac_muladd_8ns_8ns_16ns_17_4_1_U220  |mac_muladd_8ns_8ns_16ns_17_4_1  |  i0 + i1 * i2|
    |mac_muladd_8ns_8ns_16ns_17_4_1_U221  |mac_muladd_8ns_8ns_16ns_17_4_1  |  i0 + i1 * i2|
    |mac_muladd_8ns_8ns_16ns_17_4_1_U222  |mac_muladd_8ns_8ns_16ns_17_4_1  |  i0 + i1 * i2|
    |mac_muladd_8ns_8ns_16ns_17_4_1_U223  |mac_muladd_8ns_8ns_16ns_17_4_1  |  i0 + i1 * i2|
    |mac_muladd_8ns_8ns_16ns_17_4_1_U224  |mac_muladd_8ns_8ns_16ns_17_4_1  |  i0 + i1 * i2|
    |mac_muladd_8ns_8ns_16ns_17_4_1_U225  |mac_muladd_8ns_8ns_16ns_17_4_1  |  i0 + i1 * i2|
    |mac_muladd_8ns_8ns_16ns_17_4_1_U226  |mac_muladd_8ns_8ns_16ns_17_4_1  |  i0 + i1 * i2|
    |mac_muladd_8ns_8ns_16ns_17_4_1_U227  |mac_muladd_8ns_8ns_16ns_17_4_1  |  i0 + i1 * i2|
    |mac_muladd_8ns_8ns_16ns_17_4_1_U228  |mac_muladd_8ns_8ns_16ns_17_4_1  |  i0 + i1 * i2|
    |mac_muladd_8ns_8ns_16ns_17_4_1_U229  |mac_muladd_8ns_8ns_16ns_17_4_1  |  i0 + i1 * i2|
    |mac_muladd_8ns_8ns_16ns_17_4_1_U230  |mac_muladd_8ns_8ns_16ns_17_4_1  |  i0 + i1 * i2|
    |mac_muladd_8ns_8ns_16ns_17_4_1_U231  |mac_muladd_8ns_8ns_16ns_17_4_1  |  i0 + i1 * i2|
    |mac_muladd_8ns_8ns_16ns_17_4_1_U232  |mac_muladd_8ns_8ns_16ns_17_4_1  |  i0 + i1 * i2|
    |mac_muladd_8ns_8ns_16ns_17_4_1_U233  |mac_muladd_8ns_8ns_16ns_17_4_1  |  i0 + i1 * i2|
    |mac_muladd_8ns_8ns_16ns_17_4_1_U234  |mac_muladd_8ns_8ns_16ns_17_4_1  |  i0 + i1 * i2|
    |mac_muladd_8ns_8ns_16ns_17_4_1_U235  |mac_muladd_8ns_8ns_16ns_17_4_1  |  i0 + i1 * i2|
    |mac_muladd_8ns_8ns_16ns_17_4_1_U236  |mac_muladd_8ns_8ns_16ns_17_4_1  |  i0 + i1 * i2|
    |mac_muladd_8ns_8ns_16ns_17_4_1_U237  |mac_muladd_8ns_8ns_16ns_17_4_1  |  i0 + i1 * i2|
    |mac_muladd_8ns_8ns_16ns_17_4_1_U238  |mac_muladd_8ns_8ns_16ns_17_4_1  |  i0 + i1 * i2|
    |mac_muladd_8ns_8ns_16ns_17_4_1_U239  |mac_muladd_8ns_8ns_16ns_17_4_1  |  i0 + i1 * i2|
    |mac_muladd_8ns_8ns_16ns_17_4_1_U240  |mac_muladd_8ns_8ns_16ns_17_4_1  |  i0 + i1 * i2|
    |mac_muladd_8ns_8ns_16ns_17_4_1_U241  |mac_muladd_8ns_8ns_16ns_17_4_1  |  i0 + i1 * i2|
    |mac_muladd_8ns_8ns_16ns_17_4_1_U242  |mac_muladd_8ns_8ns_16ns_17_4_1  |  i0 + i1 * i2|
    |mac_muladd_8ns_8ns_16ns_17_4_1_U243  |mac_muladd_8ns_8ns_16ns_17_4_1  |  i0 + i1 * i2|
    |mac_muladd_8ns_8ns_16ns_17_4_1_U244  |mac_muladd_8ns_8ns_16ns_17_4_1  |  i0 + i1 * i2|
    |mac_muladd_8ns_8ns_16ns_17_4_1_U245  |mac_muladd_8ns_8ns_16ns_17_4_1  |  i0 + i1 * i2|
    |mac_muladd_8ns_8ns_16ns_17_4_1_U246  |mac_muladd_8ns_8ns_16ns_17_4_1  |  i0 + i1 * i2|
    |mac_muladd_8ns_8ns_16ns_17_4_1_U247  |mac_muladd_8ns_8ns_16ns_17_4_1  |  i0 + i1 * i2|
    |mac_muladd_8ns_8ns_16ns_17_4_1_U248  |mac_muladd_8ns_8ns_16ns_17_4_1  |  i0 + i1 * i2|
    |mac_muladd_8ns_8ns_16ns_17_4_1_U249  |mac_muladd_8ns_8ns_16ns_17_4_1  |  i0 + i1 * i2|
    |mac_muladd_8ns_8ns_16ns_17_4_1_U250  |mac_muladd_8ns_8ns_16ns_17_4_1  |  i0 + i1 * i2|
    |mac_muladd_8ns_8ns_16ns_17_4_1_U251  |mac_muladd_8ns_8ns_16ns_17_4_1  |  i0 + i1 * i2|
    |mac_muladd_8ns_8ns_16ns_17_4_1_U252  |mac_muladd_8ns_8ns_16ns_17_4_1  |  i0 + i1 * i2|
    |mac_muladd_8ns_8ns_16ns_17_4_1_U253  |mac_muladd_8ns_8ns_16ns_17_4_1  |  i0 + i1 * i2|
    |mac_muladd_8ns_8ns_16ns_17_4_1_U254  |mac_muladd_8ns_8ns_16ns_17_4_1  |  i0 + i1 * i2|
    |mac_muladd_8ns_8ns_16ns_17_4_1_U255  |mac_muladd_8ns_8ns_16ns_17_4_1  |  i0 + i1 * i2|
    |mac_muladd_8ns_8ns_16ns_17_4_1_U256  |mac_muladd_8ns_8ns_16ns_17_4_1  |  i0 + i1 * i2|
    +-------------------------------------+--------------------------------+--------------+

    * Memory: 
    N/A

    * FIFO: 
    N/A

    * Expression: 
    +--------------------------+----------+----+---+----+------------+------------+
    |       Variable Name      | Operation| DSP| FF| LUT| Bitwidth P0| Bitwidth P1|
    +--------------------------+----------+----+---+----+------------+------------+
    |add_ln10_fu_3602_p2       |         +|   0|  0|  13|           5|           1|
    |add_ln886_102_fu_5349_p2  |         +|   0|  0|  25|          18|          18|
    |add_ln886_103_fu_5359_p2  |         +|   0|  0|  26|          19|          19|
    |add_ln886_104_fu_6157_p2  |         +|   0|  0|  27|          20|          20|
    |add_ln886_107_fu_5371_p2  |         +|   0|  0|  25|          18|          18|
    |add_ln886_110_fu_5387_p2  |         +|   0|  0|  25|          18|          18|
    |add_ln886_111_fu_5397_p2  |         +|   0|  0|  26|          19|          19|
    |add_ln886_114_fu_5409_p2  |         +|   0|  0|  25|          18|          18|
    |add_ln886_117_fu_5425_p2  |         +|   0|  0|  25|          18|          18|
    |add_ln886_118_fu_5435_p2  |         +|   0|  0|  26|          19|          19|
    |add_ln886_119_fu_6174_p2  |         +|   0|  0|  27|          20|          20|
    |add_ln886_122_fu_5447_p2  |         +|   0|  0|  25|          18|          18|
    |add_ln886_125_fu_5463_p2  |         +|   0|  0|  25|          18|          18|
    |add_ln886_126_fu_5473_p2  |         +|   0|  0|  26|          19|          19|
    |add_ln886_129_fu_5485_p2  |         +|   0|  0|  25|          18|          18|
    |add_ln886_12_fu_4893_p2   |         +|   0|  0|  25|          18|          18|
    |add_ln886_132_fu_5501_p2  |         +|   0|  0|  25|          18|          18|
    |add_ln886_133_fu_5511_p2  |         +|   0|  0|  26|          19|          19|
    |add_ln886_134_fu_6191_p2  |         +|   0|  0|  27|          20|          20|
    |add_ln886_137_fu_5523_p2  |         +|   0|  0|  25|          18|          18|
    |add_ln886_13_fu_4903_p2   |         +|   0|  0|  26|          19|          19|
    |add_ln886_140_fu_5539_p2  |         +|   0|  0|  25|          18|          18|
    |add_ln886_141_fu_5549_p2  |         +|   0|  0|  26|          19|          19|
    |add_ln886_144_fu_5561_p2  |         +|   0|  0|  25|          18|          18|
    |add_ln886_147_fu_5577_p2  |         +|   0|  0|  25|          18|          18|
    |add_ln886_148_fu_5587_p2  |         +|   0|  0|  26|          19|          19|
    |add_ln886_149_fu_6208_p2  |         +|   0|  0|  27|          20|          20|
    |add_ln886_14_fu_6055_p2   |         +|   0|  0|  27|          20|          20|
    |add_ln886_152_fu_5599_p2  |         +|   0|  0|  25|          18|          18|
    |add_ln886_155_fu_5615_p2  |         +|   0|  0|  25|          18|          18|
    |add_ln886_156_fu_5625_p2  |         +|   0|  0|  26|          19|          19|
    |add_ln886_159_fu_5637_p2  |         +|   0|  0|  25|          18|          18|
    |add_ln886_162_fu_5653_p2  |         +|   0|  0|  25|          18|          18|
    |add_ln886_163_fu_5663_p2  |         +|   0|  0|  26|          19|          19|
    |add_ln886_164_fu_6225_p2  |         +|   0|  0|  27|          20|          20|
    |add_ln886_167_fu_5675_p2  |         +|   0|  0|  25|          18|          18|
    |add_ln886_170_fu_5691_p2  |         +|   0|  0|  25|          18|          18|
    |add_ln886_171_fu_5701_p2  |         +|   0|  0|  26|          19|          19|
    |add_ln886_174_fu_5713_p2  |         +|   0|  0|  25|          18|          18|
    |add_ln886_177_fu_5729_p2  |         +|   0|  0|  25|          18|          18|
    |add_ln886_178_fu_5739_p2  |         +|   0|  0|  26|          19|          19|
    |add_ln886_179_fu_6242_p2  |         +|   0|  0|  27|          20|          20|
    |add_ln886_17_fu_4915_p2   |         +|   0|  0|  25|          18|          18|
    |add_ln886_182_fu_5751_p2  |         +|   0|  0|  25|          18|          18|
    |add_ln886_185_fu_5767_p2  |         +|   0|  0|  25|          18|          18|
    |add_ln886_186_fu_5777_p2  |         +|   0|  0|  26|          19|          19|
    |add_ln886_189_fu_5789_p2  |         +|   0|  0|  25|          18|          18|
    |add_ln886_192_fu_5805_p2  |         +|   0|  0|  25|          18|          18|
    |add_ln886_193_fu_5815_p2  |         +|   0|  0|  26|          19|          19|
    |add_ln886_194_fu_6259_p2  |         +|   0|  0|  27|          20|          20|
    |add_ln886_197_fu_5827_p2  |         +|   0|  0|  25|          18|          18|
    |add_ln886_200_fu_5843_p2  |         +|   0|  0|  25|          18|          18|
    |add_ln886_201_fu_5853_p2  |         +|   0|  0|  26|          19|          19|
    |add_ln886_204_fu_5865_p2  |         +|   0|  0|  25|          18|          18|
    |add_ln886_207_fu_5881_p2  |         +|   0|  0|  25|          18|          18|
    |add_ln886_208_fu_5891_p2  |         +|   0|  0|  26|          19|          19|
    |add_ln886_209_fu_6276_p2  |         +|   0|  0|  27|          20|          20|
    |add_ln886_20_fu_4931_p2   |         +|   0|  0|  25|          18|          18|
    |add_ln886_212_fu_5903_p2  |         +|   0|  0|  25|          18|          18|
    |add_ln886_215_fu_5919_p2  |         +|   0|  0|  25|          18|          18|
    |add_ln886_216_fu_5929_p2  |         +|   0|  0|  26|          19|          19|
    |add_ln886_219_fu_5941_p2  |         +|   0|  0|  25|          18|          18|
    |add_ln886_21_fu_4941_p2   |         +|   0|  0|  26|          19|          19|
    |add_ln886_222_fu_5957_p2  |         +|   0|  0|  25|          18|          18|
    |add_ln886_223_fu_5967_p2  |         +|   0|  0|  26|          19|          19|
    |add_ln886_224_fu_6293_p2  |         +|   0|  0|  27|          20|          20|
    |add_ln886_227_fu_5979_p2  |         +|   0|  0|  25|          18|          18|
    |add_ln886_230_fu_5995_p2  |         +|   0|  0|  25|          18|          18|
    |add_ln886_231_fu_6005_p2  |         +|   0|  0|  26|          19|          19|
    |add_ln886_234_fu_6017_p2  |         +|   0|  0|  25|          18|          18|
    |add_ln886_237_fu_6033_p2  |         +|   0|  0|  25|          18|          18|
    |add_ln886_238_fu_6043_p2  |         +|   0|  0|  26|          19|          19|
    |add_ln886_239_fu_6310_p2  |         +|   0|  0|  27|          20|          20|
    |add_ln886_24_fu_4953_p2   |         +|   0|  0|  25|          18|          18|
    |add_ln886_27_fu_4969_p2   |         +|   0|  0|  25|          18|          18|
    |add_ln886_28_fu_4979_p2   |         +|   0|  0|  26|          19|          19|
    |add_ln886_29_fu_6072_p2   |         +|   0|  0|  27|          20|          20|
    |add_ln886_2_fu_4839_p2    |         +|   0|  0|  25|          18|          18|
    |add_ln886_32_fu_4991_p2   |         +|   0|  0|  25|          18|          18|
    |add_ln886_35_fu_5007_p2   |         +|   0|  0|  25|          18|          18|
    |add_ln886_36_fu_5017_p2   |         +|   0|  0|  26|          19|          19|
    |add_ln886_39_fu_5029_p2   |         +|   0|  0|  25|          18|          18|
    |add_ln886_42_fu_5045_p2   |         +|   0|  0|  25|          18|          18|
    |add_ln886_43_fu_5055_p2   |         +|   0|  0|  26|          19|          19|
    |add_ln886_44_fu_6089_p2   |         +|   0|  0|  27|          20|          20|
    |add_ln886_47_fu_5067_p2   |         +|   0|  0|  25|          18|          18|
    |add_ln886_50_fu_5083_p2   |         +|   0|  0|  25|          18|          18|
    |add_ln886_51_fu_5093_p2   |         +|   0|  0|  26|          19|          19|
    |add_ln886_54_fu_5105_p2   |         +|   0|  0|  25|          18|          18|
    |add_ln886_57_fu_5121_p2   |         +|   0|  0|  25|          18|          18|
    |add_ln886_58_fu_5131_p2   |         +|   0|  0|  26|          19|          19|
    |add_ln886_59_fu_6106_p2   |         +|   0|  0|  27|          20|          20|
    |add_ln886_5_fu_4855_p2    |         +|   0|  0|  25|          18|          18|
    |add_ln886_62_fu_5143_p2   |         +|   0|  0|  25|          18|          18|
    |add_ln886_65_fu_5159_p2   |         +|   0|  0|  25|          18|          18|
    |add_ln886_66_fu_5169_p2   |         +|   0|  0|  26|          19|          19|
    |add_ln886_69_fu_5181_p2   |         +|   0|  0|  25|          18|          18|
    |add_ln886_6_fu_4865_p2    |         +|   0|  0|  26|          19|          19|
    |add_ln886_72_fu_5197_p2   |         +|   0|  0|  25|          18|          18|
    |add_ln886_73_fu_5207_p2   |         +|   0|  0|  26|          19|          19|
    |add_ln886_74_fu_6123_p2   |         +|   0|  0|  27|          20|          20|
    |add_ln886_77_fu_5219_p2   |         +|   0|  0|  25|          18|          18|
    |add_ln886_80_fu_5235_p2   |         +|   0|  0|  25|          18|          18|
    |add_ln886_81_fu_5245_p2   |         +|   0|  0|  26|          19|          19|
    |add_ln886_84_fu_5257_p2   |         +|   0|  0|  25|          18|          18|
    |add_ln886_87_fu_5273_p2   |         +|   0|  0|  25|          18|          18|
    |add_ln886_88_fu_5283_p2   |         +|   0|  0|  26|          19|          19|
    |add_ln886_89_fu_6140_p2   |         +|   0|  0|  27|          20|          20|
    |add_ln886_92_fu_5295_p2   |         +|   0|  0|  25|          18|          18|
    |add_ln886_95_fu_5311_p2   |         +|   0|  0|  25|          18|          18|
    |add_ln886_96_fu_5321_p2   |         +|   0|  0|  26|          19|          19|
    |add_ln886_99_fu_5333_p2   |         +|   0|  0|  25|          18|          18|
    |add_ln886_9_fu_4877_p2    |         +|   0|  0|  25|          18|          18|
    |icmp_ln10_fu_3596_p2      |      icmp|   0|  0|  10|           5|           6|
    |ap_enable_pp0             |       xor|   0|  0|   2|           1|           2|
    +--------------------------+----------+----+---+----+------------+------------+
    |Total                     |          |   0|  0|2889|        2091|        2089|
    +--------------------------+----------+----+---+----+------------+------------+

    * Multiplexer: 
    +-------------------------+----+-----------+-----+-----------+
    |           Name          | LUT| Input Size| Bits| Total Bits|
    +-------------------------+----+-----------+-----+-----------+
    |ap_done_int              |   9|          2|    1|          2|
    |ap_enable_reg_pp0_iter1  |   9|          2|    1|          2|
    |ap_sig_allocacmp_i_1     |   9|          2|    5|         10|
    |i_fu_608                 |   9|          2|    5|         10|
    +-------------------------+----+-----------+-----+-----------+
    |Total                    |  36|          8|   12|         24|
    +-------------------------+----+-----------+-----+-----------+

    * Register: 
    +----------------------------------+----+----+-----+-----------+
    |               Name               | FF | LUT| Bits| Const Bits|
    +----------------------------------+----+----+-----+-----------+
    |a_10_load_reg_8929                |   8|   0|    8|          0|
    |a_12_load_reg_8934                |   8|   0|    8|          0|
    |a_14_load_reg_8939                |   8|   0|    8|          0|
    |a_1_load_reg_8904                 |   8|   0|    8|          0|
    |a_2_load_reg_8909                 |   8|   0|    8|          0|
    |a_4_load_reg_8914                 |   8|   0|    8|          0|
    |a_6_load_reg_8919                 |   8|   0|    8|          0|
    |a_8_load_reg_8924                 |   8|   0|    8|          0|
    |add_ln886_103_reg_9649            |  19|   0|   19|          0|
    |add_ln886_111_reg_9654            |  19|   0|   19|          0|
    |add_ln886_118_reg_9659            |  19|   0|   19|          0|
    |add_ln886_126_reg_9664            |  19|   0|   19|          0|
    |add_ln886_133_reg_9669            |  19|   0|   19|          0|
    |add_ln886_13_reg_9589             |  19|   0|   19|          0|
    |add_ln886_141_reg_9674            |  19|   0|   19|          0|
    |add_ln886_148_reg_9679            |  19|   0|   19|          0|
    |add_ln886_156_reg_9684            |  19|   0|   19|          0|
    |add_ln886_163_reg_9689            |  19|   0|   19|          0|
    |add_ln886_171_reg_9694            |  19|   0|   19|          0|
    |add_ln886_178_reg_9699            |  19|   0|   19|          0|
    |add_ln886_186_reg_9704            |  19|   0|   19|          0|
    |add_ln886_193_reg_9709            |  19|   0|   19|          0|
    |add_ln886_201_reg_9714            |  19|   0|   19|          0|
    |add_ln886_208_reg_9719            |  19|   0|   19|          0|
    |add_ln886_216_reg_9724            |  19|   0|   19|          0|
    |add_ln886_21_reg_9594             |  19|   0|   19|          0|
    |add_ln886_223_reg_9729            |  19|   0|   19|          0|
    |add_ln886_231_reg_9734            |  19|   0|   19|          0|
    |add_ln886_238_reg_9739            |  19|   0|   19|          0|
    |add_ln886_28_reg_9599             |  19|   0|   19|          0|
    |add_ln886_36_reg_9604             |  19|   0|   19|          0|
    |add_ln886_43_reg_9609             |  19|   0|   19|          0|
    |add_ln886_51_reg_9614             |  19|   0|   19|          0|
    |add_ln886_58_reg_9619             |  19|   0|   19|          0|
    |add_ln886_66_reg_9624             |  19|   0|   19|          0|
    |add_ln886_6_reg_9584              |  19|   0|   19|          0|
    |add_ln886_73_reg_9629             |  19|   0|   19|          0|
    |add_ln886_81_reg_9634             |  19|   0|   19|          0|
    |add_ln886_88_reg_9639             |  19|   0|   19|          0|
    |add_ln886_96_reg_9644             |  19|   0|   19|          0|
    |ap_CS_fsm                         |   1|   0|    1|          0|
    |ap_done_reg                       |   1|   0|    1|          0|
    |ap_enable_reg_pp0_iter1           |   1|   0|    1|          0|
    |ap_enable_reg_pp0_iter2           |   1|   0|    1|          0|
    |ap_enable_reg_pp0_iter3           |   1|   0|    1|          0|
    |ap_enable_reg_pp0_iter4           |   1|   0|    1|          0|
    |ap_enable_reg_pp0_iter5           |   1|   0|    1|          0|
    |ap_loop_exit_ready_pp0_iter1_reg  |   1|   0|    1|          0|
    |ap_loop_exit_ready_pp0_iter2_reg  |   1|   0|    1|          0|
    |ap_loop_exit_ready_pp0_iter3_reg  |   1|   0|    1|          0|
    |ap_loop_exit_ready_pp0_iter4_reg  |   1|   0|    1|          0|
    |i_fu_608                          |   5|   0|    5|          0|
    |rhs_100_cast_reg_8127             |   8|   0|   16|          8|
    |rhs_101_cast_reg_8122             |   8|   0|   16|          8|
    |rhs_102_cast_reg_8117             |   8|   0|   16|          8|
    |rhs_103_cast_reg_8112             |   8|   0|   16|          8|
    |rhs_104_cast_reg_8107             |   8|   0|   16|          8|
    |rhs_105_cast_reg_8102             |   8|   0|   16|          8|
    |rhs_106_cast_reg_8097             |   8|   0|   16|          8|
    |rhs_107_cast_reg_8092             |   8|   0|   16|          8|
    |rhs_108_cast_reg_8087             |   8|   0|   16|          8|
    |rhs_109_cast_reg_8082             |   8|   0|   16|          8|
    |rhs_10_cast_reg_8577              |   8|   0|   16|          8|
    |rhs_110_cast_reg_8077             |   8|   0|   16|          8|
    |rhs_111_cast_reg_8072             |   8|   0|   16|          8|
    |rhs_112_cast_reg_8067             |   8|   0|   16|          8|
    |rhs_113_cast_reg_8062             |   8|   0|   16|          8|
    |rhs_114_cast_reg_8057             |   8|   0|   16|          8|
    |rhs_115_cast_reg_8052             |   8|   0|   16|          8|
    |rhs_116_cast_reg_8047             |   8|   0|   16|          8|
    |rhs_117_cast_reg_8042             |   8|   0|   16|          8|
    |rhs_118_cast_reg_8037             |   8|   0|   16|          8|
    |rhs_119_cast_reg_8032             |   8|   0|   16|          8|
    |rhs_11_cast_reg_8572              |   8|   0|   16|          8|
    |rhs_120_cast_reg_8027             |   8|   0|   16|          8|
    |rhs_121_cast_reg_8022             |   8|   0|   16|          8|
    |rhs_122_cast_reg_8017             |   8|   0|   16|          8|
    |rhs_123_cast_reg_8012             |   8|   0|   16|          8|
    |rhs_124_cast_reg_8007             |   8|   0|   16|          8|
    |rhs_125_cast_reg_8002             |   8|   0|   16|          8|
    |rhs_126_cast_reg_7997             |   8|   0|   16|          8|
    |rhs_127_cast_reg_7992             |   8|   0|   16|          8|
    |rhs_128_cast_reg_7987             |   8|   0|   16|          8|
    |rhs_129_cast_reg_7982             |   8|   0|   16|          8|
    |rhs_12_cast_reg_8567              |   8|   0|   16|          8|
    |rhs_130_cast_reg_7977             |   8|   0|   16|          8|
    |rhs_131_cast_reg_7972             |   8|   0|   16|          8|
    |rhs_132_cast_reg_7967             |   8|   0|   16|          8|
    |rhs_133_cast_reg_7962             |   8|   0|   16|          8|
    |rhs_134_cast_reg_7957             |   8|   0|   16|          8|
    |rhs_135_cast_reg_7952             |   8|   0|   16|          8|
    |rhs_136_cast_reg_7947             |   8|   0|   16|          8|
    |rhs_137_cast_reg_7942             |   8|   0|   16|          8|
    |rhs_138_cast_reg_7937             |   8|   0|   16|          8|
    |rhs_139_cast_reg_7932             |   8|   0|   16|          8|
    |rhs_13_cast_reg_8562              |   8|   0|   16|          8|
    |rhs_140_cast_reg_7927             |   8|   0|   16|          8|
    |rhs_141_cast_reg_7922             |   8|   0|   16|          8|
    |rhs_142_cast_reg_7917             |   8|   0|   16|          8|
    |rhs_143_cast_reg_7912             |   8|   0|   16|          8|
    |rhs_144_cast_reg_7907             |   8|   0|   16|          8|
    |rhs_145_cast_reg_7902             |   8|   0|   16|          8|
    |rhs_146_cast_reg_7897             |   8|   0|   16|          8|
    |rhs_147_cast_reg_7892             |   8|   0|   16|          8|
    |rhs_148_cast_reg_7887             |   8|   0|   16|          8|
    |rhs_149_cast_reg_7882             |   8|   0|   16|          8|
    |rhs_14_cast_reg_8557              |   8|   0|   16|          8|
    |rhs_150_cast_reg_7877             |   8|   0|   16|          8|
    |rhs_151_cast_reg_7872             |   8|   0|   16|          8|
    |rhs_152_cast_reg_7867             |   8|   0|   16|          8|
    |rhs_153_cast_reg_7862             |   8|   0|   16|          8|
    |rhs_154_cast_reg_7857             |   8|   0|   16|          8|
    |rhs_155_cast_reg_7852             |   8|   0|   16|          8|
    |rhs_156_cast_reg_7847             |   8|   0|   16|          8|
    |rhs_157_cast_reg_7842             |   8|   0|   16|          8|
    |rhs_158_cast_reg_7837             |   8|   0|   16|          8|
    |rhs_159_cast_reg_7832             |   8|   0|   16|          8|
    |rhs_15_cast_reg_8552              |   8|   0|   16|          8|
    |rhs_160_cast_reg_7827             |   8|   0|   16|          8|
    |rhs_161_cast_reg_7822             |   8|   0|   16|          8|
    |rhs_162_cast_reg_7817             |   8|   0|   16|          8|
    |rhs_163_cast_reg_7812             |   8|   0|   16|          8|
    |rhs_164_cast_reg_7807             |   8|   0|   16|          8|
    |rhs_165_cast_reg_7802             |   8|   0|   16|          8|
    |rhs_166_cast_reg_7797             |   8|   0|   16|          8|
    |rhs_167_cast_reg_7792             |   8|   0|   16|          8|
    |rhs_168_cast_reg_7787             |   8|   0|   16|          8|
    |rhs_169_cast_reg_7782             |   8|   0|   16|          8|
    |rhs_16_cast_reg_8547              |   8|   0|   16|          8|
    |rhs_170_cast_reg_7777             |   8|   0|   16|          8|
    |rhs_171_cast_reg_7772             |   8|   0|   16|          8|
    |rhs_172_cast_reg_7767             |   8|   0|   16|          8|
    |rhs_173_cast_reg_7762             |   8|   0|   16|          8|
    |rhs_174_cast_reg_7757             |   8|   0|   16|          8|
    |rhs_175_cast_reg_7752             |   8|   0|   16|          8|
    |rhs_176_cast_reg_7747             |   8|   0|   16|          8|
    |rhs_177_cast_reg_7742             |   8|   0|   16|          8|
    |rhs_178_cast_reg_7737             |   8|   0|   16|          8|
    |rhs_179_cast_reg_7732             |   8|   0|   16|          8|
    |rhs_17_cast_reg_8542              |   8|   0|   16|          8|
    |rhs_180_cast_reg_7727             |   8|   0|   16|          8|
    |rhs_181_cast_reg_7722             |   8|   0|   16|          8|
    |rhs_182_cast_reg_7717             |   8|   0|   16|          8|
    |rhs_183_cast_reg_7712             |   8|   0|   16|          8|
    |rhs_184_cast_reg_7707             |   8|   0|   16|          8|
    |rhs_185_cast_reg_7702             |   8|   0|   16|          8|
    |rhs_186_cast_reg_7697             |   8|   0|   16|          8|
    |rhs_187_cast_reg_7692             |   8|   0|   16|          8|
    |rhs_188_cast_reg_7687             |   8|   0|   16|          8|
    |rhs_189_cast_reg_7682             |   8|   0|   16|          8|
    |rhs_18_cast_reg_8537              |   8|   0|   16|          8|
    |rhs_190_cast_reg_7677             |   8|   0|   16|          8|
    |rhs_191_cast_reg_7672             |   8|   0|   16|          8|
    |rhs_192_cast_reg_7667             |   8|   0|   16|          8|
    |rhs_193_cast_reg_7662             |   8|   0|   16|          8|
    |rhs_194_cast_reg_7657             |   8|   0|   16|          8|
    |rhs_195_cast_reg_7652             |   8|   0|   16|          8|
    |rhs_196_cast_reg_7647             |   8|   0|   16|          8|
    |rhs_197_cast_reg_7642             |   8|   0|   16|          8|
    |rhs_198_cast_reg_7637             |   8|   0|   16|          8|
    |rhs_199_cast_reg_7632             |   8|   0|   16|          8|
    |rhs_19_cast_reg_8532              |   8|   0|   16|          8|
    |rhs_1_cast_reg_8622               |   8|   0|   16|          8|
    |rhs_200_cast_reg_7627             |   8|   0|   16|          8|
    |rhs_201_cast_reg_7622             |   8|   0|   16|          8|
    |rhs_202_cast_reg_7617             |   8|   0|   16|          8|
    |rhs_203_cast_reg_7612             |   8|   0|   16|          8|
    |rhs_204_cast_reg_7607             |   8|   0|   16|          8|
    |rhs_205_cast_reg_7602             |   8|   0|   16|          8|
    |rhs_206_cast_reg_7597             |   8|   0|   16|          8|
    |rhs_207_cast_reg_7592             |   8|   0|   16|          8|
    |rhs_208_cast_reg_7587             |   8|   0|   16|          8|
    |rhs_209_cast_reg_7582             |   8|   0|   16|          8|
    |rhs_20_cast_reg_8527              |   8|   0|   16|          8|
    |rhs_210_cast_reg_7577             |   8|   0|   16|          8|
    |rhs_211_cast_reg_7572             |   8|   0|   16|          8|
    |rhs_212_cast_reg_7567             |   8|   0|   16|          8|
    |rhs_213_cast_reg_7562             |   8|   0|   16|          8|
    |rhs_214_cast_reg_7557             |   8|   0|   16|          8|
    |rhs_215_cast_reg_7552             |   8|   0|   16|          8|
    |rhs_216_cast_reg_7547             |   8|   0|   16|          8|
    |rhs_217_cast_reg_7542             |   8|   0|   16|          8|
    |rhs_218_cast_reg_7537             |   8|   0|   16|          8|
    |rhs_219_cast_reg_7532             |   8|   0|   16|          8|
    |rhs_21_cast_reg_8522              |   8|   0|   16|          8|
    |rhs_220_cast_reg_7527             |   8|   0|   16|          8|
    |rhs_221_cast_reg_7522             |   8|   0|   16|          8|
    |rhs_222_cast_reg_7517             |   8|   0|   16|          8|
    |rhs_223_cast_reg_7512             |   8|   0|   16|          8|
    |rhs_224_cast_reg_7507             |   8|   0|   16|          8|
    |rhs_225_cast_reg_7502             |   8|   0|   16|          8|
    |rhs_226_cast_reg_7497             |   8|   0|   16|          8|
    |rhs_227_cast_reg_7492             |   8|   0|   16|          8|
    |rhs_228_cast_reg_7487             |   8|   0|   16|          8|
    |rhs_229_cast_reg_7482             |   8|   0|   16|          8|
    |rhs_22_cast_reg_8517              |   8|   0|   16|          8|
    |rhs_230_cast_reg_7477             |   8|   0|   16|          8|
    |rhs_231_cast_reg_7472             |   8|   0|   16|          8|
    |rhs_232_cast_reg_7467             |   8|   0|   16|          8|
    |rhs_233_cast_reg_7462             |   8|   0|   16|          8|
    |rhs_234_cast_reg_7457             |   8|   0|   16|          8|
    |rhs_235_cast_reg_7452             |   8|   0|   16|          8|
    |rhs_236_cast_reg_7447             |   8|   0|   16|          8|
    |rhs_237_cast_reg_7442             |   8|   0|   16|          8|
    |rhs_238_cast_reg_7437             |   8|   0|   16|          8|
    |rhs_239_cast_reg_7432             |   8|   0|   16|          8|
    |rhs_23_cast_reg_8512              |   8|   0|   16|          8|
    |rhs_240_cast_reg_7427             |   8|   0|   16|          8|
    |rhs_241_cast_reg_7422             |   8|   0|   16|          8|
    |rhs_242_cast_reg_7417             |   8|   0|   16|          8|
    |rhs_243_cast_reg_7412             |   8|   0|   16|          8|
    |rhs_244_cast_reg_7407             |   8|   0|   16|          8|
    |rhs_245_cast_reg_7402             |   8|   0|   16|          8|
    |rhs_246_cast_reg_7397             |   8|   0|   16|          8|
    |rhs_247_cast_reg_7392             |   8|   0|   16|          8|
    |rhs_248_cast_reg_7387             |   8|   0|   16|          8|
    |rhs_249_cast_reg_7382             |   8|   0|   16|          8|
    |rhs_24_cast_reg_8507              |   8|   0|   16|          8|
    |rhs_250_cast_reg_7377             |   8|   0|   16|          8|
    |rhs_251_cast_reg_7372             |   8|   0|   16|          8|
    |rhs_252_cast_reg_7367             |   8|   0|   16|          8|
    |rhs_253_cast_reg_7362             |   8|   0|   16|          8|
    |rhs_254_cast_reg_7357             |   8|   0|   16|          8|
    |rhs_255_cast_reg_7352             |   8|   0|   16|          8|
    |rhs_25_cast_reg_8502              |   8|   0|   16|          8|
    |rhs_26_cast_reg_8497              |   8|   0|   16|          8|
    |rhs_27_cast_reg_8492              |   8|   0|   16|          8|
    |rhs_28_cast_reg_8487              |   8|   0|   16|          8|
    |rhs_29_cast_reg_8482              |   8|   0|   16|          8|
    |rhs_2_cast_reg_8617               |   8|   0|   16|          8|
    |rhs_30_cast_reg_8477              |   8|   0|   16|          8|
    |rhs_31_cast_reg_8472              |   8|   0|   16|          8|
    |rhs_32_cast_reg_8467              |   8|   0|   16|          8|
    |rhs_33_cast_reg_8462              |   8|   0|   16|          8|
    |rhs_34_cast_reg_8457              |   8|   0|   16|          8|
    |rhs_35_cast_reg_8452              |   8|   0|   16|          8|
    |rhs_36_cast_reg_8447              |   8|   0|   16|          8|
    |rhs_37_cast_reg_8442              |   8|   0|   16|          8|
    |rhs_38_cast_reg_8437              |   8|   0|   16|          8|
    |rhs_39_cast_reg_8432              |   8|   0|   16|          8|
    |rhs_3_cast_reg_8612               |   8|   0|   16|          8|
    |rhs_40_cast_reg_8427              |   8|   0|   16|          8|
    |rhs_41_cast_reg_8422              |   8|   0|   16|          8|
    |rhs_42_cast_reg_8417              |   8|   0|   16|          8|
    |rhs_43_cast_reg_8412              |   8|   0|   16|          8|
    |rhs_44_cast_reg_8407              |   8|   0|   16|          8|
    |rhs_45_cast_reg_8402              |   8|   0|   16|          8|
    |rhs_46_cast_reg_8397              |   8|   0|   16|          8|
    |rhs_47_cast_reg_8392              |   8|   0|   16|          8|
    |rhs_48_cast_reg_8387              |   8|   0|   16|          8|
    |rhs_49_cast_reg_8382              |   8|   0|   16|          8|
    |rhs_4_cast_reg_8607               |   8|   0|   16|          8|
    |rhs_50_cast_reg_8377              |   8|   0|   16|          8|
    |rhs_51_cast_reg_8372              |   8|   0|   16|          8|
    |rhs_52_cast_reg_8367              |   8|   0|   16|          8|
    |rhs_53_cast_reg_8362              |   8|   0|   16|          8|
    |rhs_54_cast_reg_8357              |   8|   0|   16|          8|
    |rhs_55_cast_reg_8352              |   8|   0|   16|          8|
    |rhs_56_cast_reg_8347              |   8|   0|   16|          8|
    |rhs_57_cast_reg_8342              |   8|   0|   16|          8|
    |rhs_58_cast_reg_8337              |   8|   0|   16|          8|
    |rhs_59_cast_reg_8332              |   8|   0|   16|          8|
    |rhs_5_cast_reg_8602               |   8|   0|   16|          8|
    |rhs_60_cast_reg_8327              |   8|   0|   16|          8|
    |rhs_61_cast_reg_8322              |   8|   0|   16|          8|
    |rhs_62_cast_reg_8317              |   8|   0|   16|          8|
    |rhs_63_cast_reg_8312              |   8|   0|   16|          8|
    |rhs_64_cast_reg_8307              |   8|   0|   16|          8|
    |rhs_65_cast_reg_8302              |   8|   0|   16|          8|
    |rhs_66_cast_reg_8297              |   8|   0|   16|          8|
    |rhs_67_cast_reg_8292              |   8|   0|   16|          8|
    |rhs_68_cast_reg_8287              |   8|   0|   16|          8|
    |rhs_69_cast_reg_8282              |   8|   0|   16|          8|
    |rhs_6_cast_reg_8597               |   8|   0|   16|          8|
    |rhs_70_cast_reg_8277              |   8|   0|   16|          8|
    |rhs_71_cast_reg_8272              |   8|   0|   16|          8|
    |rhs_72_cast_reg_8267              |   8|   0|   16|          8|
    |rhs_73_cast_reg_8262              |   8|   0|   16|          8|
    |rhs_74_cast_reg_8257              |   8|   0|   16|          8|
    |rhs_75_cast_reg_8252              |   8|   0|   16|          8|
    |rhs_76_cast_reg_8247              |   8|   0|   16|          8|
    |rhs_77_cast_reg_8242              |   8|   0|   16|          8|
    |rhs_78_cast_reg_8237              |   8|   0|   16|          8|
    |rhs_79_cast_reg_8232              |   8|   0|   16|          8|
    |rhs_7_cast_reg_8592               |   8|   0|   16|          8|
    |rhs_80_cast_reg_8227              |   8|   0|   16|          8|
    |rhs_81_cast_reg_8222              |   8|   0|   16|          8|
    |rhs_82_cast_reg_8217              |   8|   0|   16|          8|
    |rhs_83_cast_reg_8212              |   8|   0|   16|          8|
    |rhs_84_cast_reg_8207              |   8|   0|   16|          8|
    |rhs_85_cast_reg_8202              |   8|   0|   16|          8|
    |rhs_86_cast_reg_8197              |   8|   0|   16|          8|
    |rhs_87_cast_reg_8192              |   8|   0|   16|          8|
    |rhs_88_cast_reg_8187              |   8|   0|   16|          8|
    |rhs_89_cast_reg_8182              |   8|   0|   16|          8|
    |rhs_8_cast_reg_8587               |   8|   0|   16|          8|
    |rhs_90_cast_reg_8177              |   8|   0|   16|          8|
    |rhs_91_cast_reg_8172              |   8|   0|   16|          8|
    |rhs_92_cast_reg_8167              |   8|   0|   16|          8|
    |rhs_93_cast_reg_8162              |   8|   0|   16|          8|
    |rhs_94_cast_reg_8157              |   8|   0|   16|          8|
    |rhs_95_cast_reg_8152              |   8|   0|   16|          8|
    |rhs_96_cast_reg_8147              |   8|   0|   16|          8|
    |rhs_97_cast_reg_8142              |   8|   0|   16|          8|
    |rhs_98_cast_reg_8137              |   8|   0|   16|          8|
    |rhs_99_cast_reg_8132              |   8|   0|   16|          8|
    |rhs_9_cast_reg_8582               |   8|   0|   16|          8|
    |rhs_cast_reg_8627                 |   8|   0|   16|          8|
    |zext_ln10_reg_8636                |   5|   0|   64|         59|
    |zext_ln10_reg_8636                |  64|  32|   64|         59|
    +----------------------------------+----+----+-----+-----------+
    |Total                             |2805|  32| 4912|       2166|
    +----------------------------------+----+----+-----+-----------+



================================================================
== Interface
================================================================
* Summary: 
+------------------+-----+-----+------------+--------------------------+--------------+
|     RTL Ports    | Dir | Bits|  Protocol  |       Source Object      |    C Type    |
+------------------+-----+-----+------------+--------------------------+--------------+
|ap_clk            |   in|    1|  ap_ctrl_hs|  matrix_mult_Pipeline_Row|  return value|
|ap_rst            |   in|    1|  ap_ctrl_hs|  matrix_mult_Pipeline_Row|  return value|
|ap_start          |   in|    1|  ap_ctrl_hs|  matrix_mult_Pipeline_Row|  return value|
|ap_done           |  out|    1|  ap_ctrl_hs|  matrix_mult_Pipeline_Row|  return value|
|ap_idle           |  out|    1|  ap_ctrl_hs|  matrix_mult_Pipeline_Row|  return value|
|ap_ready          |  out|    1|  ap_ctrl_hs|  matrix_mult_Pipeline_Row|  return value|
|prod_15_address0  |  out|    4|   ap_memory|                   prod_15|         array|
|prod_15_ce0       |  out|    1|   ap_memory|                   prod_15|         array|
|prod_15_we0       |  out|    1|   ap_memory|                   prod_15|         array|
|prod_15_d0        |  out|   32|   ap_memory|                   prod_15|         array|
|prod_14_address0  |  out|    4|   ap_memory|                   prod_14|         array|
|prod_14_ce0       |  out|    1|   ap_memory|                   prod_14|         array|
|prod_14_we0       |  out|    1|   ap_memory|                   prod_14|         array|
|prod_14_d0        |  out|   32|   ap_memory|                   prod_14|         array|
|prod_13_address0  |  out|    4|   ap_memory|                   prod_13|         array|
|prod_13_ce0       |  out|    1|   ap_memory|                   prod_13|         array|
|prod_13_we0       |  out|    1|   ap_memory|                   prod_13|         array|
|prod_13_d0        |  out|   32|   ap_memory|                   prod_13|         array|
|prod_12_address0  |  out|    4|   ap_memory|                   prod_12|         array|
|prod_12_ce0       |  out|    1|   ap_memory|                   prod_12|         array|
|prod_12_we0       |  out|    1|   ap_memory|                   prod_12|         array|
|prod_12_d0        |  out|   32|   ap_memory|                   prod_12|         array|
|prod_11_address0  |  out|    4|   ap_memory|                   prod_11|         array|
|prod_11_ce0       |  out|    1|   ap_memory|                   prod_11|         array|
|prod_11_we0       |  out|    1|   ap_memory|                   prod_11|         array|
|prod_11_d0        |  out|   32|   ap_memory|                   prod_11|         array|
|prod_10_address0  |  out|    4|   ap_memory|                   prod_10|         array|
|prod_10_ce0       |  out|    1|   ap_memory|                   prod_10|         array|
|prod_10_we0       |  out|    1|   ap_memory|                   prod_10|         array|
|prod_10_d0        |  out|   32|   ap_memory|                   prod_10|         array|
|prod_9_address0   |  out|    4|   ap_memory|                    prod_9|         array|
|prod_9_ce0        |  out|    1|   ap_memory|                    prod_9|         array|
|prod_9_we0        |  out|    1|   ap_memory|                    prod_9|         array|
|prod_9_d0         |  out|   32|   ap_memory|                    prod_9|         array|
|prod_8_address0   |  out|    4|   ap_memory|                    prod_8|         array|
|prod_8_ce0        |  out|    1|   ap_memory|                    prod_8|         array|
|prod_8_we0        |  out|    1|   ap_memory|                    prod_8|         array|
|prod_8_d0         |  out|   32|   ap_memory|                    prod_8|         array|
|prod_7_address0   |  out|    4|   ap_memory|                    prod_7|         array|
|prod_7_ce0        |  out|    1|   ap_memory|                    prod_7|         array|
|prod_7_we0        |  out|    1|   ap_memory|                    prod_7|         array|
|prod_7_d0         |  out|   32|   ap_memory|                    prod_7|         array|
|prod_6_address0   |  out|    4|   ap_memory|                    prod_6|         array|
|prod_6_ce0        |  out|    1|   ap_memory|                    prod_6|         array|
|prod_6_we0        |  out|    1|   ap_memory|                    prod_6|         array|
|prod_6_d0         |  out|   32|   ap_memory|                    prod_6|         array|
|prod_5_address0   |  out|    4|   ap_memory|                    prod_5|         array|
|prod_5_ce0        |  out|    1|   ap_memory|                    prod_5|         array|
|prod_5_we0        |  out|    1|   ap_memory|                    prod_5|         array|
|prod_5_d0         |  out|   32|   ap_memory|                    prod_5|         array|
|prod_4_address0   |  out|    4|   ap_memory|                    prod_4|         array|
|prod_4_ce0        |  out|    1|   ap_memory|                    prod_4|         array|
|prod_4_we0        |  out|    1|   ap_memory|                    prod_4|         array|
|prod_4_d0         |  out|   32|   ap_memory|                    prod_4|         array|
|prod_3_address0   |  out|    4|   ap_memory|                    prod_3|         array|
|prod_3_ce0        |  out|    1|   ap_memory|                    prod_3|         array|
|prod_3_we0        |  out|    1|   ap_memory|                    prod_3|         array|
|prod_3_d0         |  out|   32|   ap_memory|                    prod_3|         array|
|prod_2_address0   |  out|    4|   ap_memory|                    prod_2|         array|
|prod_2_ce0        |  out|    1|   ap_memory|                    prod_2|         array|
|prod_2_we0        |  out|    1|   ap_memory|                    prod_2|         array|
|prod_2_d0         |  out|   32|   ap_memory|                    prod_2|         array|
|prod_1_address0   |  out|    4|   ap_memory|                    prod_1|         array|
|prod_1_ce0        |  out|    1|   ap_memory|                    prod_1|         array|
|prod_1_we0        |  out|    1|   ap_memory|                    prod_1|         array|
|prod_1_d0         |  out|   32|   ap_memory|                    prod_1|         array|
|prod_0_address0   |  out|    4|   ap_memory|                    prod_0|         array|
|prod_0_ce0        |  out|    1|   ap_memory|                    prod_0|         array|
|prod_0_we0        |  out|    1|   ap_memory|                    prod_0|         array|
|prod_0_d0         |  out|   32|   ap_memory|                    prod_0|         array|
|a_0_address0      |  out|    4|   ap_memory|                       a_0|         array|
|a_0_ce0           |  out|    1|   ap_memory|                       a_0|         array|
|a_0_q0            |   in|    8|   ap_memory|                       a_0|         array|
|rhs               |   in|    8|     ap_none|                       rhs|        scalar|
|a_1_address0      |  out|    4|   ap_memory|                       a_1|         array|
|a_1_ce0           |  out|    1|   ap_memory|                       a_1|         array|
|a_1_q0            |   in|    8|   ap_memory|                       a_1|         array|
|rhs_1             |   in|    8|     ap_none|                     rhs_1|        scalar|
|a_2_address0      |  out|    4|   ap_memory|                       a_2|         array|
|a_2_ce0           |  out|    1|   ap_memory|                       a_2|         array|
|a_2_q0            |   in|    8|   ap_memory|                       a_2|         array|
|rhs_2             |   in|    8|     ap_none|                     rhs_2|        scalar|
|a_3_address0      |  out|    4|   ap_memory|                       a_3|         array|
|a_3_ce0           |  out|    1|   ap_memory|                       a_3|         array|
|a_3_q0            |   in|    8|   ap_memory|                       a_3|         array|
|rhs_3             |   in|    8|     ap_none|                     rhs_3|        scalar|
|a_4_address0      |  out|    4|   ap_memory|                       a_4|         array|
|a_4_ce0           |  out|    1|   ap_memory|                       a_4|         array|
|a_4_q0            |   in|    8|   ap_memory|                       a_4|         array|
|rhs_4             |   in|    8|     ap_none|                     rhs_4|        scalar|
|a_5_address0      |  out|    4|   ap_memory|                       a_5|         array|
|a_5_ce0           |  out|    1|   ap_memory|                       a_5|         array|
|a_5_q0            |   in|    8|   ap_memory|                       a_5|         array|
|rhs_5             |   in|    8|     ap_none|                     rhs_5|        scalar|
|a_6_address0      |  out|    4|   ap_memory|                       a_6|         array|
|a_6_ce0           |  out|    1|   ap_memory|                       a_6|         array|
|a_6_q0            |   in|    8|   ap_memory|                       a_6|         array|
|rhs_6             |   in|    8|     ap_none|                     rhs_6|        scalar|
|a_7_address0      |  out|    4|   ap_memory|                       a_7|         array|
|a_7_ce0           |  out|    1|   ap_memory|                       a_7|         array|
|a_7_q0            |   in|    8|   ap_memory|                       a_7|         array|
|rhs_7             |   in|    8|     ap_none|                     rhs_7|        scalar|
|a_8_address0      |  out|    4|   ap_memory|                       a_8|         array|
|a_8_ce0           |  out|    1|   ap_memory|                       a_8|         array|
|a_8_q0            |   in|    8|   ap_memory|                       a_8|         array|
|rhs_8             |   in|    8|     ap_none|                     rhs_8|        scalar|
|a_9_address0      |  out|    4|   ap_memory|                       a_9|         array|
|a_9_ce0           |  out|    1|   ap_memory|                       a_9|         array|
|a_9_q0            |   in|    8|   ap_memory|                       a_9|         array|
|rhs_9             |   in|    8|     ap_none|                     rhs_9|        scalar|
|a_10_address0     |  out|    4|   ap_memory|                      a_10|         array|
|a_10_ce0          |  out|    1|   ap_memory|                      a_10|         array|
|a_10_q0           |   in|    8|   ap_memory|                      a_10|         array|
|rhs_10            |   in|    8|     ap_none|                    rhs_10|        scalar|
|a_11_address0     |  out|    4|   ap_memory|                      a_11|         array|
|a_11_ce0          |  out|    1|   ap_memory|                      a_11|         array|
|a_11_q0           |   in|    8|   ap_memory|                      a_11|         array|
|rhs_11            |   in|    8|     ap_none|                    rhs_11|        scalar|
|a_12_address0     |  out|    4|   ap_memory|                      a_12|         array|
|a_12_ce0          |  out|    1|   ap_memory|                      a_12|         array|
|a_12_q0           |   in|    8|   ap_memory|                      a_12|         array|
|rhs_12            |   in|    8|     ap_none|                    rhs_12|        scalar|
|a_13_address0     |  out|    4|   ap_memory|                      a_13|         array|
|a_13_ce0          |  out|    1|   ap_memory|                      a_13|         array|
|a_13_q0           |   in|    8|   ap_memory|                      a_13|         array|
|rhs_13            |   in|    8|     ap_none|                    rhs_13|        scalar|
|a_14_address0     |  out|    4|   ap_memory|                      a_14|         array|
|a_14_ce0          |  out|    1|   ap_memory|                      a_14|         array|
|a_14_q0           |   in|    8|   ap_memory|                      a_14|         array|
|rhs_14            |   in|    8|     ap_none|                    rhs_14|        scalar|
|a_15_address0     |  out|    4|   ap_memory|                      a_15|         array|
|a_15_ce0          |  out|    1|   ap_memory|                      a_15|         array|
|a_15_q0           |   in|    8|   ap_memory|                      a_15|         array|
|rhs_15            |   in|    8|     ap_none|                    rhs_15|        scalar|
|rhs_16            |   in|    8|     ap_none|                    rhs_16|        scalar|
|rhs_17            |   in|    8|     ap_none|                    rhs_17|        scalar|
|rhs_18            |   in|    8|     ap_none|                    rhs_18|        scalar|
|rhs_19            |   in|    8|     ap_none|                    rhs_19|        scalar|
|rhs_20            |   in|    8|     ap_none|                    rhs_20|        scalar|
|rhs_21            |   in|    8|     ap_none|                    rhs_21|        scalar|
|rhs_22            |   in|    8|     ap_none|                    rhs_22|        scalar|
|rhs_23            |   in|    8|     ap_none|                    rhs_23|        scalar|
|rhs_24            |   in|    8|     ap_none|                    rhs_24|        scalar|
|rhs_25            |   in|    8|     ap_none|                    rhs_25|        scalar|
|rhs_26            |   in|    8|     ap_none|                    rhs_26|        scalar|
|rhs_27            |   in|    8|     ap_none|                    rhs_27|        scalar|
|rhs_28            |   in|    8|     ap_none|                    rhs_28|        scalar|
|rhs_29            |   in|    8|     ap_none|                    rhs_29|        scalar|
|rhs_30            |   in|    8|     ap_none|                    rhs_30|        scalar|
|rhs_31            |   in|    8|     ap_none|                    rhs_31|        scalar|
|rhs_32            |   in|    8|     ap_none|                    rhs_32|        scalar|
|rhs_33            |   in|    8|     ap_none|                    rhs_33|        scalar|
|rhs_34            |   in|    8|     ap_none|                    rhs_34|        scalar|
|rhs_35            |   in|    8|     ap_none|                    rhs_35|        scalar|
|rhs_36            |   in|    8|     ap_none|                    rhs_36|        scalar|
|rhs_37            |   in|    8|     ap_none|                    rhs_37|        scalar|
|rhs_38            |   in|    8|     ap_none|                    rhs_38|        scalar|
|rhs_39            |   in|    8|     ap_none|                    rhs_39|        scalar|
|rhs_40            |   in|    8|     ap_none|                    rhs_40|        scalar|
|rhs_41            |   in|    8|     ap_none|                    rhs_41|        scalar|
|rhs_42            |   in|    8|     ap_none|                    rhs_42|        scalar|
|rhs_43            |   in|    8|     ap_none|                    rhs_43|        scalar|
|rhs_44            |   in|    8|     ap_none|                    rhs_44|        scalar|
|rhs_45            |   in|    8|     ap_none|                    rhs_45|        scalar|
|rhs_46            |   in|    8|     ap_none|                    rhs_46|        scalar|
|rhs_47            |   in|    8|     ap_none|                    rhs_47|        scalar|
|rhs_48            |   in|    8|     ap_none|                    rhs_48|        scalar|
|rhs_49            |   in|    8|     ap_none|                    rhs_49|        scalar|
|rhs_50            |   in|    8|     ap_none|                    rhs_50|        scalar|
|rhs_51            |   in|    8|     ap_none|                    rhs_51|        scalar|
|rhs_52            |   in|    8|     ap_none|                    rhs_52|        scalar|
|rhs_53            |   in|    8|     ap_none|                    rhs_53|        scalar|
|rhs_54            |   in|    8|     ap_none|                    rhs_54|        scalar|
|rhs_55            |   in|    8|     ap_none|                    rhs_55|        scalar|
|rhs_56            |   in|    8|     ap_none|                    rhs_56|        scalar|
|rhs_57            |   in|    8|     ap_none|                    rhs_57|        scalar|
|rhs_58            |   in|    8|     ap_none|                    rhs_58|        scalar|
|rhs_59            |   in|    8|     ap_none|                    rhs_59|        scalar|
|rhs_60            |   in|    8|     ap_none|                    rhs_60|        scalar|
|rhs_61            |   in|    8|     ap_none|                    rhs_61|        scalar|
|rhs_62            |   in|    8|     ap_none|                    rhs_62|        scalar|
|rhs_63            |   in|    8|     ap_none|                    rhs_63|        scalar|
|rhs_64            |   in|    8|     ap_none|                    rhs_64|        scalar|
|rhs_65            |   in|    8|     ap_none|                    rhs_65|        scalar|
|rhs_66            |   in|    8|     ap_none|                    rhs_66|        scalar|
|rhs_67            |   in|    8|     ap_none|                    rhs_67|        scalar|
|rhs_68            |   in|    8|     ap_none|                    rhs_68|        scalar|
|rhs_69            |   in|    8|     ap_none|                    rhs_69|        scalar|
|rhs_70            |   in|    8|     ap_none|                    rhs_70|        scalar|
|rhs_71            |   in|    8|     ap_none|                    rhs_71|        scalar|
|rhs_72            |   in|    8|     ap_none|                    rhs_72|        scalar|
|rhs_73            |   in|    8|     ap_none|                    rhs_73|        scalar|
|rhs_74            |   in|    8|     ap_none|                    rhs_74|        scalar|
|rhs_75            |   in|    8|     ap_none|                    rhs_75|        scalar|
|rhs_76            |   in|    8|     ap_none|                    rhs_76|        scalar|
|rhs_77            |   in|    8|     ap_none|                    rhs_77|        scalar|
|rhs_78            |   in|    8|     ap_none|                    rhs_78|        scalar|
|rhs_79            |   in|    8|     ap_none|                    rhs_79|        scalar|
|rhs_80            |   in|    8|     ap_none|                    rhs_80|        scalar|
|rhs_81            |   in|    8|     ap_none|                    rhs_81|        scalar|
|rhs_82            |   in|    8|     ap_none|                    rhs_82|        scalar|
|rhs_83            |   in|    8|     ap_none|                    rhs_83|        scalar|
|rhs_84            |   in|    8|     ap_none|                    rhs_84|        scalar|
|rhs_85            |   in|    8|     ap_none|                    rhs_85|        scalar|
|rhs_86            |   in|    8|     ap_none|                    rhs_86|        scalar|
|rhs_87            |   in|    8|     ap_none|                    rhs_87|        scalar|
|rhs_88            |   in|    8|     ap_none|                    rhs_88|        scalar|
|rhs_89            |   in|    8|     ap_none|                    rhs_89|        scalar|
|rhs_90            |   in|    8|     ap_none|                    rhs_90|        scalar|
|rhs_91            |   in|    8|     ap_none|                    rhs_91|        scalar|
|rhs_92            |   in|    8|     ap_none|                    rhs_92|        scalar|
|rhs_93            |   in|    8|     ap_none|                    rhs_93|        scalar|
|rhs_94            |   in|    8|     ap_none|                    rhs_94|        scalar|
|rhs_95            |   in|    8|     ap_none|                    rhs_95|        scalar|
|rhs_96            |   in|    8|     ap_none|                    rhs_96|        scalar|
|rhs_97            |   in|    8|     ap_none|                    rhs_97|        scalar|
|rhs_98            |   in|    8|     ap_none|                    rhs_98|        scalar|
|rhs_99            |   in|    8|     ap_none|                    rhs_99|        scalar|
|rhs_100           |   in|    8|     ap_none|                   rhs_100|        scalar|
|rhs_101           |   in|    8|     ap_none|                   rhs_101|        scalar|
|rhs_102           |   in|    8|     ap_none|                   rhs_102|        scalar|
|rhs_103           |   in|    8|     ap_none|                   rhs_103|        scalar|
|rhs_104           |   in|    8|     ap_none|                   rhs_104|        scalar|
|rhs_105           |   in|    8|     ap_none|                   rhs_105|        scalar|
|rhs_106           |   in|    8|     ap_none|                   rhs_106|        scalar|
|rhs_107           |   in|    8|     ap_none|                   rhs_107|        scalar|
|rhs_108           |   in|    8|     ap_none|                   rhs_108|        scalar|
|rhs_109           |   in|    8|     ap_none|                   rhs_109|        scalar|
|rhs_110           |   in|    8|     ap_none|                   rhs_110|        scalar|
|rhs_111           |   in|    8|     ap_none|                   rhs_111|        scalar|
|rhs_112           |   in|    8|     ap_none|                   rhs_112|        scalar|
|rhs_113           |   in|    8|     ap_none|                   rhs_113|        scalar|
|rhs_114           |   in|    8|     ap_none|                   rhs_114|        scalar|
|rhs_115           |   in|    8|     ap_none|                   rhs_115|        scalar|
|rhs_116           |   in|    8|     ap_none|                   rhs_116|        scalar|
|rhs_117           |   in|    8|     ap_none|                   rhs_117|        scalar|
|rhs_118           |   in|    8|     ap_none|                   rhs_118|        scalar|
|rhs_119           |   in|    8|     ap_none|                   rhs_119|        scalar|
|rhs_120           |   in|    8|     ap_none|                   rhs_120|        scalar|
|rhs_121           |   in|    8|     ap_none|                   rhs_121|        scalar|
|rhs_122           |   in|    8|     ap_none|                   rhs_122|        scalar|
|rhs_123           |   in|    8|     ap_none|                   rhs_123|        scalar|
|rhs_124           |   in|    8|     ap_none|                   rhs_124|        scalar|
|rhs_125           |   in|    8|     ap_none|                   rhs_125|        scalar|
|rhs_126           |   in|    8|     ap_none|                   rhs_126|        scalar|
|rhs_127           |   in|    8|     ap_none|                   rhs_127|        scalar|
|rhs_128           |   in|    8|     ap_none|                   rhs_128|        scalar|
|rhs_129           |   in|    8|     ap_none|                   rhs_129|        scalar|
|rhs_130           |   in|    8|     ap_none|                   rhs_130|        scalar|
|rhs_131           |   in|    8|     ap_none|                   rhs_131|        scalar|
|rhs_132           |   in|    8|     ap_none|                   rhs_132|        scalar|
|rhs_133           |   in|    8|     ap_none|                   rhs_133|        scalar|
|rhs_134           |   in|    8|     ap_none|                   rhs_134|        scalar|
|rhs_135           |   in|    8|     ap_none|                   rhs_135|        scalar|
|rhs_136           |   in|    8|     ap_none|                   rhs_136|        scalar|
|rhs_137           |   in|    8|     ap_none|                   rhs_137|        scalar|
|rhs_138           |   in|    8|     ap_none|                   rhs_138|        scalar|
|rhs_139           |   in|    8|     ap_none|                   rhs_139|        scalar|
|rhs_140           |   in|    8|     ap_none|                   rhs_140|        scalar|
|rhs_141           |   in|    8|     ap_none|                   rhs_141|        scalar|
|rhs_142           |   in|    8|     ap_none|                   rhs_142|        scalar|
|rhs_143           |   in|    8|     ap_none|                   rhs_143|        scalar|
|rhs_144           |   in|    8|     ap_none|                   rhs_144|        scalar|
|rhs_145           |   in|    8|     ap_none|                   rhs_145|        scalar|
|rhs_146           |   in|    8|     ap_none|                   rhs_146|        scalar|
|rhs_147           |   in|    8|     ap_none|                   rhs_147|        scalar|
|rhs_148           |   in|    8|     ap_none|                   rhs_148|        scalar|
|rhs_149           |   in|    8|     ap_none|                   rhs_149|        scalar|
|rhs_150           |   in|    8|     ap_none|                   rhs_150|        scalar|
|rhs_151           |   in|    8|     ap_none|                   rhs_151|        scalar|
|rhs_152           |   in|    8|     ap_none|                   rhs_152|        scalar|
|rhs_153           |   in|    8|     ap_none|                   rhs_153|        scalar|
|rhs_154           |   in|    8|     ap_none|                   rhs_154|        scalar|
|rhs_155           |   in|    8|     ap_none|                   rhs_155|        scalar|
|rhs_156           |   in|    8|     ap_none|                   rhs_156|        scalar|
|rhs_157           |   in|    8|     ap_none|                   rhs_157|        scalar|
|rhs_158           |   in|    8|     ap_none|                   rhs_158|        scalar|
|rhs_159           |   in|    8|     ap_none|                   rhs_159|        scalar|
|rhs_160           |   in|    8|     ap_none|                   rhs_160|        scalar|
|rhs_161           |   in|    8|     ap_none|                   rhs_161|        scalar|
|rhs_162           |   in|    8|     ap_none|                   rhs_162|        scalar|
|rhs_163           |   in|    8|     ap_none|                   rhs_163|        scalar|
|rhs_164           |   in|    8|     ap_none|                   rhs_164|        scalar|
|rhs_165           |   in|    8|     ap_none|                   rhs_165|        scalar|
|rhs_166           |   in|    8|     ap_none|                   rhs_166|        scalar|
|rhs_167           |   in|    8|     ap_none|                   rhs_167|        scalar|
|rhs_168           |   in|    8|     ap_none|                   rhs_168|        scalar|
|rhs_169           |   in|    8|     ap_none|                   rhs_169|        scalar|
|rhs_170           |   in|    8|     ap_none|                   rhs_170|        scalar|
|rhs_171           |   in|    8|     ap_none|                   rhs_171|        scalar|
|rhs_172           |   in|    8|     ap_none|                   rhs_172|        scalar|
|rhs_173           |   in|    8|     ap_none|                   rhs_173|        scalar|
|rhs_174           |   in|    8|     ap_none|                   rhs_174|        scalar|
|rhs_175           |   in|    8|     ap_none|                   rhs_175|        scalar|
|rhs_176           |   in|    8|     ap_none|                   rhs_176|        scalar|
|rhs_177           |   in|    8|     ap_none|                   rhs_177|        scalar|
|rhs_178           |   in|    8|     ap_none|                   rhs_178|        scalar|
|rhs_179           |   in|    8|     ap_none|                   rhs_179|        scalar|
|rhs_180           |   in|    8|     ap_none|                   rhs_180|        scalar|
|rhs_181           |   in|    8|     ap_none|                   rhs_181|        scalar|
|rhs_182           |   in|    8|     ap_none|                   rhs_182|        scalar|
|rhs_183           |   in|    8|     ap_none|                   rhs_183|        scalar|
|rhs_184           |   in|    8|     ap_none|                   rhs_184|        scalar|
|rhs_185           |   in|    8|     ap_none|                   rhs_185|        scalar|
|rhs_186           |   in|    8|     ap_none|                   rhs_186|        scalar|
|rhs_187           |   in|    8|     ap_none|                   rhs_187|        scalar|
|rhs_188           |   in|    8|     ap_none|                   rhs_188|        scalar|
|rhs_189           |   in|    8|     ap_none|                   rhs_189|        scalar|
|rhs_190           |   in|    8|     ap_none|                   rhs_190|        scalar|
|rhs_191           |   in|    8|     ap_none|                   rhs_191|        scalar|
|rhs_192           |   in|    8|     ap_none|                   rhs_192|        scalar|
|rhs_193           |   in|    8|     ap_none|                   rhs_193|        scalar|
|rhs_194           |   in|    8|     ap_none|                   rhs_194|        scalar|
|rhs_195           |   in|    8|     ap_none|                   rhs_195|        scalar|
|rhs_196           |   in|    8|     ap_none|                   rhs_196|        scalar|
|rhs_197           |   in|    8|     ap_none|                   rhs_197|        scalar|
|rhs_198           |   in|    8|     ap_none|                   rhs_198|        scalar|
|rhs_199           |   in|    8|     ap_none|                   rhs_199|        scalar|
|rhs_200           |   in|    8|     ap_none|                   rhs_200|        scalar|
|rhs_201           |   in|    8|     ap_none|                   rhs_201|        scalar|
|rhs_202           |   in|    8|     ap_none|                   rhs_202|        scalar|
|rhs_203           |   in|    8|     ap_none|                   rhs_203|        scalar|
|rhs_204           |   in|    8|     ap_none|                   rhs_204|        scalar|
|rhs_205           |   in|    8|     ap_none|                   rhs_205|        scalar|
|rhs_206           |   in|    8|     ap_none|                   rhs_206|        scalar|
|rhs_207           |   in|    8|     ap_none|                   rhs_207|        scalar|
|rhs_208           |   in|    8|     ap_none|                   rhs_208|        scalar|
|rhs_209           |   in|    8|     ap_none|                   rhs_209|        scalar|
|rhs_210           |   in|    8|     ap_none|                   rhs_210|        scalar|
|rhs_211           |   in|    8|     ap_none|                   rhs_211|        scalar|
|rhs_212           |   in|    8|     ap_none|                   rhs_212|        scalar|
|rhs_213           |   in|    8|     ap_none|                   rhs_213|        scalar|
|rhs_214           |   in|    8|     ap_none|                   rhs_214|        scalar|
|rhs_215           |   in|    8|     ap_none|                   rhs_215|        scalar|
|rhs_216           |   in|    8|     ap_none|                   rhs_216|        scalar|
|rhs_217           |   in|    8|     ap_none|                   rhs_217|        scalar|
|rhs_218           |   in|    8|     ap_none|                   rhs_218|        scalar|
|rhs_219           |   in|    8|     ap_none|                   rhs_219|        scalar|
|rhs_220           |   in|    8|     ap_none|                   rhs_220|        scalar|
|rhs_221           |   in|    8|     ap_none|                   rhs_221|        scalar|
|rhs_222           |   in|    8|     ap_none|                   rhs_222|        scalar|
|rhs_223           |   in|    8|     ap_none|                   rhs_223|        scalar|
|rhs_224           |   in|    8|     ap_none|                   rhs_224|        scalar|
|rhs_225           |   in|    8|     ap_none|                   rhs_225|        scalar|
|rhs_226           |   in|    8|     ap_none|                   rhs_226|        scalar|
|rhs_227           |   in|    8|     ap_none|                   rhs_227|        scalar|
|rhs_228           |   in|    8|     ap_none|                   rhs_228|        scalar|
|rhs_229           |   in|    8|     ap_none|                   rhs_229|        scalar|
|rhs_230           |   in|    8|     ap_none|                   rhs_230|        scalar|
|rhs_231           |   in|    8|     ap_none|                   rhs_231|        scalar|
|rhs_232           |   in|    8|     ap_none|                   rhs_232|        scalar|
|rhs_233           |   in|    8|     ap_none|                   rhs_233|        scalar|
|rhs_234           |   in|    8|     ap_none|                   rhs_234|        scalar|
|rhs_235           |   in|    8|     ap_none|                   rhs_235|        scalar|
|rhs_236           |   in|    8|     ap_none|                   rhs_236|        scalar|
|rhs_237           |   in|    8|     ap_none|                   rhs_237|        scalar|
|rhs_238           |   in|    8|     ap_none|                   rhs_238|        scalar|
|rhs_239           |   in|    8|     ap_none|                   rhs_239|        scalar|
|rhs_240           |   in|    8|     ap_none|                   rhs_240|        scalar|
|rhs_241           |   in|    8|     ap_none|                   rhs_241|        scalar|
|rhs_242           |   in|    8|     ap_none|                   rhs_242|        scalar|
|rhs_243           |   in|    8|     ap_none|                   rhs_243|        scalar|
|rhs_244           |   in|    8|     ap_none|                   rhs_244|        scalar|
|rhs_245           |   in|    8|     ap_none|                   rhs_245|        scalar|
|rhs_246           |   in|    8|     ap_none|                   rhs_246|        scalar|
|rhs_247           |   in|    8|     ap_none|                   rhs_247|        scalar|
|rhs_248           |   in|    8|     ap_none|                   rhs_248|        scalar|
|rhs_249           |   in|    8|     ap_none|                   rhs_249|        scalar|
|rhs_250           |   in|    8|     ap_none|                   rhs_250|        scalar|
|rhs_251           |   in|    8|     ap_none|                   rhs_251|        scalar|
|rhs_252           |   in|    8|     ap_none|                   rhs_252|        scalar|
|rhs_253           |   in|    8|     ap_none|                   rhs_253|        scalar|
|rhs_254           |   in|    8|     ap_none|                   rhs_254|        scalar|
|rhs_255           |   in|    8|     ap_none|                   rhs_255|        scalar|
+------------------+-----+-----+------------+--------------------------+--------------+

