Archive Project report for lab1
Thu Feb  8 18:27:33 2024
Quartus Prime Version 23.4.0 Build 79 11/22/2023 SC Pro Edition


---------------------
; Table of Contents ;
---------------------
  1. Legal Notice
  2. Archive Project Summary
  3. Archive Project Messages
  4. Files Archived



----------------
; Legal Notice ;
----------------
Copyright (C) 2023  Intel Corporation. All rights reserved.
Your use of Intel Corporation's design tools, logic functions 
and other software and tools, and any partner logic 
functions, and any output files from any of the foregoing 
(including device programming or simulation files), and any 
associated documentation or information are expressly subject 
to the terms and conditions of the Intel Program License 
Subscription Agreement, the Intel Quartus Prime License Agreement,
the Intel FPGA IP License Agreement, or other applicable license
agreement, including, without limitation, that your use is for
the sole purpose of programming logic devices manufactured by
Intel and sold by Intel or its authorized distributors.  Please
refer to the Intel FPGA Software License Subscription Agreements 
on the Quartus Prime software download page.



+----------------------------------------------------------------+
; Archive Project Summary                                        ;
+------------------------+---------------------------------------+
; Archive Project Status ; Successful - Thu Feb  8 18:27:33 2024 ;
; Revision Name          ; lab1                                  ;
; Top-level Entity Name  ; lab1                                  ;
; Family                 ; Arria 10                              ;
+------------------------+---------------------------------------+


+--------------------------+
; Archive Project Messages ;
+--------------------------+
Info: File Set 'Source control' contains:
    Info: Project source and settings files
    Info: Automatically detected source files
Info: Loading elaborated checkpoint under DNI mode
Info: Archive will store files relative to the closest common parent directory
Info (13213): Using common directory /home/kmalik10/Lab1_shared/
Info: ----------------------------------------------------------
Info: ----------------------------------------------------------
Info: Generated archive '/home/kmalik10/Lab1_shared/lab1_shared.qar'
Info: ----------------------------------------------------------
Info: ----------------------------------------------------------
Info: Generated report 'lab1.archive.rpt'
Info (23030): Evaluation of Tcl script /packages/apps/fpga/Quartus_Pro/23.4/quartus/common/tcl/apps/qpm/qar.tcl was successful
Info: Quartus Prime Shell was successful. 0 errors, 0 warnings
    Info: Peak virtual memory: 1332 megabytes
    Info: Processing ended: Thu Feb  8 18:27:34 2024
    Info: Elapsed time: 00:00:09
    Info: System process ID: 466957


+------------------------------+
; Files Archived               ;
+------------------------------+
; File Name                    ;
+------------------------------+
; lab1.qpf                     ;
; lab1.qsf                     ;
; lab1.v                       ;
; lab1_assignment_defaults.qdf ;
; lab1_early_pwr.csv           ;
; lab1_tb.v                    ;
; SDC1.sdc                     ;
+------------------------------+


