

================================================================
== Vitis HLS Report for 'matrix_mult_Pipeline_Row'
================================================================
* Date:           Fri Mar  1 20:53:39 2024

* Version:        2022.1 (Build 3526262 on Mon Apr 18 15:47:01 MDT 2022)
* Project:        gemmhls_int
* Solution:       day2_opt3 (Vivado IP Flow Target)
* Product family: zynq
* Target device:  xc7z020-clg400-1


================================================================
== Performance Estimates
================================================================
+ Timing: 
    * Summary: 
    +--------+----------+-----------+------------+
    |  Clock |  Target  | Estimated | Uncertainty|
    +--------+----------+-----------+------------+
    |ap_clk  |  10.00 ns|  50.505 ns|     2.70 ns|
    +--------+----------+-----------+------------+

+ Latency: 
    * Summary: 
    +---------+---------+----------+----------+-----+-----+---------+
    |  Latency (cycles) |  Latency (absolute) |  Interval | Pipeline|
    |   min   |   max   |    min   |    max   | min | max |   Type  |
    +---------+---------+----------+----------+-----+-----+---------+
    |       21|       21|  1.061 us|  1.061 us|   21|   21|       no|
    +---------+---------+----------+----------+-----+-----+---------+

    + Detail: 
        * Instance: 
        N/A

        * Loop: 
        +----------+---------+---------+----------+-----------+-----------+------+----------+
        |          |  Latency (cycles) | Iteration|  Initiation Interval  | Trip |          |
        | Loop Name|   min   |   max   |  Latency |  achieved |   target  | Count| Pipelined|
        +----------+---------+---------+----------+-----------+-----------+------+----------+
        |- Row     |       19|       19|         5|          1|          1|    16|       yes|
        +----------+---------+---------+----------+-----------+-----------+------+----------+



================================================================
== Utilization Estimates
================================================================
* Summary: 
+-----------------+---------+-----+--------+--------+-----+
|       Name      | BRAM_18K| DSP |   FF   |   LUT  | URAM|
+-----------------+---------+-----+--------+--------+-----+
|DSP              |        -|  128|       -|       -|    -|
|Expression       |        -|    -|       0|  286295|    -|
|FIFO             |        -|    -|       -|       -|    -|
|Instance         |        -|    0|       0|    5248|    -|
|Memory           |        -|    -|       -|       -|    -|
|Multiplexer      |        -|    -|       -|      45|    -|
|Register         |        -|    -|   10081|      64|    -|
+-----------------+---------+-----+--------+--------+-----+
|Total            |        0|  128|   10081|  291652|    0|
+-----------------+---------+-----+--------+--------+-----+
|Available        |      280|  220|  106400|   53200|    0|
+-----------------+---------+-----+--------+--------+-----+
|Utilization (%)  |        0|   58|       9|     548|    0|
+-----------------+---------+-----+--------+--------+-----+

+ Detail: 
    * Instance: 
    +-------------------------+--------------------+---------+----+---+----+-----+
    |         Instance        |       Module       | BRAM_18K| DSP| FF| LUT| URAM|
    +-------------------------+--------------------+---------+----+---+----+-----+
    |mul_8ns_8ns_16_1_1_U1    |mul_8ns_8ns_16_1_1  |        0|   0|  0|  41|    0|
    |mul_8ns_8ns_16_1_1_U2    |mul_8ns_8ns_16_1_1  |        0|   0|  0|  41|    0|
    |mul_8ns_8ns_16_1_1_U3    |mul_8ns_8ns_16_1_1  |        0|   0|  0|  41|    0|
    |mul_8ns_8ns_16_1_1_U4    |mul_8ns_8ns_16_1_1  |        0|   0|  0|  41|    0|
    |mul_8ns_8ns_16_1_1_U5    |mul_8ns_8ns_16_1_1  |        0|   0|  0|  41|    0|
    |mul_8ns_8ns_16_1_1_U6    |mul_8ns_8ns_16_1_1  |        0|   0|  0|  41|    0|
    |mul_8ns_8ns_16_1_1_U7    |mul_8ns_8ns_16_1_1  |        0|   0|  0|  41|    0|
    |mul_8ns_8ns_16_1_1_U8    |mul_8ns_8ns_16_1_1  |        0|   0|  0|  41|    0|
    |mul_8ns_8ns_16_1_1_U9    |mul_8ns_8ns_16_1_1  |        0|   0|  0|  41|    0|
    |mul_8ns_8ns_16_1_1_U10   |mul_8ns_8ns_16_1_1  |        0|   0|  0|  41|    0|
    |mul_8ns_8ns_16_1_1_U11   |mul_8ns_8ns_16_1_1  |        0|   0|  0|  41|    0|
    |mul_8ns_8ns_16_1_1_U12   |mul_8ns_8ns_16_1_1  |        0|   0|  0|  41|    0|
    |mul_8ns_8ns_16_1_1_U13   |mul_8ns_8ns_16_1_1  |        0|   0|  0|  41|    0|
    |mul_8ns_8ns_16_1_1_U14   |mul_8ns_8ns_16_1_1  |        0|   0|  0|  41|    0|
    |mul_8ns_8ns_16_1_1_U15   |mul_8ns_8ns_16_1_1  |        0|   0|  0|  41|    0|
    |mul_8ns_8ns_16_1_1_U16   |mul_8ns_8ns_16_1_1  |        0|   0|  0|  41|    0|
    |mul_8ns_8ns_16_1_1_U17   |mul_8ns_8ns_16_1_1  |        0|   0|  0|  41|    0|
    |mul_8ns_8ns_16_1_1_U18   |mul_8ns_8ns_16_1_1  |        0|   0|  0|  41|    0|
    |mul_8ns_8ns_16_1_1_U19   |mul_8ns_8ns_16_1_1  |        0|   0|  0|  41|    0|
    |mul_8ns_8ns_16_1_1_U20   |mul_8ns_8ns_16_1_1  |        0|   0|  0|  41|    0|
    |mul_8ns_8ns_16_1_1_U21   |mul_8ns_8ns_16_1_1  |        0|   0|  0|  41|    0|
    |mul_8ns_8ns_16_1_1_U22   |mul_8ns_8ns_16_1_1  |        0|   0|  0|  41|    0|
    |mul_8ns_8ns_16_1_1_U23   |mul_8ns_8ns_16_1_1  |        0|   0|  0|  41|    0|
    |mul_8ns_8ns_16_1_1_U24   |mul_8ns_8ns_16_1_1  |        0|   0|  0|  41|    0|
    |mul_8ns_8ns_16_1_1_U25   |mul_8ns_8ns_16_1_1  |        0|   0|  0|  41|    0|
    |mul_8ns_8ns_16_1_1_U26   |mul_8ns_8ns_16_1_1  |        0|   0|  0|  41|    0|
    |mul_8ns_8ns_16_1_1_U27   |mul_8ns_8ns_16_1_1  |        0|   0|  0|  41|    0|
    |mul_8ns_8ns_16_1_1_U28   |mul_8ns_8ns_16_1_1  |        0|   0|  0|  41|    0|
    |mul_8ns_8ns_16_1_1_U29   |mul_8ns_8ns_16_1_1  |        0|   0|  0|  41|    0|
    |mul_8ns_8ns_16_1_1_U30   |mul_8ns_8ns_16_1_1  |        0|   0|  0|  41|    0|
    |mul_8ns_8ns_16_1_1_U31   |mul_8ns_8ns_16_1_1  |        0|   0|  0|  41|    0|
    |mul_8ns_8ns_16_1_1_U32   |mul_8ns_8ns_16_1_1  |        0|   0|  0|  41|    0|
    |mul_8ns_8ns_16_1_1_U33   |mul_8ns_8ns_16_1_1  |        0|   0|  0|  41|    0|
    |mul_8ns_8ns_16_1_1_U34   |mul_8ns_8ns_16_1_1  |        0|   0|  0|  41|    0|
    |mul_8ns_8ns_16_1_1_U35   |mul_8ns_8ns_16_1_1  |        0|   0|  0|  41|    0|
    |mul_8ns_8ns_16_1_1_U36   |mul_8ns_8ns_16_1_1  |        0|   0|  0|  41|    0|
    |mul_8ns_8ns_16_1_1_U37   |mul_8ns_8ns_16_1_1  |        0|   0|  0|  41|    0|
    |mul_8ns_8ns_16_1_1_U38   |mul_8ns_8ns_16_1_1  |        0|   0|  0|  41|    0|
    |mul_8ns_8ns_16_1_1_U39   |mul_8ns_8ns_16_1_1  |        0|   0|  0|  41|    0|
    |mul_8ns_8ns_16_1_1_U40   |mul_8ns_8ns_16_1_1  |        0|   0|  0|  41|    0|
    |mul_8ns_8ns_16_1_1_U41   |mul_8ns_8ns_16_1_1  |        0|   0|  0|  41|    0|
    |mul_8ns_8ns_16_1_1_U42   |mul_8ns_8ns_16_1_1  |        0|   0|  0|  41|    0|
    |mul_8ns_8ns_16_1_1_U43   |mul_8ns_8ns_16_1_1  |        0|   0|  0|  41|    0|
    |mul_8ns_8ns_16_1_1_U44   |mul_8ns_8ns_16_1_1  |        0|   0|  0|  41|    0|
    |mul_8ns_8ns_16_1_1_U45   |mul_8ns_8ns_16_1_1  |        0|   0|  0|  41|    0|
    |mul_8ns_8ns_16_1_1_U46   |mul_8ns_8ns_16_1_1  |        0|   0|  0|  41|    0|
    |mul_8ns_8ns_16_1_1_U47   |mul_8ns_8ns_16_1_1  |        0|   0|  0|  41|    0|
    |mul_8ns_8ns_16_1_1_U48   |mul_8ns_8ns_16_1_1  |        0|   0|  0|  41|    0|
    |mul_8ns_8ns_16_1_1_U49   |mul_8ns_8ns_16_1_1  |        0|   0|  0|  41|    0|
    |mul_8ns_8ns_16_1_1_U50   |mul_8ns_8ns_16_1_1  |        0|   0|  0|  41|    0|
    |mul_8ns_8ns_16_1_1_U51   |mul_8ns_8ns_16_1_1  |        0|   0|  0|  41|    0|
    |mul_8ns_8ns_16_1_1_U52   |mul_8ns_8ns_16_1_1  |        0|   0|  0|  41|    0|
    |mul_8ns_8ns_16_1_1_U53   |mul_8ns_8ns_16_1_1  |        0|   0|  0|  41|    0|
    |mul_8ns_8ns_16_1_1_U54   |mul_8ns_8ns_16_1_1  |        0|   0|  0|  41|    0|
    |mul_8ns_8ns_16_1_1_U55   |mul_8ns_8ns_16_1_1  |        0|   0|  0|  41|    0|
    |mul_8ns_8ns_16_1_1_U56   |mul_8ns_8ns_16_1_1  |        0|   0|  0|  41|    0|
    |mul_8ns_8ns_16_1_1_U57   |mul_8ns_8ns_16_1_1  |        0|   0|  0|  41|    0|
    |mul_8ns_8ns_16_1_1_U58   |mul_8ns_8ns_16_1_1  |        0|   0|  0|  41|    0|
    |mul_8ns_8ns_16_1_1_U59   |mul_8ns_8ns_16_1_1  |        0|   0|  0|  41|    0|
    |mul_8ns_8ns_16_1_1_U60   |mul_8ns_8ns_16_1_1  |        0|   0|  0|  41|    0|
    |mul_8ns_8ns_16_1_1_U61   |mul_8ns_8ns_16_1_1  |        0|   0|  0|  41|    0|
    |mul_8ns_8ns_16_1_1_U62   |mul_8ns_8ns_16_1_1  |        0|   0|  0|  41|    0|
    |mul_8ns_8ns_16_1_1_U63   |mul_8ns_8ns_16_1_1  |        0|   0|  0|  41|    0|
    |mul_8ns_8ns_16_1_1_U64   |mul_8ns_8ns_16_1_1  |        0|   0|  0|  41|    0|
    |mul_8ns_8ns_16_1_1_U65   |mul_8ns_8ns_16_1_1  |        0|   0|  0|  41|    0|
    |mul_8ns_8ns_16_1_1_U66   |mul_8ns_8ns_16_1_1  |        0|   0|  0|  41|    0|
    |mul_8ns_8ns_16_1_1_U67   |mul_8ns_8ns_16_1_1  |        0|   0|  0|  41|    0|
    |mul_8ns_8ns_16_1_1_U68   |mul_8ns_8ns_16_1_1  |        0|   0|  0|  41|    0|
    |mul_8ns_8ns_16_1_1_U69   |mul_8ns_8ns_16_1_1  |        0|   0|  0|  41|    0|
    |mul_8ns_8ns_16_1_1_U70   |mul_8ns_8ns_16_1_1  |        0|   0|  0|  41|    0|
    |mul_8ns_8ns_16_1_1_U71   |mul_8ns_8ns_16_1_1  |        0|   0|  0|  41|    0|
    |mul_8ns_8ns_16_1_1_U72   |mul_8ns_8ns_16_1_1  |        0|   0|  0|  41|    0|
    |mul_8ns_8ns_16_1_1_U73   |mul_8ns_8ns_16_1_1  |        0|   0|  0|  41|    0|
    |mul_8ns_8ns_16_1_1_U74   |mul_8ns_8ns_16_1_1  |        0|   0|  0|  41|    0|
    |mul_8ns_8ns_16_1_1_U75   |mul_8ns_8ns_16_1_1  |        0|   0|  0|  41|    0|
    |mul_8ns_8ns_16_1_1_U76   |mul_8ns_8ns_16_1_1  |        0|   0|  0|  41|    0|
    |mul_8ns_8ns_16_1_1_U77   |mul_8ns_8ns_16_1_1  |        0|   0|  0|  41|    0|
    |mul_8ns_8ns_16_1_1_U78   |mul_8ns_8ns_16_1_1  |        0|   0|  0|  41|    0|
    |mul_8ns_8ns_16_1_1_U79   |mul_8ns_8ns_16_1_1  |        0|   0|  0|  41|    0|
    |mul_8ns_8ns_16_1_1_U80   |mul_8ns_8ns_16_1_1  |        0|   0|  0|  41|    0|
    |mul_8ns_8ns_16_1_1_U81   |mul_8ns_8ns_16_1_1  |        0|   0|  0|  41|    0|
    |mul_8ns_8ns_16_1_1_U82   |mul_8ns_8ns_16_1_1  |        0|   0|  0|  41|    0|
    |mul_8ns_8ns_16_1_1_U83   |mul_8ns_8ns_16_1_1  |        0|   0|  0|  41|    0|
    |mul_8ns_8ns_16_1_1_U84   |mul_8ns_8ns_16_1_1  |        0|   0|  0|  41|    0|
    |mul_8ns_8ns_16_1_1_U85   |mul_8ns_8ns_16_1_1  |        0|   0|  0|  41|    0|
    |mul_8ns_8ns_16_1_1_U86   |mul_8ns_8ns_16_1_1  |        0|   0|  0|  41|    0|
    |mul_8ns_8ns_16_1_1_U87   |mul_8ns_8ns_16_1_1  |        0|   0|  0|  41|    0|
    |mul_8ns_8ns_16_1_1_U88   |mul_8ns_8ns_16_1_1  |        0|   0|  0|  41|    0|
    |mul_8ns_8ns_16_1_1_U89   |mul_8ns_8ns_16_1_1  |        0|   0|  0|  41|    0|
    |mul_8ns_8ns_16_1_1_U90   |mul_8ns_8ns_16_1_1  |        0|   0|  0|  41|    0|
    |mul_8ns_8ns_16_1_1_U91   |mul_8ns_8ns_16_1_1  |        0|   0|  0|  41|    0|
    |mul_8ns_8ns_16_1_1_U92   |mul_8ns_8ns_16_1_1  |        0|   0|  0|  41|    0|
    |mul_8ns_8ns_16_1_1_U93   |mul_8ns_8ns_16_1_1  |        0|   0|  0|  41|    0|
    |mul_8ns_8ns_16_1_1_U94   |mul_8ns_8ns_16_1_1  |        0|   0|  0|  41|    0|
    |mul_8ns_8ns_16_1_1_U95   |mul_8ns_8ns_16_1_1  |        0|   0|  0|  41|    0|
    |mul_8ns_8ns_16_1_1_U96   |mul_8ns_8ns_16_1_1  |        0|   0|  0|  41|    0|
    |mul_8ns_8ns_16_1_1_U97   |mul_8ns_8ns_16_1_1  |        0|   0|  0|  41|    0|
    |mul_8ns_8ns_16_1_1_U98   |mul_8ns_8ns_16_1_1  |        0|   0|  0|  41|    0|
    |mul_8ns_8ns_16_1_1_U99   |mul_8ns_8ns_16_1_1  |        0|   0|  0|  41|    0|
    |mul_8ns_8ns_16_1_1_U100  |mul_8ns_8ns_16_1_1  |        0|   0|  0|  41|    0|
    |mul_8ns_8ns_16_1_1_U101  |mul_8ns_8ns_16_1_1  |        0|   0|  0|  41|    0|
    |mul_8ns_8ns_16_1_1_U102  |mul_8ns_8ns_16_1_1  |        0|   0|  0|  41|    0|
    |mul_8ns_8ns_16_1_1_U103  |mul_8ns_8ns_16_1_1  |        0|   0|  0|  41|    0|
    |mul_8ns_8ns_16_1_1_U104  |mul_8ns_8ns_16_1_1  |        0|   0|  0|  41|    0|
    |mul_8ns_8ns_16_1_1_U105  |mul_8ns_8ns_16_1_1  |        0|   0|  0|  41|    0|
    |mul_8ns_8ns_16_1_1_U106  |mul_8ns_8ns_16_1_1  |        0|   0|  0|  41|    0|
    |mul_8ns_8ns_16_1_1_U107  |mul_8ns_8ns_16_1_1  |        0|   0|  0|  41|    0|
    |mul_8ns_8ns_16_1_1_U108  |mul_8ns_8ns_16_1_1  |        0|   0|  0|  41|    0|
    |mul_8ns_8ns_16_1_1_U109  |mul_8ns_8ns_16_1_1  |        0|   0|  0|  41|    0|
    |mul_8ns_8ns_16_1_1_U110  |mul_8ns_8ns_16_1_1  |        0|   0|  0|  41|    0|
    |mul_8ns_8ns_16_1_1_U111  |mul_8ns_8ns_16_1_1  |        0|   0|  0|  41|    0|
    |mul_8ns_8ns_16_1_1_U112  |mul_8ns_8ns_16_1_1  |        0|   0|  0|  41|    0|
    |mul_8ns_8ns_16_1_1_U113  |mul_8ns_8ns_16_1_1  |        0|   0|  0|  41|    0|
    |mul_8ns_8ns_16_1_1_U114  |mul_8ns_8ns_16_1_1  |        0|   0|  0|  41|    0|
    |mul_8ns_8ns_16_1_1_U115  |mul_8ns_8ns_16_1_1  |        0|   0|  0|  41|    0|
    |mul_8ns_8ns_16_1_1_U116  |mul_8ns_8ns_16_1_1  |        0|   0|  0|  41|    0|
    |mul_8ns_8ns_16_1_1_U117  |mul_8ns_8ns_16_1_1  |        0|   0|  0|  41|    0|
    |mul_8ns_8ns_16_1_1_U118  |mul_8ns_8ns_16_1_1  |        0|   0|  0|  41|    0|
    |mul_8ns_8ns_16_1_1_U119  |mul_8ns_8ns_16_1_1  |        0|   0|  0|  41|    0|
    |mul_8ns_8ns_16_1_1_U120  |mul_8ns_8ns_16_1_1  |        0|   0|  0|  41|    0|
    |mul_8ns_8ns_16_1_1_U121  |mul_8ns_8ns_16_1_1  |        0|   0|  0|  41|    0|
    |mul_8ns_8ns_16_1_1_U122  |mul_8ns_8ns_16_1_1  |        0|   0|  0|  41|    0|
    |mul_8ns_8ns_16_1_1_U123  |mul_8ns_8ns_16_1_1  |        0|   0|  0|  41|    0|
    |mul_8ns_8ns_16_1_1_U124  |mul_8ns_8ns_16_1_1  |        0|   0|  0|  41|    0|
    |mul_8ns_8ns_16_1_1_U125  |mul_8ns_8ns_16_1_1  |        0|   0|  0|  41|    0|
    |mul_8ns_8ns_16_1_1_U126  |mul_8ns_8ns_16_1_1  |        0|   0|  0|  41|    0|
    |mul_8ns_8ns_16_1_1_U127  |mul_8ns_8ns_16_1_1  |        0|   0|  0|  41|    0|
    |mul_8ns_8ns_16_1_1_U128  |mul_8ns_8ns_16_1_1  |        0|   0|  0|  41|    0|
    +-------------------------+--------------------+---------+----+---+----+-----+
    |Total                    |                    |        0|   0|  0|5248|    0|
    +-------------------------+--------------------+---------+----+---+----+-----+

    * DSP: 
    +-------------------------------------+--------------------------------+--------------+
    |               Instance              |             Module             |  Expression  |
    +-------------------------------------+--------------------------------+--------------+
    |mac_muladd_8ns_8ns_16ns_17_4_1_U129  |mac_muladd_8ns_8ns_16ns_17_4_1  |  i0 + i1 * i2|
    |mac_muladd_8ns_8ns_16ns_17_4_1_U130  |mac_muladd_8ns_8ns_16ns_17_4_1  |  i0 + i1 * i2|
    |mac_muladd_8ns_8ns_16ns_17_4_1_U131  |mac_muladd_8ns_8ns_16ns_17_4_1  |  i0 + i1 * i2|
    |mac_muladd_8ns_8ns_16ns_17_4_1_U132  |mac_muladd_8ns_8ns_16ns_17_4_1  |  i0 + i1 * i2|
    |mac_muladd_8ns_8ns_16ns_17_4_1_U133  |mac_muladd_8ns_8ns_16ns_17_4_1  |  i0 + i1 * i2|
    |mac_muladd_8ns_8ns_16ns_17_4_1_U134  |mac_muladd_8ns_8ns_16ns_17_4_1  |  i0 + i1 * i2|
    |mac_muladd_8ns_8ns_16ns_17_4_1_U135  |mac_muladd_8ns_8ns_16ns_17_4_1  |  i0 + i1 * i2|
    |mac_muladd_8ns_8ns_16ns_17_4_1_U136  |mac_muladd_8ns_8ns_16ns_17_4_1  |  i0 + i1 * i2|
    |mac_muladd_8ns_8ns_16ns_17_4_1_U137  |mac_muladd_8ns_8ns_16ns_17_4_1  |  i0 + i1 * i2|
    |mac_muladd_8ns_8ns_16ns_17_4_1_U138  |mac_muladd_8ns_8ns_16ns_17_4_1  |  i0 + i1 * i2|
    |mac_muladd_8ns_8ns_16ns_17_4_1_U139  |mac_muladd_8ns_8ns_16ns_17_4_1  |  i0 + i1 * i2|
    |mac_muladd_8ns_8ns_16ns_17_4_1_U140  |mac_muladd_8ns_8ns_16ns_17_4_1  |  i0 + i1 * i2|
    |mac_muladd_8ns_8ns_16ns_17_4_1_U141  |mac_muladd_8ns_8ns_16ns_17_4_1  |  i0 + i1 * i2|
    |mac_muladd_8ns_8ns_16ns_17_4_1_U142  |mac_muladd_8ns_8ns_16ns_17_4_1  |  i0 + i1 * i2|
    |mac_muladd_8ns_8ns_16ns_17_4_1_U143  |mac_muladd_8ns_8ns_16ns_17_4_1  |  i0 + i1 * i2|
    |mac_muladd_8ns_8ns_16ns_17_4_1_U144  |mac_muladd_8ns_8ns_16ns_17_4_1  |  i0 + i1 * i2|
    |mac_muladd_8ns_8ns_16ns_17_4_1_U145  |mac_muladd_8ns_8ns_16ns_17_4_1  |  i0 + i1 * i2|
    |mac_muladd_8ns_8ns_16ns_17_4_1_U146  |mac_muladd_8ns_8ns_16ns_17_4_1  |  i0 + i1 * i2|
    |mac_muladd_8ns_8ns_16ns_17_4_1_U147  |mac_muladd_8ns_8ns_16ns_17_4_1  |  i0 + i1 * i2|
    |mac_muladd_8ns_8ns_16ns_17_4_1_U148  |mac_muladd_8ns_8ns_16ns_17_4_1  |  i0 + i1 * i2|
    |mac_muladd_8ns_8ns_16ns_17_4_1_U149  |mac_muladd_8ns_8ns_16ns_17_4_1  |  i0 + i1 * i2|
    |mac_muladd_8ns_8ns_16ns_17_4_1_U150  |mac_muladd_8ns_8ns_16ns_17_4_1  |  i0 + i1 * i2|
    |mac_muladd_8ns_8ns_16ns_17_4_1_U151  |mac_muladd_8ns_8ns_16ns_17_4_1  |  i0 + i1 * i2|
    |mac_muladd_8ns_8ns_16ns_17_4_1_U152  |mac_muladd_8ns_8ns_16ns_17_4_1  |  i0 + i1 * i2|
    |mac_muladd_8ns_8ns_16ns_17_4_1_U153  |mac_muladd_8ns_8ns_16ns_17_4_1  |  i0 + i1 * i2|
    |mac_muladd_8ns_8ns_16ns_17_4_1_U154  |mac_muladd_8ns_8ns_16ns_17_4_1  |  i0 + i1 * i2|
    |mac_muladd_8ns_8ns_16ns_17_4_1_U155  |mac_muladd_8ns_8ns_16ns_17_4_1  |  i0 + i1 * i2|
    |mac_muladd_8ns_8ns_16ns_17_4_1_U156  |mac_muladd_8ns_8ns_16ns_17_4_1  |  i0 + i1 * i2|
    |mac_muladd_8ns_8ns_16ns_17_4_1_U157  |mac_muladd_8ns_8ns_16ns_17_4_1  |  i0 + i1 * i2|
    |mac_muladd_8ns_8ns_16ns_17_4_1_U158  |mac_muladd_8ns_8ns_16ns_17_4_1  |  i0 + i1 * i2|
    |mac_muladd_8ns_8ns_16ns_17_4_1_U159  |mac_muladd_8ns_8ns_16ns_17_4_1  |  i0 + i1 * i2|
    |mac_muladd_8ns_8ns_16ns_17_4_1_U160  |mac_muladd_8ns_8ns_16ns_17_4_1  |  i0 + i1 * i2|
    |mac_muladd_8ns_8ns_16ns_17_4_1_U161  |mac_muladd_8ns_8ns_16ns_17_4_1  |  i0 + i1 * i2|
    |mac_muladd_8ns_8ns_16ns_17_4_1_U162  |mac_muladd_8ns_8ns_16ns_17_4_1  |  i0 + i1 * i2|
    |mac_muladd_8ns_8ns_16ns_17_4_1_U163  |mac_muladd_8ns_8ns_16ns_17_4_1  |  i0 + i1 * i2|
    |mac_muladd_8ns_8ns_16ns_17_4_1_U164  |mac_muladd_8ns_8ns_16ns_17_4_1  |  i0 + i1 * i2|
    |mac_muladd_8ns_8ns_16ns_17_4_1_U165  |mac_muladd_8ns_8ns_16ns_17_4_1  |  i0 + i1 * i2|
    |mac_muladd_8ns_8ns_16ns_17_4_1_U166  |mac_muladd_8ns_8ns_16ns_17_4_1  |  i0 + i1 * i2|
    |mac_muladd_8ns_8ns_16ns_17_4_1_U167  |mac_muladd_8ns_8ns_16ns_17_4_1  |  i0 + i1 * i2|
    |mac_muladd_8ns_8ns_16ns_17_4_1_U168  |mac_muladd_8ns_8ns_16ns_17_4_1  |  i0 + i1 * i2|
    |mac_muladd_8ns_8ns_16ns_17_4_1_U169  |mac_muladd_8ns_8ns_16ns_17_4_1  |  i0 + i1 * i2|
    |mac_muladd_8ns_8ns_16ns_17_4_1_U170  |mac_muladd_8ns_8ns_16ns_17_4_1  |  i0 + i1 * i2|
    |mac_muladd_8ns_8ns_16ns_17_4_1_U171  |mac_muladd_8ns_8ns_16ns_17_4_1  |  i0 + i1 * i2|
    |mac_muladd_8ns_8ns_16ns_17_4_1_U172  |mac_muladd_8ns_8ns_16ns_17_4_1  |  i0 + i1 * i2|
    |mac_muladd_8ns_8ns_16ns_17_4_1_U173  |mac_muladd_8ns_8ns_16ns_17_4_1  |  i0 + i1 * i2|
    |mac_muladd_8ns_8ns_16ns_17_4_1_U174  |mac_muladd_8ns_8ns_16ns_17_4_1  |  i0 + i1 * i2|
    |mac_muladd_8ns_8ns_16ns_17_4_1_U175  |mac_muladd_8ns_8ns_16ns_17_4_1  |  i0 + i1 * i2|
    |mac_muladd_8ns_8ns_16ns_17_4_1_U176  |mac_muladd_8ns_8ns_16ns_17_4_1  |  i0 + i1 * i2|
    |mac_muladd_8ns_8ns_16ns_17_4_1_U177  |mac_muladd_8ns_8ns_16ns_17_4_1  |  i0 + i1 * i2|
    |mac_muladd_8ns_8ns_16ns_17_4_1_U178  |mac_muladd_8ns_8ns_16ns_17_4_1  |  i0 + i1 * i2|
    |mac_muladd_8ns_8ns_16ns_17_4_1_U179  |mac_muladd_8ns_8ns_16ns_17_4_1  |  i0 + i1 * i2|
    |mac_muladd_8ns_8ns_16ns_17_4_1_U180  |mac_muladd_8ns_8ns_16ns_17_4_1  |  i0 + i1 * i2|
    |mac_muladd_8ns_8ns_16ns_17_4_1_U181  |mac_muladd_8ns_8ns_16ns_17_4_1  |  i0 + i1 * i2|
    |mac_muladd_8ns_8ns_16ns_17_4_1_U182  |mac_muladd_8ns_8ns_16ns_17_4_1  |  i0 + i1 * i2|
    |mac_muladd_8ns_8ns_16ns_17_4_1_U183  |mac_muladd_8ns_8ns_16ns_17_4_1  |  i0 + i1 * i2|
    |mac_muladd_8ns_8ns_16ns_17_4_1_U184  |mac_muladd_8ns_8ns_16ns_17_4_1  |  i0 + i1 * i2|
    |mac_muladd_8ns_8ns_16ns_17_4_1_U185  |mac_muladd_8ns_8ns_16ns_17_4_1  |  i0 + i1 * i2|
    |mac_muladd_8ns_8ns_16ns_17_4_1_U186  |mac_muladd_8ns_8ns_16ns_17_4_1  |  i0 + i1 * i2|
    |mac_muladd_8ns_8ns_16ns_17_4_1_U187  |mac_muladd_8ns_8ns_16ns_17_4_1  |  i0 + i1 * i2|
    |mac_muladd_8ns_8ns_16ns_17_4_1_U188  |mac_muladd_8ns_8ns_16ns_17_4_1  |  i0 + i1 * i2|
    |mac_muladd_8ns_8ns_16ns_17_4_1_U189  |mac_muladd_8ns_8ns_16ns_17_4_1  |  i0 + i1 * i2|
    |mac_muladd_8ns_8ns_16ns_17_4_1_U190  |mac_muladd_8ns_8ns_16ns_17_4_1  |  i0 + i1 * i2|
    |mac_muladd_8ns_8ns_16ns_17_4_1_U191  |mac_muladd_8ns_8ns_16ns_17_4_1  |  i0 + i1 * i2|
    |mac_muladd_8ns_8ns_16ns_17_4_1_U192  |mac_muladd_8ns_8ns_16ns_17_4_1  |  i0 + i1 * i2|
    |mac_muladd_8ns_8ns_16ns_17_4_1_U193  |mac_muladd_8ns_8ns_16ns_17_4_1  |  i0 + i1 * i2|
    |mac_muladd_8ns_8ns_16ns_17_4_1_U194  |mac_muladd_8ns_8ns_16ns_17_4_1  |  i0 + i1 * i2|
    |mac_muladd_8ns_8ns_16ns_17_4_1_U195  |mac_muladd_8ns_8ns_16ns_17_4_1  |  i0 + i1 * i2|
    |mac_muladd_8ns_8ns_16ns_17_4_1_U196  |mac_muladd_8ns_8ns_16ns_17_4_1  |  i0 + i1 * i2|
    |mac_muladd_8ns_8ns_16ns_17_4_1_U197  |mac_muladd_8ns_8ns_16ns_17_4_1  |  i0 + i1 * i2|
    |mac_muladd_8ns_8ns_16ns_17_4_1_U198  |mac_muladd_8ns_8ns_16ns_17_4_1  |  i0 + i1 * i2|
    |mac_muladd_8ns_8ns_16ns_17_4_1_U199  |mac_muladd_8ns_8ns_16ns_17_4_1  |  i0 + i1 * i2|
    |mac_muladd_8ns_8ns_16ns_17_4_1_U200  |mac_muladd_8ns_8ns_16ns_17_4_1  |  i0 + i1 * i2|
    |mac_muladd_8ns_8ns_16ns_17_4_1_U201  |mac_muladd_8ns_8ns_16ns_17_4_1  |  i0 + i1 * i2|
    |mac_muladd_8ns_8ns_16ns_17_4_1_U202  |mac_muladd_8ns_8ns_16ns_17_4_1  |  i0 + i1 * i2|
    |mac_muladd_8ns_8ns_16ns_17_4_1_U203  |mac_muladd_8ns_8ns_16ns_17_4_1  |  i0 + i1 * i2|
    |mac_muladd_8ns_8ns_16ns_17_4_1_U204  |mac_muladd_8ns_8ns_16ns_17_4_1  |  i0 + i1 * i2|
    |mac_muladd_8ns_8ns_16ns_17_4_1_U205  |mac_muladd_8ns_8ns_16ns_17_4_1  |  i0 + i1 * i2|
    |mac_muladd_8ns_8ns_16ns_17_4_1_U206  |mac_muladd_8ns_8ns_16ns_17_4_1  |  i0 + i1 * i2|
    |mac_muladd_8ns_8ns_16ns_17_4_1_U207  |mac_muladd_8ns_8ns_16ns_17_4_1  |  i0 + i1 * i2|
    |mac_muladd_8ns_8ns_16ns_17_4_1_U208  |mac_muladd_8ns_8ns_16ns_17_4_1  |  i0 + i1 * i2|
    |mac_muladd_8ns_8ns_16ns_17_4_1_U209  |mac_muladd_8ns_8ns_16ns_17_4_1  |  i0 + i1 * i2|
    |mac_muladd_8ns_8ns_16ns_17_4_1_U210  |mac_muladd_8ns_8ns_16ns_17_4_1  |  i0 + i1 * i2|
    |mac_muladd_8ns_8ns_16ns_17_4_1_U211  |mac_muladd_8ns_8ns_16ns_17_4_1  |  i0 + i1 * i2|
    |mac_muladd_8ns_8ns_16ns_17_4_1_U212  |mac_muladd_8ns_8ns_16ns_17_4_1  |  i0 + i1 * i2|
    |mac_muladd_8ns_8ns_16ns_17_4_1_U213  |mac_muladd_8ns_8ns_16ns_17_4_1  |  i0 + i1 * i2|
    |mac_muladd_8ns_8ns_16ns_17_4_1_U214  |mac_muladd_8ns_8ns_16ns_17_4_1  |  i0 + i1 * i2|
    |mac_muladd_8ns_8ns_16ns_17_4_1_U215  |mac_muladd_8ns_8ns_16ns_17_4_1  |  i0 + i1 * i2|
    |mac_muladd_8ns_8ns_16ns_17_4_1_U216  |mac_muladd_8ns_8ns_16ns_17_4_1  |  i0 + i1 * i2|
    |mac_muladd_8ns_8ns_16ns_17_4_1_U217  |mac_muladd_8ns_8ns_16ns_17_4_1  |  i0 + i1 * i2|
    |mac_muladd_8ns_8ns_16ns_17_4_1_U218  |mac_muladd_8ns_8ns_16ns_17_4_1  |  i0 + i1 * i2|
    |mac_muladd_8ns_8ns_16ns_17_4_1_U219  |mac_muladd_8ns_8ns_16ns_17_4_1  |  i0 + i1 * i2|
    |mac_muladd_8ns_8ns_16ns_17_4_1_U220  |mac_muladd_8ns_8ns_16ns_17_4_1  |  i0 + i1 * i2|
    |mac_muladd_8ns_8ns_16ns_17_4_1_U221  |mac_muladd_8ns_8ns_16ns_17_4_1  |  i0 + i1 * i2|
    |mac_muladd_8ns_8ns_16ns_17_4_1_U222  |mac_muladd_8ns_8ns_16ns_17_4_1  |  i0 + i1 * i2|
    |mac_muladd_8ns_8ns_16ns_17_4_1_U223  |mac_muladd_8ns_8ns_16ns_17_4_1  |  i0 + i1 * i2|
    |mac_muladd_8ns_8ns_16ns_17_4_1_U224  |mac_muladd_8ns_8ns_16ns_17_4_1  |  i0 + i1 * i2|
    |mac_muladd_8ns_8ns_16ns_17_4_1_U225  |mac_muladd_8ns_8ns_16ns_17_4_1  |  i0 + i1 * i2|
    |mac_muladd_8ns_8ns_16ns_17_4_1_U226  |mac_muladd_8ns_8ns_16ns_17_4_1  |  i0 + i1 * i2|
    |mac_muladd_8ns_8ns_16ns_17_4_1_U227  |mac_muladd_8ns_8ns_16ns_17_4_1  |  i0 + i1 * i2|
    |mac_muladd_8ns_8ns_16ns_17_4_1_U228  |mac_muladd_8ns_8ns_16ns_17_4_1  |  i0 + i1 * i2|
    |mac_muladd_8ns_8ns_16ns_17_4_1_U229  |mac_muladd_8ns_8ns_16ns_17_4_1  |  i0 + i1 * i2|
    |mac_muladd_8ns_8ns_16ns_17_4_1_U230  |mac_muladd_8ns_8ns_16ns_17_4_1  |  i0 + i1 * i2|
    |mac_muladd_8ns_8ns_16ns_17_4_1_U231  |mac_muladd_8ns_8ns_16ns_17_4_1  |  i0 + i1 * i2|
    |mac_muladd_8ns_8ns_16ns_17_4_1_U232  |mac_muladd_8ns_8ns_16ns_17_4_1  |  i0 + i1 * i2|
    |mac_muladd_8ns_8ns_16ns_17_4_1_U233  |mac_muladd_8ns_8ns_16ns_17_4_1  |  i0 + i1 * i2|
    |mac_muladd_8ns_8ns_16ns_17_4_1_U234  |mac_muladd_8ns_8ns_16ns_17_4_1  |  i0 + i1 * i2|
    |mac_muladd_8ns_8ns_16ns_17_4_1_U235  |mac_muladd_8ns_8ns_16ns_17_4_1  |  i0 + i1 * i2|
    |mac_muladd_8ns_8ns_16ns_17_4_1_U236  |mac_muladd_8ns_8ns_16ns_17_4_1  |  i0 + i1 * i2|
    |mac_muladd_8ns_8ns_16ns_17_4_1_U237  |mac_muladd_8ns_8ns_16ns_17_4_1  |  i0 + i1 * i2|
    |mac_muladd_8ns_8ns_16ns_17_4_1_U238  |mac_muladd_8ns_8ns_16ns_17_4_1  |  i0 + i1 * i2|
    |mac_muladd_8ns_8ns_16ns_17_4_1_U239  |mac_muladd_8ns_8ns_16ns_17_4_1  |  i0 + i1 * i2|
    |mac_muladd_8ns_8ns_16ns_17_4_1_U240  |mac_muladd_8ns_8ns_16ns_17_4_1  |  i0 + i1 * i2|
    |mac_muladd_8ns_8ns_16ns_17_4_1_U241  |mac_muladd_8ns_8ns_16ns_17_4_1  |  i0 + i1 * i2|
    |mac_muladd_8ns_8ns_16ns_17_4_1_U242  |mac_muladd_8ns_8ns_16ns_17_4_1  |  i0 + i1 * i2|
    |mac_muladd_8ns_8ns_16ns_17_4_1_U243  |mac_muladd_8ns_8ns_16ns_17_4_1  |  i0 + i1 * i2|
    |mac_muladd_8ns_8ns_16ns_17_4_1_U244  |mac_muladd_8ns_8ns_16ns_17_4_1  |  i0 + i1 * i2|
    |mac_muladd_8ns_8ns_16ns_17_4_1_U245  |mac_muladd_8ns_8ns_16ns_17_4_1  |  i0 + i1 * i2|
    |mac_muladd_8ns_8ns_16ns_17_4_1_U246  |mac_muladd_8ns_8ns_16ns_17_4_1  |  i0 + i1 * i2|
    |mac_muladd_8ns_8ns_16ns_17_4_1_U247  |mac_muladd_8ns_8ns_16ns_17_4_1  |  i0 + i1 * i2|
    |mac_muladd_8ns_8ns_16ns_17_4_1_U248  |mac_muladd_8ns_8ns_16ns_17_4_1  |  i0 + i1 * i2|
    |mac_muladd_8ns_8ns_16ns_17_4_1_U249  |mac_muladd_8ns_8ns_16ns_17_4_1  |  i0 + i1 * i2|
    |mac_muladd_8ns_8ns_16ns_17_4_1_U250  |mac_muladd_8ns_8ns_16ns_17_4_1  |  i0 + i1 * i2|
    |mac_muladd_8ns_8ns_16ns_17_4_1_U251  |mac_muladd_8ns_8ns_16ns_17_4_1  |  i0 + i1 * i2|
    |mac_muladd_8ns_8ns_16ns_17_4_1_U252  |mac_muladd_8ns_8ns_16ns_17_4_1  |  i0 + i1 * i2|
    |mac_muladd_8ns_8ns_16ns_17_4_1_U253  |mac_muladd_8ns_8ns_16ns_17_4_1  |  i0 + i1 * i2|
    |mac_muladd_8ns_8ns_16ns_17_4_1_U254  |mac_muladd_8ns_8ns_16ns_17_4_1  |  i0 + i1 * i2|
    |mac_muladd_8ns_8ns_16ns_17_4_1_U255  |mac_muladd_8ns_8ns_16ns_17_4_1  |  i0 + i1 * i2|
    |mac_muladd_8ns_8ns_16ns_17_4_1_U256  |mac_muladd_8ns_8ns_16ns_17_4_1  |  i0 + i1 * i2|
    +-------------------------------------+--------------------------------+--------------+

    * Memory: 
    N/A

    * FIFO: 
    N/A

    * Expression: 
    +--------------------------+----------+----+---+------+------------+------------+
    |       Variable Name      | Operation| DSP| FF|  LUT | Bitwidth P0| Bitwidth P1|
    +--------------------------+----------+----+---+------+------------+------------+
    |add_ln14_fu_3316_p2       |         +|   0|  0|    13|           5|           1|
    |add_ln886_102_fu_5301_p2  |         +|   0|  0|    25|          18|          18|
    |add_ln886_103_fu_5311_p2  |         +|   0|  0|    26|          19|          19|
    |add_ln886_104_fu_6362_p2  |         +|   0|  0|    27|          20|          20|
    |add_ln886_107_fu_5323_p2  |         +|   0|  0|    25|          18|          18|
    |add_ln886_110_fu_5339_p2  |         +|   0|  0|    25|          18|          18|
    |add_ln886_111_fu_5349_p2  |         +|   0|  0|    26|          19|          19|
    |add_ln886_114_fu_5361_p2  |         +|   0|  0|    25|          18|          18|
    |add_ln886_117_fu_5377_p2  |         +|   0|  0|    25|          18|          18|
    |add_ln886_118_fu_5387_p2  |         +|   0|  0|    26|          19|          19|
    |add_ln886_119_fu_6418_p2  |         +|   0|  0|    27|          20|          20|
    |add_ln886_122_fu_5399_p2  |         +|   0|  0|    25|          18|          18|
    |add_ln886_125_fu_5415_p2  |         +|   0|  0|    25|          18|          18|
    |add_ln886_126_fu_5425_p2  |         +|   0|  0|    26|          19|          19|
    |add_ln886_129_fu_5437_p2  |         +|   0|  0|    25|          18|          18|
    |add_ln886_12_fu_4835_p2   |         +|   0|  0|    25|          18|          18|
    |add_ln886_132_fu_5453_p2  |         +|   0|  0|    25|          18|          18|
    |add_ln886_133_fu_5463_p2  |         +|   0|  0|    26|          19|          19|
    |add_ln886_134_fu_6474_p2  |         +|   0|  0|    27|          20|          20|
    |add_ln886_137_fu_5475_p2  |         +|   0|  0|    25|          18|          18|
    |add_ln886_13_fu_4845_p2   |         +|   0|  0|    26|          19|          19|
    |add_ln886_140_fu_5491_p2  |         +|   0|  0|    25|          18|          18|
    |add_ln886_141_fu_5501_p2  |         +|   0|  0|    26|          19|          19|
    |add_ln886_144_fu_5513_p2  |         +|   0|  0|    25|          18|          18|
    |add_ln886_147_fu_5529_p2  |         +|   0|  0|    25|          18|          18|
    |add_ln886_148_fu_5539_p2  |         +|   0|  0|    26|          19|          19|
    |add_ln886_149_fu_6530_p2  |         +|   0|  0|    27|          20|          20|
    |add_ln886_14_fu_4855_p2   |         +|   0|  0|    27|          20|          20|
    |add_ln886_152_fu_5551_p2  |         +|   0|  0|    25|          18|          18|
    |add_ln886_155_fu_5567_p2  |         +|   0|  0|    25|          18|          18|
    |add_ln886_156_fu_5577_p2  |         +|   0|  0|    26|          19|          19|
    |add_ln886_159_fu_5589_p2  |         +|   0|  0|    25|          18|          18|
    |add_ln886_162_fu_5605_p2  |         +|   0|  0|    25|          18|          18|
    |add_ln886_163_fu_5615_p2  |         +|   0|  0|    26|          19|          19|
    |add_ln886_164_fu_6586_p2  |         +|   0|  0|    27|          20|          20|
    |add_ln886_167_fu_5627_p2  |         +|   0|  0|    25|          18|          18|
    |add_ln886_170_fu_5643_p2  |         +|   0|  0|    25|          18|          18|
    |add_ln886_171_fu_5653_p2  |         +|   0|  0|    26|          19|          19|
    |add_ln886_174_fu_5665_p2  |         +|   0|  0|    25|          18|          18|
    |add_ln886_177_fu_5681_p2  |         +|   0|  0|    25|          18|          18|
    |add_ln886_178_fu_5691_p2  |         +|   0|  0|    26|          19|          19|
    |add_ln886_179_fu_6642_p2  |         +|   0|  0|    27|          20|          20|
    |add_ln886_17_fu_4867_p2   |         +|   0|  0|    25|          18|          18|
    |add_ln886_182_fu_5703_p2  |         +|   0|  0|    25|          18|          18|
    |add_ln886_185_fu_5719_p2  |         +|   0|  0|    25|          18|          18|
    |add_ln886_186_fu_5729_p2  |         +|   0|  0|    26|          19|          19|
    |add_ln886_189_fu_5741_p2  |         +|   0|  0|    25|          18|          18|
    |add_ln886_192_fu_5757_p2  |         +|   0|  0|    25|          18|          18|
    |add_ln886_193_fu_5767_p2  |         +|   0|  0|    26|          19|          19|
    |add_ln886_194_fu_6698_p2  |         +|   0|  0|    27|          20|          20|
    |add_ln886_197_fu_5779_p2  |         +|   0|  0|    25|          18|          18|
    |add_ln886_200_fu_5795_p2  |         +|   0|  0|    25|          18|          18|
    |add_ln886_201_fu_5805_p2  |         +|   0|  0|    26|          19|          19|
    |add_ln886_204_fu_5817_p2  |         +|   0|  0|    25|          18|          18|
    |add_ln886_207_fu_5833_p2  |         +|   0|  0|    25|          18|          18|
    |add_ln886_208_fu_5843_p2  |         +|   0|  0|    26|          19|          19|
    |add_ln886_209_fu_6754_p2  |         +|   0|  0|    27|          20|          20|
    |add_ln886_20_fu_4883_p2   |         +|   0|  0|    25|          18|          18|
    |add_ln886_212_fu_5855_p2  |         +|   0|  0|    25|          18|          18|
    |add_ln886_215_fu_5871_p2  |         +|   0|  0|    25|          18|          18|
    |add_ln886_216_fu_5881_p2  |         +|   0|  0|    26|          19|          19|
    |add_ln886_219_fu_5893_p2  |         +|   0|  0|    25|          18|          18|
    |add_ln886_21_fu_4893_p2   |         +|   0|  0|    26|          19|          19|
    |add_ln886_222_fu_5909_p2  |         +|   0|  0|    25|          18|          18|
    |add_ln886_223_fu_5919_p2  |         +|   0|  0|    26|          19|          19|
    |add_ln886_224_fu_6810_p2  |         +|   0|  0|    27|          20|          20|
    |add_ln886_227_fu_5931_p2  |         +|   0|  0|    25|          18|          18|
    |add_ln886_230_fu_5947_p2  |         +|   0|  0|    25|          18|          18|
    |add_ln886_231_fu_5957_p2  |         +|   0|  0|    26|          19|          19|
    |add_ln886_234_fu_5969_p2  |         +|   0|  0|    25|          18|          18|
    |add_ln886_237_fu_5985_p2  |         +|   0|  0|    25|          18|          18|
    |add_ln886_238_fu_5995_p2  |         +|   0|  0|    26|          19|          19|
    |add_ln886_239_fu_6866_p2  |         +|   0|  0|    27|          20|          20|
    |add_ln886_24_fu_4905_p2   |         +|   0|  0|    25|          18|          18|
    |add_ln886_27_fu_4921_p2   |         +|   0|  0|    25|          18|          18|
    |add_ln886_28_fu_4931_p2   |         +|   0|  0|    26|          19|          19|
    |add_ln886_29_fu_6082_p2   |         +|   0|  0|    27|          20|          20|
    |add_ln886_2_fu_4777_p2    |         +|   0|  0|    25|          18|          18|
    |add_ln886_32_fu_4943_p2   |         +|   0|  0|    25|          18|          18|
    |add_ln886_35_fu_4959_p2   |         +|   0|  0|    25|          18|          18|
    |add_ln886_36_fu_4969_p2   |         +|   0|  0|    26|          19|          19|
    |add_ln886_39_fu_4981_p2   |         +|   0|  0|    25|          18|          18|
    |add_ln886_42_fu_4997_p2   |         +|   0|  0|    25|          18|          18|
    |add_ln886_43_fu_5007_p2   |         +|   0|  0|    26|          19|          19|
    |add_ln886_44_fu_6138_p2   |         +|   0|  0|    27|          20|          20|
    |add_ln886_47_fu_5019_p2   |         +|   0|  0|    25|          18|          18|
    |add_ln886_50_fu_5035_p2   |         +|   0|  0|    25|          18|          18|
    |add_ln886_51_fu_5045_p2   |         +|   0|  0|    26|          19|          19|
    |add_ln886_54_fu_5057_p2   |         +|   0|  0|    25|          18|          18|
    |add_ln886_57_fu_5073_p2   |         +|   0|  0|    25|          18|          18|
    |add_ln886_58_fu_5083_p2   |         +|   0|  0|    26|          19|          19|
    |add_ln886_59_fu_6194_p2   |         +|   0|  0|    27|          20|          20|
    |add_ln886_5_fu_4793_p2    |         +|   0|  0|    25|          18|          18|
    |add_ln886_62_fu_5095_p2   |         +|   0|  0|    25|          18|          18|
    |add_ln886_65_fu_5111_p2   |         +|   0|  0|    25|          18|          18|
    |add_ln886_66_fu_5121_p2   |         +|   0|  0|    26|          19|          19|
    |add_ln886_69_fu_5133_p2   |         +|   0|  0|    25|          18|          18|
    |add_ln886_6_fu_4803_p2    |         +|   0|  0|    26|          19|          19|
    |add_ln886_72_fu_5149_p2   |         +|   0|  0|    25|          18|          18|
    |add_ln886_73_fu_5159_p2   |         +|   0|  0|    26|          19|          19|
    |add_ln886_74_fu_6250_p2   |         +|   0|  0|    27|          20|          20|
    |add_ln886_77_fu_5171_p2   |         +|   0|  0|    25|          18|          18|
    |add_ln886_80_fu_5187_p2   |         +|   0|  0|    25|          18|          18|
    |add_ln886_81_fu_5197_p2   |         +|   0|  0|    26|          19|          19|
    |add_ln886_84_fu_5209_p2   |         +|   0|  0|    25|          18|          18|
    |add_ln886_87_fu_5225_p2   |         +|   0|  0|    25|          18|          18|
    |add_ln886_88_fu_5235_p2   |         +|   0|  0|    26|          19|          19|
    |add_ln886_89_fu_6306_p2   |         +|   0|  0|    27|          20|          20|
    |add_ln886_92_fu_5247_p2   |         +|   0|  0|    25|          18|          18|
    |add_ln886_95_fu_5263_p2   |         +|   0|  0|    25|          18|          18|
    |add_ln886_96_fu_5273_p2   |         +|   0|  0|    26|          19|          19|
    |add_ln886_99_fu_5285_p2   |         +|   0|  0|    25|          18|          18|
    |add_ln886_9_fu_4819_p2    |         +|   0|  0|    25|          18|          18|
    |and_ln17_fu_6027_p2       |       and|   0|  0|  4096|        8192|        8192|
    |and_ln886_10_fu_6608_p2   |       and|   0|  0|  4096|        8192|        8192|
    |and_ln886_11_fu_6664_p2   |       and|   0|  0|  4096|        8192|        8192|
    |and_ln886_12_fu_6720_p2   |       and|   0|  0|  4096|        8192|        8192|
    |and_ln886_13_fu_6776_p2   |       and|   0|  0|  4096|        8192|        8192|
    |and_ln886_14_fu_6832_p2   |       and|   0|  0|  4096|        8192|        8192|
    |and_ln886_15_fu_6888_p2   |       and|   0|  0|  4096|        8192|        8192|
    |and_ln886_1_fu_6104_p2    |       and|   0|  0|  4096|        8192|        8192|
    |and_ln886_2_fu_6160_p2    |       and|   0|  0|  4096|        8192|        8192|
    |and_ln886_3_fu_6216_p2    |       and|   0|  0|  4096|        8192|        8192|
    |and_ln886_4_fu_6272_p2    |       and|   0|  0|  4096|        8192|        8192|
    |and_ln886_5_fu_6328_p2    |       and|   0|  0|  4096|        8192|        8192|
    |and_ln886_6_fu_6384_p2    |       and|   0|  0|  4096|        8192|        8192|
    |and_ln886_7_fu_6440_p2    |       and|   0|  0|  4096|        8192|        8192|
    |and_ln886_8_fu_6496_p2    |       and|   0|  0|  4096|        8192|        8192|
    |and_ln886_9_fu_6552_p2    |       and|   0|  0|  4096|        8192|        8192|
    |and_ln886_fu_6049_p2      |       and|   0|  0|  4096|        8192|        8192|
    |icmp_ln14_fu_3310_p2      |      icmp|   0|  0|    10|           5|           6|
    |lshr_ln232_10_fu_3498_p2  |      lshr|   0|  0|   423|         128|         128|
    |lshr_ln232_11_fu_3512_p2  |      lshr|   0|  0|   423|         128|         128|
    |lshr_ln232_12_fu_3530_p2  |      lshr|   0|  0|   423|         128|         128|
    |lshr_ln232_13_fu_3544_p2  |      lshr|   0|  0|   423|         128|         128|
    |lshr_ln232_14_fu_3562_p2  |      lshr|   0|  0|   423|         128|         128|
    |lshr_ln232_15_fu_3576_p2  |      lshr|   0|  0|   423|         128|         128|
    |lshr_ln232_1_fu_3356_p2   |      lshr|   0|  0|   423|         128|         128|
    |lshr_ln232_2_fu_3370_p2   |      lshr|   0|  0|   423|         128|         128|
    |lshr_ln232_3_fu_3384_p2   |      lshr|   0|  0|   423|         128|         128|
    |lshr_ln232_4_fu_3402_p2   |      lshr|   0|  0|   423|         128|         128|
    |lshr_ln232_5_fu_3416_p2   |      lshr|   0|  0|   423|         128|         128|
    |lshr_ln232_6_fu_3434_p2   |      lshr|   0|  0|   423|         128|         128|
    |lshr_ln232_7_fu_3448_p2   |      lshr|   0|  0|   423|         128|         128|
    |lshr_ln232_8_fu_3466_p2   |      lshr|   0|  0|   423|         128|         128|
    |lshr_ln232_9_fu_3480_p2   |      lshr|   0|  0|   423|         128|         128|
    |lshr_ln232_fu_3338_p2     |      lshr|   0|  0|   423|         128|         128|
    |or_ln17_10_fu_6630_p2     |        or|   0|  0|    13|          13|           9|
    |or_ln17_11_fu_6686_p2     |        or|   0|  0|    13|          13|           9|
    |or_ln17_12_fu_6742_p2     |        or|   0|  0|    13|          13|           9|
    |or_ln17_13_fu_6798_p2     |        or|   0|  0|    13|          13|           9|
    |or_ln17_14_fu_6854_p2     |        or|   0|  0|    13|          13|           9|
    |or_ln17_1_fu_6126_p2      |        or|   0|  0|    13|          13|           7|
    |or_ln17_2_fu_6182_p2      |        or|   0|  0|    13|          13|           7|
    |or_ln17_3_fu_6238_p2      |        or|   0|  0|    13|          13|           8|
    |or_ln17_4_fu_6294_p2      |        or|   0|  0|    13|          13|           8|
    |or_ln17_5_fu_6350_p2      |        or|   0|  0|    13|          13|           8|
    |or_ln17_6_fu_6406_p2      |        or|   0|  0|    13|          13|           8|
    |or_ln17_7_fu_6462_p2      |        or|   0|  0|    13|          13|           9|
    |or_ln17_8_fu_6518_p2      |        or|   0|  0|    13|          13|           9|
    |or_ln17_9_fu_6574_p2      |        or|   0|  0|    13|          13|           9|
    |or_ln17_fu_6070_p2        |        or|   0|  0|    13|          13|           6|
    |or_ln886_10_fu_6624_p2    |        or|   0|  0|  4096|        8192|        8192|
    |or_ln886_11_fu_6680_p2    |        or|   0|  0|  4096|        8192|        8192|
    |or_ln886_12_fu_6736_p2    |        or|   0|  0|  4096|        8192|        8192|
    |or_ln886_13_fu_6792_p2    |        or|   0|  0|  4096|        8192|        8192|
    |or_ln886_14_fu_6848_p2    |        or|   0|  0|  4096|        8192|        8192|
    |or_ln886_15_fu_6904_p2    |        or|   0|  0|  4096|        8192|        8192|
    |or_ln886_1_fu_6120_p2     |        or|   0|  0|  4096|        8192|        8192|
    |or_ln886_2_fu_6176_p2     |        or|   0|  0|  4096|        8192|        8192|
    |or_ln886_3_fu_6232_p2     |        or|   0|  0|  4096|        8192|        8192|
    |or_ln886_4_fu_6288_p2     |        or|   0|  0|  4096|        8192|        8192|
    |or_ln886_5_fu_6344_p2     |        or|   0|  0|  4096|        8192|        8192|
    |or_ln886_6_fu_6400_p2     |        or|   0|  0|  4096|        8192|        8192|
    |or_ln886_7_fu_6456_p2     |        or|   0|  0|  4096|        8192|        8192|
    |or_ln886_8_fu_6512_p2     |        or|   0|  0|  4096|        8192|        8192|
    |or_ln886_9_fu_6568_p2     |        or|   0|  0|  4096|        8192|        8192|
    |or_ln886_fu_6064_p2       |        or|   0|  0|  4096|        8192|        8192|
    |shl_ln17_fu_6015_p2       |       shl|   0|  0|  2171|          32|        8192|
    |shl_ln886_10_fu_6316_p2   |       shl|   0|  0|  2171|          32|        8192|
    |shl_ln886_11_fu_6338_p2   |       shl|   0|  0|  2171|        8192|        8192|
    |shl_ln886_12_fu_6372_p2   |       shl|   0|  0|  2171|          32|        8192|
    |shl_ln886_13_fu_6394_p2   |       shl|   0|  0|  2171|        8192|        8192|
    |shl_ln886_14_fu_6428_p2   |       shl|   0|  0|  2171|          32|        8192|
    |shl_ln886_15_fu_6450_p2   |       shl|   0|  0|  2171|        8192|        8192|
    |shl_ln886_16_fu_6484_p2   |       shl|   0|  0|  2171|          32|        8192|
    |shl_ln886_17_fu_6506_p2   |       shl|   0|  0|  2171|        8192|        8192|
    |shl_ln886_18_fu_6540_p2   |       shl|   0|  0|  2171|          32|        8192|
    |shl_ln886_19_fu_6562_p2   |       shl|   0|  0|  2171|        8192|        8192|
    |shl_ln886_1_fu_6058_p2    |       shl|   0|  0|  2171|        8192|        8192|
    |shl_ln886_20_fu_6596_p2   |       shl|   0|  0|  2171|          32|        8192|
    |shl_ln886_21_fu_6618_p2   |       shl|   0|  0|  2171|        8192|        8192|
    |shl_ln886_22_fu_6652_p2   |       shl|   0|  0|  2171|          32|        8192|
    |shl_ln886_23_fu_6674_p2   |       shl|   0|  0|  2171|        8192|        8192|
    |shl_ln886_24_fu_6708_p2   |       shl|   0|  0|  2171|          32|        8192|
    |shl_ln886_25_fu_6730_p2   |       shl|   0|  0|  2171|        8192|        8192|
    |shl_ln886_26_fu_6764_p2   |       shl|   0|  0|  2171|          32|        8192|
    |shl_ln886_27_fu_6786_p2   |       shl|   0|  0|  2171|        8192|        8192|
    |shl_ln886_28_fu_6820_p2   |       shl|   0|  0|  2171|          32|        8192|
    |shl_ln886_29_fu_6842_p2   |       shl|   0|  0|  2171|        8192|        8192|
    |shl_ln886_2_fu_6092_p2    |       shl|   0|  0|  2171|          32|        8192|
    |shl_ln886_30_fu_6876_p2   |       shl|   0|  0|  2171|          32|        8192|
    |shl_ln886_31_fu_6898_p2   |       shl|   0|  0|  2171|        8192|        8192|
    |shl_ln886_3_fu_6114_p2    |       shl|   0|  0|  2171|        8192|        8192|
    |shl_ln886_4_fu_6148_p2    |       shl|   0|  0|  2171|          32|        8192|
    |shl_ln886_5_fu_6170_p2    |       shl|   0|  0|  2171|        8192|        8192|
    |shl_ln886_6_fu_6204_p2    |       shl|   0|  0|  2171|          32|        8192|
    |shl_ln886_7_fu_6226_p2    |       shl|   0|  0|  2171|        8192|        8192|
    |shl_ln886_8_fu_6260_p2    |       shl|   0|  0|  2171|          32|        8192|
    |shl_ln886_9_fu_6282_p2    |       shl|   0|  0|  2171|        8192|        8192|
    |shl_ln886_fu_6037_p2      |       shl|   0|  0|  2171|          32|        8192|
    |ap_enable_pp0             |       xor|   0|  0|     2|           1|           2|
    |xor_ln17_fu_6021_p2       |       xor|   0|  0|  4096|        8192|           2|
    |xor_ln886_10_fu_6602_p2   |       xor|   0|  0|  4096|        8192|           2|
    |xor_ln886_11_fu_6658_p2   |       xor|   0|  0|  4096|        8192|           2|
    |xor_ln886_12_fu_6714_p2   |       xor|   0|  0|  4096|        8192|           2|
    |xor_ln886_13_fu_6770_p2   |       xor|   0|  0|  4096|        8192|           2|
    |xor_ln886_14_fu_6826_p2   |       xor|   0|  0|  4096|        8192|           2|
    |xor_ln886_15_fu_6882_p2   |       xor|   0|  0|  4096|        8192|           2|
    |xor_ln886_1_fu_6098_p2    |       xor|   0|  0|  4096|        8192|           2|
    |xor_ln886_2_fu_6154_p2    |       xor|   0|  0|  4096|        8192|           2|
    |xor_ln886_3_fu_6210_p2    |       xor|   0|  0|  4096|        8192|           2|
    |xor_ln886_4_fu_6266_p2    |       xor|   0|  0|  4096|        8192|           2|
    |xor_ln886_5_fu_6322_p2    |       xor|   0|  0|  4096|        8192|           2|
    |xor_ln886_6_fu_6378_p2    |       xor|   0|  0|  4096|        8192|           2|
    |xor_ln886_7_fu_6434_p2    |       xor|   0|  0|  4096|        8192|           2|
    |xor_ln886_8_fu_6490_p2    |       xor|   0|  0|  4096|        8192|           2|
    |xor_ln886_9_fu_6546_p2    |       xor|   0|  0|  4096|        8192|           2|
    |xor_ln886_fu_6043_p2      |       xor|   0|  0|  4096|        8192|           2|
    +--------------------------+----------+----+---+------+------------+------------+
    |Total                     |          |   0|  0|286295|      545550|      544967|
    +--------------------------+----------+----+---+------+------------+------------+

    * Multiplexer: 
    +-------------------------+----+-----------+------+-----------+
    |           Name          | LUT| Input Size| Bits | Total Bits|
    +-------------------------+----+-----------+------+-----------+
    |ap_done_int              |   9|          2|     1|          2|
    |ap_enable_reg_pp0_iter1  |   9|          2|     1|          2|
    |ap_sig_allocacmp_i_1     |   9|          2|     5|         10|
    |empty_fu_624             |   9|          2|  8192|      16384|
    |i_fu_620                 |   9|          2|     5|         10|
    +-------------------------+----+-----------+------+-----------+
    |Total                    |  45|         10|  8204|      16408|
    +-------------------------+----+-----------+------+-----------+

    * Register: 
    +---------------------------------------+------+----+------+-----------+
    |                  Name                 |  FF  | LUT| Bits | Const Bits|
    +---------------------------------------+------+----+------+-----------+
    |add_ln886_103_reg_10275                |    19|   0|    19|          0|
    |add_ln886_111_reg_10280                |    19|   0|    19|          0|
    |add_ln886_118_reg_10285                |    19|   0|    19|          0|
    |add_ln886_126_reg_10290                |    19|   0|    19|          0|
    |add_ln886_133_reg_10295                |    19|   0|    19|          0|
    |add_ln886_141_reg_10300                |    19|   0|    19|          0|
    |add_ln886_148_reg_10305                |    19|   0|    19|          0|
    |add_ln886_14_reg_10215                 |    20|   0|    20|          0|
    |add_ln886_156_reg_10310                |    19|   0|    19|          0|
    |add_ln886_163_reg_10315                |    19|   0|    19|          0|
    |add_ln886_171_reg_10320                |    19|   0|    19|          0|
    |add_ln886_178_reg_10325                |    19|   0|    19|          0|
    |add_ln886_186_reg_10330                |    19|   0|    19|          0|
    |add_ln886_193_reg_10335                |    19|   0|    19|          0|
    |add_ln886_201_reg_10340                |    19|   0|    19|          0|
    |add_ln886_208_reg_10345                |    19|   0|    19|          0|
    |add_ln886_216_reg_10350                |    19|   0|    19|          0|
    |add_ln886_21_reg_10220                 |    19|   0|    19|          0|
    |add_ln886_223_reg_10355                |    19|   0|    19|          0|
    |add_ln886_231_reg_10360                |    19|   0|    19|          0|
    |add_ln886_238_reg_10365                |    19|   0|    19|          0|
    |add_ln886_28_reg_10225                 |    19|   0|    19|          0|
    |add_ln886_36_reg_10230                 |    19|   0|    19|          0|
    |add_ln886_43_reg_10235                 |    19|   0|    19|          0|
    |add_ln886_51_reg_10240                 |    19|   0|    19|          0|
    |add_ln886_58_reg_10245                 |    19|   0|    19|          0|
    |add_ln886_66_reg_10250                 |    19|   0|    19|          0|
    |add_ln886_73_reg_10255                 |    19|   0|    19|          0|
    |add_ln886_81_reg_10260                 |    19|   0|    19|          0|
    |add_ln886_88_reg_10265                 |    19|   0|    19|          0|
    |add_ln886_96_reg_10270                 |    19|   0|    19|          0|
    |ap_CS_fsm                              |     1|   0|     1|          0|
    |ap_done_reg                            |     1|   0|     1|          0|
    |ap_enable_reg_pp0_iter1                |     1|   0|     1|          0|
    |ap_enable_reg_pp0_iter2                |     1|   0|     1|          0|
    |ap_enable_reg_pp0_iter3                |     1|   0|     1|          0|
    |ap_enable_reg_pp0_iter4                |     1|   0|     1|          0|
    |ap_loop_exit_ready_pp0_iter1_reg       |     1|   0|     1|          0|
    |ap_loop_exit_ready_pp0_iter2_reg       |     1|   0|     1|          0|
    |ap_loop_exit_ready_pp0_iter3_reg       |     1|   0|     1|          0|
    |empty_fu_624                           |  8192|   0|  8192|          0|
    |i_fu_620                               |     5|   0|     5|          0|
    |icmp_ln14_reg_9366                     |     1|   0|     1|          0|
    |rhs_100_cast_reg_8861                  |     8|   0|    16|          8|
    |rhs_102_cast_reg_8851                  |     8|   0|    16|          8|
    |rhs_104_cast_reg_8841                  |     8|   0|    16|          8|
    |rhs_106_cast_reg_8831                  |     8|   0|    16|          8|
    |rhs_108_cast_reg_8821                  |     8|   0|    16|          8|
    |rhs_10_cast_reg_9311                   |     8|   0|    16|          8|
    |rhs_110_cast_reg_8811                  |     8|   0|    16|          8|
    |rhs_113_cast_reg_8796                  |     8|   0|    16|          8|
    |rhs_114_cast_reg_8791                  |     8|   0|    16|          8|
    |rhs_116_cast_reg_8781                  |     8|   0|    16|          8|
    |rhs_118_cast_reg_8771                  |     8|   0|    16|          8|
    |rhs_120_cast_reg_8761                  |     8|   0|    16|          8|
    |rhs_122_cast_reg_8751                  |     8|   0|    16|          8|
    |rhs_124_cast_reg_8741                  |     8|   0|    16|          8|
    |rhs_126_cast_reg_8731                  |     8|   0|    16|          8|
    |rhs_129_cast_reg_8716                  |     8|   0|    16|          8|
    |rhs_12_cast_reg_9301                   |     8|   0|    16|          8|
    |rhs_130_cast_reg_8711                  |     8|   0|    16|          8|
    |rhs_132_cast_reg_8701                  |     8|   0|    16|          8|
    |rhs_134_cast_reg_8691                  |     8|   0|    16|          8|
    |rhs_136_cast_reg_8681                  |     8|   0|    16|          8|
    |rhs_138_cast_reg_8671                  |     8|   0|    16|          8|
    |rhs_140_cast_reg_8661                  |     8|   0|    16|          8|
    |rhs_142_cast_reg_8651                  |     8|   0|    16|          8|
    |rhs_145_cast_reg_8636                  |     8|   0|    16|          8|
    |rhs_146_cast_reg_8631                  |     8|   0|    16|          8|
    |rhs_148_cast_reg_8621                  |     8|   0|    16|          8|
    |rhs_14_cast_reg_9291                   |     8|   0|    16|          8|
    |rhs_150_cast_reg_8611                  |     8|   0|    16|          8|
    |rhs_152_cast_reg_8601                  |     8|   0|    16|          8|
    |rhs_154_cast_reg_8591                  |     8|   0|    16|          8|
    |rhs_156_cast_reg_8581                  |     8|   0|    16|          8|
    |rhs_158_cast_reg_8571                  |     8|   0|    16|          8|
    |rhs_161_cast_reg_8556                  |     8|   0|    16|          8|
    |rhs_162_cast_reg_8551                  |     8|   0|    16|          8|
    |rhs_164_cast_reg_8541                  |     8|   0|    16|          8|
    |rhs_166_cast_reg_8531                  |     8|   0|    16|          8|
    |rhs_168_cast_reg_8521                  |     8|   0|    16|          8|
    |rhs_170_cast_reg_8511                  |     8|   0|    16|          8|
    |rhs_172_cast_reg_8501                  |     8|   0|    16|          8|
    |rhs_174_cast_reg_8491                  |     8|   0|    16|          8|
    |rhs_177_cast_reg_8476                  |     8|   0|    16|          8|
    |rhs_178_cast_reg_8471                  |     8|   0|    16|          8|
    |rhs_17_cast_reg_9276                   |     8|   0|    16|          8|
    |rhs_180_cast_reg_8461                  |     8|   0|    16|          8|
    |rhs_182_cast_reg_8451                  |     8|   0|    16|          8|
    |rhs_184_cast_reg_8441                  |     8|   0|    16|          8|
    |rhs_186_cast_reg_8431                  |     8|   0|    16|          8|
    |rhs_188_cast_reg_8421                  |     8|   0|    16|          8|
    |rhs_18_cast_reg_9271                   |     8|   0|    16|          8|
    |rhs_190_cast_reg_8411                  |     8|   0|    16|          8|
    |rhs_193_cast_reg_8396                  |     8|   0|    16|          8|
    |rhs_194_cast_reg_8391                  |     8|   0|    16|          8|
    |rhs_196_cast_reg_8381                  |     8|   0|    16|          8|
    |rhs_198_cast_reg_8371                  |     8|   0|    16|          8|
    |rhs_1_cast_reg_9356                    |     8|   0|    16|          8|
    |rhs_200_cast_reg_8361                  |     8|   0|    16|          8|
    |rhs_202_cast_reg_8351                  |     8|   0|    16|          8|
    |rhs_204_cast_reg_8341                  |     8|   0|    16|          8|
    |rhs_206_cast_reg_8331                  |     8|   0|    16|          8|
    |rhs_209_cast_reg_8316                  |     8|   0|    16|          8|
    |rhs_20_cast_reg_9261                   |     8|   0|    16|          8|
    |rhs_210_cast_reg_8311                  |     8|   0|    16|          8|
    |rhs_212_cast_reg_8301                  |     8|   0|    16|          8|
    |rhs_214_cast_reg_8291                  |     8|   0|    16|          8|
    |rhs_216_cast_reg_8281                  |     8|   0|    16|          8|
    |rhs_218_cast_reg_8271                  |     8|   0|    16|          8|
    |rhs_220_cast_reg_8261                  |     8|   0|    16|          8|
    |rhs_222_cast_reg_8251                  |     8|   0|    16|          8|
    |rhs_225_cast_reg_8236                  |     8|   0|    16|          8|
    |rhs_226_cast_reg_8231                  |     8|   0|    16|          8|
    |rhs_228_cast_reg_8221                  |     8|   0|    16|          8|
    |rhs_22_cast_reg_9251                   |     8|   0|    16|          8|
    |rhs_230_cast_reg_8211                  |     8|   0|    16|          8|
    |rhs_232_cast_reg_8201                  |     8|   0|    16|          8|
    |rhs_234_cast_reg_8191                  |     8|   0|    16|          8|
    |rhs_236_cast_reg_8181                  |     8|   0|    16|          8|
    |rhs_238_cast_reg_8171                  |     8|   0|    16|          8|
    |rhs_241_cast_reg_8156                  |     8|   0|    16|          8|
    |rhs_242_cast_reg_8151                  |     8|   0|    16|          8|
    |rhs_244_cast_reg_8141                  |     8|   0|    16|          8|
    |rhs_246_cast_reg_8131                  |     8|   0|    16|          8|
    |rhs_248_cast_reg_8121                  |     8|   0|    16|          8|
    |rhs_24_cast_reg_9241                   |     8|   0|    16|          8|
    |rhs_250_cast_reg_8111                  |     8|   0|    16|          8|
    |rhs_252_cast_reg_8101                  |     8|   0|    16|          8|
    |rhs_254_cast_reg_8091                  |     8|   0|    16|          8|
    |rhs_26_cast_reg_9231                   |     8|   0|    16|          8|
    |rhs_28_cast_reg_9221                   |     8|   0|    16|          8|
    |rhs_2_cast_reg_9351                    |     8|   0|    16|          8|
    |rhs_30_cast_reg_9211                   |     8|   0|    16|          8|
    |rhs_33_cast_reg_9196                   |     8|   0|    16|          8|
    |rhs_34_cast_reg_9191                   |     8|   0|    16|          8|
    |rhs_36_cast_reg_9181                   |     8|   0|    16|          8|
    |rhs_38_cast_reg_9171                   |     8|   0|    16|          8|
    |rhs_40_cast_reg_9161                   |     8|   0|    16|          8|
    |rhs_42_cast_reg_9151                   |     8|   0|    16|          8|
    |rhs_44_cast_reg_9141                   |     8|   0|    16|          8|
    |rhs_46_cast_reg_9131                   |     8|   0|    16|          8|
    |rhs_49_cast_reg_9116                   |     8|   0|    16|          8|
    |rhs_4_cast_reg_9341                    |     8|   0|    16|          8|
    |rhs_50_cast_reg_9111                   |     8|   0|    16|          8|
    |rhs_52_cast_reg_9101                   |     8|   0|    16|          8|
    |rhs_54_cast_reg_9091                   |     8|   0|    16|          8|
    |rhs_56_cast_reg_9081                   |     8|   0|    16|          8|
    |rhs_58_cast_reg_9071                   |     8|   0|    16|          8|
    |rhs_60_cast_reg_9061                   |     8|   0|    16|          8|
    |rhs_62_cast_reg_9051                   |     8|   0|    16|          8|
    |rhs_65_cast_reg_9036                   |     8|   0|    16|          8|
    |rhs_66_cast_reg_9031                   |     8|   0|    16|          8|
    |rhs_68_cast_reg_9021                   |     8|   0|    16|          8|
    |rhs_6_cast_reg_9331                    |     8|   0|    16|          8|
    |rhs_70_cast_reg_9011                   |     8|   0|    16|          8|
    |rhs_72_cast_reg_9001                   |     8|   0|    16|          8|
    |rhs_74_cast_reg_8991                   |     8|   0|    16|          8|
    |rhs_76_cast_reg_8981                   |     8|   0|    16|          8|
    |rhs_78_cast_reg_8971                   |     8|   0|    16|          8|
    |rhs_81_cast_reg_8956                   |     8|   0|    16|          8|
    |rhs_82_cast_reg_8951                   |     8|   0|    16|          8|
    |rhs_84_cast_reg_8941                   |     8|   0|    16|          8|
    |rhs_86_cast_reg_8931                   |     8|   0|    16|          8|
    |rhs_88_cast_reg_8921                   |     8|   0|    16|          8|
    |rhs_8_cast_reg_9321                    |     8|   0|    16|          8|
    |rhs_90_cast_reg_8911                   |     8|   0|    16|          8|
    |rhs_92_cast_reg_8901                   |     8|   0|    16|          8|
    |rhs_94_cast_reg_8891                   |     8|   0|    16|          8|
    |rhs_97_cast_reg_8876                   |     8|   0|    16|          8|
    |rhs_98_cast_reg_8871                   |     8|   0|    16|          8|
    |trunc_ln17_reg_9370                    |     4|   0|     4|          0|
    |trunc_ln232_10_reg_9500                |     8|   0|     8|          0|
    |trunc_ln232_10_reg_9500_pp0_iter1_reg  |     8|   0|     8|          0|
    |trunc_ln232_12_reg_9525                |     8|   0|     8|          0|
    |trunc_ln232_12_reg_9525_pp0_iter1_reg  |     8|   0|     8|          0|
    |trunc_ln232_14_reg_9550                |     8|   0|     8|          0|
    |trunc_ln232_14_reg_9550_pp0_iter1_reg  |     8|   0|     8|          0|
    |trunc_ln232_1_reg_9395                 |     8|   0|     8|          0|
    |trunc_ln232_1_reg_9395_pp0_iter1_reg   |     8|   0|     8|          0|
    |trunc_ln232_2_reg_9400                 |     8|   0|     8|          0|
    |trunc_ln232_2_reg_9400_pp0_iter1_reg   |     8|   0|     8|          0|
    |trunc_ln232_4_reg_9425                 |     8|   0|     8|          0|
    |trunc_ln232_4_reg_9425_pp0_iter1_reg   |     8|   0|     8|          0|
    |trunc_ln232_6_reg_9450                 |     8|   0|     8|          0|
    |trunc_ln232_6_reg_9450_pp0_iter1_reg   |     8|   0|     8|          0|
    |trunc_ln232_8_reg_9475                 |     8|   0|     8|          0|
    |trunc_ln232_8_reg_9475_pp0_iter1_reg   |     8|   0|     8|          0|
    |icmp_ln14_reg_9366                     |    64|  32|     1|          0|
    |trunc_ln17_reg_9370                    |    64|  32|     4|          0|
    +---------------------------------------+------+----+------+-----------+
    |Total                                  | 10081|  64| 10982|       1024|
    +---------------------------------------+------+----+------+-----------+



================================================================
== Interface
================================================================
* Summary: 
+--------------+-----+------+------------+--------------------------+--------------+
|   RTL Ports  | Dir | Bits |  Protocol  |       Source Object      |    C Type    |
+--------------+-----+------+------------+--------------------------+--------------+
|ap_clk        |   in|     1|  ap_ctrl_hs|  matrix_mult_Pipeline_Row|  return value|
|ap_rst        |   in|     1|  ap_ctrl_hs|  matrix_mult_Pipeline_Row|  return value|
|ap_start      |   in|     1|  ap_ctrl_hs|  matrix_mult_Pipeline_Row|  return value|
|ap_done       |  out|     1|  ap_ctrl_hs|  matrix_mult_Pipeline_Row|  return value|
|ap_idle       |  out|     1|  ap_ctrl_hs|  matrix_mult_Pipeline_Row|  return value|
|ap_ready      |  out|     1|  ap_ctrl_hs|  matrix_mult_Pipeline_Row|  return value|
|tmp_1         |   in|  8192|     ap_none|                     tmp_1|        scalar|
|a_load        |   in|   128|     ap_none|                    a_load|        scalar|
|rhs           |   in|     8|     ap_none|                       rhs|        scalar|
|a_load_1      |   in|   128|     ap_none|                  a_load_1|        scalar|
|rhs_1         |   in|     8|     ap_none|                     rhs_1|        scalar|
|a_load_2      |   in|   128|     ap_none|                  a_load_2|        scalar|
|rhs_2         |   in|     8|     ap_none|                     rhs_2|        scalar|
|a_load_3      |   in|   128|     ap_none|                  a_load_3|        scalar|
|rhs_3         |   in|     8|     ap_none|                     rhs_3|        scalar|
|a_load_4      |   in|   128|     ap_none|                  a_load_4|        scalar|
|rhs_4         |   in|     8|     ap_none|                     rhs_4|        scalar|
|a_load_5      |   in|   128|     ap_none|                  a_load_5|        scalar|
|rhs_5         |   in|     8|     ap_none|                     rhs_5|        scalar|
|a_load_6      |   in|   128|     ap_none|                  a_load_6|        scalar|
|rhs_6         |   in|     8|     ap_none|                     rhs_6|        scalar|
|a_load_7      |   in|   128|     ap_none|                  a_load_7|        scalar|
|rhs_7         |   in|     8|     ap_none|                     rhs_7|        scalar|
|a_load_8      |   in|   128|     ap_none|                  a_load_8|        scalar|
|rhs_8         |   in|     8|     ap_none|                     rhs_8|        scalar|
|a_load_9      |   in|   128|     ap_none|                  a_load_9|        scalar|
|rhs_9         |   in|     8|     ap_none|                     rhs_9|        scalar|
|a_load_10     |   in|   128|     ap_none|                 a_load_10|        scalar|
|rhs_10        |   in|     8|     ap_none|                    rhs_10|        scalar|
|a_load_11     |   in|   128|     ap_none|                 a_load_11|        scalar|
|rhs_11        |   in|     8|     ap_none|                    rhs_11|        scalar|
|a_load_12     |   in|   128|     ap_none|                 a_load_12|        scalar|
|rhs_12        |   in|     8|     ap_none|                    rhs_12|        scalar|
|a_load_13     |   in|   128|     ap_none|                 a_load_13|        scalar|
|rhs_13        |   in|     8|     ap_none|                    rhs_13|        scalar|
|a_load_14     |   in|   128|     ap_none|                 a_load_14|        scalar|
|rhs_14        |   in|     8|     ap_none|                    rhs_14|        scalar|
|a_load_15     |   in|   128|     ap_none|                 a_load_15|        scalar|
|rhs_15        |   in|     8|     ap_none|                    rhs_15|        scalar|
|rhs_16        |   in|     8|     ap_none|                    rhs_16|        scalar|
|rhs_17        |   in|     8|     ap_none|                    rhs_17|        scalar|
|rhs_18        |   in|     8|     ap_none|                    rhs_18|        scalar|
|rhs_19        |   in|     8|     ap_none|                    rhs_19|        scalar|
|rhs_20        |   in|     8|     ap_none|                    rhs_20|        scalar|
|rhs_21        |   in|     8|     ap_none|                    rhs_21|        scalar|
|rhs_22        |   in|     8|     ap_none|                    rhs_22|        scalar|
|rhs_23        |   in|     8|     ap_none|                    rhs_23|        scalar|
|rhs_24        |   in|     8|     ap_none|                    rhs_24|        scalar|
|rhs_25        |   in|     8|     ap_none|                    rhs_25|        scalar|
|rhs_26        |   in|     8|     ap_none|                    rhs_26|        scalar|
|rhs_27        |   in|     8|     ap_none|                    rhs_27|        scalar|
|rhs_28        |   in|     8|     ap_none|                    rhs_28|        scalar|
|rhs_29        |   in|     8|     ap_none|                    rhs_29|        scalar|
|rhs_30        |   in|     8|     ap_none|                    rhs_30|        scalar|
|rhs_31        |   in|     8|     ap_none|                    rhs_31|        scalar|
|rhs_32        |   in|     8|     ap_none|                    rhs_32|        scalar|
|rhs_33        |   in|     8|     ap_none|                    rhs_33|        scalar|
|rhs_34        |   in|     8|     ap_none|                    rhs_34|        scalar|
|rhs_35        |   in|     8|     ap_none|                    rhs_35|        scalar|
|rhs_36        |   in|     8|     ap_none|                    rhs_36|        scalar|
|rhs_37        |   in|     8|     ap_none|                    rhs_37|        scalar|
|rhs_38        |   in|     8|     ap_none|                    rhs_38|        scalar|
|rhs_39        |   in|     8|     ap_none|                    rhs_39|        scalar|
|rhs_40        |   in|     8|     ap_none|                    rhs_40|        scalar|
|rhs_41        |   in|     8|     ap_none|                    rhs_41|        scalar|
|rhs_42        |   in|     8|     ap_none|                    rhs_42|        scalar|
|rhs_43        |   in|     8|     ap_none|                    rhs_43|        scalar|
|rhs_44        |   in|     8|     ap_none|                    rhs_44|        scalar|
|rhs_45        |   in|     8|     ap_none|                    rhs_45|        scalar|
|rhs_46        |   in|     8|     ap_none|                    rhs_46|        scalar|
|rhs_47        |   in|     8|     ap_none|                    rhs_47|        scalar|
|rhs_48        |   in|     8|     ap_none|                    rhs_48|        scalar|
|rhs_49        |   in|     8|     ap_none|                    rhs_49|        scalar|
|rhs_50        |   in|     8|     ap_none|                    rhs_50|        scalar|
|rhs_51        |   in|     8|     ap_none|                    rhs_51|        scalar|
|rhs_52        |   in|     8|     ap_none|                    rhs_52|        scalar|
|rhs_53        |   in|     8|     ap_none|                    rhs_53|        scalar|
|rhs_54        |   in|     8|     ap_none|                    rhs_54|        scalar|
|rhs_55        |   in|     8|     ap_none|                    rhs_55|        scalar|
|rhs_56        |   in|     8|     ap_none|                    rhs_56|        scalar|
|rhs_57        |   in|     8|     ap_none|                    rhs_57|        scalar|
|rhs_58        |   in|     8|     ap_none|                    rhs_58|        scalar|
|rhs_59        |   in|     8|     ap_none|                    rhs_59|        scalar|
|rhs_60        |   in|     8|     ap_none|                    rhs_60|        scalar|
|rhs_61        |   in|     8|     ap_none|                    rhs_61|        scalar|
|rhs_62        |   in|     8|     ap_none|                    rhs_62|        scalar|
|rhs_63        |   in|     8|     ap_none|                    rhs_63|        scalar|
|rhs_64        |   in|     8|     ap_none|                    rhs_64|        scalar|
|rhs_65        |   in|     8|     ap_none|                    rhs_65|        scalar|
|rhs_66        |   in|     8|     ap_none|                    rhs_66|        scalar|
|rhs_67        |   in|     8|     ap_none|                    rhs_67|        scalar|
|rhs_68        |   in|     8|     ap_none|                    rhs_68|        scalar|
|rhs_69        |   in|     8|     ap_none|                    rhs_69|        scalar|
|rhs_70        |   in|     8|     ap_none|                    rhs_70|        scalar|
|rhs_71        |   in|     8|     ap_none|                    rhs_71|        scalar|
|rhs_72        |   in|     8|     ap_none|                    rhs_72|        scalar|
|rhs_73        |   in|     8|     ap_none|                    rhs_73|        scalar|
|rhs_74        |   in|     8|     ap_none|                    rhs_74|        scalar|
|rhs_75        |   in|     8|     ap_none|                    rhs_75|        scalar|
|rhs_76        |   in|     8|     ap_none|                    rhs_76|        scalar|
|rhs_77        |   in|     8|     ap_none|                    rhs_77|        scalar|
|rhs_78        |   in|     8|     ap_none|                    rhs_78|        scalar|
|rhs_79        |   in|     8|     ap_none|                    rhs_79|        scalar|
|rhs_80        |   in|     8|     ap_none|                    rhs_80|        scalar|
|rhs_81        |   in|     8|     ap_none|                    rhs_81|        scalar|
|rhs_82        |   in|     8|     ap_none|                    rhs_82|        scalar|
|rhs_83        |   in|     8|     ap_none|                    rhs_83|        scalar|
|rhs_84        |   in|     8|     ap_none|                    rhs_84|        scalar|
|rhs_85        |   in|     8|     ap_none|                    rhs_85|        scalar|
|rhs_86        |   in|     8|     ap_none|                    rhs_86|        scalar|
|rhs_87        |   in|     8|     ap_none|                    rhs_87|        scalar|
|rhs_88        |   in|     8|     ap_none|                    rhs_88|        scalar|
|rhs_89        |   in|     8|     ap_none|                    rhs_89|        scalar|
|rhs_90        |   in|     8|     ap_none|                    rhs_90|        scalar|
|rhs_91        |   in|     8|     ap_none|                    rhs_91|        scalar|
|rhs_92        |   in|     8|     ap_none|                    rhs_92|        scalar|
|rhs_93        |   in|     8|     ap_none|                    rhs_93|        scalar|
|rhs_94        |   in|     8|     ap_none|                    rhs_94|        scalar|
|rhs_95        |   in|     8|     ap_none|                    rhs_95|        scalar|
|rhs_96        |   in|     8|     ap_none|                    rhs_96|        scalar|
|rhs_97        |   in|     8|     ap_none|                    rhs_97|        scalar|
|rhs_98        |   in|     8|     ap_none|                    rhs_98|        scalar|
|rhs_99        |   in|     8|     ap_none|                    rhs_99|        scalar|
|rhs_100       |   in|     8|     ap_none|                   rhs_100|        scalar|
|rhs_101       |   in|     8|     ap_none|                   rhs_101|        scalar|
|rhs_102       |   in|     8|     ap_none|                   rhs_102|        scalar|
|rhs_103       |   in|     8|     ap_none|                   rhs_103|        scalar|
|rhs_104       |   in|     8|     ap_none|                   rhs_104|        scalar|
|rhs_105       |   in|     8|     ap_none|                   rhs_105|        scalar|
|rhs_106       |   in|     8|     ap_none|                   rhs_106|        scalar|
|rhs_107       |   in|     8|     ap_none|                   rhs_107|        scalar|
|rhs_108       |   in|     8|     ap_none|                   rhs_108|        scalar|
|rhs_109       |   in|     8|     ap_none|                   rhs_109|        scalar|
|rhs_110       |   in|     8|     ap_none|                   rhs_110|        scalar|
|rhs_111       |   in|     8|     ap_none|                   rhs_111|        scalar|
|rhs_112       |   in|     8|     ap_none|                   rhs_112|        scalar|
|rhs_113       |   in|     8|     ap_none|                   rhs_113|        scalar|
|rhs_114       |   in|     8|     ap_none|                   rhs_114|        scalar|
|rhs_115       |   in|     8|     ap_none|                   rhs_115|        scalar|
|rhs_116       |   in|     8|     ap_none|                   rhs_116|        scalar|
|rhs_117       |   in|     8|     ap_none|                   rhs_117|        scalar|
|rhs_118       |   in|     8|     ap_none|                   rhs_118|        scalar|
|rhs_119       |   in|     8|     ap_none|                   rhs_119|        scalar|
|rhs_120       |   in|     8|     ap_none|                   rhs_120|        scalar|
|rhs_121       |   in|     8|     ap_none|                   rhs_121|        scalar|
|rhs_122       |   in|     8|     ap_none|                   rhs_122|        scalar|
|rhs_123       |   in|     8|     ap_none|                   rhs_123|        scalar|
|rhs_124       |   in|     8|     ap_none|                   rhs_124|        scalar|
|rhs_125       |   in|     8|     ap_none|                   rhs_125|        scalar|
|rhs_126       |   in|     8|     ap_none|                   rhs_126|        scalar|
|rhs_127       |   in|     8|     ap_none|                   rhs_127|        scalar|
|rhs_128       |   in|     8|     ap_none|                   rhs_128|        scalar|
|rhs_129       |   in|     8|     ap_none|                   rhs_129|        scalar|
|rhs_130       |   in|     8|     ap_none|                   rhs_130|        scalar|
|rhs_131       |   in|     8|     ap_none|                   rhs_131|        scalar|
|rhs_132       |   in|     8|     ap_none|                   rhs_132|        scalar|
|rhs_133       |   in|     8|     ap_none|                   rhs_133|        scalar|
|rhs_134       |   in|     8|     ap_none|                   rhs_134|        scalar|
|rhs_135       |   in|     8|     ap_none|                   rhs_135|        scalar|
|rhs_136       |   in|     8|     ap_none|                   rhs_136|        scalar|
|rhs_137       |   in|     8|     ap_none|                   rhs_137|        scalar|
|rhs_138       |   in|     8|     ap_none|                   rhs_138|        scalar|
|rhs_139       |   in|     8|     ap_none|                   rhs_139|        scalar|
|rhs_140       |   in|     8|     ap_none|                   rhs_140|        scalar|
|rhs_141       |   in|     8|     ap_none|                   rhs_141|        scalar|
|rhs_142       |   in|     8|     ap_none|                   rhs_142|        scalar|
|rhs_143       |   in|     8|     ap_none|                   rhs_143|        scalar|
|rhs_144       |   in|     8|     ap_none|                   rhs_144|        scalar|
|rhs_145       |   in|     8|     ap_none|                   rhs_145|        scalar|
|rhs_146       |   in|     8|     ap_none|                   rhs_146|        scalar|
|rhs_147       |   in|     8|     ap_none|                   rhs_147|        scalar|
|rhs_148       |   in|     8|     ap_none|                   rhs_148|        scalar|
|rhs_149       |   in|     8|     ap_none|                   rhs_149|        scalar|
|rhs_150       |   in|     8|     ap_none|                   rhs_150|        scalar|
|rhs_151       |   in|     8|     ap_none|                   rhs_151|        scalar|
|rhs_152       |   in|     8|     ap_none|                   rhs_152|        scalar|
|rhs_153       |   in|     8|     ap_none|                   rhs_153|        scalar|
|rhs_154       |   in|     8|     ap_none|                   rhs_154|        scalar|
|rhs_155       |   in|     8|     ap_none|                   rhs_155|        scalar|
|rhs_156       |   in|     8|     ap_none|                   rhs_156|        scalar|
|rhs_157       |   in|     8|     ap_none|                   rhs_157|        scalar|
|rhs_158       |   in|     8|     ap_none|                   rhs_158|        scalar|
|rhs_159       |   in|     8|     ap_none|                   rhs_159|        scalar|
|rhs_160       |   in|     8|     ap_none|                   rhs_160|        scalar|
|rhs_161       |   in|     8|     ap_none|                   rhs_161|        scalar|
|rhs_162       |   in|     8|     ap_none|                   rhs_162|        scalar|
|rhs_163       |   in|     8|     ap_none|                   rhs_163|        scalar|
|rhs_164       |   in|     8|     ap_none|                   rhs_164|        scalar|
|rhs_165       |   in|     8|     ap_none|                   rhs_165|        scalar|
|rhs_166       |   in|     8|     ap_none|                   rhs_166|        scalar|
|rhs_167       |   in|     8|     ap_none|                   rhs_167|        scalar|
|rhs_168       |   in|     8|     ap_none|                   rhs_168|        scalar|
|rhs_169       |   in|     8|     ap_none|                   rhs_169|        scalar|
|rhs_170       |   in|     8|     ap_none|                   rhs_170|        scalar|
|rhs_171       |   in|     8|     ap_none|                   rhs_171|        scalar|
|rhs_172       |   in|     8|     ap_none|                   rhs_172|        scalar|
|rhs_173       |   in|     8|     ap_none|                   rhs_173|        scalar|
|rhs_174       |   in|     8|     ap_none|                   rhs_174|        scalar|
|rhs_175       |   in|     8|     ap_none|                   rhs_175|        scalar|
|rhs_176       |   in|     8|     ap_none|                   rhs_176|        scalar|
|rhs_177       |   in|     8|     ap_none|                   rhs_177|        scalar|
|rhs_178       |   in|     8|     ap_none|                   rhs_178|        scalar|
|rhs_179       |   in|     8|     ap_none|                   rhs_179|        scalar|
|rhs_180       |   in|     8|     ap_none|                   rhs_180|        scalar|
|rhs_181       |   in|     8|     ap_none|                   rhs_181|        scalar|
|rhs_182       |   in|     8|     ap_none|                   rhs_182|        scalar|
|rhs_183       |   in|     8|     ap_none|                   rhs_183|        scalar|
|rhs_184       |   in|     8|     ap_none|                   rhs_184|        scalar|
|rhs_185       |   in|     8|     ap_none|                   rhs_185|        scalar|
|rhs_186       |   in|     8|     ap_none|                   rhs_186|        scalar|
|rhs_187       |   in|     8|     ap_none|                   rhs_187|        scalar|
|rhs_188       |   in|     8|     ap_none|                   rhs_188|        scalar|
|rhs_189       |   in|     8|     ap_none|                   rhs_189|        scalar|
|rhs_190       |   in|     8|     ap_none|                   rhs_190|        scalar|
|rhs_191       |   in|     8|     ap_none|                   rhs_191|        scalar|
|rhs_192       |   in|     8|     ap_none|                   rhs_192|        scalar|
|rhs_193       |   in|     8|     ap_none|                   rhs_193|        scalar|
|rhs_194       |   in|     8|     ap_none|                   rhs_194|        scalar|
|rhs_195       |   in|     8|     ap_none|                   rhs_195|        scalar|
|rhs_196       |   in|     8|     ap_none|                   rhs_196|        scalar|
|rhs_197       |   in|     8|     ap_none|                   rhs_197|        scalar|
|rhs_198       |   in|     8|     ap_none|                   rhs_198|        scalar|
|rhs_199       |   in|     8|     ap_none|                   rhs_199|        scalar|
|rhs_200       |   in|     8|     ap_none|                   rhs_200|        scalar|
|rhs_201       |   in|     8|     ap_none|                   rhs_201|        scalar|
|rhs_202       |   in|     8|     ap_none|                   rhs_202|        scalar|
|rhs_203       |   in|     8|     ap_none|                   rhs_203|        scalar|
|rhs_204       |   in|     8|     ap_none|                   rhs_204|        scalar|
|rhs_205       |   in|     8|     ap_none|                   rhs_205|        scalar|
|rhs_206       |   in|     8|     ap_none|                   rhs_206|        scalar|
|rhs_207       |   in|     8|     ap_none|                   rhs_207|        scalar|
|rhs_208       |   in|     8|     ap_none|                   rhs_208|        scalar|
|rhs_209       |   in|     8|     ap_none|                   rhs_209|        scalar|
|rhs_210       |   in|     8|     ap_none|                   rhs_210|        scalar|
|rhs_211       |   in|     8|     ap_none|                   rhs_211|        scalar|
|rhs_212       |   in|     8|     ap_none|                   rhs_212|        scalar|
|rhs_213       |   in|     8|     ap_none|                   rhs_213|        scalar|
|rhs_214       |   in|     8|     ap_none|                   rhs_214|        scalar|
|rhs_215       |   in|     8|     ap_none|                   rhs_215|        scalar|
|rhs_216       |   in|     8|     ap_none|                   rhs_216|        scalar|
|rhs_217       |   in|     8|     ap_none|                   rhs_217|        scalar|
|rhs_218       |   in|     8|     ap_none|                   rhs_218|        scalar|
|rhs_219       |   in|     8|     ap_none|                   rhs_219|        scalar|
|rhs_220       |   in|     8|     ap_none|                   rhs_220|        scalar|
|rhs_221       |   in|     8|     ap_none|                   rhs_221|        scalar|
|rhs_222       |   in|     8|     ap_none|                   rhs_222|        scalar|
|rhs_223       |   in|     8|     ap_none|                   rhs_223|        scalar|
|rhs_224       |   in|     8|     ap_none|                   rhs_224|        scalar|
|rhs_225       |   in|     8|     ap_none|                   rhs_225|        scalar|
|rhs_226       |   in|     8|     ap_none|                   rhs_226|        scalar|
|rhs_227       |   in|     8|     ap_none|                   rhs_227|        scalar|
|rhs_228       |   in|     8|     ap_none|                   rhs_228|        scalar|
|rhs_229       |   in|     8|     ap_none|                   rhs_229|        scalar|
|rhs_230       |   in|     8|     ap_none|                   rhs_230|        scalar|
|rhs_231       |   in|     8|     ap_none|                   rhs_231|        scalar|
|rhs_232       |   in|     8|     ap_none|                   rhs_232|        scalar|
|rhs_233       |   in|     8|     ap_none|                   rhs_233|        scalar|
|rhs_234       |   in|     8|     ap_none|                   rhs_234|        scalar|
|rhs_235       |   in|     8|     ap_none|                   rhs_235|        scalar|
|rhs_236       |   in|     8|     ap_none|                   rhs_236|        scalar|
|rhs_237       |   in|     8|     ap_none|                   rhs_237|        scalar|
|rhs_238       |   in|     8|     ap_none|                   rhs_238|        scalar|
|rhs_239       |   in|     8|     ap_none|                   rhs_239|        scalar|
|rhs_240       |   in|     8|     ap_none|                   rhs_240|        scalar|
|rhs_241       |   in|     8|     ap_none|                   rhs_241|        scalar|
|rhs_242       |   in|     8|     ap_none|                   rhs_242|        scalar|
|rhs_243       |   in|     8|     ap_none|                   rhs_243|        scalar|
|rhs_244       |   in|     8|     ap_none|                   rhs_244|        scalar|
|rhs_245       |   in|     8|     ap_none|                   rhs_245|        scalar|
|rhs_246       |   in|     8|     ap_none|                   rhs_246|        scalar|
|rhs_247       |   in|     8|     ap_none|                   rhs_247|        scalar|
|rhs_248       |   in|     8|     ap_none|                   rhs_248|        scalar|
|rhs_249       |   in|     8|     ap_none|                   rhs_249|        scalar|
|rhs_250       |   in|     8|     ap_none|                   rhs_250|        scalar|
|rhs_251       |   in|     8|     ap_none|                   rhs_251|        scalar|
|rhs_252       |   in|     8|     ap_none|                   rhs_252|        scalar|
|rhs_253       |   in|     8|     ap_none|                   rhs_253|        scalar|
|rhs_254       |   in|     8|     ap_none|                   rhs_254|        scalar|
|rhs_255       |   in|     8|     ap_none|                   rhs_255|        scalar|
|p_out         |  out|  8192|      ap_vld|                     p_out|       pointer|
|p_out_ap_vld  |  out|     1|      ap_vld|                     p_out|       pointer|
+--------------+-----+------+------------+--------------------------+--------------+

