

================================================================
== Vitis HLS Report for 'matrix_mult_Pipeline_Product'
================================================================
* Date:           Sat Feb 17 04:18:48 2024

* Version:        2022.1 (Build 3526262 on Mon Apr 18 15:47:01 MDT 2022)
* Project:        gemmhls_int
* Solution:       unrolling_4 (Vivado IP Flow Target)
* Product family: zynq
* Target device:  xc7z020-clg400-1


================================================================
== Performance Estimates
================================================================
+ Timing: 
    * Summary: 
    +--------+----------+----------+------------+
    |  Clock |  Target  | Estimated| Uncertainty|
    +--------+----------+----------+------------+
    |ap_clk  |  10.00 ns|  6.270 ns|     2.70 ns|
    +--------+----------+----------+------------+

+ Latency: 
    * Summary: 
    +---------+---------+----------+----------+-----+-----+---------+
    |  Latency (cycles) |  Latency (absolute) |  Interval | Pipeline|
    |   min   |   max   |    min   |    max   | min | max |   Type  |
    +---------+---------+----------+----------+-----+-----+---------+
    |       14|       14|  0.140 us|  0.140 us|   14|   14|       no|
    +---------+---------+----------+----------+-----+-----+---------+

    + Detail: 
        * Instance: 
        N/A

        * Loop: 
        +-----------+---------+---------+----------+-----------+-----------+------+----------+
        |           |  Latency (cycles) | Iteration|  Initiation Interval  | Trip |          |
        | Loop Name |   min   |   max   |  Latency |  achieved |   target  | Count| Pipelined|
        +-----------+---------+---------+----------+-----------+-----------+------+----------+
        |- Product  |       12|       12|         7|          2|          1|     4|       yes|
        +-----------+---------+---------+----------+-----------+-----------+------+----------+



================================================================
== Utilization Estimates
================================================================
* Summary: 
+-----------------+---------+-----+--------+-------+-----+
|       Name      | BRAM_18K| DSP |   FF   |  LUT  | URAM|
+-----------------+---------+-----+--------+-------+-----+
|DSP              |        -|    2|       -|      -|    -|
|Expression       |        -|    -|       0|    124|    -|
|FIFO             |        -|    -|       -|      -|    -|
|Instance         |        -|    0|       0|     82|    -|
|Memory           |        -|    -|       -|      -|    -|
|Multiplexer      |        -|    -|       -|    169|    -|
|Register         |        -|    -|     111|      -|    -|
+-----------------+---------+-----+--------+-------+-----+
|Total            |        0|    2|     111|    375|    0|
+-----------------+---------+-----+--------+-------+-----+
|Available        |      280|  220|  106400|  53200|    0|
+-----------------+---------+-----+--------+-------+-----+
|Utilization (%)  |        0|   ~0|      ~0|     ~0|    0|
+-----------------+---------+-----+--------+-------+-----+

+ Detail: 
    * Instance: 
    +-----------------------+--------------------+---------+----+---+----+-----+
    |        Instance       |       Module       | BRAM_18K| DSP| FF| LUT| URAM|
    +-----------------------+--------------------+---------+----+---+----+-----+
    |mul_8ns_8ns_16_1_1_U1  |mul_8ns_8ns_16_1_1  |        0|   0|  0|  41|    0|
    |mul_8ns_8ns_16_1_1_U2  |mul_8ns_8ns_16_1_1  |        0|   0|  0|  41|    0|
    +-----------------------+--------------------+---------+----+---+----+-----+
    |Total                  |                    |        0|   0|  0|  82|    0|
    +-----------------------+--------------------+---------+----+---+----+-----+

    * DSP: 
    +-----------------------------------+--------------------------------+--------------+
    |              Instance             |             Module             |  Expression  |
    +-----------------------------------+--------------------------------+--------------+
    |mac_muladd_8ns_8ns_16ns_17_4_1_U3  |mac_muladd_8ns_8ns_16ns_17_4_1  |  i0 + i1 * i2|
    |mac_muladd_8ns_8ns_16ns_17_4_1_U4  |mac_muladd_8ns_8ns_16ns_17_4_1  |  i0 + i1 * i2|
    +-----------------------------------+--------------------------------+--------------+

    * Memory: 
    N/A

    * FIFO: 
    N/A

    * Expression: 
    +-----------------------+----------+----+---+----+------------+------------+
    |     Variable Name     | Operation| DSP| FF| LUT| Bitwidth P0| Bitwidth P1|
    +-----------------------+----------+----+---+----+------------+------------+
    |add_ln15_fu_393_p2     |         +|   0|  0|  13|           5|           3|
    |add_ln232_1_fu_263_p2  |         +|   0|  0|  15|           8|           8|
    |add_ln232_2_fu_301_p2  |         +|   0|  0|  15|           8|           8|
    |add_ln232_fu_315_p2    |         +|   0|  0|  15|           8|           8|
    |add_ln886_2_fu_454_p2  |         +|   0|  0|  25|          18|          18|
    |add_ln886_3_fu_464_p2  |         +|   0|  0|  27|          20|          20|
    |or_ln15_1_fu_354_p2    |        or|   0|  0|   4|           4|           2|
    |or_ln15_2_fu_274_p2    |        or|   0|  0|   4|           4|           2|
    |or_ln15_fu_236_p2      |        or|   0|  0|   4|           4|           1|
    |ap_enable_pp0          |       xor|   0|  0|   2|           1|           2|
    +-----------------------+----------+----+---+----+------------+------------+
    |Total                  |          |   0|  0| 124|          80|          72|
    +-----------------------+----------+----+---+----+------------+------------+

    * Multiplexer: 
    +----------------------------------+----+-----------+-----+-----------+
    |               Name               | LUT| Input Size| Bits| Total Bits|
    +----------------------------------+----+-----------+-----+-----------+
    |a_address0                        |  14|          3|    8|         24|
    |a_address1                        |  14|          3|    8|         24|
    |ap_NS_fsm                         |  14|          3|    1|          3|
    |ap_done_int                       |   9|          2|    1|          2|
    |ap_enable_reg_pp0_iter0           |   9|          2|    1|          2|
    |ap_enable_reg_pp0_iter1           |   9|          2|    1|          2|
    |ap_enable_reg_pp0_iter3           |   9|          2|    1|          2|
    |ap_loop_exit_ready_pp0_iter1_reg  |   9|          2|    1|          2|
    |ap_loop_exit_ready_pp0_iter2_reg  |   9|          2|    1|          2|
    |ap_sig_allocacmp_k_1              |   9|          2|    5|         10|
    |b_address0                        |  14|          3|    8|         24|
    |b_address1                        |  14|          3|    8|         24|
    |empty_fu_76                       |   9|          2|   20|         40|
    |k_fu_80                           |   9|          2|    5|         10|
    |reg_197                           |   9|          2|    8|         16|
    |reg_202                           |   9|          2|    8|         16|
    +----------------------------------+----+-----------+-----+-----------+
    |Total                             | 169|         37|   85|        203|
    +----------------------------------+----+-----------+-----+-----------+

    * Register: 
    +----------------------------------+----+----+-----+-----------+
    |               Name               | FF | LUT| Bits| Const Bits|
    +----------------------------------+----+----+-----+-----------+
    |add_ln886_1_reg_627               |  17|   0|   17|          0|
    |add_ln886_reg_622                 |  17|   0|   17|          0|
    |ap_CS_fsm                         |   2|   0|    2|          0|
    |ap_done_reg                       |   1|   0|    1|          0|
    |ap_enable_reg_pp0_iter0_reg       |   1|   0|    1|          0|
    |ap_enable_reg_pp0_iter1           |   1|   0|    1|          0|
    |ap_enable_reg_pp0_iter2           |   1|   0|    1|          0|
    |ap_enable_reg_pp0_iter3           |   1|   0|    1|          0|
    |ap_loop_exit_ready_pp0_iter1_reg  |   1|   0|    1|          0|
    |ap_loop_exit_ready_pp0_iter2_reg  |   1|   0|    1|          0|
    |empty_12_reg_537                  |   4|   0|    4|          0|
    |empty_fu_76                       |  20|   0|   20|          0|
    |k_1_reg_526                       |   5|   0|    5|          0|
    |k_fu_80                           |   5|   0|    5|          0|
    |lhs_2_reg_592                     |   8|   0|    8|          0|
    |reg_197                           |   8|   0|    8|          0|
    |reg_202                           |   8|   0|    8|          0|
    |rhs_2_reg_597                     |   8|   0|    8|          0|
    |tmp_reg_533                       |   1|   0|    1|          0|
    |tmp_reg_533_pp0_iter1_reg         |   1|   0|    1|          0|
    +----------------------------------+----+----+-----+-----------+
    |Total                             | 111|   0|  111|          0|
    +----------------------------------+----+----+-----+-----------+



================================================================
== Interface
================================================================
* Summary: 
+---------------+-----+-----+------------+------------------------------+--------------+
|   RTL Ports   | Dir | Bits|  Protocol  |         Source Object        |    C Type    |
+---------------+-----+-----+------------+------------------------------+--------------+
|ap_clk         |   in|    1|  ap_ctrl_hs|  matrix_mult_Pipeline_Product|  return value|
|ap_rst         |   in|    1|  ap_ctrl_hs|  matrix_mult_Pipeline_Product|  return value|
|ap_start       |   in|    1|  ap_ctrl_hs|  matrix_mult_Pipeline_Product|  return value|
|ap_done        |  out|    1|  ap_ctrl_hs|  matrix_mult_Pipeline_Product|  return value|
|ap_idle        |  out|    1|  ap_ctrl_hs|  matrix_mult_Pipeline_Product|  return value|
|ap_ready       |  out|    1|  ap_ctrl_hs|  matrix_mult_Pipeline_Product|  return value|
|zext_ln232_2   |   in|    8|     ap_none|                  zext_ln232_2|        scalar|
|a_address0     |  out|    8|   ap_memory|                             a|         array|
|a_ce0          |  out|    1|   ap_memory|                             a|         array|
|a_q0           |   in|    8|   ap_memory|                             a|         array|
|a_address1     |  out|    8|   ap_memory|                             a|         array|
|a_ce1          |  out|    1|   ap_memory|                             a|         array|
|a_q1           |   in|    8|   ap_memory|                             a|         array|
|select_ln10    |   in|    5|     ap_none|                   select_ln10|        scalar|
|b_address0     |  out|    8|   ap_memory|                             b|         array|
|b_ce0          |  out|    1|   ap_memory|                             b|         array|
|b_q0           |   in|    8|   ap_memory|                             b|         array|
|b_address1     |  out|    8|   ap_memory|                             b|         array|
|b_ce1          |  out|    1|   ap_memory|                             b|         array|
|b_q1           |   in|    8|   ap_memory|                             b|         array|
|select_ln10_1  |   in|    4|     ap_none|                 select_ln10_1|        scalar|
|zext_ln12      |   in|    5|     ap_none|                     zext_ln12|        scalar|
|p_out          |  out|   20|      ap_vld|                         p_out|       pointer|
|p_out_ap_vld   |  out|    1|      ap_vld|                         p_out|       pointer|
+---------------+-----+-----+------------+------------------------------+--------------+

